  Integration method chemical reactions:          Euler fully implicit

  Number of targets:   31


  Time step:

      1.00000E-02

  Final time:

      1.00000E-02


  Dimension + Mixing ratios (by rows) (including boundary and sink/source terms):

     31    1.00000E+00    0.00000E+00    0.00000E+00    0.00000E+00    0.00000E+00    0.00000E+00    0.00000E+00    0.00000E+00    0.00000E+00    0.00000E+00    0.00000E+00    0.00000E+00    0.00000E+00    0.00000E+00    0.00000E+00    0.00000E+00    0.00000E+00    0.00000E+00    0.00000E+00    0.00000E+00    0.00000E+00    0.00000E+00    0.00000E+00    0.00000E+00    0.00000E+00    0.00000E+00    0.00000E+00    0.00000E+00    0.00000E+00    0.00000E+00    0.00000E+00
     31    2.89000E-01    4.74000E-01    1.30000E-01    5.87000E-02    2.65000E-02    1.19000E-02    5.38000E-03    2.42000E-03    1.09000E-03    4.93000E-04    2.22000E-04    1.00000E-04    4.51000E-05    2.03000E-05    9.17000E-06    4.13000E-06    1.86000E-06    8.40000E-07    3.79000E-07    1.71000E-07    7.69000E-08    3.47000E-08    1.56000E-08    7.04000E-09    3.18000E-09    1.43000E-09    6.44000E-10    2.88000E-10    1.25000E-10    4.65000E-11    7.25000E-11
     31    3.51000E-01    2.25000E-01    1.37000E-01    1.58000E-01    7.13000E-02    3.21000E-02    1.45000E-02    6.53000E-03    2.94000E-03    1.33000E-03    5.98000E-04    2.69000E-04    1.21000E-04    5.48000E-05    2.47000E-05    1.11000E-05    5.02000E-06    2.26000E-06    1.02000E-06    4.59000E-07    2.07000E-07    9.33000E-08    4.21000E-08    1.90000E-08    8.55000E-09    3.85000E-09    1.73000E-09    7.75000E-10    3.37000E-10    1.25000E-10    1.95000E-10
     31    3.64000E-01    1.06000E-01    6.49000E-02    1.66000E-01    1.64000E-01    7.39000E-02    3.33000E-02    1.50000E-02    6.77000E-03    3.05000E-03    1.38000E-03    6.20000E-04    2.80000E-04    1.26000E-04    5.68000E-05    2.56000E-05    1.15000E-05    5.20000E-06    2.35000E-06    1.06000E-06    4.77000E-07    2.15000E-07    9.69000E-08    4.37000E-08    1.97000E-08    8.87000E-09    3.99000E-09    1.78000E-09    7.75000E-10    2.88000E-10    4.49000E-10
     31    3.67000E-01    5.04000E-02    3.08000E-02    7.88000E-02    1.72000E-01    1.65000E-01    7.45000E-02    3.36000E-02    1.51000E-02    6.82000E-03    3.08000E-03    1.39000E-03    6.25000E-04    2.82000E-04    1.27000E-04    5.73000E-05    2.58000E-05    1.16000E-05    5.24000E-06    2.36000E-06    1.07000E-06    4.80000E-07    2.17000E-07    9.76000E-08    4.40000E-08    1.98000E-08    8.92000E-09    3.99000E-09    1.73000E-09    6.44000E-10    1.00000E-09
     31    3.67000E-01    2.39000E-02    1.46000E-02    3.73000E-02    8.17000E-02    1.74000E-01    1.66000E-01    7.46000E-02    3.36000E-02    1.52000E-02    6.84000E-03    3.08000E-03    1.39000E-03    6.26000E-04    2.82000E-04    1.27000E-04    5.73000E-05    2.59000E-05    1.17000E-05    5.25000E-06    2.37000E-06    1.07000E-06    4.81000E-07    2.17000E-07    9.78000E-08    4.40000E-08    1.98000E-08    8.87000E-09    3.85000E-09    1.43000E-09    2.23000E-09
     31    3.67000E-01    1.13000E-02    6.91000E-03    1.77000E-02    3.87000E-02    8.23000E-02    1.74000E-01    1.66000E-01    7.47000E-02    3.37000E-02    1.52000E-02    6.84000E-03    3.08000E-03    1.39000E-03    6.26000E-04    2.82000E-04    1.27000E-04    5.74000E-05    2.59000E-05    1.17000E-05    5.25000E-06    2.37000E-06    1.07000E-06    4.81000E-07    2.17000E-07    9.78000E-08    4.40000E-08    1.97000E-08    8.55000E-09    3.18000E-09    4.95000E-09
     31    3.67000E-01    5.37000E-03    3.27000E-03    8.38000E-03    1.84000E-02    3.90000E-02    8.25000E-02    1.74000E-01    1.66000E-01    7.47000E-02    3.37000E-02    1.52000E-02    6.84000E-03    3.08000E-03    1.39000E-03    6.26000E-04    2.82000E-04    1.27000E-04    5.74000E-05    2.59000E-05    1.17000E-05    5.26000E-06    2.37000E-06    1.07000E-06    4.81000E-07    2.17000E-07    9.76000E-08    4.37000E-08    1.90000E-08    7.04000E-09    1.10000E-08
     31    3.67000E-01    2.54000E-03    1.55000E-03    3.97000E-03    8.70000E-03    1.85000E-02    3.91000E-02    8.25000E-02    1.74000E-01    1.66000E-01    7.47000E-02    3.37000E-02    1.52000E-02    6.84000E-03    3.08000E-03    1.39000E-03    6.26000E-04    2.82000E-04    1.27000E-04    5.74000E-05    2.59000E-05    1.17000E-05    5.26000E-06    2.37000E-06    1.07000E-06    4.81000E-07    2.17000E-07    9.69000E-08    4.21000E-08    1.56000E-08    2.44000E-08
     31    3.67000E-01    1.21000E-03    7.35000E-04    1.88000E-03    4.12000E-03    8.76000E-03    1.85000E-02    3.91000E-02    8.25000E-02    1.74000E-01    1.66000E-01    7.47000E-02    3.37000E-02    1.52000E-02    6.84000E-03    3.08000E-03    1.39000E-03    6.26000E-04    2.82000E-04    1.27000E-04    5.74000E-05    2.59000E-05    1.17000E-05    5.26000E-06    2.37000E-06    1.07000E-06    4.80000E-07    2.15000E-07    9.33000E-08    3.47000E-08    5.41000E-08
     31    3.67000E-01    5.71000E-04    3.48000E-04    8.92000E-04    1.95000E-03    4.15000E-03    8.78000E-03    1.85000E-02    3.91000E-02    8.25000E-02    1.74000E-01    1.66000E-01    7.47000E-02    3.37000E-02    1.52000E-02    6.84000E-03    3.08000E-03    1.39000E-03    6.26000E-04    2.82000E-04    1.27000E-04    5.74000E-05    2.59000E-05    1.17000E-05    5.25000E-06    2.37000E-06    1.07000E-06    4.77000E-07    2.07000E-07    7.69000E-08    1.20000E-07
     31    3.67000E-01    2.71000E-04    1.65000E-04    4.23000E-04    9.25000E-04    1.97000E-03    4.16000E-03    8.78000E-03    1.85000E-02    3.91000E-02    8.25000E-02    1.74000E-01    1.66000E-01    7.47000E-02    3.37000E-02    1.52000E-02    6.84000E-03    3.08000E-03    1.39000E-03    6.26000E-04    2.82000E-04    1.27000E-04    5.74000E-05    2.59000E-05    1.17000E-05    5.25000E-06    2.36000E-06    1.06000E-06    4.59000E-07    1.71000E-07    2.66000E-07
     31    3.67000E-01    1.28000E-04    7.82000E-05    2.00000E-04    4.39000E-04    9.33000E-04    1.97000E-03    4.16000E-03    8.78000E-03    1.85000E-02    3.91000E-02    8.25000E-02    1.74000E-01    1.66000E-01    7.47000E-02    3.37000E-02    1.52000E-02    6.84000E-03    3.08000E-03    1.39000E-03    6.26000E-04    2.82000E-04    1.27000E-04    5.74000E-05    2.59000E-05    1.17000E-05    5.24000E-06    2.35000E-06    1.02000E-06    3.79000E-07    5.90000E-07
     31    3.67000E-01    6.08000E-05    3.71000E-05    9.49000E-05    2.08000E-04    4.42000E-04    9.34000E-04    1.97000E-03    4.16000E-03    8.78000E-03    1.85000E-02    3.91000E-02    8.25000E-02    1.74000E-01    1.66000E-01    7.47000E-02    3.37000E-02    1.52000E-02    6.84000E-03    3.08000E-03    1.39000E-03    6.26000E-04    2.82000E-04    1.27000E-04    5.74000E-05    2.59000E-05    1.16000E-05    5.20000E-06    2.26000E-06    8.40000E-07    1.31000E-06
     31    3.67000E-01    2.88000E-05    1.76000E-05    4.50000E-05    9.85000E-05    2.09000E-04    4.43000E-04    9.34000E-04    1.97000E-03    4.16000E-03    8.78000E-03    1.85000E-02    3.91000E-02    8.25000E-02    1.74000E-01    1.66000E-01    7.47000E-02    3.37000E-02    1.52000E-02    6.84000E-03    3.08000E-03    1.39000E-03    6.26000E-04    2.82000E-04    1.27000E-04    5.73000E-05    2.58000E-05    1.15000E-05    5.02000E-06    1.86000E-06    2.91000E-06
     31    3.67000E-01    1.36000E-05    8.32000E-06    2.13000E-05    4.67000E-05    9.92000E-05    2.10000E-04    4.43000E-04    9.35000E-04    1.97000E-03    4.16000E-03    8.78000E-03    1.85000E-02    3.91000E-02    8.25000E-02    1.74000E-01    1.66000E-01    7.47000E-02    3.37000E-02    1.52000E-02    6.84000E-03    3.08000E-03    1.39000E-03    6.26000E-04    2.82000E-04    1.27000E-04    5.73000E-05    2.56000E-05    1.11000E-05    4.13000E-06    6.45000E-06
     31    3.67000E-01    6.47000E-06    3.94000E-06    1.01000E-05    2.21000E-05    4.70000E-05    9.94000E-05    2.10000E-04    4.43000E-04    9.35000E-04    1.97000E-03    4.16000E-03    8.78000E-03    1.85000E-02    3.91000E-02    8.25000E-02    1.74000E-01    1.66000E-01    7.47000E-02    3.37000E-02    1.52000E-02    6.84000E-03    3.08000E-03    1.39000E-03    6.26000E-04    2.82000E-04    1.27000E-04    5.68000E-05    2.47000E-05    9.17000E-06    1.43000E-05
     31    3.67000E-01    3.07000E-06    1.87000E-06    4.79000E-06    1.05000E-05    2.23000E-05    4.71000E-05    9.94000E-05    2.10000E-04    4.43000E-04    9.35000E-04    1.97000E-03    4.16000E-03    8.78000E-03    1.85000E-02    3.91000E-02    8.25000E-02    1.74000E-01    1.66000E-01    7.47000E-02    3.37000E-02    1.52000E-02    6.84000E-03    3.08000E-03    1.39000E-03    6.26000E-04    2.82000E-04    1.26000E-04    5.48000E-05    2.03000E-05    3.17000E-05
     31    3.67000E-01    1.45000E-06    8.86000E-07    2.27000E-06    4.97000E-06    1.06000E-05    2.23000E-05    4.71000E-05    9.95000E-05    2.10000E-04    4.43000E-04    9.35000E-04    1.97000E-03    4.16000E-03    8.78000E-03    1.85000E-02    3.91000E-02    8.25000E-02    1.74000E-01    1.66000E-01    7.47000E-02    3.37000E-02    1.52000E-02    6.84000E-03    3.08000E-03    1.39000E-03    6.25000E-04    2.80000E-04    1.21000E-04    4.51000E-05    7.04000E-05
     31    3.67000E-01    6.88000E-07    4.20000E-07    1.07000E-06    2.35000E-06    5.01000E-06    1.06000E-05    2.23000E-05    4.71000E-05    9.95000E-05    2.10000E-04    4.43000E-04    9.35000E-04    1.97000E-03    4.16000E-03    8.78000E-03    1.85000E-02    3.91000E-02    8.25000E-02    1.74000E-01    1.66000E-01    7.47000E-02    3.37000E-02    1.52000E-02    6.84000E-03    3.08000E-03    1.39000E-03    6.20000E-04    2.69000E-04    1.00000E-04    1.56000E-04
     31    3.67000E-01    3.26000E-07    1.99000E-07    5.09000E-07    1.12000E-06    2.37000E-06    5.01000E-06    1.06000E-05    2.23000E-05    4.71000E-05    9.95000E-05    2.10000E-04    4.43000E-04    9.35000E-04    1.97000E-03    4.16000E-03    8.78000E-03    1.85000E-02    3.91000E-02    8.25000E-02    1.74000E-01    1.66000E-01    7.47000E-02    3.37000E-02    1.52000E-02    6.84000E-03    3.08000E-03    1.38000E-03    5.98000E-04    2.22000E-04    3.46000E-04
     31    3.67000E-01    1.55000E-07    9.43000E-08    2.41000E-07    5.29000E-07    1.12000E-06    2.38000E-06    5.02000E-06    1.06000E-05    2.23000E-05    4.71000E-05    9.95000E-05    2.10000E-04    4.43000E-04    9.35000E-04    1.97000E-03    4.16000E-03    8.78000E-03    1.85000E-02    3.91000E-02    8.25000E-02    1.74000E-01    1.66000E-01    7.47000E-02    3.37000E-02    1.52000E-02    6.82000E-03    3.05000E-03    1.33000E-03    4.93000E-04    7.68000E-04
     31    3.67000E-01    7.33000E-08    4.47000E-08    1.14000E-07    2.50000E-07    5.33000E-07    1.13000E-06    2.38000E-06    5.02000E-06    1.06000E-05    2.23000E-05    4.71000E-05    9.95000E-05    2.10000E-04    4.43000E-04    9.35000E-04    1.97000E-03    4.16000E-03    8.78000E-03    1.85000E-02    3.91000E-02    8.25000E-02    1.74000E-01    1.66000E-01    7.47000E-02    3.36000E-02    1.51000E-02    6.77000E-03    2.94000E-03    1.09000E-03    1.70000E-03
     31    3.67000E-01    3.47000E-08    2.12000E-08    5.42000E-08    1.19000E-07    2.52000E-07    5.34000E-07    1.13000E-06    2.38000E-06    5.02000E-06    1.06000E-05    2.23000E-05    4.71000E-05    9.95000E-05    2.10000E-04    4.43000E-04    9.35000E-04    1.97000E-03    4.16000E-03    8.78000E-03    1.85000E-02    3.91000E-02    8.25000E-02    1.74000E-01    1.66000E-01    7.46000E-02    3.36000E-02    1.50000E-02    6.53000E-03    2.42000E-03    3.78000E-03
     31    3.67000E-01    1.65000E-08    1.00000E-08    2.57000E-08    5.62000E-08    1.20000E-07    2.53000E-07    5.34000E-07    1.13000E-06    2.38000E-06    5.02000E-06    1.06000E-05    2.23000E-05    4.71000E-05    9.94000E-05    2.10000E-04    4.43000E-04    9.34000E-04    1.97000E-03    4.16000E-03    8.78000E-03    1.85000E-02    3.91000E-02    8.25000E-02    1.74000E-01    1.66000E-01    7.45000E-02    3.33000E-02    1.45000E-02    5.38000E-03    8.39000E-03
     31    3.67000E-01    7.79000E-09    4.75000E-09    1.22000E-08    2.66000E-08    5.67000E-08    1.20000E-07    2.53000E-07    5.34000E-07    1.13000E-06    2.38000E-06    5.01000E-06    1.06000E-05    2.23000E-05    4.71000E-05    9.94000E-05    2.10000E-04    4.43000E-04    9.34000E-04    1.97000E-03    4.16000E-03    8.78000E-03    1.85000E-02    3.91000E-02    8.25000E-02    1.74000E-01    1.65000E-01    7.39000E-02    3.21000E-02    1.19000E-02    1.86000E-02
     31    3.67000E-01    3.69000E-09    2.25000E-09    5.76000E-09    1.26000E-08    2.68000E-08    5.67000E-08    1.20000E-07    2.52000E-07    5.33000E-07    1.12000E-06    2.37000E-06    5.01000E-06    1.06000E-05    2.23000E-05    4.70000E-05    9.92000E-05    2.09000E-04    4.42000E-04    9.33000E-04    1.97000E-03    4.15000E-03    8.76000E-03    1.85000E-02    3.90000E-02    8.23000E-02    1.74000E-01    1.64000E-01    7.13000E-02    2.65000E-02    4.13000E-02
     31    3.64000E-01    1.73000E-09    1.06000E-09    2.71000E-09    5.93000E-09    1.26000E-08    2.66000E-08    5.62000E-08    1.19000E-07    2.50000E-07    5.29000E-07    1.12000E-06    2.35000E-06    4.97000E-06    1.05000E-05    2.21000E-05    4.67000E-05    9.85000E-05    2.08000E-04    4.39000E-04    9.25000E-04    1.95000E-03    4.12000E-03    8.70000E-03    1.84000E-02    3.87000E-02    8.17000E-02    1.72000E-01    1.58000E-01    5.87000E-02    9.16000E-02
     31    3.51000E-01    7.92000E-10    4.83000E-10    1.24000E-09    2.71000E-09    5.76000E-09    1.22000E-08    2.57000E-08    5.42000E-08    1.14000E-07    2.41000E-07    5.09000E-07    1.07000E-06    2.27000E-06    4.79000E-06    1.01000E-05    2.13000E-05    4.50000E-05    9.49000E-05    2.00000E-04    4.23000E-04    8.92000E-04    1.88000E-03    3.97000E-03    8.38000E-03    1.77000E-02    3.73000E-02    7.88000E-02    1.66000E-01    1.30000E-01    2.03000E-01
     31    2.89000E-01    3.09000E-10    1.89000E-10    4.83000E-10    1.06000E-09    2.25000E-09    4.75000E-09    1.00000E-08    2.12000E-08    4.47000E-08    9.43000E-08    1.99000E-07    4.20000E-07    8.86000E-07    1.87000E-06    3.94000E-06    8.32000E-06    1.76000E-05    3.71000E-05    7.82000E-05    1.65000E-04    3.48000E-04    7.35000E-04    1.55000E-03    3.27000E-03    6.91000E-03    1.46000E-02    3.08000E-02    6.49000E-02    1.37000E-01    4.51000E-01
     31    1.00000E+00    0.00000E+00    0.00000E+00    0.00000E+00    0.00000E+00    0.00000E+00    0.00000E+00    0.00000E+00    0.00000E+00    0.00000E+00    0.00000E+00    0.00000E+00    0.00000E+00    0.00000E+00    0.00000E+00    0.00000E+00    0.00000E+00    0.00000E+00    0.00000E+00    0.00000E+00    0.00000E+00    0.00000E+00    0.00000E+00    0.00000E+00    0.00000E+00    0.00000E+00    0.00000E+00    0.00000E+00    0.00000E+00    0.00000E+00    0.00000E+00

  Mixing waters indices:

      1    2    3    4    5    6    7    8    9   10   11   12   13   14   15   16   17   18   19   20   21   22   23   24   25   26   27   28   29   30   31
      2    1    3    4    5    6    7    8    9   10   11   12   13   14   15   16   17   18   19   20   21   22   23   24   25   26   27   28   29   30   31
      3    1    2    4    5    6    7    8    9   10   11   12   13   14   15   16   17   18   19   20   21   22   23   24   25   26   27   28   29   30   31
      4    1    2    3    5    6    7    8    9   10   11   12   13   14   15   16   17   18   19   20   21   22   23   24   25   26   27   28   29   30   31
      5    1    2    3    4    6    7    8    9   10   11   12   13   14   15   16   17   18   19   20   21   22   23   24   25   26   27   28   29   30   31
      6    1    2    3    4    5    7    8    9   10   11   12   13   14   15   16   17   18   19   20   21   22   23   24   25   26   27   28   29   30   31
      7    1    2    3    4    5    6    8    9   10   11   12   13   14   15   16   17   18   19   20   21   22   23   24   25   26   27   28   29   30   31
      8    1    2    3    4    5    6    7    9   10   11   12   13   14   15   16   17   18   19   20   21   22   23   24   25   26   27   28   29   30   31
      9    1    2    3    4    5    6    7    8   10   11   12   13   14   15   16   17   18   19   20   21   22   23   24   25   26   27   28   29   30   31
     10    1    2    3    4    5    6    7    8    9   11   12   13   14   15   16   17   18   19   20   21   22   23   24   25   26   27   28   29   30   31
     11    1    2    3    4    5    6    7    8    9   10   12   13   14   15   16   17   18   19   20   21   22   23   24   25   26   27   28   29   30   31
     12    1    2    3    4    5    6    7    8    9   10   11   13   14   15   16   17   18   19   20   21   22   23   24   25   26   27   28   29   30   31
     13    1    2    3    4    5    6    7    8    9   10   11   12   14   15   16   17   18   19   20   21   22   23   24   25   26   27   28   29   30   31
     14    1    2    3    4    5    6    7    8    9   10   11   12   13   15   16   17   18   19   20   21   22   23   24   25   26   27   28   29   30   31
     15    1    2    3    4    5    6    7    8    9   10   11   12   13   14   16   17   18   19   20   21   22   23   24   25   26   27   28   29   30   31
     16    1    2    3    4    5    6    7    8    9   10   11   12   13   14   15   17   18   19   20   21   22   23   24   25   26   27   28   29   30   31
     17    1    2    3    4    5    6    7    8    9   10   11   12   13   14   15   16   18   19   20   21   22   23   24   25   26   27   28   29   30   31
     18    1    2    3    4    5    6    7    8    9   10   11   12   13   14   15   16   17   19   20   21   22   23   24   25   26   27   28   29   30   31
     19    1    2    3    4    5    6    7    8    9   10   11   12   13   14   15   16   17   18   20   21   22   23   24   25   26   27   28   29   30   31
     20    1    2    3    4    5    6    7    8    9   10   11   12   13   14   15   16   17   18   19   21   22   23   24   25   26   27   28   29   30   31
     21    1    2    3    4    5    6    7    8    9   10   11   12   13   14   15   16   17   18   19   20   22   23   24   25   26   27   28   29   30   31
     22    1    2    3    4    5    6    7    8    9   10   11   12   13   14   15   16   17   18   19   20   21   23   24   25   26   27   28   29   30   31
     23    1    2    3    4    5    6    7    8    9   10   11   12   13   14   15   16   17   18   19   20   21   22   24   25   26   27   28   29   30   31
     24    1    2    3    4    5    6    7    8    9   10   11   12   13   14   15   16   17   18   19   20   21   22   23   25   26   27   28   29   30   31
     25    1    2    3    4    5    6    7    8    9   10   11   12   13   14   15   16   17   18   19   20   21   22   23   24   26   27   28   29   30   31
     26    1    2    3    4    5    6    7    8    9   10   11   12   13   14   15   16   17   18   19   20   21   22   23   24   25   27   28   29   30   31
     27    1    2    3    4    5    6    7    8    9   10   11   12   13   14   15   16   17   18   19   20   21   22   23   24   25   26   28   29   30   31
     28    1    2    3    4    5    6    7    8    9   10   11   12   13   14   15   16   17   18   19   20   21   22   23   24   25   26   27   29   30   31
     29    1    2    3    4    5    6    7    8    9   10   11   12   13   14   15   16   17   18   19   20   21   22   23   24   25   26   27   28   30   31
     30    1    2    3    4    5    6    7    8    9   10   11   12   13   14   15   16   17   18   19   20   21   22   23   24   25   26   27   28   29   31
     31    1    2    3    4    5    6    7    8    9   10   11   12   13   14   15   16   17   18   19   20   21   22   23   24   25   26   27   28   29   30

  Aqueous species:

          ca+2           
          so4-2          
          co3-2(p)       
          h2o            
  Minerals (name + molar volume):

          anhydrite          4.59400E-02
          calcite3           3.69340E-02
  Gases:

  Surface complexes:

  Equilibrium reactions:

          anhydrite                     

          calcite3                      

  Kinetic reactions:

  Global stoichiometric matrix:

                 -1.00000       -1.00000        0.00000        0.00000        1.00000        0.00000
                 -1.00000        0.00000       -1.00000        0.00000        0.00000        1.00000
  Equilibrium constants:

              2.02488E+04
              3.02064E+08

  Global component matrix:

                  1.00000       -1.00000       -1.00000

  Initial concentration of aqueous species:

              1.00000E-01    1.00000E-01    1.00000E-01    1.00000E-01    1.00000E-01    1.00000E-01    1.00000E-01    1.00000E-01    1.00000E-01    1.00000E-01    1.00000E-01    1.00000E-01    1.00000E-01    1.00000E-01    1.00000E-01    1.00000E-01    1.00000E-01    1.00000E-01    1.00000E-01    1.00000E-01    1.00000E-01    1.00000E-01    1.00000E-01    1.00000E-01    1.00000E-01    1.00000E-01    1.00000E-01    1.00000E-01    1.00000E-01    1.00000E-01    1.00000E-01
              1.00000E-05    1.00000E-05    1.00000E-05    1.00000E-05    1.00000E-05    1.00000E-05    1.00000E-05    1.00000E-05    1.00000E-05    1.00000E-05    1.00000E-05    1.00000E-05    1.00000E-05    1.00000E-05    1.00000E-05    4.93856E-04    4.93856E-04    4.93856E-04    4.93856E-04    4.93856E-04    4.93856E-04    4.93856E-04    4.93856E-04    4.93856E-04    4.93856E-04    4.93856E-04    4.93856E-04    4.93856E-04    4.93856E-04    4.93856E-04    4.93856E-04
              3.31056E-08    3.31056E-08    3.31056E-08    3.31056E-08    3.31056E-08    3.31056E-08    3.31056E-08    3.31056E-08    3.31056E-08    3.31056E-08    3.31056E-08    3.31056E-08    3.31056E-08    3.31056E-08    3.31056E-08    3.31056E-08    1.00000E-09    1.00000E-09    1.00000E-09    1.00000E-09    1.00000E-09    1.00000E-09    1.00000E-09    1.00000E-09    1.00000E-09    1.00000E-09    1.00000E-09    1.00000E-09    1.00000E-09    1.00000E-09    1.00000E-09
              5.55556E+01    5.55556E+01    5.55556E+01    5.55556E+01    5.55556E+01    5.55556E+01    5.55556E+01    5.55556E+01    5.55556E+01    5.55556E+01    5.55556E+01    5.55556E+01    5.55556E+01    5.55556E+01    5.55556E+01    5.55556E+01    5.55556E+01    5.55556E+01    5.55556E+01    5.55556E+01    5.55556E+01    5.55556E+01    5.55556E+01    5.55556E+01    5.55556E+01    5.55556E+01    5.55556E+01    5.55556E+01    5.55556E+01    5.55556E+01    5.55556E+01

  Initial activity coefficients aqueous species:

              1.00000E+00    1.00000E+00    1.00000E+00    1.00000E+00    1.00000E+00    1.00000E+00    1.00000E+00    1.00000E+00    1.00000E+00    1.00000E+00    1.00000E+00    1.00000E+00    1.00000E+00    1.00000E+00    1.00000E+00    1.00000E+00    1.00000E+00    1.00000E+00    1.00000E+00    1.00000E+00    1.00000E+00    1.00000E+00    1.00000E+00    1.00000E+00    1.00000E+00    1.00000E+00    1.00000E+00    1.00000E+00    1.00000E+00    1.00000E+00    1.00000E+00
              1.00000E+00    1.00000E+00    1.00000E+00    1.00000E+00    1.00000E+00    1.00000E+00    1.00000E+00    1.00000E+00    1.00000E+00    1.00000E+00    1.00000E+00    1.00000E+00    1.00000E+00    1.00000E+00    1.00000E+00    1.00000E+00    1.00000E+00    1.00000E+00    1.00000E+00    1.00000E+00    1.00000E+00    1.00000E+00    1.00000E+00    1.00000E+00    1.00000E+00    1.00000E+00    1.00000E+00    1.00000E+00    1.00000E+00    1.00000E+00    1.00000E+00
              1.00000E+00    1.00000E+00    1.00000E+00    1.00000E+00    1.00000E+00    1.00000E+00    1.00000E+00    1.00000E+00    1.00000E+00    1.00000E+00    1.00000E+00    1.00000E+00    1.00000E+00    1.00000E+00    1.00000E+00    1.00000E+00    1.00000E+00    1.00000E+00    1.00000E+00    1.00000E+00    1.00000E+00    1.00000E+00    1.00000E+00    1.00000E+00    1.00000E+00    1.00000E+00    1.00000E+00    1.00000E+00    1.00000E+00    1.00000E+00    1.00000E+00
              1.79676E-02    1.79676E-02    1.79676E-02    1.79676E-02    1.79676E-02    1.79676E-02    1.79676E-02    1.79676E-02    1.79676E-02    1.79676E-02    1.79676E-02    1.79676E-02    1.79676E-02    1.79676E-02    1.79676E-02    1.79674E-02    1.79674E-02    1.79674E-02    1.79674E-02    1.79674E-02    1.79674E-02    1.79674E-02    1.79674E-02    1.79674E-02    1.79674E-02    1.79674E-02    1.79674E-02    1.79674E-02    1.79674E-02    1.79674E-02    1.79674E-02

  Initial activity water:

              9.98200E-01    9.98200E-01    9.98200E-01    9.98200E-01    9.98200E-01    9.98200E-01    9.98200E-01    9.98200E-01    9.98200E-01    9.98200E-01    9.98200E-01    9.98200E-01    9.98200E-01    9.98200E-01    9.98200E-01    9.98191E-01    9.98191E-01    9.98191E-01    9.98191E-01    9.98191E-01    9.98191E-01    9.98191E-01    9.98191E-01    9.98191E-01    9.98191E-01    9.98191E-01    9.98191E-01    9.98191E-01    9.98191E-01    9.98191E-01    9.98191E-01

  Initial salinity:

              3.99276E-03    3.99276E-03    3.99276E-03    3.99276E-03    3.99276E-03    3.99276E-03    3.99276E-03    3.99276E-03    3.99276E-03    3.99276E-03    3.99276E-03    3.99276E-03    3.99276E-03    3.99276E-03    3.99276E-03    4.03886E-03    4.03886E-03    4.03886E-03    4.03886E-03    4.03886E-03    4.03886E-03    4.03886E-03    4.03886E-03    4.03886E-03    4.03886E-03    4.03886E-03    4.03886E-03    4.03886E-03    4.03886E-03    4.03886E-03    4.03886E-03

  Activity water:

              9.98200E-01    9.98200E-01    9.98200E-01    9.98200E-01    9.98200E-01    9.98200E-01    9.98200E-01    9.98200E-01    9.98200E-01    9.98200E-01    9.98200E-01    9.98200E-01    9.98200E-01    9.98200E-01    9.98200E-01    9.98191E-01    9.98191E-01    9.98191E-01    9.98191E-01    9.98191E-01    9.98191E-01    9.98191E-01    9.98191E-01    9.98191E-01    9.98191E-01    9.98191E-01    9.98191E-01    9.98191E-01    9.98191E-01    9.98191E-01    9.98191E-01

  Final salinity:

              3.99276E-03    3.99276E-03    3.99276E-03    3.99276E-03    3.99276E-03    3.99276E-03    3.99276E-03    3.99276E-03    3.99276E-03    3.99276E-03    3.99276E-03    3.99276E-03    3.99276E-03    3.99276E-03    3.99276E-03    4.03886E-03    4.03886E-03    4.03886E-03    4.03886E-03    4.03886E-03    4.03886E-03    4.03886E-03    4.03886E-03    4.03886E-03    4.03886E-03    4.03886E-03    4.03886E-03    4.03886E-03    4.03886E-03    4.03886E-03    4.03886E-03

  Aqueous equilibrium reaction rates:


  Kinetic reaction rates:


  Reactive zone    1:

          Non-flowing species:

                    calcite3       

          Number of equilibrium reactions:         1

          Se:

                 -1.00000        0.00000       -1.00000        0.00000        1.00000
          Sk:

          U*Sk^T:




          Equilibrium constants:

              3.02064E+08

          Aqueous species:

                    ca+2           
                    so4-2          
                    co3-2(p)       
                    h2o            

          Primary species:

                    ca+2           
                    so4-2          
          Component matrix:

                  1.00000        0.00000       -1.00000
                  0.00000        1.00000        0.00000

          Initial concentration of components:

              1.00000E-01    1.00000E-01    1.00000E-01    1.00000E-01    1.00000E-01    1.00000E-01    1.00000E-01    1.00000E-01    1.00000E-01    1.00000E-01    1.00000E-01    1.00000E-01    1.00000E-01    1.00000E-01    1.00000E-01
              1.00000E-05    1.00000E-05    1.00000E-05    1.00000E-05    1.00000E-05    1.00000E-05    1.00000E-05    1.00000E-05    1.00000E-05    1.00000E-05    1.00000E-05    1.00000E-05    1.00000E-05    1.00000E-05    1.00000E-05

          Final concentration of components:

              1.00000E-01    9.99887E-02    1.00079E-01    9.99429E-02    9.99628E-02    1.00035E-01    9.99959E-02    9.99969E-02    9.99909E-02    9.99854E-02    9.99840E-02    9.99843E-02    9.99837E-02    9.99836E-02    9.99835E-02
              1.00000E-05    1.00025E-05    1.00177E-05    1.00168E-05    1.00467E-05    1.01155E-05    1.02481E-05    1.05511E-05    1.12230E-05    1.27128E-05    1.60222E-05    2.33768E-05    3.96827E-05    7.58267E-05    1.56147E-04

          Final concentration of aqueous species:

              1.00000E-01    9.99887E-02    1.00079E-01    9.99429E-02    9.99628E-02    1.00035E-01    9.99960E-02    9.99970E-02    9.99910E-02    9.99855E-02    9.99841E-02    9.99844E-02    9.99838E-02    9.99836E-02    9.99835E-02
              1.00000E-05    1.00025E-05    1.00177E-05    1.00168E-05    1.00467E-05    1.01155E-05    1.02481E-05    1.05511E-05    1.12230E-05    1.27128E-05    1.60222E-05    2.33768E-05    3.96827E-05    7.58267E-05    1.56147E-04
              3.31056E-08    3.31093E-08    3.30795E-08    3.31245E-08    3.31179E-08    3.30940E-08    3.31069E-08    3.31066E-08    3.31086E-08    3.31104E-08    3.31108E-08    3.31107E-08    3.31109E-08    3.31110E-08    3.31110E-08
              5.55556E+01    5.55556E+01    5.55556E+01    5.55556E+01    5.55556E+01    5.55556E+01    5.55556E+01    5.55556E+01    5.55556E+01    5.55556E+01    5.55556E+01    5.55556E+01    5.55556E+01    5.55556E+01    5.55556E+01

          Final activity coefficients aqueous species:

              1.00000E+00    1.00000E+00    1.00000E+00    1.00000E+00    1.00000E+00    1.00000E+00    1.00000E+00    1.00000E+00    1.00000E+00    1.00000E+00    1.00000E+00    1.00000E+00    1.00000E+00    1.00000E+00    1.00000E+00
              1.00000E+00    1.00000E+00    1.00000E+00    1.00000E+00    1.00000E+00    1.00000E+00    1.00000E+00    1.00000E+00    1.00000E+00    1.00000E+00    1.00000E+00    1.00000E+00    1.00000E+00    1.00000E+00    1.00000E+00
              1.00000E+00    1.00000E+00    1.00000E+00    1.00000E+00    1.00000E+00    1.00000E+00    1.00000E+00    1.00000E+00    1.00000E+00    1.00000E+00    1.00000E+00    1.00000E+00    1.00000E+00    1.00000E+00    1.00000E+00
              1.79676E-02    1.79676E-02    1.79676E-02    1.79676E-02    1.79676E-02    1.79676E-02    1.79676E-02    1.79676E-02    1.79676E-02    1.79676E-02    1.79676E-02    1.79676E-02    1.79676E-02    1.79676E-02    1.79676E-02

          Initial volumetric fractions of minerals:

              5.00000E-01    5.00000E-01    5.00000E-01    5.00000E-01    5.00000E-01    5.00000E-01    5.00000E-01    5.00000E-01    5.00000E-01    5.00000E-01    5.00000E-01    5.00000E-01    5.00000E-01    5.00000E-01    5.00000E-01

          Volumetric fractions of minerals:

              5.00000E-01    5.00000E-01    5.00000E-01    5.00000E-01    5.00000E-01    5.00000E-01    5.00000E-01    5.00000E-01    5.00000E-01    5.00000E-01    5.00000E-01    5.00000E-01    5.00000E-01    5.00000E-01    5.00000E-01

          Initial concentration of minerals:

              1.00000E+00    1.00000E+00    1.00000E+00    1.00000E+00    1.00000E+00    1.00000E+00    1.00000E+00    1.00000E+00    1.00000E+00    1.00000E+00    1.00000E+00    1.00000E+00    1.00000E+00    1.00000E+00    1.00000E+00

          Concentration of minerals:

              1.00000E+00    1.00000E+00    1.00000E+00    1.00000E+00    1.00000E+00    1.00000E+00    1.00000E+00    1.00000E+00    1.00000E+00    1.00000E+00    1.00000E+00    1.00000E+00    1.00000E+00    1.00000E+00    1.00000E+00

          Concentration of surface complexes:


          Initial concentration of gases:


          Concentration of gases:


          Initial partial pressures of gases:


          Partial pressures of gases:


          Initial volume of gas:


          Volume of gas:


          Aqueous equilibrium reaction rates:


          Mineral equilibrium reaction rates:

              6.01347-154   -3.79258E-10    2.59215E-09   -1.92329E-09   -1.30630E-09    9.89028E-10   -5.05589E-10   -9.25153E-10   -2.12870E-09   -4.54214E-09   -9.53276E-09   -2.05029E-08   -4.49223E-08   -9.90250E-08   -2.18942E-07

          Gas equilibrium reaction rates:


  Reactive zone    2:

          Non-flowing species:

                    anhydrite      

                    calcite3       

          Number of equilibrium reactions:         2

          Se:

                 -1.00000       -1.00000        0.00000        0.00000        1.00000        0.00000
                 -1.00000        0.00000       -1.00000        0.00000        0.00000        1.00000
          Sk:

          U*Sk^T:



          Equilibrium constants:

              2.02488E+04
              3.02064E+08

          Aqueous species:

                    ca+2           
                    so4-2          
                    co3-2(p)       
                    h2o            

          Primary species:

                    ca+2           
          Component matrix:

                  1.00000       -1.00000       -1.00000

          Initial concentration of components:

              9.95061E-02

          Final concentration of components:

              9.96499E-02

          Final concentration of aqueous species:

              1.00143E-01
              4.93150E-04
              3.30583E-08
              5.55556E+01

          Final activity coefficients aqueous species:

              1.00000E+00
              1.00000E+00
              1.00000E+00
              1.79674E-02

          Initial volumetric fractions of minerals:

              2.49996E-01
              2.50000E-01

          Volumetric fractions of minerals:

              2.49996E-01
              2.50000E-01

          Initial concentration of minerals:

              9.99681E-01
              1.00000E+00

          Concentration of minerals:

              9.99681E-01
              1.00000E+00

          Concentration of surface complexes:


          Initial concentration of gases:


          Concentration of gases:


          Initial partial pressures of gases:


          Partial pressures of gases:


          Initial volume of gas:


          Volume of gas:


          Aqueous equilibrium reaction rates:


          Mineral equilibrium reaction rates:

             -7.97141E-03
             -4.82779E-07

          Gas equilibrium reaction rates:


  Reactive zone    3:

          Non-flowing species:

                    anhydrite      

          Number of equilibrium reactions:         1

          Se:

                 -1.00000        0.00000       -1.00000        0.00000        1.00000
          Sk:

          U*Sk^T:




          Equilibrium constants:

              2.02488E+04

          Aqueous species:

                    ca+2           
                    co3-2(p)       
                    so4-2          
                    h2o            

          Primary species:

                    ca+2           
                    co3-2(p)       
          Component matrix:

                  1.00000        0.00000       -1.00000
                  0.00000        1.00000        0.00000

          Initial concentration of components:

              1.00000E-01    1.00000E-01    1.00000E-01    1.00000E-01    1.00000E-01    1.00000E-01    1.00000E-01    1.00000E-01    1.00000E-01    1.00000E-01    1.00000E-01    1.00000E-01    1.00000E-01    1.00000E-01    1.00000E-01
              4.93856E-04    4.93856E-04    4.93856E-04    4.93856E-04    4.93856E-04    4.93856E-04    4.93856E-04    4.93856E-04    4.93856E-04    4.93856E-04    4.93856E-04    4.93856E-04    4.93856E-04    4.93856E-04    4.93856E-04

          Final concentration of components:

              1.00059E-01    1.00020E-01    1.00001E-01    9.99924E-02    9.99893E-02    9.99868E-02    9.99699E-02    9.99724E-02    9.99859E-02    9.99294E-02    1.00055E-01    9.99633E-02    9.99728E-02    1.00042E-01    1.00000E-01
              4.93563E-04    4.93758E-04    4.93851E-04    4.93893E-04    4.93909E-04    4.93921E-04    4.94004E-04    4.93992E-04    4.93925E-04    4.94205E-04    4.93585E-04    4.94037E-04    4.93990E-04    4.93647E-04    4.93856E-04

          Final concentration of aqueous species:

              1.00059E-01    1.00020E-01    1.00001E-01    9.99924E-02    9.99893E-02    9.99868E-02    9.99699E-02    9.99724E-02    9.99859E-02    9.99294E-02    1.00055E-01    9.99633E-02    9.99728E-02    1.00042E-01    1.00000E-01
              1.16199E-08    6.03357E-09    3.38487E-09    2.12954E-09    1.53560E-09    1.25371E-09    1.11999E-09    1.05677E-09    1.02689E-09    1.01209E-09    1.00661E-09    1.00248E-09    1.00103E-09    1.00093E-09    1.00000E-09
              4.93563E-04    4.93758E-04    4.93851E-04    4.93893E-04    4.93909E-04    4.93921E-04    4.94004E-04    4.93992E-04    4.93925E-04    4.94205E-04    4.93585E-04    4.94037E-04    4.93990E-04    4.93647E-04    4.93856E-04
              5.55556E+01    5.55556E+01    5.55556E+01    5.55556E+01    5.55556E+01    5.55556E+01    5.55556E+01    5.55556E+01    5.55556E+01    5.55556E+01    5.55556E+01    5.55556E+01    5.55556E+01    5.55556E+01    5.55556E+01

          Final activity coefficients aqueous species:

              1.00000E+00    1.00000E+00    1.00000E+00    1.00000E+00    1.00000E+00    1.00000E+00    1.00000E+00    1.00000E+00    1.00000E+00    1.00000E+00    1.00000E+00    1.00000E+00    1.00000E+00    1.00000E+00    1.00000E+00
              1.00000E+00    1.00000E+00    1.00000E+00    1.00000E+00    1.00000E+00    1.00000E+00    1.00000E+00    1.00000E+00    1.00000E+00    1.00000E+00    1.00000E+00    1.00000E+00    1.00000E+00    1.00000E+00    1.00000E+00
              1.00000E+00    1.00000E+00    1.00000E+00    1.00000E+00    1.00000E+00    1.00000E+00    1.00000E+00    1.00000E+00    1.00000E+00    1.00000E+00    1.00000E+00    1.00000E+00    1.00000E+00    1.00000E+00    1.00000E+00
              1.79674E-02    1.79674E-02    1.79674E-02    1.79674E-02    1.79674E-02    1.79674E-02    1.79674E-02    1.79674E-02    1.79674E-02    1.79674E-02    1.79674E-02    1.79674E-02    1.79674E-02    1.79674E-02    1.79674E-02

          Initial volumetric fractions of minerals:

              4.99998E-01    4.99999E-01    5.00000E-01    5.00000E-01    5.00000E-01    5.00000E-01    5.00000E-01    5.00000E-01    5.00000E-01    5.00000E-01    5.00000E-01    5.00000E-01    5.00000E-01    5.00000E-01    5.00000E-01

          Volumetric fractions of minerals:

              4.99998E-01    4.99999E-01    5.00000E-01    5.00000E-01    5.00000E-01    5.00000E-01    5.00000E-01    5.00000E-01    5.00000E-01    5.00000E-01    5.00000E-01    5.00000E-01    5.00000E-01    5.00000E-01    5.00000E-01

          Initial concentration of minerals:

              9.99924E-01    9.99964E-01    9.99983E-01    9.99992E-01    9.99996E-01    9.99998E-01    9.99999E-01    9.99999E-01    1.00000E+00    9.99999E-01    1.00000E+00    1.00000E+00    1.00000E+00    1.00000E+00    1.00000E+00

          Concentration of minerals:

              9.99924E-01    9.99964E-01    9.99983E-01    9.99992E-01    9.99996E-01    9.99998E-01    9.99999E-01    9.99999E-01    1.00000E+00    9.99999E-01    1.00000E+00    1.00000E+00    1.00000E+00    1.00000E+00    1.00000E+00

          Concentration of surface complexes:


          Initial concentration of gases:


          Concentration of gases:


          Initial partial pressures of gases:


          Partial pressures of gases:


          Initial volume of gas:


          Volume of gas:


          Aqueous equilibrium reaction rates:


          Mineral equilibrium reaction rates:

             -3.78249E-03   -1.79635E-03   -8.55023E-04   -4.09485E-04   -1.97576E-04   -9.76740E-05   -5.81621E-05   -3.41784E-05   -1.66839E-05   -3.96519E-05    2.49971E-05   -1.92355E-05   -1.39587E-05    2.07852E-05    0.00000E+00

          Gas equilibrium reaction rates:

