  Integration method chemical reactions:          Euler fully implicit

  Number of targets:   31


  Time step:

      1.00000E-02

  Final time:

      1.00000E+01


  Dimension + Mixing ratios (by rows) (including boundary and sink/source terms):

     31    1.00000E+00    0.00000E+00    0.00000E+00    0.00000E+00    0.00000E+00    0.00000E+00    0.00000E+00    0.00000E+00    0.00000E+00    0.00000E+00    0.00000E+00    0.00000E+00    0.00000E+00    0.00000E+00    0.00000E+00    0.00000E+00    0.00000E+00    0.00000E+00    0.00000E+00    0.00000E+00    0.00000E+00    0.00000E+00    0.00000E+00    0.00000E+00    0.00000E+00    0.00000E+00    0.00000E+00    0.00000E+00    0.00000E+00    0.00000E+00    0.00000E+00
     31    2.88956E-01    4.73888E-01    1.30253E-01    5.87143E-02    2.64667E-02    1.19304E-02    5.37790E-03    2.42420E-03    1.09276E-03    4.92585E-04    2.22043E-04    1.00091E-04    4.51180E-05    2.03379E-05    9.16775E-06    4.13256E-06    1.86284E-06    8.39714E-07    3.78519E-07    1.70626E-07    7.69131E-08    3.46702E-08    1.56283E-08    7.04466E-09    3.17529E-09    1.43083E-09    6.43921E-10    2.88031E-10    1.25131E-10    4.64774E-11    7.25047E-11
     31    3.50681E-01    2.24570E-01    1.36933E-01    1.58077E-01    7.12566E-02    3.21204E-02    1.44790E-02    6.52670E-03    2.94205E-03    1.32619E-03    5.97809E-04    2.69475E-04    1.21472E-04    5.47559E-05    2.46824E-05    1.11261E-05    5.01534E-06    2.26077E-06    1.01909E-06    4.59376E-07    2.07074E-07    9.33428E-08    4.20761E-08    1.89664E-08    8.54887E-09    3.85224E-09    1.73363E-09    7.75469E-10    3.36892E-10    1.25131E-10    1.95205E-10
     31    3.63867E-01    1.06421E-01    6.48907E-02    1.66184E-01    1.64021E-01    7.39358E-02    3.33281E-02    1.50234E-02    6.77210E-03    3.05267E-03    1.37606E-03    6.20286E-04    2.79607E-04    1.26039E-04    5.68147E-05    2.56105E-05    1.15445E-05    5.20391E-06    2.34577E-06    1.05741E-06    4.76649E-07    2.14859E-07    9.68521E-08    4.36574E-08    1.96781E-08    8.86720E-09    3.99053E-09    1.78500E-09    7.75469E-10    2.88031E-10    4.49329E-10
     31    3.66683E-01    5.04315E-02    3.07509E-02    7.87524E-02    1.72432E-01    1.65290E-01    7.45081E-02    3.35861E-02    1.51397E-02    6.82452E-03    3.07630E-03    1.38671E-03    6.25088E-04    2.81772E-04    1.27015E-04    5.72545E-05    2.58087E-05    1.16338E-05    5.24419E-06    2.36393E-06    1.06559E-06    4.80338E-07    2.16522E-07    9.76003E-08    4.39921E-08    1.98234E-08    8.92120E-09    3.99053E-09    1.73363E-09    6.43921E-10    1.00452E-09
     31    3.67285E-01    2.38989E-02    1.45725E-02    3.73198E-02    8.17134E-02    1.73767E-01    1.65562E-01    7.46304E-02    3.36412E-02    1.51645E-02    6.83572E-03    3.08135E-03    1.38898E-03    6.26114E-04    2.82234E-04    1.27223E-04    5.73485E-05    2.58510E-05    1.16529E-05    5.25280E-06    2.36781E-06    1.06734E-06    4.81124E-07    2.16874E-07    9.77531E-08    4.40489E-08    1.98234E-08    8.86720E-09    3.85224E-09    1.43083E-09    2.23210E-09
     31    3.67414E-01    1.13254E-02    6.90572E-03    1.76854E-02    3.87230E-02    8.23459E-02    1.74052E-01    1.65619E-01    7.46565E-02    3.36530E-02    1.51698E-02    6.83811E-03    3.08243E-03    1.38947E-03    6.26333E-04    2.82333E-04    1.27268E-04    5.73685E-05    2.58601E-05    1.16570E-05    5.25463E-06    2.36864E-06    1.06771E-06    4.81285E-07    2.16933E-07    9.77531E-08    4.39921E-08    1.96781E-08    8.54887E-09    3.17529E-09    4.95346E-09
     31    3.67441E-01    5.36696E-03    3.27254E-03    8.38089E-03    1.83503E-02    3.90227E-02    8.24811E-02    1.74113E-01    1.65632E-01    7.46621E-02    3.36555E-02    1.51709E-02    6.83863E-03    3.08266E-03    1.38957E-03    6.26379E-04    2.82354E-04    1.27277E-04    5.73728E-05    2.58620E-05    1.16579E-05    5.25502E-06    2.36881E-06    1.06777E-06    4.81285E-07    2.16874E-07    9.76003E-08    4.36574E-08    1.89664E-08    7.04466E-09    1.09897E-08
     31    3.67447E-01    2.54334E-03    1.55082E-03    3.97160E-03    8.69601E-03    1.84924E-02    3.90868E-02    8.25099E-02    1.74126E-01    1.65634E-01    7.46633E-02    3.36561E-02    1.51712E-02    6.83873E-03    3.08271E-03    1.38959E-03    6.26389E-04    2.82358E-04    1.27279E-04    5.73737E-05    2.58624E-05    1.16580E-05    5.25509E-06    2.36881E-06    1.06771E-06    4.81124E-07    2.16522E-07    9.68521E-08    4.20761E-08    1.56283E-08    2.43801E-08
     31    3.67448E-01    1.20526E-03    7.34912E-04    1.88209E-03    4.12093E-03    8.76332E-03    1.85227E-02    3.91004E-02    8.25161E-02    1.74129E-01    1.65635E-01    7.46635E-02    3.36562E-02    1.51712E-02    6.83876E-03    3.08272E-03    1.38960E-03    6.26392E-04    2.82359E-04    1.27279E-04    5.73739E-05    2.58625E-05    1.16580E-05    5.25502E-06    2.36864E-06    1.06734E-06    4.80338E-07    2.14859E-07    9.33428E-08    3.46702E-08    5.40855E-08
     31    3.67448E-01    5.71156E-04    3.48266E-04    8.91901E-04    1.95286E-03    4.15283E-03    8.77770E-03    1.85292E-02    3.91034E-02    8.25174E-02    1.74129E-01    1.65635E-01    7.46636E-02    3.36562E-02    1.51712E-02    6.83876E-03    3.08272E-03    1.38960E-03    6.26392E-04    2.82360E-04    1.27280E-04    5.73739E-05    2.58624E-05    1.16579E-05    5.25463E-06    2.36781E-06    1.06559E-06    4.76649E-07    2.07074E-07    7.69131E-08    1.19984E-07
     31    3.67448E-01    2.70664E-04    1.65039E-04    4.22661E-04    9.25436E-04    1.96798E-03    4.15964E-03    8.78077E-03    1.85306E-02    3.91040E-02    8.25177E-02    1.74129E-01    1.65635E-01    7.46636E-02    3.36562E-02    1.51712E-02    6.83876E-03    3.08272E-03    1.38960E-03    6.26392E-04    2.82360E-04    1.27279E-04    5.73737E-05    2.58620E-05    1.16570E-05    5.25280E-06    2.36393E-06    1.05741E-06    4.59376E-07    1.70626E-07    2.66176E-07
     31    3.67448E-01    1.28264E-04    7.82100E-05    2.00294E-04    4.38553E-04    9.32599E-04    1.97120E-03    4.16110E-03    8.78143E-03    1.85309E-02    3.91041E-02    8.25177E-02    1.74129E-01    1.65635E-01    7.46636E-02    3.36562E-02    1.51713E-02    6.83876E-03    3.08272E-03    1.38960E-03    6.26392E-04    2.82359E-04    1.27279E-04    5.73728E-05    2.58601E-05    1.16529E-05    5.24419E-06    2.34577E-06    1.01909E-06    3.78519E-07    5.90490E-07
     31    3.67448E-01    6.07829E-05    3.70627E-05    9.49168E-05    2.07825E-04    4.41947E-04    9.34130E-04    1.97189E-03    4.16141E-03    8.78157E-03    1.85310E-02    3.91041E-02    8.25178E-02    1.74129E-01    1.65635E-01    7.46636E-02    3.36562E-02    1.51713E-02    6.83876E-03    3.08272E-03    1.38960E-03    6.26392E-04    2.82358E-04    1.27277E-04    5.73685E-05    2.58510E-05    1.16338E-05    5.20391E-06    2.26077E-06    8.39714E-07    1.30995E-06
     31    3.67448E-01    2.88043E-05    1.75636E-05    4.49799E-05    9.84856E-05    2.09433E-04    4.42673E-04    9.34456E-04    1.97204E-03    4.16148E-03    8.78160E-03    1.85310E-02    3.91042E-02    8.25178E-02    1.74129E-01    1.65635E-01    7.46636E-02    3.36562E-02    1.51713E-02    6.83876E-03    3.08272E-03    1.38960E-03    6.26389E-04    2.82354E-04    1.27268E-04    5.73485E-05    2.58087E-05    1.15445E-05    5.01534E-06    1.86284E-06    2.90603E-06
     31    3.67448E-01    1.36500E-05    8.32317E-06    2.13154E-05    4.66711E-05    9.92480E-05    2.09777E-04    4.42827E-04    9.34526E-04    1.97207E-03    4.16149E-03    8.78160E-03    1.85310E-02    3.91042E-02    8.25178E-02    1.74129E-01    1.65635E-01    7.46636E-02    3.36562E-02    1.51712E-02    6.83876E-03    3.08272E-03    1.38959E-03    6.26379E-04    2.82333E-04    1.27223E-04    5.72545E-05    2.56105E-05    1.11261E-05    4.13256E-06    6.44679E-06
     31    3.67448E-01    6.46856E-06    3.94425E-06    1.01011E-05    2.21169E-05    4.70324E-05    9.94108E-05    2.09851E-04    4.42861E-04    9.34541E-04    1.97208E-03    4.16149E-03    8.78160E-03    1.85310E-02    3.91042E-02    8.25178E-02    1.74129E-01    1.65635E-01    7.46636E-02    3.36562E-02    1.51712E-02    6.83876E-03    3.08271E-03    1.38957E-03    6.26333E-04    2.82234E-04    1.27015E-04    5.68147E-05    2.46824E-05    9.16775E-06    1.43017E-05
     31    3.67448E-01    3.06537E-06    1.86913E-06    4.78680E-06    1.04809E-05    2.22881E-05    4.71096E-05    9.94456E-05    2.09866E-04    4.42868E-04    9.34544E-04    1.97208E-03    4.16149E-03    8.78160E-03    1.85310E-02    3.91042E-02    8.25178E-02    1.74129E-01    1.65635E-01    7.46636E-02    3.36562E-02    1.51712E-02    6.83873E-03    3.08266E-03    1.38947E-03    6.26114E-04    2.81772E-04    1.26039E-04    5.47559E-05    2.03379E-05    3.17272E-05
     31    3.67448E-01    1.45264E-06    8.85758E-07    2.26840E-06    4.96678E-06    1.05620E-05    2.23246E-05    4.71260E-05    9.94530E-05    2.09870E-04    4.42869E-04    9.34545E-04    1.97208E-03    4.16149E-03    8.78160E-03    1.85310E-02    3.91042E-02    8.25178E-02    1.74129E-01    1.65635E-01    7.46636E-02    3.36562E-02    1.51712E-02    6.83863E-03    3.08243E-03    1.38898E-03    6.25088E-04    2.79607E-04    1.21472E-04    4.51180E-05    7.03842E-05
     31    3.67448E-01    6.88390E-07    4.19750E-07    1.07497E-06    2.35369E-06    5.00522E-06    1.05794E-05    2.23325E-05    4.71296E-05    9.94546E-05    2.09870E-04    4.42869E-04    9.34545E-04    1.97208E-03    4.16149E-03    8.78160E-03    1.85310E-02    3.91042E-02    8.25178E-02    1.74129E-01    1.65635E-01    7.46635E-02    3.36561E-02    1.51709E-02    6.83811E-03    3.08135E-03    1.38671E-03    6.20286E-04    2.69475E-04    1.00091E-04    1.56142E-04
     31    3.67448E-01    3.26219E-07    1.98914E-07    5.09415E-07    1.11539E-06    2.37191E-06    5.01344E-06    1.05831E-05    2.23341E-05    4.71303E-05    9.94549E-05    2.09870E-04    4.42869E-04    9.34545E-04    1.97208E-03    4.16149E-03    8.78160E-03    1.85310E-02    3.91041E-02    8.25177E-02    1.74129E-01    1.65635E-01    7.46633E-02    3.36555E-02    1.51698E-02    6.83572E-03    3.07630E-03    1.37606E-03    5.97809E-04    2.22043E-04    3.46388E-04
     31    3.67448E-01    1.54591E-07    9.42630E-08    2.41405E-07    5.28568E-07    1.12402E-06    2.37580E-06    5.01519E-06    1.05839E-05    2.23345E-05    4.71304E-05    9.94549E-05    2.09870E-04    4.42869E-04    9.34544E-04    1.97208E-03    4.16149E-03    8.78160E-03    1.85310E-02    3.91041E-02    8.25177E-02    1.74129E-01    1.65634E-01    7.46621E-02    3.36530E-02    1.51645E-02    6.82452E-03    3.05267E-03    1.32619E-03    4.92585E-04    7.68433E-04
     31    3.67447E-01    7.32587E-08    4.46699E-08    1.14399E-07    2.50481E-07    5.32658E-07    1.12586E-06    2.37663E-06    5.01554E-06    1.05840E-05    2.23345E-05    4.71303E-05    9.94546E-05    2.09870E-04    4.42868E-04    9.34541E-04    1.97207E-03    4.16148E-03    8.78157E-03    1.85309E-02    3.91040E-02    8.25174E-02    1.74129E-01    1.65632E-01    7.46565E-02    3.36412E-02    1.51397E-02    6.77210E-03    2.94205E-03    1.09276E-03    1.70471E-03
     31    3.67441E-01    3.47158E-08    2.11682E-08    5.42112E-08    1.18698E-07    2.52416E-07    5.33523E-07    1.12624E-06    2.37677E-06    5.01554E-06    1.05839E-05    2.23341E-05    4.71296E-05    9.94530E-05    2.09866E-04    4.42861E-04    9.34526E-04    1.97204E-03    4.16141E-03    8.78143E-03    1.85306E-02    3.91034E-02    8.25161E-02    1.74126E-01    1.65619E-01    7.46304E-02    3.35861E-02    1.50234E-02    6.52670E-03    2.42420E-03    3.78176E-03
     31    3.67414E-01    1.64502E-08    1.00306E-08    2.56881E-08    5.62453E-08    1.19608E-07    2.52811E-07    5.33670E-07    1.12624E-06    2.37663E-06    5.01519E-06    1.05831E-05    2.23325E-05    4.71260E-05    9.94456E-05    2.09851E-04    4.42827E-04    9.34456E-04    1.97189E-03    4.16110E-03    8.78077E-03    1.85292E-02    3.91004E-02    8.25099E-02    1.74113E-01    1.65562E-01    7.45081E-02    3.33281E-02    1.44790E-02    5.37790E-03    8.38953E-03
     31    3.67285E-01    7.79281E-09    4.75171E-09    1.21690E-08    2.66446E-08    5.66609E-08    1.19762E-07    2.52811E-07    5.33523E-07    1.12586E-06    2.37580E-06    5.01344E-06    1.05794E-05    2.23246E-05    4.71096E-05    9.94108E-05    2.09777E-04    4.42673E-04    9.34130E-04    1.97120E-03    4.15964E-03    8.77770E-03    1.85227E-02    3.90868E-02    8.24811E-02    1.74052E-01    1.65290E-01    7.39358E-02    3.21204E-02    1.19304E-02    1.86115E-02
     31    3.66683E-01    3.68687E-09    2.24809E-09    5.75730E-09    1.26059E-08    2.68069E-08    5.66609E-08    1.19608E-07    2.52416E-07    5.32658E-07    1.12402E-06    2.37191E-06    5.00522E-06    1.05620E-05    2.22881E-05    4.70324E-05    9.92480E-05    2.09433E-04    4.41947E-04    9.32599E-04    1.96798E-03    4.15283E-03    8.76332E-03    1.84924E-02    3.90227E-02    8.23459E-02    1.73767E-01    1.64021E-01    7.12566E-02    2.64667E-02    4.12881E-02
     31    3.63867E-01    1.73374E-09    1.05716E-09    2.70736E-09    5.92789E-09    1.26059E-08    2.66446E-08    5.62453E-08    1.18698E-07    2.50481E-07    5.28568E-07    1.11539E-06    2.35369E-06    4.96678E-06    1.04809E-05    2.21169E-05    4.66711E-05    9.84856E-05    2.07825E-04    4.38553E-04    9.25436E-04    1.95286E-03    4.12093E-03    8.69601E-03    1.83503E-02    3.87230E-02    8.17134E-02    1.72432E-01    1.58077E-01    5.87143E-02    9.15944E-02
     31    3.50681E-01    7.91826E-10    4.82821E-10    1.23649E-09    2.70736E-09    5.75730E-09    1.21690E-08    2.56881E-08    5.42112E-08    1.14399E-07    2.41405E-07    5.09415E-07    1.07497E-06    2.26840E-06    4.78680E-06    1.01011E-05    2.13154E-05    4.49799E-05    9.49168E-05    2.00294E-04    4.22661E-04    8.91901E-04    1.88209E-03    3.97160E-03    8.38089E-03    1.76854E-02    3.73198E-02    7.87524E-02    1.66184E-01    1.30253E-01    2.03195E-01
     31    2.88956E-01    3.09189E-10    1.88530E-10    4.82821E-10    1.05716E-09    2.24809E-09    4.75171E-09    1.00306E-08    2.11682E-08    4.46699E-08    9.42630E-08    1.98914E-07    4.19750E-07    8.85758E-07    1.86913E-06    3.94425E-06    8.32317E-06    1.75636E-05    3.70627E-05    7.82100E-05    1.65039E-04    3.48266E-04    7.34912E-04    1.55082E-03    3.27254E-03    6.90572E-03    1.45725E-02    3.07509E-02    6.48907E-02    1.36933E-01    4.50771E-01
     31    1.00000E+00    0.00000E+00    0.00000E+00    0.00000E+00    0.00000E+00    0.00000E+00    0.00000E+00    0.00000E+00    0.00000E+00    0.00000E+00    0.00000E+00    0.00000E+00    0.00000E+00    0.00000E+00    0.00000E+00    0.00000E+00    0.00000E+00    0.00000E+00    0.00000E+00    0.00000E+00    0.00000E+00    0.00000E+00    0.00000E+00    0.00000E+00    0.00000E+00    0.00000E+00    0.00000E+00    0.00000E+00    0.00000E+00    0.00000E+00    0.00000E+00

  Mixing waters indices:

      1    2    3    4    5    6    7    8    9   10   11   12   13   14   15   16   17   18   19   20   21   22   23   24   25   26   27   28   29   30   31
      2    1    3    4    5    6    7    8    9   10   11   12   13   14   15   16   17   18   19   20   21   22   23   24   25   26   27   28   29   30   31
      3    1    2    4    5    6    7    8    9   10   11   12   13   14   15   16   17   18   19   20   21   22   23   24   25   26   27   28   29   30   31
      4    1    2    3    5    6    7    8    9   10   11   12   13   14   15   16   17   18   19   20   21   22   23   24   25   26   27   28   29   30   31
      5    1    2    3    4    6    7    8    9   10   11   12   13   14   15   16   17   18   19   20   21   22   23   24   25   26   27   28   29   30   31
      6    1    2    3    4    5    7    8    9   10   11   12   13   14   15   16   17   18   19   20   21   22   23   24   25   26   27   28   29   30   31
      7    1    2    3    4    5    6    8    9   10   11   12   13   14   15   16   17   18   19   20   21   22   23   24   25   26   27   28   29   30   31
      8    1    2    3    4    5    6    7    9   10   11   12   13   14   15   16   17   18   19   20   21   22   23   24   25   26   27   28   29   30   31
      9    1    2    3    4    5    6    7    8   10   11   12   13   14   15   16   17   18   19   20   21   22   23   24   25   26   27   28   29   30   31
     10    1    2    3    4    5    6    7    8    9   11   12   13   14   15   16   17   18   19   20   21   22   23   24   25   26   27   28   29   30   31
     11    1    2    3    4    5    6    7    8    9   10   12   13   14   15   16   17   18   19   20   21   22   23   24   25   26   27   28   29   30   31
     12    1    2    3    4    5    6    7    8    9   10   11   13   14   15   16   17   18   19   20   21   22   23   24   25   26   27   28   29   30   31
     13    1    2    3    4    5    6    7    8    9   10   11   12   14   15   16   17   18   19   20   21   22   23   24   25   26   27   28   29   30   31
     14    1    2    3    4    5    6    7    8    9   10   11   12   13   15   16   17   18   19   20   21   22   23   24   25   26   27   28   29   30   31
     15    1    2    3    4    5    6    7    8    9   10   11   12   13   14   16   17   18   19   20   21   22   23   24   25   26   27   28   29   30   31
     16    1    2    3    4    5    6    7    8    9   10   11   12   13   14   15   17   18   19   20   21   22   23   24   25   26   27   28   29   30   31
     17    1    2    3    4    5    6    7    8    9   10   11   12   13   14   15   16   18   19   20   21   22   23   24   25   26   27   28   29   30   31
     18    1    2    3    4    5    6    7    8    9   10   11   12   13   14   15   16   17   19   20   21   22   23   24   25   26   27   28   29   30   31
     19    1    2    3    4    5    6    7    8    9   10   11   12   13   14   15   16   17   18   20   21   22   23   24   25   26   27   28   29   30   31
     20    1    2    3    4    5    6    7    8    9   10   11   12   13   14   15   16   17   18   19   21   22   23   24   25   26   27   28   29   30   31
     21    1    2    3    4    5    6    7    8    9   10   11   12   13   14   15   16   17   18   19   20   22   23   24   25   26   27   28   29   30   31
     22    1    2    3    4    5    6    7    8    9   10   11   12   13   14   15   16   17   18   19   20   21   23   24   25   26   27   28   29   30   31
     23    1    2    3    4    5    6    7    8    9   10   11   12   13   14   15   16   17   18   19   20   21   22   24   25   26   27   28   29   30   31
     24    1    2    3    4    5    6    7    8    9   10   11   12   13   14   15   16   17   18   19   20   21   22   23   25   26   27   28   29   30   31
     25    1    2    3    4    5    6    7    8    9   10   11   12   13   14   15   16   17   18   19   20   21   22   23   24   26   27   28   29   30   31
     26    1    2    3    4    5    6    7    8    9   10   11   12   13   14   15   16   17   18   19   20   21   22   23   24   25   27   28   29   30   31
     27    1    2    3    4    5    6    7    8    9   10   11   12   13   14   15   16   17   18   19   20   21   22   23   24   25   26   28   29   30   31
     28    1    2    3    4    5    6    7    8    9   10   11   12   13   14   15   16   17   18   19   20   21   22   23   24   25   26   27   29   30   31
     29    1    2    3    4    5    6    7    8    9   10   11   12   13   14   15   16   17   18   19   20   21   22   23   24   25   26   27   28   30   31
     30    1    2    3    4    5    6    7    8    9   10   11   12   13   14   15   16   17   18   19   20   21   22   23   24   25   26   27   28   29   31
     31    1    2    3    4    5    6    7    8    9   10   11   12   13   14   15   16   17   18   19   20   21   22   23   24   25   26   27   28   29   30

  Aqueous species:

          ca+2           
          so4-2          
          co3-2(p)       
          h2o            
  Minerals (name + molar volume):

          anhydrite          4.59400E-02
          calcite3           3.69340E-02
  Gases:

  Surface complexes:

  Equilibrium reactions:

          anhydrite                     

          calcite3                      

  Kinetic reactions:

  Global stoichiometric matrix:

                 -1.00000       -1.00000        0.00000        0.00000        1.00000        0.00000
                 -1.00000        0.00000       -1.00000        0.00000        0.00000        1.00000
  Equilibrium constants:

              2.02488E+04
              3.02064E+08

  Global component matrix:

                  1.00000       -1.00000       -1.00000

  Initial concentration of aqueous species:

              1.00000E-01    1.00000E-01    1.00000E-01    1.00000E-01    1.00000E-01    1.00000E-01    1.00000E-01    1.00000E-01    1.00000E-01    1.00000E-01    1.00000E-01    1.00000E-01    1.00000E-01    1.00000E-01    1.00000E-01    1.00000E-01    1.00000E-01    1.00000E-01    1.00000E-01    1.00000E-01    1.00000E-01    1.00000E-01    1.00000E-01    1.00000E-01    1.00000E-01    1.00000E-01    1.00000E-01    1.00000E-01    1.00000E-01    1.00000E-01    1.00000E-01
              1.00000E-05    1.00000E-05    1.00000E-05    1.00000E-05    1.00000E-05    1.00000E-05    1.00000E-05    1.00000E-05    1.00000E-05    1.00000E-05    1.00000E-05    1.00000E-05    1.00000E-05    1.00000E-05    1.00000E-05    4.93856E-04    4.93856E-04    4.93856E-04    4.93856E-04    4.93856E-04    4.93856E-04    4.93856E-04    4.93856E-04    4.93856E-04    4.93856E-04    4.93856E-04    4.93856E-04    4.93856E-04    4.93856E-04    4.93856E-04    4.93856E-04
              3.31056E-08    3.31056E-08    3.31056E-08    3.31056E-08    3.31056E-08    3.31056E-08    3.31056E-08    3.31056E-08    3.31056E-08    3.31056E-08    3.31056E-08    3.31056E-08    3.31056E-08    3.31056E-08    3.31056E-08    3.31056E-08    1.00000E-09    1.00000E-09    1.00000E-09    1.00000E-09    1.00000E-09    1.00000E-09    1.00000E-09    1.00000E-09    1.00000E-09    1.00000E-09    1.00000E-09    1.00000E-09    1.00000E-09    1.00000E-09    1.00000E-09
              5.55556E+01    5.55556E+01    5.55556E+01    5.55556E+01    5.55556E+01    5.55556E+01    5.55556E+01    5.55556E+01    5.55556E+01    5.55556E+01    5.55556E+01    5.55556E+01    5.55556E+01    5.55556E+01    5.55556E+01    5.55556E+01    5.55556E+01    5.55556E+01    5.55556E+01    5.55556E+01    5.55556E+01    5.55556E+01    5.55556E+01    5.55556E+01    5.55556E+01    5.55556E+01    5.55556E+01    5.55556E+01    5.55556E+01    5.55556E+01    5.55556E+01

  Initial activity coefficients aqueous species:

              1.00000E+00    1.00000E+00    1.00000E+00    1.00000E+00    1.00000E+00    1.00000E+00    1.00000E+00    1.00000E+00    1.00000E+00    1.00000E+00    1.00000E+00    1.00000E+00    1.00000E+00    1.00000E+00    1.00000E+00    1.00000E+00    1.00000E+00    1.00000E+00    1.00000E+00    1.00000E+00    1.00000E+00    1.00000E+00    1.00000E+00    1.00000E+00    1.00000E+00    1.00000E+00    1.00000E+00    1.00000E+00    1.00000E+00    1.00000E+00    1.00000E+00
              1.00000E+00    1.00000E+00    1.00000E+00    1.00000E+00    1.00000E+00    1.00000E+00    1.00000E+00    1.00000E+00    1.00000E+00    1.00000E+00    1.00000E+00    1.00000E+00    1.00000E+00    1.00000E+00    1.00000E+00    1.00000E+00    1.00000E+00    1.00000E+00    1.00000E+00    1.00000E+00    1.00000E+00    1.00000E+00    1.00000E+00    1.00000E+00    1.00000E+00    1.00000E+00    1.00000E+00    1.00000E+00    1.00000E+00    1.00000E+00    1.00000E+00
              1.00000E+00    1.00000E+00    1.00000E+00    1.00000E+00    1.00000E+00    1.00000E+00    1.00000E+00    1.00000E+00    1.00000E+00    1.00000E+00    1.00000E+00    1.00000E+00    1.00000E+00    1.00000E+00    1.00000E+00    1.00000E+00    1.00000E+00    1.00000E+00    1.00000E+00    1.00000E+00    1.00000E+00    1.00000E+00    1.00000E+00    1.00000E+00    1.00000E+00    1.00000E+00    1.00000E+00    1.00000E+00    1.00000E+00    1.00000E+00    1.00000E+00
              1.79676E-02    1.79676E-02    1.79676E-02    1.79676E-02    1.79676E-02    1.79676E-02    1.79676E-02    1.79676E-02    1.79676E-02    1.79676E-02    1.79676E-02    1.79676E-02    1.79676E-02    1.79676E-02    1.79676E-02    1.79674E-02    1.79674E-02    1.79674E-02    1.79674E-02    1.79674E-02    1.79674E-02    1.79674E-02    1.79674E-02    1.79674E-02    1.79674E-02    1.79674E-02    1.79674E-02    1.79674E-02    1.79674E-02    1.79674E-02    1.79674E-02

  Initial activity water:

              9.98200E-01    9.98200E-01    9.98200E-01    9.98200E-01    9.98200E-01    9.98200E-01    9.98200E-01    9.98200E-01    9.98200E-01    9.98200E-01    9.98200E-01    9.98200E-01    9.98200E-01    9.98200E-01    9.98200E-01    9.98191E-01    9.98191E-01    9.98191E-01    9.98191E-01    9.98191E-01    9.98191E-01    9.98191E-01    9.98191E-01    9.98191E-01    9.98191E-01    9.98191E-01    9.98191E-01    9.98191E-01    9.98191E-01    9.98191E-01    9.98191E-01

  Initial salinity:

              3.99276E-03    3.99276E-03    3.99276E-03    3.99276E-03    3.99276E-03    3.99276E-03    3.99276E-03    3.99276E-03    3.99276E-03    3.99276E-03    3.99276E-03    3.99276E-03    3.99276E-03    3.99276E-03    3.99276E-03    4.03886E-03    4.03886E-03    4.03886E-03    4.03886E-03    4.03886E-03    4.03886E-03    4.03886E-03    4.03886E-03    4.03886E-03    4.03886E-03    4.03886E-03    4.03886E-03    4.03886E-03    4.03886E-03    4.03886E-03    4.03886E-03

  Activity water:

              9.98200E-01    9.98200E-01    9.98200E-01    9.98200E-01    9.98200E-01    9.98200E-01    9.98200E-01    9.98200E-01    9.98200E-01    9.98200E-01    9.98200E-01    9.98200E-01    9.98200E-01    9.98200E-01    9.98200E-01    9.98191E-01    9.98191E-01    9.98191E-01    9.98191E-01    9.98191E-01    9.98191E-01    9.98191E-01    9.98191E-01    9.98191E-01    9.98191E-01    9.98191E-01    9.98191E-01    9.98191E-01    9.98191E-01    9.98191E-01    9.98191E-01

  Final salinity:

              3.99276E-03    3.99276E-03    3.99276E-03    3.99276E-03    3.99276E-03    3.99276E-03    3.99276E-03    3.99276E-03    3.99276E-03    3.99276E-03    3.99276E-03    3.99276E-03    3.99276E-03    3.99276E-03    3.99276E-03    4.03886E-03    4.03886E-03    4.03886E-03    4.03886E-03    4.03886E-03    4.03886E-03    4.03886E-03    4.03886E-03    4.03886E-03    4.03886E-03    4.03886E-03    4.03886E-03    4.03886E-03    4.03886E-03    4.03886E-03    4.03886E-03

  Aqueous equilibrium reaction rates:


  Kinetic reaction rates:


  Reactive zone    1:

          Non-flowing species:

                    calcite3       

          Number of equilibrium reactions:         1

          Se:

                 -1.00000        0.00000       -1.00000        0.00000        1.00000
          Sk:


          Equilibrium constants:

              3.02064E+08

          Aqueous species:

                    ca+2           
                    so4-2          
                    co3-2(p)       
                    h2o            

          Primary species:

                    ca+2           
                    so4-2          
          Component matrix:

                  1.00000        0.00000       -1.00000
                  0.00000        1.00000        0.00000

          Initial concentration of components:

              1.00000E-01    1.00000E-01    1.00000E-01    1.00000E-01    1.00000E-01    1.00000E-01    1.00000E-01    1.00000E-01    1.00000E-01    1.00000E-01    1.00000E-01    1.00000E-01    1.00000E-01    1.00000E-01    1.00000E-01
              1.00000E-05    1.00000E-05    1.00000E-05    1.00000E-05    1.00000E-05    1.00000E-05    1.00000E-05    1.00000E-05    1.00000E-05    1.00000E-05    1.00000E-05    1.00000E-05    1.00000E-05    1.00000E-05    1.00000E-05

          Final concentration of components:

              1.00000E-01    1.00013E-01    1.00027E-01    1.00042E-01    1.00057E-01    1.00074E-01    1.00091E-01    1.00109E-01    1.00128E-01    1.00148E-01    1.00168E-01    1.00190E-01    1.00213E-01    1.00238E-01    1.00263E-01
              1.00000E-05    3.04350E-05    5.19180E-05    7.45027E-05    9.82455E-05    1.23206E-04    1.49446E-04    1.77033E-04    2.06033E-04    2.36521E-04    2.68573E-04    3.02268E-04    3.37691E-04    3.74931E-04    4.14080E-04

          Final concentration of aqueous species:

              1.00000E-01    1.00013E-01    1.00027E-01    1.00042E-01    1.00057E-01    1.00074E-01    1.00091E-01    1.00109E-01    1.00128E-01    1.00148E-01    1.00168E-01    1.00190E-01    1.00213E-01    1.00238E-01    1.00263E-01
              1.00000E-05    3.04350E-05    5.19180E-05    7.45027E-05    9.82455E-05    1.23206E-04    1.49446E-04    1.77033E-04    2.06033E-04    2.36521E-04    2.68573E-04    3.02268E-04    3.37691E-04    3.74931E-04    4.14080E-04
              3.31056E-08    3.31012E-08    3.30965E-08    3.30917E-08    3.30865E-08    3.30812E-08    3.30755E-08    3.30696E-08    3.30633E-08    3.30568E-08    3.30499E-08    3.30427E-08    3.30350E-08    3.30271E-08    3.30187E-08
              5.55556E+01    5.55556E+01    5.55556E+01    5.55556E+01    5.55556E+01    5.55556E+01    5.55556E+01    5.55556E+01    5.55556E+01    5.55556E+01    5.55556E+01    5.55556E+01    5.55556E+01    5.55556E+01    5.55556E+01

          Final activity coefficients aqueous species:

              1.00000E+00    1.00000E+00    1.00000E+00    1.00000E+00    1.00000E+00    1.00000E+00    1.00000E+00    1.00000E+00    1.00000E+00    1.00000E+00    1.00000E+00    1.00000E+00    1.00000E+00    1.00000E+00    1.00000E+00
              1.00000E+00    1.00000E+00    1.00000E+00    1.00000E+00    1.00000E+00    1.00000E+00    1.00000E+00    1.00000E+00    1.00000E+00    1.00000E+00    1.00000E+00    1.00000E+00    1.00000E+00    1.00000E+00    1.00000E+00
              1.00000E+00    1.00000E+00    1.00000E+00    1.00000E+00    1.00000E+00    1.00000E+00    1.00000E+00    1.00000E+00    1.00000E+00    1.00000E+00    1.00000E+00    1.00000E+00    1.00000E+00    1.00000E+00    1.00000E+00
              1.79676E-02    1.79676E-02    1.79676E-02    1.79676E-02    1.79676E-02    1.79676E-02    1.79676E-02    1.79676E-02    1.79676E-02    1.79676E-02    1.79676E-02    1.79676E-02    1.79676E-02    1.79676E-02    1.79676E-02

          Initial volumetric fractions of minerals:

              5.00000E-01    5.00000E-01    5.00000E-01    5.00000E-01    5.00000E-01    5.00000E-01    5.00000E-01    5.00000E-01    5.00000E-01    5.00000E-01    5.00000E-01    5.00000E-01    5.00000E-01    5.00000E-01    5.00000E-01

          Volumetric fractions of minerals:

              5.00000E-01    5.00000E-01    5.00000E-01    5.00000E-01    5.00000E-01    5.00000E-01    5.00000E-01    5.00000E-01    5.00000E-01    5.00000E-01    5.00000E-01    5.00000E-01    5.00000E-01    5.00000E-01    5.00000E-01

          Initial concentration of minerals:

              1.00000E+00    1.00000E+00    1.00000E+00    1.00000E+00    1.00000E+00    1.00000E+00    1.00000E+00    1.00000E+00    1.00000E+00    1.00000E+00    1.00000E+00    1.00000E+00    1.00000E+00    1.00000E+00    9.99999E-01

          Concentration of minerals:

              1.00000E+00    1.00000E+00    1.00000E+00    1.00000E+00    1.00000E+00    1.00000E+00    1.00000E+00    1.00000E+00    1.00000E+00    1.00000E+00    1.00000E+00    1.00000E+00    1.00000E+00    1.00000E+00    9.99999E-01

          Concentration of surface complexes:


          Initial concentration of gases:


          Concentration of gases:


          Initial partial pressures of gases:


          Partial pressures of gases:


          Initial volume of gas:


          Volume of gas:


          Aqueous equilibrium reaction rates:


          Mineral equilibrium reaction rates:

              0.00000E+00   -5.96013E-13   -1.66788E-12   -3.93371E-12   -8.91451E-12   -1.99504E-11   -4.44351E-11   -9.87635E-11   -2.19303E-10   -4.86729E-10   -1.08002E-09   -2.39620E-09   -5.31608E-09   -1.17936E-08   -2.61636E-08

          Gas equilibrium reaction rates:


  Reactive zone    2:

          Non-flowing species:

                    anhydrite      

                    calcite3       

          Number of equilibrium reactions:         2

          Se:

                 -1.00000       -1.00000        0.00000        0.00000        1.00000        0.00000
                 -1.00000        0.00000       -1.00000        0.00000        0.00000        1.00000
          Sk:


          Equilibrium constants:

              2.02488E+04
              3.02064E+08

          Aqueous species:

                    ca+2           
                    so4-2          
                    co3-2(p)       
                    h2o            

          Primary species:

                    ca+2           
          Component matrix:

                  1.00000       -1.00000       -1.00000

          Initial concentration of components:

              9.95061E-02

          Final concentration of components:

              9.98348E-02

          Final concentration of aqueous species:

              1.00327E-01
              4.92246E-04
              3.29977E-08
              5.55556E+01

          Final activity coefficients aqueous species:

              1.00000E+00
              1.00000E+00
              1.00000E+00
              1.79674E-02

          Initial volumetric fractions of minerals:

              2.49128E-01
              2.50000E-01

          Volumetric fractions of minerals:

              2.49128E-01
              2.50000E-01

          Initial concentration of minerals:

              9.23931E-01
              9.99998E-01

          Concentration of minerals:

              9.23931E-01
              9.99998E-01

          Concentration of surface complexes:


          Initial concentration of gases:


          Concentration of gases:


          Initial partial pressures of gases:


          Partial pressures of gases:


          Initial volume of gas:


          Volume of gas:


          Aqueous equilibrium reaction rates:


          Mineral equilibrium reaction rates:

             -1.85042E-03
             -5.74334E-08

          Gas equilibrium reaction rates:


  Reactive zone    3:

          Non-flowing species:

                    anhydrite      

          Number of equilibrium reactions:         1

          Se:

                 -1.00000        0.00000       -1.00000        0.00000        1.00000
          Sk:


          Equilibrium constants:

              2.02488E+04

          Aqueous species:

                    ca+2           
                    co3-2(p)       
                    so4-2          
                    h2o            

          Primary species:

                    ca+2           
                    co3-2(p)       
          Component matrix:

                  1.00000        0.00000       -1.00000
                  0.00000        1.00000        0.00000

          Initial concentration of components:

              1.00000E-01    1.00000E-01    1.00000E-01    1.00000E-01    1.00000E-01    1.00000E-01    1.00000E-01    1.00000E-01    1.00000E-01    1.00000E-01    1.00000E-01    1.00000E-01    1.00000E-01    1.00000E-01    1.00000E-01
              4.93856E-04    4.93856E-04    4.93856E-04    4.93856E-04    4.93856E-04    4.93856E-04    4.93856E-04    4.93856E-04    4.93856E-04    4.93856E-04    4.93856E-04    4.93856E-04    4.93856E-04    4.93856E-04    4.93856E-04

          Final concentration of components:

              1.00312E-01    1.00296E-01    1.00280E-01    1.00262E-01    1.00244E-01    1.00225E-01    1.00204E-01    1.00183E-01    1.00161E-01    1.00137E-01    1.00112E-01    1.00086E-01    1.00059E-01    1.00030E-01    1.00000E-01
              4.92319E-04    4.92397E-04    4.92478E-04    4.92564E-04    4.92654E-04    4.92749E-04    4.92848E-04    4.92953E-04    4.93064E-04    4.93179E-04    4.93301E-04    4.93430E-04    4.93564E-04    4.93706E-04    4.93856E-04

          Final concentration of aqueous species:

              1.00312E-01    1.00296E-01    1.00280E-01    1.00262E-01    1.00244E-01    1.00225E-01    1.00204E-01    1.00183E-01    1.00161E-01    1.00137E-01    1.00112E-01    1.00086E-01    1.00059E-01    1.00030E-01    1.00000E-01
              3.04331E-08    2.89446E-08    2.73798E-08    2.57348E-08    2.40053E-08    2.21872E-08    2.02759E-08    1.82665E-08    1.61541E-08    1.39333E-08    1.15987E-08    9.14438E-09    6.56417E-09    3.85163E-09    1.00000E-09
              4.92319E-04    4.92397E-04    4.92478E-04    4.92564E-04    4.92654E-04    4.92749E-04    4.92848E-04    4.92953E-04    4.93064E-04    4.93179E-04    4.93301E-04    4.93430E-04    4.93564E-04    4.93706E-04    4.93856E-04
              5.55556E+01    5.55556E+01    5.55556E+01    5.55556E+01    5.55556E+01    5.55556E+01    5.55556E+01    5.55556E+01    5.55556E+01    5.55556E+01    5.55556E+01    5.55556E+01    5.55556E+01    5.55556E+01    5.55556E+01

          Final activity coefficients aqueous species:

              1.00000E+00    1.00000E+00    1.00000E+00    1.00000E+00    1.00000E+00    1.00000E+00    1.00000E+00    1.00000E+00    1.00000E+00    1.00000E+00    1.00000E+00    1.00000E+00    1.00000E+00    1.00000E+00    1.00000E+00
              1.00000E+00    1.00000E+00    1.00000E+00    1.00000E+00    1.00000E+00    1.00000E+00    1.00000E+00    1.00000E+00    1.00000E+00    1.00000E+00    1.00000E+00    1.00000E+00    1.00000E+00    1.00000E+00    1.00000E+00
              1.00000E+00    1.00000E+00    1.00000E+00    1.00000E+00    1.00000E+00    1.00000E+00    1.00000E+00    1.00000E+00    1.00000E+00    1.00000E+00    1.00000E+00    1.00000E+00    1.00000E+00    1.00000E+00    1.00000E+00
              1.79674E-02    1.79674E-02    1.79674E-02    1.79674E-02    1.79674E-02    1.79674E-02    1.79674E-02    1.79674E-02    1.79674E-02    1.79674E-02    1.79674E-02    1.79674E-02    1.79674E-02    1.79674E-02    1.79674E-02

          Initial volumetric fractions of minerals:

              4.99587E-01    4.99804E-01    4.99907E-01    4.99956E-01    4.99979E-01    4.99990E-01    4.99995E-01    4.99998E-01    4.99999E-01    5.00000E-01    5.00000E-01    5.00000E-01    5.00000E-01    5.00000E-01    5.00000E-01

          Volumetric fractions of minerals:

              4.99587E-01    4.99804E-01    4.99907E-01    4.99956E-01    4.99979E-01    4.99990E-01    4.99995E-01    4.99998E-01    4.99999E-01    5.00000E-01    5.00000E-01    5.00000E-01    5.00000E-01    5.00000E-01    5.00000E-01

          Initial concentration of minerals:

              9.82000E-01    9.91472E-01    9.95959E-01    9.98085E-01    9.99093E-01    9.99570E-01    9.99796E-01    9.99904E-01    9.99954E-01    9.99978E-01    9.99990E-01    9.99995E-01    9.99998E-01    9.99999E-01    1.00000E+00

          Concentration of minerals:

              9.82000E-01    9.91472E-01    9.95959E-01    9.98085E-01    9.99093E-01    9.99570E-01    9.99796E-01    9.99904E-01    9.99954E-01    9.99978E-01    9.99990E-01    9.99995E-01    9.99998E-01    9.99999E-01    1.00000E+00

          Concentration of surface complexes:


          Initial concentration of gases:


          Concentration of gases:


          Initial partial pressures of gases:


          Partial pressures of gases:


          Initial volume of gas:


          Volume of gas:


          Aqueous equilibrium reaction rates:


          Mineral equilibrium reaction rates:

             -8.76893E-04   -4.15548E-04   -1.96922E-04   -9.33173E-05   -4.42203E-05   -2.09537E-05   -9.92774E-06   -4.70243E-06   -2.22593E-06   -1.05195E-06   -4.95027E-07   -2.30100E-07   -1.02664E-07   -3.84620E-08    0.00000E+00

          Gas equilibrium reaction rates:

