  Integration method chemical reactions:          Euler explicit

  Length of domain:        1.00000

  Number of targets:   11

  Targets type:          Interfaces


  Time step:

      1.00000E+01

  Final time:

      1.00000E+02


  Mixing ratios (by rows) (including boundary and sink/source terms):

          1.00000
          0.35000        0.55000        0.10000
          0.35000        0.55000        0.10000
          0.35000        0.55000        0.10000
          0.35000        0.55000        0.10000
          0.35000        0.55000        0.10000
          0.35000        0.55000        0.10000
          0.35000        0.55000        0.10000
          0.35000        0.55000        0.10000
          0.35000        0.55000        0.10000
          1.00000

  Aqueous species:

          ca+2           
          cl-            
          h+             
          so4-2          
          h2o            
  Minerals:

          gypsum         
  Gases:

  Surface complexes:

  Homogeneous equilibrium reactions:

  Kinetic reactions:

  Global stoichiometric matrix:

                 -1.00000        0.00000        0.00000       -1.00000        0.00000        1.00000
  Equilibrium constants:

              3.03599E+04

  Global component matrix:

                  1.00000        0.00000        0.00000       -1.00000
                  0.00000        1.00000        0.00000        0.00000
                  0.00000        0.00000        1.00000        0.00000

  Concentration of external waters: (rows -> aqueous species, columns -> targets)

              0.00000E+00    0.00000E+00    0.00000E+00    0.00000E+00    0.00000E+00    0.00000E+00    0.00000E+00    0.00000E+00    0.00000E+00    0.00000E+00    0.00000E+00
              0.00000E+00    0.00000E+00    0.00000E+00    0.00000E+00    0.00000E+00    0.00000E+00    0.00000E+00    0.00000E+00    0.00000E+00    0.00000E+00    0.00000E+00
              0.00000E+00    0.00000E+00    0.00000E+00    0.00000E+00    0.00000E+00    0.00000E+00    0.00000E+00    0.00000E+00    0.00000E+00    0.00000E+00    0.00000E+00
              0.00000E+00    0.00000E+00    0.00000E+00    0.00000E+00    0.00000E+00    0.00000E+00    0.00000E+00    0.00000E+00    0.00000E+00    0.00000E+00    0.00000E+00
              0.00000E+00    0.00000E+00    0.00000E+00    0.00000E+00    0.00000E+00    0.00000E+00    0.00000E+00    0.00000E+00    0.00000E+00    0.00000E+00    0.00000E+00

  Initial concentration of aqueous species:

              1.39269E+00    2.21617E+00    2.21617E+00    2.21617E+00    2.21617E+00    2.21617E+00    2.21617E+00    2.21617E+00    2.21617E+00    2.21617E+00    5.33896E-01
              1.00000E-16    1.00000E-16    1.00000E-16    1.00000E-16    1.00000E-16    1.00000E-16    1.00000E-16    1.00000E-16    1.00000E-16    1.00000E-16    1.00000E-01
              7.81481E-08    4.65734E-08    4.65734E-08    4.65734E-08    4.65734E-08    4.65734E-08    4.65734E-08    4.65734E-08    4.65734E-08    4.65734E-08    1.23273E-08
              3.29000E-06    3.29000E-08    3.29000E-08    3.29000E-08    3.29000E-08    3.29000E-08    3.29000E-08    3.29000E-08    3.29000E-08    3.29000E-08    3.29000E-04
              5.55556E+01    5.55556E+01    5.55556E+01    5.55556E+01    5.55556E+01    5.55556E+01    5.55556E+01    5.55556E+01    5.55556E+01    5.55556E+01    5.55556E+01

  Initial activity water:

              9.74932E-01    9.60109E-01    9.60109E-01    9.60109E-01    9.60109E-01    9.60109E-01    9.60109E-01    9.60109E-01    9.60109E-01    9.60109E-01    9.88584E-01

  Initial pH:

              7.00000E+00    7.00000E+00    7.00000E+00    7.00000E+00    7.00000E+00    7.00000E+00    7.00000E+00    7.00000E+00    7.00000E+00    7.00000E+00    8.00000E+00

  Initial salinity:

              5.28656E-02    8.15744E-02    8.15744E-02    8.15744E-02    8.15744E-02    8.15744E-02    8.15744E-02    8.15744E-02    8.15744E-02    8.15744E-02    2.43658E-02

  Initial alkalinity:

              0.00000E+00    0.00000E+00    0.00000E+00    0.00000E+00    0.00000E+00    0.00000E+00    0.00000E+00    0.00000E+00    0.00000E+00    0.00000E+00    0.00000E+00

  Final concentration of aqueous species:

              1.39269E+00    1.45694E+00    1.58275E+00    1.75684E+00    1.93696E+00    2.07819E+00    2.15946E+00    2.17905E+00    2.10745E+00    1.77255E+00    5.33896E-01
              1.00000E-16    5.95000E-10    1.65700E-08    2.87533E-07    3.49533E-06    3.17799E-05    2.25901E-04    1.30095E-03    6.27911E-03    2.63422E-02    1.00000E-01
              7.81481E-08    7.56846E-08    7.08604E-08    6.41851E-08    5.72758E-08    5.18327E-08    4.85248E-08    4.67120E-08    4.45408E-08    3.75670E-08    1.23273E-08
              3.29000E-06    2.30162E-06    1.14191E-06    4.31922E-07    1.57594E-07    7.13856E-08    4.52261E-08    4.04593E-08    6.00916E-08    3.82704E-07    3.29000E-04
              5.55556E+01    5.55556E+01    5.55556E+01    5.55556E+01    5.55556E+01    5.55556E+01    5.55556E+01    5.55556E+01    5.55556E+01    5.55556E+01    5.55556E+01

  Final activity coefficients aqueous species:

              2.68118E+00    3.13410E+00    4.26902E+00    6.58842E+00    1.03877E+01    1.49006E+01    1.83646E+01    1.93289E+01    1.61274E+01    6.96817E+00    4.33036E-01
              1.27962E+00    1.33054E+00    1.43741E+00    1.60212E+00    1.79527E+00    1.96472E+00    2.07012E+00    2.09678E+00    2.00397E+00    1.62472E+00    8.11206E-01
              1.27962E+00    1.33054E+00    1.43741E+00    1.60212E+00    1.79527E+00    1.96472E+00    2.07012E+00    2.09678E+00    2.00397E+00    1.62472E+00    8.11206E-01
              2.68118E+00    3.13410E+00    4.26902E+00    6.58842E+00    1.03877E+01    1.49006E+01    1.83646E+01    1.93289E+01    1.61274E+01    6.96817E+00    4.33036E-01
              1.75488E-02    1.72820E-02    1.72820E-02    1.72820E-02    1.72820E-02    1.72820E-02    1.72820E-02    1.72820E-02    1.72820E-02    1.72820E-02    1.77945E-02

  Activity water:

              9.74932E-01    9.73775E-01    9.71510E-01    9.68377E-01    9.65135E-01    9.62592E-01    9.61126E-01    9.60754E-01    9.61953E-01    9.67620E-01    9.88584E-01

  Final pH:

              7.00000E+00    6.99696E+00    6.99201E+00    6.98787E+00    6.98790E+00    6.99210E+00    6.99804E+00    7.00902E+00    7.04935E+00    7.21441E+00    8.00000E+00

  Final salinity:

              5.28656E-02    5.51699E-02    5.96499E-02    6.57792E-02    7.20373E-02    7.68868E-02    7.96599E-02    8.03567E-02    7.80733E-02    6.71418E-02    2.43658E-02

  Final alkalinity:

              0.00000E+00    0.00000E+00    0.00000E+00    0.00000E+00    0.00000E+00    0.00000E+00    0.00000E+00    0.00000E+00    0.00000E+00    0.00000E+00    0.00000E+00

  Kinetic reaction rates:


  Reactive zone    1:

          Non-flowing species:

                    gypsum         

          Number of equilibrium reactions:         1

          Stoichiometric matrix:

                 -1.00000        0.00000        0.00000       -1.00000        0.00000        1.00000

          Equilibrium constants:

              3.03599E+04

          Primary species:

                    ca+2           

                    cl-            

                    h+             

          Component matrix (De Simoni):

                  1.00000        0.00000        0.00000       -1.00000
                  0.00000        1.00000        0.00000        0.00000
                  0.00000        0.00000        1.00000        0.00000

          Initial concentration of aqueous components:

              1.39268E+00    2.21617E+00    2.21617E+00    2.21617E+00    2.21617E+00    2.21617E+00    2.21617E+00    2.21617E+00    2.21617E+00    2.21617E+00    5.33567E-01
              1.00000E-16    1.00000E-16    1.00000E-16    1.00000E-16    1.00000E-16    1.00000E-16    1.00000E-16    1.00000E-16    1.00000E-16    1.00000E-16    1.00000E-01
              7.81481E-08    4.65734E-08    4.65734E-08    4.65734E-08    4.65734E-08    4.65734E-08    4.65734E-08    4.65734E-08    4.65734E-08    4.65734E-08    1.23273E-08

          Initial concentration of solid components:


          Concentration of aqueous components:

              1.39268E+00    1.45693E+00    1.58275E+00    1.75684E+00    1.93696E+00    2.07819E+00    2.15946E+00    2.17905E+00    2.10745E+00    1.77255E+00    5.33567E-01
              1.00000E-16    5.95000E-10    1.65700E-08    2.87533E-07    3.49533E-06    3.17799E-05    2.25901E-04    1.30095E-03    6.27911E-03    2.63422E-02    1.00000E-01
              7.81481E-08    7.56846E-08    7.08604E-08    6.41851E-08    5.72758E-08    5.18327E-08    4.85248E-08    4.67120E-08    4.45408E-08    3.75670E-08    1.23273E-08

          Concentration of solid components:


          Initial volumetric fractions of minerals:

              7.00000E-01    7.00000E-01    7.00000E-01    7.00000E-01    7.00000E-01    7.00000E-01    7.00000E-01    7.00000E-01    7.00000E-01    7.00007E-01    7.00000E-01

          Volumetric fractions of minerals:

              7.00000E-01    7.00000E-01    7.00000E-01    7.00000E-01    7.00000E-01    7.00000E-01    7.00000E-01    7.00000E-01    7.00000E-01    7.00007E-01    7.00000E-01

          Initial concentration of minerals:

              1.00000E+00    1.00000E+00    1.00000E+00    1.00000E+00    1.00000E+00    1.00000E+00    1.00000E+00    1.00000E+00    1.00000E+00    1.00000E+00    1.00000E+00

          Concentration of minerals:

              1.00000E+00    1.00000E+00    1.00000E+00    1.00000E+00    1.00000E+00    1.00000E+00    1.00000E+00    1.00000E+00    1.00000E+00    1.00000E+00    1.00000E+00

          Initial concentration of surface complexes:


          Concentration of surface complexes:


          Equilibrium reaction rates:

              0.00000E+00    3.84363E-09    5.08556E-09    2.87100E-09    8.55389E-10    1.69717E-10    2.18665E-11    9.73058E-12    6.51582E-10    9.82184E-07    0.00000E+00
