  Number of targets:   10


  Time step:

      1.00000E-02

  Final time:

      1.00000E-02


  Dimension + Mixing ratios (by rows) (including boundary and sink/source terms):

     11    1.54270E-01    6.17083E-02    1.33230E-01    1.15720E-01    1.01260E-01    8.94580E-02    8.00010E-02    7.26290E-02    6.71380E-02    6.33700E-02    6.12170E-02
     11    1.37920E-01    5.38287E-02    1.34570E-01    1.19790E-01    1.04820E-01    9.26040E-02    8.28160E-02    7.51840E-02    6.94990E-02    6.55990E-02    6.33700E-02
     11    1.26910E-01    4.72224E-02    1.18060E-01    1.20990E-01    1.11050E-01    9.81100E-02    8.77390E-02    7.96540E-02    7.36310E-02    6.94990E-02    6.71380E-02
     11    1.20130E-01    4.17361E-02    1.04340E-01    1.06940E-01    1.12170E-01    1.06140E-01    9.49160E-02    8.61700E-02    7.96540E-02    7.51840E-02    7.26290E-02
     11    1.16910E-01    3.72434E-02    9.31090E-02    9.54250E-02    1.00090E-01    1.07200E-01    1.04550E-01    9.49160E-02    8.77390E-02    8.28160E-02    8.00010E-02
     11    1.16910E-01    3.36413E-02    8.41030E-02    8.61950E-02    9.04110E-02    9.68330E-02    1.05600E-01    1.06140E-01    9.81100E-02    9.26040E-02    8.94580E-02
     11    1.20130E-01    3.08483E-02    7.71210E-02    7.90390E-02    8.29050E-02    8.87940E-02    9.68330E-02    1.07200E-01    1.11050E-01    1.04820E-01    1.01260E-01
     11    1.26910E-01    2.88022E-02    7.20060E-02    7.37970E-02    7.74060E-02    8.29050E-02    9.04110E-02    1.00090E-01    1.12170E-01    1.19790E-01    1.15720E-01
     11    1.37920E-01    2.74593E-02    6.86480E-02    7.03560E-02    7.37970E-02    7.90390E-02    8.61950E-02    9.54250E-02    1.06940E-01    1.20990E-01    1.33230E-01
     11    1.54270E-01    2.67928E-02    6.69820E-02    6.86480E-02    7.20060E-02    7.71210E-02    8.41030E-02    9.31090E-02    1.04340E-01    1.18060E-01    1.34570E-01

  Mixing waters indices:

      1    3    4    5    6    7    8    9   10   11
      1    2    4    5    6    7    8    9   10   11
      1    2    3    5    6    7    8    9   10   11
      1    2    3    4    6    7    8    9   10   11
      1    2    3    4    5    7    8    9   10   11
      1    2    3    4    5    6    8    9   10   11
      1    2    3    4    5    6    7    9   10   11
      1    2    3    4    5    6    7    8   10   11
      1    2    3    4    5    6    7    8    9   11
      1    2    3    4    5    6    7    8    9   10

  Aqueous species:

          h+             
          cl-            
          ch2o(aq)       
          n2(aq)(p)      
          ca+2           
          hco3-          
          o2(aq)         
          no3-           
          co3-2          
          h2o            
  Minerals (name + molar volume):

          calcite4           3.69340E-02
  Gases:

          co2(g)         
          o2(g)          
          n2(g)          
  Surface complexes:

  Equilibrium reactions:

          calcite4                      

          co2(g)                        

          o2(g)                         

          n2(g)                         

          co3-2                         

  Kinetic reactions:

          aerobic oxidation of DOC      

              4

              4

              0.00000E+00

 
          denitrification               

              4

              6

              0.00000E+00

  2.520000000000000E-005
  Global stoichiometric matrix:

                  1.00000        0.00000        0.00000        0.00000       -1.00000       -1.00000        0.00000        0.00000        0.00000        0.00000        1.00000        0.00000        0.00000        0.00000
                 -1.00000        0.00000        0.00000        0.00000        0.00000       -1.00000        0.00000        0.00000        0.00000        1.00000        0.00000        1.00000        0.00000        0.00000
                  0.00000        0.00000        0.00000        0.00000        0.00000        0.00000       -1.00000        0.00000        0.00000        0.00000        0.00000        0.00000        1.00000        0.00000
                 -2.00000        0.00000        0.00000        0.00000        0.00000        0.00000        0.00000       -2.00000        0.00000        1.00000        0.00000        0.00000        2.50000        1.00000
                  1.00000        0.00000        0.00000        0.00000        0.00000       -1.00000        0.00000        0.00000        1.00000        0.00000        0.00000        0.00000        0.00000        0.00000
                  1.00000        0.00000       -1.00000        0.00000        0.00000        1.00000       -1.00000        0.00000        0.00000        0.00000        0.00000        0.00000        0.00000        0.00000
                  0.20000        0.00000       -1.00000        0.40000        0.00000        1.00000        0.00000       -0.80000        0.00000        0.40000        0.00000        0.00000        0.00000        0.00000
  Equilibrium constants:

              1.41677E-02
              1.86008E+11
              3.95339E+03
              6.16352E+02
              4.69029E-11

  Global component matrix:

                  1.00000        0.00000        0.00000        0.00000        2.00000       -1.00000        0.00000       -1.00000       -2.00000
                  0.00000        1.00000        0.00000        0.00000        0.00000        0.00000        0.00000        0.00000        0.00000
                  0.00000        0.00000        1.00000        0.00000        0.00000        0.00000        0.00000        0.00000        0.00000
                  0.00000        0.00000        0.00000        1.00000        0.00000        0.00000        0.00000        0.00000        0.00000

  Initial concentration of aqueous species in the domain:

              1.00000E-08    1.00000E-07    1.00000E-07    1.00000E-07    1.00000E-07    1.00000E-07    1.00000E-07    1.00000E-07    1.00000E-07    1.00000E-07    1.00000E-07
              1.00000E-03    1.00000E-16    1.00000E-16    1.00000E-16    1.00000E-16    1.00000E-16    1.00000E-16    1.00000E-16    1.00000E-16    1.00000E-16    1.00000E-16
              1.00000E-01    1.00000E-05    1.00000E-05    1.00000E-05    1.00000E-05    1.00000E-05    1.00000E-05    1.00000E-05    1.00000E-05    1.00000E-05    1.00000E-05
              1.00000E-16    1.00000E-16    1.00000E-16    1.00000E-16    1.00000E-16    1.00000E-16    1.00000E-16    1.00000E-16    1.00000E-16    1.00000E-16    1.00000E-16
              1.00000E+00    7.05830E-03    7.05830E-03    7.05830E-03    7.05830E-03    7.05830E-03    7.05830E-03    7.05830E-03    7.05830E-03    7.05830E-03    7.05830E-03
              1.00000E+00    1.00000E-03    1.00000E-03    1.00000E-03    1.00000E-03    1.00000E-03    1.00000E-03    1.00000E-03    1.00000E-03    1.00000E-03    1.00000E-03
                 Infinity    1.00000E-06    1.00000E-06    1.00000E-06    1.00000E-06    1.00000E-06    1.00000E-06    1.00000E-06    1.00000E-06    1.00000E-06    1.00000E-06
                 Infinity    1.00000E-03    1.00000E-03    1.00000E-03    1.00000E-03    1.00000E-03    1.00000E-03    1.00000E-03    1.00000E-03    1.00000E-03    1.00000E-03
              1.00000E+00    1.00000E+00    4.69029E-07    4.69029E-07    4.69029E-07    4.69029E-07    4.69029E-07    4.69029E-07    4.69029E-07    4.69029E-07    4.69029E-07
              5.55556E+01    5.55556E+01    5.55556E+01    5.55556E+01    5.55556E+01    5.55556E+01    5.55556E+01    5.55556E+01    5.55556E+01    5.55556E+01    5.55556E+01

  Initial activity coefficients aqueous species domain:

                      NaN    1.00000E+00    1.00000E+00    1.00000E+00    1.00000E+00    1.00000E+00    1.00000E+00    1.00000E+00    1.00000E+00    1.00000E+00    1.00000E+00
                      NaN    1.00000E+00    1.00000E+00    1.00000E+00    1.00000E+00    1.00000E+00    1.00000E+00    1.00000E+00    1.00000E+00    1.00000E+00    1.00000E+00
                      NaN    1.00000E+00    1.00000E+00    1.00000E+00    1.00000E+00    1.00000E+00    1.00000E+00    1.00000E+00    1.00000E+00    1.00000E+00    1.00000E+00
                      NaN    1.00000E+00    1.00000E+00    1.00000E+00    1.00000E+00    1.00000E+00    1.00000E+00    1.00000E+00    1.00000E+00    1.00000E+00    1.00000E+00
                      NaN    1.00000E+00    1.00000E+00    1.00000E+00    1.00000E+00    1.00000E+00    1.00000E+00    1.00000E+00    1.00000E+00    1.00000E+00    1.00000E+00
                      NaN    1.00000E+00    1.00000E+00    1.00000E+00    1.00000E+00    1.00000E+00    1.00000E+00    1.00000E+00    1.00000E+00    1.00000E+00    1.00000E+00
                      NaN    1.00000E+00    1.00000E+00    1.00000E+00    1.00000E+00    1.00000E+00    1.00000E+00    1.00000E+00    1.00000E+00    1.00000E+00    1.00000E+00
                      NaN    1.00000E+00    1.00000E+00    1.00000E+00    1.00000E+00    1.00000E+00    1.00000E+00    1.00000E+00    1.00000E+00    1.00000E+00    1.00000E+00
                      NaN    1.00000E+00    1.00000E+00    1.00000E+00    1.00000E+00    1.00000E+00    1.00000E+00    1.00000E+00    1.00000E+00    1.00000E+00    1.00000E+00
                      NaN    1.73494E-02    1.79971E-02    1.79971E-02    1.79971E-02    1.79971E-02    1.79971E-02    1.79971E-02    1.79971E-02    1.79971E-02    1.79971E-02

  Initial activity water domain:

                -Infinity    9.63855E-01    9.99837E-01    9.99837E-01    9.99837E-01    9.99837E-01    9.99837E-01    9.99837E-01    9.99837E-01    9.99837E-01    9.99837E-01

  Initial salinity domain:

                      NaN    1.08234E-01    4.05113E-04    4.05113E-04    4.05113E-04    4.05113E-04    4.05113E-04    4.05113E-04    4.05113E-04    4.05113E-04    4.05113E-04

  Initial pH domain:

              0.00000E+00    0.00000E+00    0.00000E+00    0.00000E+00    0.00000E+00    0.00000E+00    0.00000E+00    0.00000E+00    0.00000E+00    0.00000E+00    0.00000E+00

  Activity water domain:

                -Infinity    9.63855E-01    9.99837E-01    9.99837E-01    9.99837E-01    9.99837E-01    9.99837E-01    9.99837E-01    9.99837E-01    9.99837E-01    9.99837E-01

  Final salinity domain:

              1.08234E-01    4.05113E-04    4.05113E-04    4.05113E-04    4.05113E-04    4.05113E-04    4.05113E-04    4.05113E-04    4.05113E-04    4.05113E-04

  Final pH domain:

              0.00000E+00    0.00000E+00    0.00000E+00    0.00000E+00    0.00000E+00    0.00000E+00    0.00000E+00    0.00000E+00    0.00000E+00    0.00000E+00

  Aqueous equilibrium reaction rates:

                      NaN            NaN            NaN            NaN            NaN            NaN            NaN            NaN            NaN            NaN

  Kinetic reaction rates:

              4.50045E-04    4.50045E-04    4.50045E-04    4.50045E-04    4.50045E-04    4.50045E-04    4.50045E-04    4.50045E-04    4.50045E-04    4.50045E-04
              1.97725E-03    1.97725E-03    1.97725E-03    1.97725E-03    1.97725E-03    1.97725E-03    1.97725E-03    1.97725E-03    1.97725E-03    1.97725E-03

  Reactive zone    1:

