  t =     1.00000E-03

         1    6.30960E-08    1.56466E-04    5.00002E-04    3.21286E-04    9.27834E-04    4.03446E-05    1.64897E-04    6.89713E-07
         3    9.85506E-08    7.41340E-06    5.00001E-04    2.47424E-05    9.96592E-04    2.85889E-06    1.73382E-05    4.74306E-07
         5    1.00122E-07    3.51248E-07    5.00000E-04    1.06969E-05    9.99841E-04    1.08711E-06    1.03472E-05    4.68385E-07
         7    1.00178E-07    1.66422E-08    5.00000E-04    1.00316E-05    9.99995E-04    1.00327E-06    1.00160E-05    4.68194E-07
         9    1.00180E-07    7.88513E-10    5.00000E-04    1.00001E-05    1.00000E-03    9.99297E-07    1.00003E-05    4.68189E-07
        11    1.00180E-07    3.73600E-11    5.00000E-04    9.99857E-06    1.00000E-03    9.99110E-07    9.99956E-06    4.68189E-07
  t =     5.00000E-03

         1    6.28298E-08    5.31125E-04    5.00023E-04    1.06589E-03    7.56459E-04    1.33822E-04    5.35768E-04    5.64703E-07
         3    1.53168E-07    1.20965E-04    5.00013E-04    2.50201E-04    9.45014E-04    3.09915E-05    1.29728E-04    2.89381E-07
         5    1.08627E-07    1.78616E-05    5.00004E-04    4.54491E-05    9.91914E-04    5.41451E-06    2.76751E-05    4.28288E-07
         7    1.01716E-07    2.05529E-06    5.00002E-04    1.40724E-05    9.99080E-04    1.50417E-06    1.20315E-05    4.60691E-07
         9    1.00981E-07    2.01452E-07    5.00001E-04    1.03924E-05    9.99920E-04    1.04537E-06    1.01969E-05    4.64437E-07
        11    1.00909E-07    1.76622E-08    5.00001E-04    1.00276E-05    1.00000E-03    9.99881E-07    1.00151E-05    4.64805E-07
  t =     1.00000E-01

         1    2.33923E-06    9.99690E-04    5.00103E-04    1.99434E-03    5.45309E-04    2.48081E-04    9.99487E-04    1.09338E-08
         3    8.74614E-06    9.98503E-04    5.00242E-04    1.98529E-03    5.52554E-04    2.41440E-04    9.98034E-04    2.96318E-09
         5    1.50543E-05    9.94929E-04    5.00383E-04    1.97159E-03    5.60784E-04    2.34308E-04    9.94215E-04    1.74717E-09
         7    2.11321E-05    9.86069E-04    5.00522E-04    1.94762E-03    5.71201E-04    2.26086E-04    9.85163E-04    1.26779E-09
         9    2.67565E-05    9.67344E-04    5.00656E-04    1.90450E-03    5.85674E-04    2.15851E-04    9.66358E-04    1.02666E-09
        11    3.15911E-05    9.32975E-04    5.00777E-04    1.83111E-03    6.06499E-04    2.02491E-04    9.32090E-04    9.00461E-10
