  Number of targets:   30


  Time step:

      1.00000E-03

  Final time:

      1.00000E-01


  Dimension + Mixing ratios concentrations (by rows) (including boundary and sink/source terms):

     31    7.82330E-01    1.56466E-01    5.67633E-02    4.11855E-03    2.98829E-04    2.16820E-05    1.57317E-06    1.14144E-07    8.28193E-09    6.00909E-10    4.36000E-11    3.16347E-12    2.29531E-13    1.66540E-14    1.20836E-15    8.76744E-17    6.36137E-18    4.61559E-19    3.34892E-20    2.42987E-21    1.76303E-22    1.27920E-23    9.28142E-25    6.73429E-26    4.88618E-27    3.54525E-28    2.57231E-29    1.86639E-30    1.35421E-31    9.83503E-33    7.56541E-34
     31    7.37922E-01    3.40580E-02    1.70290E-01    5.35412E-02    3.88477E-03    2.81866E-04    2.04513E-05    1.48388E-06    1.07665E-07    7.81182E-09    5.66800E-10    4.11251E-11    2.98390E-12    2.16502E-13    1.57087E-14    1.13977E-15    8.26977E-17    6.00027E-18    4.35360E-19    3.15883E-20    2.29194E-21    1.66295E-22    1.20658E-23    8.75458E-25    6.35203E-26    4.60882E-27    3.34401E-28    2.42630E-29    1.76047E-30    1.27855E-31    9.83503E-33
     31    7.37221E-01    7.41340E-03    3.70670E-02    1.60624E-01    5.34903E-02    3.88108E-03    2.81598E-04    2.04318E-05    1.48247E-06    1.07563E-07    7.80439E-09    5.66261E-10    4.10860E-11    2.98106E-12    2.16296E-13    1.56937E-14    1.13868E-15    8.26191E-17    5.99457E-18    4.34946E-19    3.15582E-20    2.28976E-21    1.66137E-22    1.20544E-23    8.74626E-25    6.34599E-26    4.60444E-27    3.34083E-28    2.42403E-29    1.76047E-30    1.35421E-31
     31    7.37210E-01    1.61367E-03    8.06837E-03    3.49629E-02    1.60471E-01    5.34895E-02    3.88102E-03    2.81594E-04    2.04315E-05    1.48244E-06    1.07561E-07    7.80428E-09    5.66252E-10    4.10854E-11    2.98102E-12    2.16293E-13    1.56935E-14    1.13867E-15    8.26179E-17    5.99448E-18    4.34940E-19    3.15578E-20    2.28973E-21    1.66135E-22    1.20542E-23    8.74612E-25    6.34590E-26    4.60437E-27    3.34083E-28    2.42630E-29    1.86639E-30
     31    7.37210E-01    3.51248E-04    1.75624E-03    7.61038E-03    3.49297E-02    1.60469E-01    5.34895E-02    3.88102E-03    2.81594E-04    2.04315E-05    1.48244E-06    1.07561E-07    7.80428E-09    5.66252E-10    4.10854E-11    2.98102E-12    2.16293E-13    1.56935E-14    1.13867E-15    8.26179E-17    5.99448E-18    4.34939E-19    3.15578E-20    2.28973E-21    1.66135E-22    1.20542E-23    8.74612E-25    6.34590E-26    4.60444E-27    3.34401E-28    2.57231E-29
     31    7.37210E-01    7.64563E-05    3.82281E-04    1.65655E-03    7.60315E-03    3.49292E-02    1.60468E-01    5.34895E-02    3.88102E-03    2.81594E-04    2.04315E-05    1.48244E-06    1.07561E-07    7.80428E-09    5.66252E-10    4.10854E-11    2.98102E-12    2.16293E-13    1.56935E-14    1.13867E-15    8.26179E-17    5.99448E-18    4.34939E-19    3.15578E-20    2.28973E-21    1.66135E-22    1.20542E-23    8.74612E-25    6.34599E-26    4.60882E-27    3.54525E-28
     31    7.37210E-01    1.66422E-05    8.32112E-05    3.60582E-04    1.65498E-03    7.60304E-03    3.49292E-02    1.60468E-01    5.34895E-02    3.88102E-03    2.81594E-04    2.04315E-05    1.48244E-06    1.07561E-07    7.80428E-09    5.66252E-10    4.10854E-11    2.98102E-12    2.16293E-13    1.56935E-14    1.13867E-15    8.26179E-17    5.99448E-18    4.34939E-19    3.15578E-20    2.28973E-21    1.66135E-22    1.20542E-23    8.74626E-25    6.35203E-26    4.88618E-27
     31    7.37210E-01    3.62252E-06    1.81126E-05    7.84878E-05    3.60239E-04    1.65495E-03    7.60303E-03    3.49292E-02    1.60468E-01    5.34895E-02    3.88102E-03    2.81594E-04    2.04315E-05    1.48244E-06    1.07561E-07    7.80428E-09    5.66252E-10    4.10854E-11    2.98102E-12    2.16293E-13    1.56935E-14    1.13867E-15    8.26179E-17    5.99448E-18    4.34939E-19    3.15578E-20    2.28973E-21    1.66135E-22    1.20544E-23    8.75458E-25    6.73429E-26
     31    7.37210E-01    7.88513E-07    3.94257E-06    1.70844E-05    7.84132E-05    3.60234E-04    1.65495E-03    7.60303E-03    3.49292E-02    1.60468E-01    5.34895E-02    3.88102E-03    2.81594E-04    2.04315E-05    1.48244E-06    1.07561E-07    7.80428E-09    5.66252E-10    4.10854E-11    2.98102E-12    2.16293E-13    1.56935E-14    1.13867E-15    8.26179E-17    5.99448E-18    4.34939E-19    3.15578E-20    2.28973E-21    1.66137E-22    1.20658E-23    9.28142E-25
     31    7.37210E-01    1.71636E-07    8.58178E-07    3.71877E-06    1.70682E-05    7.84121E-05    3.60234E-04    1.65495E-03    7.60303E-03    3.49292E-02    1.60468E-01    5.34895E-02    3.88102E-03    2.81594E-04    2.04315E-05    1.48244E-06    1.07561E-07    7.80428E-09    5.66252E-10    4.10854E-11    2.98102E-12    2.16293E-13    1.56935E-14    1.13867E-15    8.26179E-17    5.99448E-18    4.34939E-19    3.15578E-20    2.28976E-21    1.66295E-22    1.27920E-23
     31    7.37210E-01    3.73599E-08    1.86800E-07    8.09465E-07    3.71524E-06    1.70680E-05    7.84120E-05    3.60234E-04    1.65495E-03    7.60303E-03    3.49292E-02    1.60468E-01    5.34895E-02    3.88102E-03    2.81594E-04    2.04315E-05    1.48244E-06    1.07561E-07    7.80428E-09    5.66252E-10    4.10854E-11    2.98102E-12    2.16293E-13    1.56935E-14    1.13867E-15    8.26179E-17    5.99448E-18    4.34940E-19    3.15582E-20    2.29194E-21    1.76303E-22
     31    7.37210E-01    8.13214E-09    4.06607E-08    1.76196E-07    8.08696E-07    3.71518E-06    1.70680E-05    7.84120E-05    3.60234E-04    1.65495E-03    7.60303E-03    3.49292E-02    1.60468E-01    5.34895E-02    3.88102E-03    2.81594E-04    2.04315E-05    1.48244E-06    1.07561E-07    7.80428E-09    5.66252E-10    4.10854E-11    2.98102E-12    2.16293E-13    1.56935E-14    1.13867E-15    8.26179E-17    5.99448E-18    4.34946E-19    3.15883E-20    2.42987E-21
     31    7.37210E-01    1.77012E-09    8.85061E-09    3.83527E-08    1.76029E-07    8.08684E-07    3.71518E-06    1.70680E-05    7.84120E-05    3.60234E-04    1.65495E-03    7.60303E-03    3.49292E-02    1.60468E-01    5.34895E-02    3.88102E-03    2.81594E-04    2.04315E-05    1.48244E-06    1.07561E-07    7.80428E-09    5.66252E-10    4.10854E-11    2.98102E-12    2.16293E-13    1.56935E-14    1.13867E-15    8.26179E-17    5.99457E-18    4.35360E-19    3.34892E-20
     31    7.37210E-01    3.85303E-10    1.92651E-09    8.34822E-09    3.83162E-08    1.76026E-07    8.08684E-07    3.71518E-06    1.70680E-05    7.84120E-05    3.60234E-04    1.65495E-03    7.60303E-03    3.49292E-02    1.60468E-01    5.34895E-02    3.88102E-03    2.81594E-04    2.04315E-05    1.48244E-06    1.07561E-07    7.80428E-09    5.66252E-10    4.10854E-11    2.98102E-12    2.16293E-13    1.56935E-14    1.13867E-15    8.26191E-17    6.00027E-18    4.61559E-19
     31    7.37210E-01    8.38688E-11    4.19344E-10    1.81716E-09    8.34029E-09    3.83156E-08    1.76026E-07    8.08684E-07    3.71518E-06    1.70680E-05    7.84120E-05    3.60234E-04    1.65495E-03    7.60303E-03    3.49292E-02    1.60468E-01    5.34895E-02    3.88102E-03    2.81594E-04    2.04315E-05    1.48244E-06    1.07561E-07    7.80428E-09    5.66252E-10    4.10854E-11    2.98102E-12    2.16293E-13    1.56935E-14    1.13868E-15    8.26977E-17    6.36137E-18
     31    7.37210E-01    1.82557E-11    9.12786E-11    3.95541E-10    1.81543E-09    8.34016E-09    3.83156E-08    1.76026E-07    8.08684E-07    3.71518E-06    1.70680E-05    7.84120E-05    3.60234E-04    1.65495E-03    7.60303E-03    3.49292E-02    1.60468E-01    5.34895E-02    3.88102E-03    2.81594E-04    2.04315E-05    1.48244E-06    1.07561E-07    7.80428E-09    5.66252E-10    4.10854E-11    2.98102E-12    2.16293E-13    1.56937E-14    1.13977E-15    8.76744E-17
     31    7.37210E-01    3.97372E-12    1.98686E-11    8.60974E-11    3.95165E-10    1.81540E-09    8.34016E-09    3.83156E-08    1.76026E-07    8.08684E-07    3.71518E-06    1.70680E-05    7.84120E-05    3.60234E-04    1.65495E-03    7.60303E-03    3.49292E-02    1.60468E-01    5.34895E-02    3.88102E-03    2.81594E-04    2.04315E-05    1.48244E-06    1.07561E-07    7.80428E-09    5.66252E-10    4.10854E-11    2.98102E-12    2.16296E-13    1.57087E-14    1.20836E-15
     31    7.37210E-01    8.64961E-13    4.32480E-12    1.87408E-11    8.60155E-11    3.95159E-10    1.81540E-09    8.34016E-09    3.83156E-08    1.76026E-07    8.08684E-07    3.71518E-06    1.70680E-05    7.84120E-05    3.60234E-04    1.65495E-03    7.60303E-03    3.49292E-02    1.60468E-01    5.34895E-02    3.88102E-03    2.81594E-04    2.04315E-05    1.48244E-06    1.07561E-07    7.80428E-09    5.66252E-10    4.10854E-11    2.98106E-12    2.16502E-13    1.66540E-14
     31    7.37210E-01    1.88276E-13    9.41380E-13    4.07931E-12    1.87230E-11    8.60142E-11    3.95159E-10    1.81540E-09    8.34016E-09    3.83156E-08    1.76026E-07    8.08684E-07    3.71518E-06    1.70680E-05    7.84120E-05    3.60234E-04    1.65495E-03    7.60303E-03    3.49292E-02    1.60468E-01    5.34895E-02    3.88102E-03    2.81594E-04    2.04315E-05    1.48244E-06    1.07561E-07    7.80428E-09    5.66252E-10    4.10860E-11    2.98390E-12    2.29531E-13
     31    7.37210E-01    4.09820E-14    2.04910E-13    8.87944E-13    4.07544E-12    1.87227E-11    8.60142E-11    3.95159E-10    1.81540E-09    8.34016E-09    3.83156E-08    1.76026E-07    8.08684E-07    3.71518E-06    1.70680E-05    7.84120E-05    3.60234E-04    1.65495E-03    7.60303E-03    3.49292E-02    1.60468E-01    5.34895E-02    3.88102E-03    2.81594E-04    2.04315E-05    1.48244E-06    1.07561E-07    7.80428E-09    5.66261E-10    4.11251E-11    3.16347E-12
     31    7.37210E-01    8.92056E-15    4.46028E-14    1.93279E-13    8.87100E-13    4.07538E-12    1.87227E-11    8.60142E-11    3.95159E-10    1.81540E-09    8.34016E-09    3.83156E-08    1.76026E-07    8.08684E-07    3.71518E-06    1.70680E-05    7.84120E-05    3.60234E-04    1.65495E-03    7.60303E-03    3.49292E-02    1.60468E-01    5.34895E-02    3.88102E-03    2.81594E-04    2.04315E-05    1.48244E-06    1.07561E-07    7.80439E-09    5.66800E-10    4.36000E-11
     31    7.37210E-01    1.94174E-15    9.70869E-15    4.20710E-14    1.93095E-13    8.87087E-13    4.07537E-12    1.87227E-11    8.60142E-11    3.95159E-10    1.81540E-09    8.34016E-09    3.83156E-08    1.76026E-07    8.08684E-07    3.71518E-06    1.70680E-05    7.84120E-05    3.60234E-04    1.65495E-03    7.60303E-03    3.49292E-02    1.60468E-01    5.34895E-02    3.88102E-03    2.81594E-04    2.04315E-05    1.48244E-06    1.07563E-07    7.81182E-09    6.00909E-10
     31    7.37210E-01    4.22658E-16    2.11329E-15    9.15760E-15    4.20310E-14    1.93092E-13    8.87087E-13    4.07537E-12    1.87227E-11    8.60142E-11    3.95159E-10    1.81540E-09    8.34016E-09    3.83156E-08    1.76026E-07    8.08684E-07    3.71518E-06    1.70680E-05    7.84120E-05    3.60234E-04    1.65495E-03    7.60303E-03    3.49292E-02    1.60468E-01    5.34895E-02    3.88102E-03    2.81594E-04    2.04315E-05    1.48247E-06    1.07665E-07    8.28193E-09
     31    7.37210E-01    9.20000E-17    4.60000E-16    1.99333E-15    9.14889E-15    4.20304E-14    1.93092E-13    8.87087E-13    4.07537E-12    1.87227E-11    8.60142E-11    3.95159E-10    1.81540E-09    8.34016E-09    3.83156E-08    1.76026E-07    8.08684E-07    3.71518E-06    1.70680E-05    7.84120E-05    3.60234E-04    1.65495E-03    7.60303E-03    3.49292E-02    1.60468E-01    5.34895E-02    3.88102E-03    2.81594E-04    2.04318E-05    1.48388E-06    1.14144E-07
     31    7.37210E-01    2.00257E-17    1.00128E-16    4.33889E-16    1.99144E-15    9.14876E-15    4.20304E-14    1.93092E-13    8.87087E-13    4.07537E-12    1.87227E-11    8.60142E-11    3.95159E-10    1.81540E-09    8.34016E-09    3.83156E-08    1.76026E-07    8.08684E-07    3.71518E-06    1.70680E-05    7.84120E-05    3.60234E-04    1.65495E-03    7.60303E-03    3.49292E-02    1.60468E-01    5.34895E-02    3.88102E-03    2.81598E-04    2.04513E-05    1.57317E-06
     31    7.37210E-01    4.35898E-18    2.17949E-17    9.44446E-17    4.33477E-16    1.99141E-15    9.14875E-15    4.20304E-14    1.93092E-13    8.87087E-13    4.07537E-12    1.87227E-11    8.60142E-11    3.95159E-10    1.81540E-09    8.34016E-09    3.83156E-08    1.76026E-07    8.08684E-07    3.71518E-06    1.70680E-05    7.84120E-05    3.60234E-04    1.65495E-03    7.60303E-03    3.49292E-02    1.60468E-01    5.34895E-02    3.88108E-03    2.81866E-04    2.16820E-05
     31    7.37210E-01    9.48820E-19    4.74410E-18    2.05578E-17    9.43549E-17    4.33470E-16    1.99141E-15    9.14876E-15    4.20304E-14    1.93092E-13    8.87087E-13    4.07538E-12    1.87227E-11    8.60142E-11    3.95159E-10    1.81540E-09    8.34016E-09    3.83156E-08    1.76026E-07    8.08684E-07    3.71518E-06    1.70680E-05    7.84121E-05    3.60234E-04    1.65495E-03    7.60304E-03    3.49292E-02    1.60469E-01    5.34903E-02    3.88477E-03    2.98829E-04
     31    7.37221E-01    2.06533E-19    1.03266E-18    4.47488E-18    2.05385E-17    9.43549E-17    4.33477E-16    1.99144E-15    9.14889E-15    4.20310E-14    1.93095E-13    8.87100E-13    4.07544E-12    1.87230E-11    8.60155E-11    3.95165E-10    1.81543E-09    8.34029E-09    3.83162E-08    1.76029E-07    8.08696E-07    3.71524E-06    1.70682E-05    7.84132E-05    3.60239E-04    1.65498E-03    7.60315E-03    3.49297E-02    1.60471E-01    5.35412E-02    4.11855E-03
     31    7.37922E-01    4.49988E-20    2.24994E-19    9.74973E-19    4.47488E-18    2.05578E-17    9.44446E-17    4.33889E-16    1.99333E-15    9.15760E-15    4.20710E-14    1.93279E-13    8.87944E-13    4.07931E-12    1.87408E-11    8.60974E-11    3.95541E-10    1.81716E-09    8.34822E-09    3.83527E-08    1.76196E-07    8.09465E-07    3.71877E-06    1.70844E-05    7.84878E-05    3.60582E-04    1.65655E-03    7.61038E-03    3.49629E-02    1.60624E-01    5.67633E-02
     31    7.82330E-01    1.03843E-20    5.19217E-20    2.24994E-19    1.03266E-18    4.74410E-18    2.17949E-17    1.00128E-16    4.60000E-16    2.11329E-15    9.70869E-15    4.46028E-14    2.04910E-13    9.41380E-13    4.32480E-12    1.98686E-11    9.12786E-11    4.19344E-10    1.92651E-09    8.85061E-09    4.06607E-08    1.86800E-07    8.58178E-07    3.94257E-06    1.81126E-05    8.32112E-05    3.82281E-04    1.75624E-03    8.06837E-03    3.70670E-02    1.70290E-01

  Initial mixing ratios reaction amounts (by rows):

      7.82330E-01    5.67633E-02    4.11855E-03    2.98829E-04    2.16820E-05    1.57317E-06    1.14144E-07    8.28193E-09    6.00909E-10    4.36000E-11    3.16347E-12    2.29531E-13    1.66540E-14    1.20836E-15    8.76744E-17    6.36137E-18    4.61559E-19    3.34892E-20    2.42987E-21    1.76303E-22    1.27920E-23    9.28142E-25    6.73429E-26    4.88618E-27    3.54525E-28    2.57231E-29    1.86639E-30    1.35421E-31    9.83503E-33    7.56541E-34
      7.37922E-01    1.70290E-01    5.35412E-02    3.88477E-03    2.81866E-04    2.04513E-05    1.48388E-06    1.07665E-07    7.81182E-09    5.66800E-10    4.11251E-11    2.98390E-12    2.16502E-13    1.57087E-14    1.13977E-15    8.26977E-17    6.00027E-18    4.35360E-19    3.15883E-20    2.29194E-21    1.66295E-22    1.20658E-23    8.75458E-25    6.35203E-26    4.60882E-27    3.34401E-28    2.42630E-29    1.76047E-30    1.27855E-31    9.83503E-33
      7.37221E-01    3.70670E-02    1.60624E-01    5.34903E-02    3.88108E-03    2.81598E-04    2.04318E-05    1.48247E-06    1.07563E-07    7.80439E-09    5.66261E-10    4.10860E-11    2.98106E-12    2.16296E-13    1.56937E-14    1.13868E-15    8.26191E-17    5.99457E-18    4.34946E-19    3.15582E-20    2.28976E-21    1.66137E-22    1.20544E-23    8.74626E-25    6.34599E-26    4.60444E-27    3.34083E-28    2.42403E-29    1.76047E-30    1.35421E-31
      7.37210E-01    8.06837E-03    3.49629E-02    1.60471E-01    5.34895E-02    3.88102E-03    2.81594E-04    2.04315E-05    1.48244E-06    1.07561E-07    7.80428E-09    5.66252E-10    4.10854E-11    2.98102E-12    2.16293E-13    1.56935E-14    1.13867E-15    8.26179E-17    5.99448E-18    4.34940E-19    3.15578E-20    2.28973E-21    1.66135E-22    1.20542E-23    8.74612E-25    6.34590E-26    4.60437E-27    3.34083E-28    2.42630E-29    1.86639E-30
      7.37210E-01    1.75624E-03    7.61038E-03    3.49297E-02    1.60469E-01    5.34895E-02    3.88102E-03    2.81594E-04    2.04315E-05    1.48244E-06    1.07561E-07    7.80428E-09    5.66252E-10    4.10854E-11    2.98102E-12    2.16293E-13    1.56935E-14    1.13867E-15    8.26179E-17    5.99448E-18    4.34939E-19    3.15578E-20    2.28973E-21    1.66135E-22    1.20542E-23    8.74612E-25    6.34590E-26    4.60444E-27    3.34401E-28    2.57231E-29
      7.37210E-01    3.82281E-04    1.65655E-03    7.60315E-03    3.49292E-02    1.60468E-01    5.34895E-02    3.88102E-03    2.81594E-04    2.04315E-05    1.48244E-06    1.07561E-07    7.80428E-09    5.66252E-10    4.10854E-11    2.98102E-12    2.16293E-13    1.56935E-14    1.13867E-15    8.26179E-17    5.99448E-18    4.34939E-19    3.15578E-20    2.28973E-21    1.66135E-22    1.20542E-23    8.74612E-25    6.34599E-26    4.60882E-27    3.54525E-28
      7.37210E-01    8.32112E-05    3.60582E-04    1.65498E-03    7.60304E-03    3.49292E-02    1.60468E-01    5.34895E-02    3.88102E-03    2.81594E-04    2.04315E-05    1.48244E-06    1.07561E-07    7.80428E-09    5.66252E-10    4.10854E-11    2.98102E-12    2.16293E-13    1.56935E-14    1.13867E-15    8.26179E-17    5.99448E-18    4.34939E-19    3.15578E-20    2.28973E-21    1.66135E-22    1.20542E-23    8.74626E-25    6.35203E-26    4.88618E-27
      7.37210E-01    1.81126E-05    7.84878E-05    3.60239E-04    1.65495E-03    7.60303E-03    3.49292E-02    1.60468E-01    5.34895E-02    3.88102E-03    2.81594E-04    2.04315E-05    1.48244E-06    1.07561E-07    7.80428E-09    5.66252E-10    4.10854E-11    2.98102E-12    2.16293E-13    1.56935E-14    1.13867E-15    8.26179E-17    5.99448E-18    4.34939E-19    3.15578E-20    2.28973E-21    1.66135E-22    1.20544E-23    8.75458E-25    6.73429E-26
      7.37210E-01    3.94257E-06    1.70844E-05    7.84132E-05    3.60234E-04    1.65495E-03    7.60303E-03    3.49292E-02    1.60468E-01    5.34895E-02    3.88102E-03    2.81594E-04    2.04315E-05    1.48244E-06    1.07561E-07    7.80428E-09    5.66252E-10    4.10854E-11    2.98102E-12    2.16293E-13    1.56935E-14    1.13867E-15    8.26179E-17    5.99448E-18    4.34939E-19    3.15578E-20    2.28973E-21    1.66137E-22    1.20658E-23    9.28142E-25
      7.37210E-01    8.58178E-07    3.71877E-06    1.70682E-05    7.84121E-05    3.60234E-04    1.65495E-03    7.60303E-03    3.49292E-02    1.60468E-01    5.34895E-02    3.88102E-03    2.81594E-04    2.04315E-05    1.48244E-06    1.07561E-07    7.80428E-09    5.66252E-10    4.10854E-11    2.98102E-12    2.16293E-13    1.56935E-14    1.13867E-15    8.26179E-17    5.99448E-18    4.34939E-19    3.15578E-20    2.28976E-21    1.66295E-22    1.27920E-23
      7.37210E-01    1.86800E-07    8.09465E-07    3.71524E-06    1.70680E-05    7.84120E-05    3.60234E-04    1.65495E-03    7.60303E-03    3.49292E-02    1.60468E-01    5.34895E-02    3.88102E-03    2.81594E-04    2.04315E-05    1.48244E-06    1.07561E-07    7.80428E-09    5.66252E-10    4.10854E-11    2.98102E-12    2.16293E-13    1.56935E-14    1.13867E-15    8.26179E-17    5.99448E-18    4.34940E-19    3.15582E-20    2.29194E-21    1.76303E-22
      7.37210E-01    4.06607E-08    1.76196E-07    8.08696E-07    3.71518E-06    1.70680E-05    7.84120E-05    3.60234E-04    1.65495E-03    7.60303E-03    3.49292E-02    1.60468E-01    5.34895E-02    3.88102E-03    2.81594E-04    2.04315E-05    1.48244E-06    1.07561E-07    7.80428E-09    5.66252E-10    4.10854E-11    2.98102E-12    2.16293E-13    1.56935E-14    1.13867E-15    8.26179E-17    5.99448E-18    4.34946E-19    3.15883E-20    2.42987E-21
      7.37210E-01    8.85061E-09    3.83527E-08    1.76029E-07    8.08684E-07    3.71518E-06    1.70680E-05    7.84120E-05    3.60234E-04    1.65495E-03    7.60303E-03    3.49292E-02    1.60468E-01    5.34895E-02    3.88102E-03    2.81594E-04    2.04315E-05    1.48244E-06    1.07561E-07    7.80428E-09    5.66252E-10    4.10854E-11    2.98102E-12    2.16293E-13    1.56935E-14    1.13867E-15    8.26179E-17    5.99457E-18    4.35360E-19    3.34892E-20
      7.37210E-01    1.92651E-09    8.34822E-09    3.83162E-08    1.76026E-07    8.08684E-07    3.71518E-06    1.70680E-05    7.84120E-05    3.60234E-04    1.65495E-03    7.60303E-03    3.49292E-02    1.60468E-01    5.34895E-02    3.88102E-03    2.81594E-04    2.04315E-05    1.48244E-06    1.07561E-07    7.80428E-09    5.66252E-10    4.10854E-11    2.98102E-12    2.16293E-13    1.56935E-14    1.13867E-15    8.26191E-17    6.00027E-18    4.61559E-19
      7.37210E-01    4.19344E-10    1.81716E-09    8.34029E-09    3.83156E-08    1.76026E-07    8.08684E-07    3.71518E-06    1.70680E-05    7.84120E-05    3.60234E-04    1.65495E-03    7.60303E-03    3.49292E-02    1.60468E-01    5.34895E-02    3.88102E-03    2.81594E-04    2.04315E-05    1.48244E-06    1.07561E-07    7.80428E-09    5.66252E-10    4.10854E-11    2.98102E-12    2.16293E-13    1.56935E-14    1.13868E-15    8.26977E-17    6.36137E-18
      7.37210E-01    9.12786E-11    3.95541E-10    1.81543E-09    8.34016E-09    3.83156E-08    1.76026E-07    8.08684E-07    3.71518E-06    1.70680E-05    7.84120E-05    3.60234E-04    1.65495E-03    7.60303E-03    3.49292E-02    1.60468E-01    5.34895E-02    3.88102E-03    2.81594E-04    2.04315E-05    1.48244E-06    1.07561E-07    7.80428E-09    5.66252E-10    4.10854E-11    2.98102E-12    2.16293E-13    1.56937E-14    1.13977E-15    8.76744E-17
      7.37210E-01    1.98686E-11    8.60974E-11    3.95165E-10    1.81540E-09    8.34016E-09    3.83156E-08    1.76026E-07    8.08684E-07    3.71518E-06    1.70680E-05    7.84120E-05    3.60234E-04    1.65495E-03    7.60303E-03    3.49292E-02    1.60468E-01    5.34895E-02    3.88102E-03    2.81594E-04    2.04315E-05    1.48244E-06    1.07561E-07    7.80428E-09    5.66252E-10    4.10854E-11    2.98102E-12    2.16296E-13    1.57087E-14    1.20836E-15
      7.37210E-01    4.32480E-12    1.87408E-11    8.60155E-11    3.95159E-10    1.81540E-09    8.34016E-09    3.83156E-08    1.76026E-07    8.08684E-07    3.71518E-06    1.70680E-05    7.84120E-05    3.60234E-04    1.65495E-03    7.60303E-03    3.49292E-02    1.60468E-01    5.34895E-02    3.88102E-03    2.81594E-04    2.04315E-05    1.48244E-06    1.07561E-07    7.80428E-09    5.66252E-10    4.10854E-11    2.98106E-12    2.16502E-13    1.66540E-14
      7.37210E-01    9.41380E-13    4.07931E-12    1.87230E-11    8.60142E-11    3.95159E-10    1.81540E-09    8.34016E-09    3.83156E-08    1.76026E-07    8.08684E-07    3.71518E-06    1.70680E-05    7.84120E-05    3.60234E-04    1.65495E-03    7.60303E-03    3.49292E-02    1.60468E-01    5.34895E-02    3.88102E-03    2.81594E-04    2.04315E-05    1.48244E-06    1.07561E-07    7.80428E-09    5.66252E-10    4.10860E-11    2.98390E-12    2.29531E-13
      7.37210E-01    2.04910E-13    8.87944E-13    4.07544E-12    1.87227E-11    8.60142E-11    3.95159E-10    1.81540E-09    8.34016E-09    3.83156E-08    1.76026E-07    8.08684E-07    3.71518E-06    1.70680E-05    7.84120E-05    3.60234E-04    1.65495E-03    7.60303E-03    3.49292E-02    1.60468E-01    5.34895E-02    3.88102E-03    2.81594E-04    2.04315E-05    1.48244E-06    1.07561E-07    7.80428E-09    5.66261E-10    4.11251E-11    3.16347E-12
      7.37210E-01    4.46028E-14    1.93279E-13    8.87100E-13    4.07538E-12    1.87227E-11    8.60142E-11    3.95159E-10    1.81540E-09    8.34016E-09    3.83156E-08    1.76026E-07    8.08684E-07    3.71518E-06    1.70680E-05    7.84120E-05    3.60234E-04    1.65495E-03    7.60303E-03    3.49292E-02    1.60468E-01    5.34895E-02    3.88102E-03    2.81594E-04    2.04315E-05    1.48244E-06    1.07561E-07    7.80439E-09    5.66800E-10    4.36000E-11
      7.37210E-01    9.70869E-15    4.20710E-14    1.93095E-13    8.87087E-13    4.07537E-12    1.87227E-11    8.60142E-11    3.95159E-10    1.81540E-09    8.34016E-09    3.83156E-08    1.76026E-07    8.08684E-07    3.71518E-06    1.70680E-05    7.84120E-05    3.60234E-04    1.65495E-03    7.60303E-03    3.49292E-02    1.60468E-01    5.34895E-02    3.88102E-03    2.81594E-04    2.04315E-05    1.48244E-06    1.07563E-07    7.81182E-09    6.00909E-10
      7.37210E-01    2.11329E-15    9.15760E-15    4.20310E-14    1.93092E-13    8.87087E-13    4.07537E-12    1.87227E-11    8.60142E-11    3.95159E-10    1.81540E-09    8.34016E-09    3.83156E-08    1.76026E-07    8.08684E-07    3.71518E-06    1.70680E-05    7.84120E-05    3.60234E-04    1.65495E-03    7.60303E-03    3.49292E-02    1.60468E-01    5.34895E-02    3.88102E-03    2.81594E-04    2.04315E-05    1.48247E-06    1.07665E-07    8.28193E-09
      7.37210E-01    4.60000E-16    1.99333E-15    9.14889E-15    4.20304E-14    1.93092E-13    8.87087E-13    4.07537E-12    1.87227E-11    8.60142E-11    3.95159E-10    1.81540E-09    8.34016E-09    3.83156E-08    1.76026E-07    8.08684E-07    3.71518E-06    1.70680E-05    7.84120E-05    3.60234E-04    1.65495E-03    7.60303E-03    3.49292E-02    1.60468E-01    5.34895E-02    3.88102E-03    2.81594E-04    2.04318E-05    1.48388E-06    1.14144E-07
      7.37210E-01    1.00128E-16    4.33889E-16    1.99144E-15    9.14876E-15    4.20304E-14    1.93092E-13    8.87087E-13    4.07537E-12    1.87227E-11    8.60142E-11    3.95159E-10    1.81540E-09    8.34016E-09    3.83156E-08    1.76026E-07    8.08684E-07    3.71518E-06    1.70680E-05    7.84120E-05    3.60234E-04    1.65495E-03    7.60303E-03    3.49292E-02    1.60468E-01    5.34895E-02    3.88102E-03    2.81598E-04    2.04513E-05    1.57317E-06
      7.37210E-01    2.17949E-17    9.44446E-17    4.33477E-16    1.99141E-15    9.14875E-15    4.20304E-14    1.93092E-13    8.87087E-13    4.07537E-12    1.87227E-11    8.60142E-11    3.95159E-10    1.81540E-09    8.34016E-09    3.83156E-08    1.76026E-07    8.08684E-07    3.71518E-06    1.70680E-05    7.84120E-05    3.60234E-04    1.65495E-03    7.60303E-03    3.49292E-02    1.60468E-01    5.34895E-02    3.88108E-03    2.81866E-04    2.16820E-05
      7.37210E-01    4.74410E-18    2.05578E-17    9.43549E-17    4.33470E-16    1.99141E-15    9.14876E-15    4.20304E-14    1.93092E-13    8.87087E-13    4.07538E-12    1.87227E-11    8.60142E-11    3.95159E-10    1.81540E-09    8.34016E-09    3.83156E-08    1.76026E-07    8.08684E-07    3.71518E-06    1.70680E-05    7.84121E-05    3.60234E-04    1.65495E-03    7.60304E-03    3.49292E-02    1.60469E-01    5.34903E-02    3.88477E-03    2.98829E-04
      7.37221E-01    1.03266E-18    4.47488E-18    2.05385E-17    9.43549E-17    4.33477E-16    1.99144E-15    9.14889E-15    4.20310E-14    1.93095E-13    8.87100E-13    4.07544E-12    1.87230E-11    8.60155E-11    3.95165E-10    1.81543E-09    8.34029E-09    3.83162E-08    1.76029E-07    8.08696E-07    3.71524E-06    1.70682E-05    7.84132E-05    3.60239E-04    1.65498E-03    7.60315E-03    3.49297E-02    1.60471E-01    5.35412E-02    4.11855E-03
      7.37922E-01    2.24994E-19    9.74973E-19    4.47488E-18    2.05578E-17    9.44446E-17    4.33889E-16    1.99333E-15    9.15760E-15    4.20710E-14    1.93279E-13    8.87944E-13    4.07931E-12    1.87408E-11    8.60974E-11    3.95541E-10    1.81716E-09    8.34822E-09    3.83527E-08    1.76196E-07    8.09465E-07    3.71877E-06    1.70844E-05    7.84878E-05    3.60582E-04    1.65655E-03    7.61038E-03    3.49629E-02    1.60624E-01    5.67633E-02
      7.82330E-01    5.19217E-20    2.24994E-19    1.03266E-18    4.74410E-18    2.17949E-17    1.00128E-16    4.60000E-16    2.11329E-15    9.70869E-15    4.46028E-14    2.04910E-13    9.41380E-13    4.32480E-12    1.98686E-11    9.12786E-11    4.19344E-10    1.92651E-09    8.85061E-09    4.06607E-08    1.86800E-07    8.58178E-07    3.94257E-06    1.81126E-05    8.32112E-05    3.82281E-04    1.75624E-03    8.06837E-03    3.70670E-02    1.70290E-01

  Final mixing ratios reaction amounts (by rows):

      7.82330E-01
      7.37922E-01
      7.37221E-01
      7.37210E-01
      7.37210E-01
      7.37210E-01
      7.37210E-01
      7.37210E-01
      7.37210E-01
      7.37210E-01
      7.37210E-01
      7.37210E-01
      7.37210E-01
      7.37210E-01
      7.37210E-01
      7.37210E-01
      7.37210E-01
      7.37210E-01
      7.37210E-01
      7.37210E-01
      7.37210E-01
      7.37210E-01
      7.37210E-01
      7.37210E-01
      7.37210E-01
      7.37210E-01
      7.37210E-01
      7.37221E-01
      7.37922E-01
      7.82330E-01

  Mixing waters indices + no. upstream waters + no. downstream waters:

      2    1    3    4    5    6    7    8    9   10   11   12   13   14   15   16   17   18   19   20   21   22   23   24   25   26   27   28   29   30   31    1   29
      3    1    2    4    5    6    7    8    9   10   11   12   13   14   15   16   17   18   19   20   21   22   23   24   25   26   27   28   29   30   31    2   28
      4    1    2    3    5    6    7    8    9   10   11   12   13   14   15   16   17   18   19   20   21   22   23   24   25   26   27   28   29   30   31    3   27
      5    1    2    3    4    6    7    8    9   10   11   12   13   14   15   16   17   18   19   20   21   22   23   24   25   26   27   28   29   30   31    4   26
      6    1    2    3    4    5    7    8    9   10   11   12   13   14   15   16   17   18   19   20   21   22   23   24   25   26   27   28   29   30   31    5   25
      7    1    2    3    4    5    6    8    9   10   11   12   13   14   15   16   17   18   19   20   21   22   23   24   25   26   27   28   29   30   31    6   24
      8    1    2    3    4    5    6    7    9   10   11   12   13   14   15   16   17   18   19   20   21   22   23   24   25   26   27   28   29   30   31    7   23
      9    1    2    3    4    5    6    7    8   10   11   12   13   14   15   16   17   18   19   20   21   22   23   24   25   26   27   28   29   30   31    8   22
     10    1    2    3    4    5    6    7    8    9   11   12   13   14   15   16   17   18   19   20   21   22   23   24   25   26   27   28   29   30   31    9   21
     11    1    2    3    4    5    6    7    8    9   10   12   13   14   15   16   17   18   19   20   21   22   23   24   25   26   27   28   29   30   31   10   20
     12    1    2    3    4    5    6    7    8    9   10   11   13   14   15   16   17   18   19   20   21   22   23   24   25   26   27   28   29   30   31   11   19
     13    1    2    3    4    5    6    7    8    9   10   11   12   14   15   16   17   18   19   20   21   22   23   24   25   26   27   28   29   30   31   12   18
     14    1    2    3    4    5    6    7    8    9   10   11   12   13   15   16   17   18   19   20   21   22   23   24   25   26   27   28   29   30   31   13   17
     15    1    2    3    4    5    6    7    8    9   10   11   12   13   14   16   17   18   19   20   21   22   23   24   25   26   27   28   29   30   31   14   16
     16    1    2    3    4    5    6    7    8    9   10   11   12   13   14   15   17   18   19   20   21   22   23   24   25   26   27   28   29   30   31   15   15
     17    1    2    3    4    5    6    7    8    9   10   11   12   13   14   15   16   18   19   20   21   22   23   24   25   26   27   28   29   30   31   16   14
     18    1    2    3    4    5    6    7    8    9   10   11   12   13   14   15   16   17   19   20   21   22   23   24   25   26   27   28   29   30   31   17   13
     19    1    2    3    4    5    6    7    8    9   10   11   12   13   14   15   16   17   18   20   21   22   23   24   25   26   27   28   29   30   31   18   12
     20    1    2    3    4    5    6    7    8    9   10   11   12   13   14   15   16   17   18   19   21   22   23   24   25   26   27   28   29   30   31   19   11
     21    1    2    3    4    5    6    7    8    9   10   11   12   13   14   15   16   17   18   19   20   22   23   24   25   26   27   28   29   30   31   20   10
     22    1    2    3    4    5    6    7    8    9   10   11   12   13   14   15   16   17   18   19   20   21   23   24   25   26   27   28   29   30   31   21    9
     23    1    2    3    4    5    6    7    8    9   10   11   12   13   14   15   16   17   18   19   20   21   22   24   25   26   27   28   29   30   31   22    8
     24    1    2    3    4    5    6    7    8    9   10   11   12   13   14   15   16   17   18   19   20   21   22   23   25   26   27   28   29   30   31   23    7
     25    1    2    3    4    5    6    7    8    9   10   11   12   13   14   15   16   17   18   19   20   21   22   23   24   26   27   28   29   30   31   24    6
     26    1    2    3    4    5    6    7    8    9   10   11   12   13   14   15   16   17   18   19   20   21   22   23   24   25   27   28   29   30   31   25    5
     27    1    2    3    4    5    6    7    8    9   10   11   12   13   14   15   16   17   18   19   20   21   22   23   24   25   26   28   29   30   31   26    4
     28    1    2    3    4    5    6    7    8    9   10   11   12   13   14   15   16   17   18   19   20   21   22   23   24   25   26   27   29   30   31   27    3
     29    1    2    3    4    5    6    7    8    9   10   11   12   13   14   15   16   17   18   19   20   21   22   23   24   25   26   27   28   30   31   28    2
     30    1    2    3    4    5    6    7    8    9   10   11   12   13   14   15   16   17   18   19   20   21   22   23   24   25   26   27   28   29   31   29    1
     31    1    2    3    4    5    6    7    8    9   10   11   12   13   14   15   16   17   18   19   20   21   22   23   24   25   26   27   28   29   30   30    0

  Reaction mixing waters indices + no. upstream waters + no. downstream waters:

      2    3    4    5    6    7    8    9   10   11   12   13   14   15   16   17   18   19   20   21   22   23   24   25   26   27   28   29   30   31    0   29
      3    2    4    5    6    7    8    9   10   11   12   13   14   15   16   17   18   19   20   21   22   23   24   25   26   27   28   29   30   31    1   28
      4    2    3    5    6    7    8    9   10   11   12   13   14   15   16   17   18   19   20   21   22   23   24   25   26   27   28   29   30   31    2   27
      5    2    3    4    6    7    8    9   10   11   12   13   14   15   16   17   18   19   20   21   22   23   24   25   26   27   28   29   30   31    3   26
      6    2    3    4    5    7    8    9   10   11   12   13   14   15   16   17   18   19   20   21   22   23   24   25   26   27   28   29   30   31    4   25
      7    2    3    4    5    6    8    9   10   11   12   13   14   15   16   17   18   19   20   21   22   23   24   25   26   27   28   29   30   31    5   24
      8    2    3    4    5    6    7    9   10   11   12   13   14   15   16   17   18   19   20   21   22   23   24   25   26   27   28   29   30   31    6   23
      9    2    3    4    5    6    7    8   10   11   12   13   14   15   16   17   18   19   20   21   22   23   24   25   26   27   28   29   30   31    7   22
     10    2    3    4    5    6    7    8    9   11   12   13   14   15   16   17   18   19   20   21   22   23   24   25   26   27   28   29   30   31    8   21
     11    2    3    4    5    6    7    8    9   10   12   13   14   15   16   17   18   19   20   21   22   23   24   25   26   27   28   29   30   31    9   20
     12    2    3    4    5    6    7    8    9   10   11   13   14   15   16   17   18   19   20   21   22   23   24   25   26   27   28   29   30   31   10   19
     13    2    3    4    5    6    7    8    9   10   11   12   14   15   16   17   18   19   20   21   22   23   24   25   26   27   28   29   30   31   11   18
     14    2    3    4    5    6    7    8    9   10   11   12   13   15   16   17   18   19   20   21   22   23   24   25   26   27   28   29   30   31   12   17
     15    2    3    4    5    6    7    8    9   10   11   12   13   14   16   17   18   19   20   21   22   23   24   25   26   27   28   29   30   31   13   16
     16    2    3    4    5    6    7    8    9   10   11   12   13   14   15   17   18   19   20   21   22   23   24   25   26   27   28   29   30   31   14   15
     17    2    3    4    5    6    7    8    9   10   11   12   13   14   15   16   18   19   20   21   22   23   24   25   26   27   28   29   30   31   15   14
     18    2    3    4    5    6    7    8    9   10   11   12   13   14   15   16   17   19   20   21   22   23   24   25   26   27   28   29   30   31   16   13
     19    2    3    4    5    6    7    8    9   10   11   12   13   14   15   16   17   18   20   21   22   23   24   25   26   27   28   29   30   31   17   12
     20    2    3    4    5    6    7    8    9   10   11   12   13   14   15   16   17   18   19   21   22   23   24   25   26   27   28   29   30   31   18   11
     21    2    3    4    5    6    7    8    9   10   11   12   13   14   15   16   17   18   19   20   22   23   24   25   26   27   28   29   30   31   19   10
     22    2    3    4    5    6    7    8    9   10   11   12   13   14   15   16   17   18   19   20   21   23   24   25   26   27   28   29   30   31   20    9
     23    2    3    4    5    6    7    8    9   10   11   12   13   14   15   16   17   18   19   20   21   22   24   25   26   27   28   29   30   31   21    8
     24    2    3    4    5    6    7    8    9   10   11   12   13   14   15   16   17   18   19   20   21   22   23   25   26   27   28   29   30   31   22    7
     25    2    3    4    5    6    7    8    9   10   11   12   13   14   15   16   17   18   19   20   21   22   23   24   26   27   28   29   30   31   23    6
     26    2    3    4    5    6    7    8    9   10   11   12   13   14   15   16   17   18   19   20   21   22   23   24   25   27   28   29   30   31   24    5
     27    2    3    4    5    6    7    8    9   10   11   12   13   14   15   16   17   18   19   20   21   22   23   24   25   26   28   29   30   31   25    4
     28    2    3    4    5    6    7    8    9   10   11   12   13   14   15   16   17   18   19   20   21   22   23   24   25   26   27   29   30   31   26    3
     29    2    3    4    5    6    7    8    9   10   11   12   13   14   15   16   17   18   19   20   21   22   23   24   25   26   27   28   30   31   27    2
     30    2    3    4    5    6    7    8    9   10   11   12   13   14   15   16   17   18   19   20   21   22   23   24   25   26   27   28   29   31   28    1
     31    2    3    4    5    6    7    8    9   10   11   12   13   14   15   16   17   18   19   20   21   22   23   24   25   26   27   28   29   30   29    0

  Chemical input option:                        1

  WMA option:          Consistent

  Consistent WMA option:                        2

  rk downstream waters option:                        2

  Parameter mu:    0.00000E+00

  rk average option:                        2

  Number of lumpings:                        0

  Aqueous species:

          h2o(p)         
          h+             
          cl-            
          n2(aq)(p)      
          ch2o(aq)       
          hco3-          
          o2(aq)         
          no3-           
          co3-2          
  Minerals (name + molar volume):

  Gases:

          co2(g)         
          o2(g)          
          n2(g)          
  Surface complexes:

  Equilibrium reactions:

          co2(g)                        

          o2(g)                         

          n2(g)                         

          co3-2                         

  Kinetic reactions:

          aerobic oxidation of DOC      

              4

              4

              0.00000E+00

 
          denitrification               

              4

              6

              0.00000E+00

  1.000000000000000E-006
  Global stoichiometric matrix:

                 -1.00000        0.00000        0.00000        0.00000       -1.00000        0.00000        0.00000        0.00000        1.00000        1.00000        0.00000        0.00000
                  0.00000        0.00000        0.00000        0.00000        0.00000       -1.00000        0.00000        0.00000        0.00000        0.00000        1.00000        0.00000
                 -2.00000        0.00000        0.00000        0.00000        0.00000        0.00000       -2.00000        0.00000        1.00000        0.00000        2.50000        1.00000
                  1.00000        0.00000        0.00000        0.00000       -1.00000        0.00000        0.00000        1.00000        0.00000        0.00000        0.00000        0.00000
                  1.00000        0.00000        0.00000       -1.00000        1.00000       -1.00000        0.00000        0.00000        0.00000        0.00000        0.00000        0.00000
                  0.20000        0.00000        0.40000       -1.00000        1.00000        0.00000       -0.80000        0.00000        0.40000        0.00000        0.00000        0.00000
  Equilibrium constants:

              6.51028E+07
              7.90679E+02
              4.93060E+02
              4.69029E-11

  Global component matrix:

                  1.00000        0.00000        0.00000        0.00000       -1.00000        0.00000       -1.00000       -2.00000
                  0.00000        1.00000        0.00000        0.00000        0.00000        0.00000        0.00000        0.00000
                  0.00000        0.00000        1.00000        0.00000        0.00000        0.00000        0.00000        0.00000
                  0.00000        0.00000        0.00000        1.00000        0.00000        0.00000        0.00000        0.00000

  Concentration of recharge waters (in molalities): (rows -> aqueous species in the same order as before, columns -> targets)











  Activities of recharge waters:











  Concentration of boundary waters (in molalities): (rows -> aqueous species in the same order as before, columns -> targets)

              5.55556E+01
              1.00000E-08
              1.00000E-03
              5.00000E-04
              2.00000E-03
              5.37611E-04
              2.52947E-04
              1.00000E-03
              2.52155E-06

  Activities of boundary waters:

              1.00000E+00
              1.00000E-08
              1.00000E-03
              5.00000E-04
              2.00000E-03
              5.37611E-04
              2.52947E-04
              1.00000E-03
              2.52155E-06

  Initial concentration of aqueous species in the domain:

              5.55556E+01    5.55556E+01    5.55556E+01    5.55556E+01    5.55556E+01    5.55556E+01    5.55556E+01    5.55556E+01    5.55556E+01    5.55556E+01    5.55556E+01    5.55556E+01    5.55556E+01    5.55556E+01    5.55556E+01    5.55556E+01    5.55556E+01    5.55556E+01    5.55556E+01    5.55556E+01    5.55556E+01    5.55556E+01    5.55556E+01    5.55556E+01    5.55556E+01    5.55556E+01    5.55556E+01    5.55556E+01    5.55556E+01    5.55556E+01
              1.00000E-07    1.00000E-07    1.00000E-07    1.00000E-07    1.00000E-07    1.00000E-07    1.00000E-07    1.00000E-07    1.00000E-07    1.00000E-07    1.00000E-07    1.00000E-07    1.00000E-07    1.00000E-07    1.00000E-07    1.00000E-07    1.00000E-07    1.00000E-07    1.00000E-07    1.00000E-07    1.00000E-07    1.00000E-07    1.00000E-07    1.00000E-07    1.00000E-07    1.00000E-07    1.00000E-07    1.00000E-07    1.00000E-07    1.00000E-07
              1.00000E-16    1.00000E-16    1.00000E-16    1.00000E-16    1.00000E-16    1.00000E-16    1.00000E-16    1.00000E-16    1.00000E-16    1.00000E-16    1.00000E-16    1.00000E-16    1.00000E-16    1.00000E-16    1.00000E-16    1.00000E-16    1.00000E-16    1.00000E-16    1.00000E-16    1.00000E-16    1.00000E-16    1.00000E-16    1.00000E-16    1.00000E-16    1.00000E-16    1.00000E-16    1.00000E-16    1.00000E-16    1.00000E-16    1.00000E-16
              5.00000E-04    5.00000E-04    5.00000E-04    5.00000E-04    5.00000E-04    5.00000E-04    5.00000E-04    5.00000E-04    5.00000E-04    5.00000E-04    5.00000E-04    5.00000E-04    5.00000E-04    5.00000E-04    5.00000E-04    5.00000E-04    5.00000E-04    5.00000E-04    5.00000E-04    5.00000E-04    5.00000E-04    5.00000E-04    5.00000E-04    5.00000E-04    5.00000E-04    5.00000E-04    5.00000E-04    5.00000E-04    5.00000E-04    5.00000E-04
              1.00000E-05    1.00000E-05    1.00000E-05    1.00000E-05    1.00000E-05    1.00000E-05    1.00000E-05    1.00000E-05    1.00000E-05    1.00000E-05    1.00000E-05    1.00000E-05    1.00000E-05    1.00000E-05    1.00000E-05    1.00000E-05    1.00000E-05    1.00000E-05    1.00000E-05    1.00000E-05    1.00000E-05    1.00000E-05    1.00000E-05    1.00000E-05    1.00000E-05    1.00000E-05    1.00000E-05    1.00000E-05    1.00000E-05    1.00000E-05
              1.00000E-03    1.00000E-03    1.00000E-03    1.00000E-03    1.00000E-03    1.00000E-03    1.00000E-03    1.00000E-03    1.00000E-03    1.00000E-03    1.00000E-03    1.00000E-03    1.00000E-03    1.00000E-03    1.00000E-03    1.00000E-03    1.00000E-03    1.00000E-03    1.00000E-03    1.00000E-03    1.00000E-03    1.00000E-03    1.00000E-03    1.00000E-03    1.00000E-03    1.00000E-03    1.00000E-03    1.00000E-03    1.00000E-03    1.00000E-03
              1.00000E-06    1.00000E-06    1.00000E-06    1.00000E-06    1.00000E-06    1.00000E-06    1.00000E-06    1.00000E-06    1.00000E-06    1.00000E-06    1.00000E-06    1.00000E-06    1.00000E-06    1.00000E-06    1.00000E-06    1.00000E-06    1.00000E-06    1.00000E-06    1.00000E-06    1.00000E-06    1.00000E-06    1.00000E-06    1.00000E-06    1.00000E-06    1.00000E-06    1.00000E-06    1.00000E-06    1.00000E-06    1.00000E-06    1.00000E-06
              1.00000E-05    1.00000E-05    1.00000E-05    1.00000E-05    1.00000E-05    1.00000E-05    1.00000E-05    1.00000E-05    1.00000E-05    1.00000E-05    1.00000E-05    1.00000E-05    1.00000E-05    1.00000E-05    1.00000E-05    1.00000E-05    1.00000E-05    1.00000E-05    1.00000E-05    1.00000E-05    1.00000E-05    1.00000E-05    1.00000E-05    1.00000E-05    1.00000E-05    1.00000E-05    1.00000E-05    1.00000E-05    1.00000E-05    1.00000E-05
              4.69029E-07    4.69029E-07    4.69029E-07    4.69029E-07    4.69029E-07    4.69029E-07    4.69029E-07    4.69029E-07    4.69029E-07    4.69029E-07    4.69029E-07    4.69029E-07    4.69029E-07    4.69029E-07    4.69029E-07    4.69029E-07    4.69029E-07    4.69029E-07    4.69029E-07    4.69029E-07    4.69029E-07    4.69029E-07    4.69029E-07    4.69029E-07    4.69029E-07    4.69029E-07    4.69029E-07    4.69029E-07    4.69029E-07    4.69029E-07

  Initial activities aqueous species domain:

              1.00000E+00    1.00000E+00    1.00000E+00    1.00000E+00    1.00000E+00    1.00000E+00    1.00000E+00    1.00000E+00    1.00000E+00    1.00000E+00    1.00000E+00    1.00000E+00    1.00000E+00    1.00000E+00    1.00000E+00    1.00000E+00    1.00000E+00    1.00000E+00    1.00000E+00    1.00000E+00    1.00000E+00    1.00000E+00    1.00000E+00    1.00000E+00    1.00000E+00    1.00000E+00    1.00000E+00    1.00000E+00    1.00000E+00    1.00000E+00
              1.00000E-07    1.00000E-07    1.00000E-07    1.00000E-07    1.00000E-07    1.00000E-07    1.00000E-07    1.00000E-07    1.00000E-07    1.00000E-07    1.00000E-07    1.00000E-07    1.00000E-07    1.00000E-07    1.00000E-07    1.00000E-07    1.00000E-07    1.00000E-07    1.00000E-07    1.00000E-07    1.00000E-07    1.00000E-07    1.00000E-07    1.00000E-07    1.00000E-07    1.00000E-07    1.00000E-07    1.00000E-07    1.00000E-07    1.00000E-07
              1.00000E-16    1.00000E-16    1.00000E-16    1.00000E-16    1.00000E-16    1.00000E-16    1.00000E-16    1.00000E-16    1.00000E-16    1.00000E-16    1.00000E-16    1.00000E-16    1.00000E-16    1.00000E-16    1.00000E-16    1.00000E-16    1.00000E-16    1.00000E-16    1.00000E-16    1.00000E-16    1.00000E-16    1.00000E-16    1.00000E-16    1.00000E-16    1.00000E-16    1.00000E-16    1.00000E-16    1.00000E-16    1.00000E-16    1.00000E-16
              5.00000E-04    5.00000E-04    5.00000E-04    5.00000E-04    5.00000E-04    5.00000E-04    5.00000E-04    5.00000E-04    5.00000E-04    5.00000E-04    5.00000E-04    5.00000E-04    5.00000E-04    5.00000E-04    5.00000E-04    5.00000E-04    5.00000E-04    5.00000E-04    5.00000E-04    5.00000E-04    5.00000E-04    5.00000E-04    5.00000E-04    5.00000E-04    5.00000E-04    5.00000E-04    5.00000E-04    5.00000E-04    5.00000E-04    5.00000E-04
              1.00000E-05    1.00000E-05    1.00000E-05    1.00000E-05    1.00000E-05    1.00000E-05    1.00000E-05    1.00000E-05    1.00000E-05    1.00000E-05    1.00000E-05    1.00000E-05    1.00000E-05    1.00000E-05    1.00000E-05    1.00000E-05    1.00000E-05    1.00000E-05    1.00000E-05    1.00000E-05    1.00000E-05    1.00000E-05    1.00000E-05    1.00000E-05    1.00000E-05    1.00000E-05    1.00000E-05    1.00000E-05    1.00000E-05    1.00000E-05
              1.00000E-03    1.00000E-03    1.00000E-03    1.00000E-03    1.00000E-03    1.00000E-03    1.00000E-03    1.00000E-03    1.00000E-03    1.00000E-03    1.00000E-03    1.00000E-03    1.00000E-03    1.00000E-03    1.00000E-03    1.00000E-03    1.00000E-03    1.00000E-03    1.00000E-03    1.00000E-03    1.00000E-03    1.00000E-03    1.00000E-03    1.00000E-03    1.00000E-03    1.00000E-03    1.00000E-03    1.00000E-03    1.00000E-03    1.00000E-03
              1.00000E-06    1.00000E-06    1.00000E-06    1.00000E-06    1.00000E-06    1.00000E-06    1.00000E-06    1.00000E-06    1.00000E-06    1.00000E-06    1.00000E-06    1.00000E-06    1.00000E-06    1.00000E-06    1.00000E-06    1.00000E-06    1.00000E-06    1.00000E-06    1.00000E-06    1.00000E-06    1.00000E-06    1.00000E-06    1.00000E-06    1.00000E-06    1.00000E-06    1.00000E-06    1.00000E-06    1.00000E-06    1.00000E-06    1.00000E-06
              1.00000E-05    1.00000E-05    1.00000E-05    1.00000E-05    1.00000E-05    1.00000E-05    1.00000E-05    1.00000E-05    1.00000E-05    1.00000E-05    1.00000E-05    1.00000E-05    1.00000E-05    1.00000E-05    1.00000E-05    1.00000E-05    1.00000E-05    1.00000E-05    1.00000E-05    1.00000E-05    1.00000E-05    1.00000E-05    1.00000E-05    1.00000E-05    1.00000E-05    1.00000E-05    1.00000E-05    1.00000E-05    1.00000E-05    1.00000E-05
              0.00000E+00    0.00000E+00    0.00000E+00    0.00000E+00    0.00000E+00    0.00000E+00    0.00000E+00    0.00000E+00    0.00000E+00    0.00000E+00    0.00000E+00    0.00000E+00    0.00000E+00    0.00000E+00    0.00000E+00    0.00000E+00    0.00000E+00    0.00000E+00    0.00000E+00    0.00000E+00    0.00000E+00    0.00000E+00    0.00000E+00    0.00000E+00    0.00000E+00    0.00000E+00    0.00000E+00    0.00000E+00    0.00000E+00    0.00000E+00

  Final concentration of aqueous species in the domain:

              5.55556E+01    5.55556E+01    5.55556E+01    5.55556E+01    5.55556E+01    5.55556E+01    5.55556E+01    5.55556E+01    5.55556E+01    5.55556E+01    5.55556E+01    5.55556E+01    5.55556E+01    5.55556E+01    5.55556E+01    5.55556E+01    5.55556E+01    5.55556E+01    5.55556E+01    5.55556E+01    5.55556E+01    5.55556E+01    5.55556E+01    5.55556E+01    5.55556E+01    5.55556E+01    5.55556E+01    5.55556E+01    5.55556E+01    5.55556E+01
              2.33923E-06    5.54867E-06    8.74614E-06    1.19191E-05    1.50543E-05    1.81333E-05    2.11321E-05    2.40193E-05    2.67565E-05    2.92977E-05    3.15911E-05    3.33984E-05    3.49679E-05    3.61095E-05    3.67742E-05    3.69243E-05    3.65379E-05    3.56123E-05    3.41669E-05    3.22439E-05    2.99081E-05    2.72439E-05    2.43510E-05    2.13379E-05    1.83152E-05    1.53875E-05    1.26485E-05    1.01826E-05    8.08973E-06    6.64634E-06
              9.99690E-04    9.99275E-04    9.98503E-04    9.97157E-04    9.94929E-04    9.91407E-04    9.86069E-04    9.78285E-04    9.67344E-04    9.52488E-04    9.32975E-04    9.03761E-04    8.71987E-04    8.34066E-04    7.90095E-04    7.40511E-04    6.86091E-04    6.27912E-04    5.67278E-04    5.05633E-04    4.44447E-04    3.85121E-04    3.28891E-04    2.76761E-04    2.29461E-04    1.87444E-04    1.50918E-04    1.19976E-04    9.50008E-05    7.80825E-05
              5.00103E-04    5.00172E-04    5.00242E-04    5.00312E-04    5.00383E-04    5.00453E-04    5.00522E-04    5.00590E-04    5.00656E-04    5.00719E-04    5.00777E-04    5.00826E-04    5.00870E-04    5.00906E-04    5.00931E-04    5.00945E-04    5.00947E-04    5.00936E-04    5.00912E-04    5.00876E-04    5.00829E-04    5.00772E-04    5.00708E-04    5.00638E-04    5.00565E-04    5.00493E-04    5.00422E-04    5.00356E-04    5.00299E-04    5.00258E-04
              1.99434E-03    1.99016E-03    1.98529E-03    1.97930E-03    1.97159E-03    1.96137E-03    1.94762E-03    1.92912E-03    1.90450E-03    1.87231E-03    1.83111E-03    1.77113E-03    1.70631E-03    1.62972E-03    1.54159E-03    1.44285E-03    1.33505E-03    1.22035E-03    1.10131E-03    9.80761E-04    8.61563E-04    7.46410E-04    6.37655E-04    5.37180E-04    4.46323E-04    3.65873E-04    2.96146E-04    2.37234E-04    1.89798E-04    1.57692E-04
              5.45309E-04    5.48860E-04    5.52554E-04    5.56486E-04    5.60784E-04    5.65617E-04    5.71201E-04    5.77791E-04    5.85674E-04    5.95148E-04    6.06499E-04    6.21788E-04    6.38005E-04    6.56593E-04    6.77456E-04    7.00353E-04    7.24905E-04    7.50615E-04    7.76904E-04    8.03155E-04    8.28759E-04    8.53164E-04    8.75905E-04    8.96638E-04    9.15142E-04    9.31319E-04    9.45174E-04    9.56753E-04    9.65985E-04    9.72210E-04
              2.48081E-04    2.44797E-04    2.41440E-04    2.37965E-04    2.34308E-04    2.30384E-04    2.26086E-04    2.21288E-04    2.15851E-04    2.09630E-04    2.02491E-04    1.93410E-04    1.83925E-04    1.73329E-04    1.61692E-04    1.49163E-04    1.35956E-04    1.22343E-04    1.08630E-04    9.51359E-05    8.21638E-05    6.99798E-05    5.87942E-05    4.87501E-05    3.99213E-05    3.23170E-05    2.58970E-05    2.06014E-05    1.64278E-05    1.36260E-05
              9.99487E-04    9.98937E-04    9.98034E-04    9.96561E-04    9.94215E-04    9.90588E-04    9.85163E-04    9.77322E-04    9.66358E-04    9.51525E-04    9.32090E-04    9.03072E-04    8.71527E-04    8.33914E-04    7.90332E-04    7.41216E-04    6.87337E-04    6.29761E-04    5.69781E-04    5.08823E-04    4.48344E-04    3.89725E-04    3.34186E-04    2.82717E-04    2.36036E-04    1.94585E-04    1.58565E-04    1.28063E-04    1.03454E-04    8.67851E-05
              1.09338E-08    4.63952E-09    2.96318E-09    2.18982E-09    1.74717E-09    1.46300E-09    1.26779E-09    1.12826E-09    1.02666E-09    9.52776E-10    9.00461E-10    8.73206E-10    8.55764E-10    8.52853E-10    8.64047E-10    8.89619E-10    9.30545E-10    9.88591E-10    1.06650E-09    1.16829E-09    1.29969E-09    1.46880E-09    1.68710E-09    1.97090E-09    2.34356E-09    2.83878E-09    3.50487E-09    4.40696E-09    5.60062E-09    6.86085E-09

  Final activities aqueous species domain:

              9.99905E-01    9.99905E-01    9.99905E-01    9.99905E-01    9.99905E-01    9.99905E-01    9.99906E-01    9.99906E-01    9.99907E-01    9.99908E-01    9.99909E-01    9.99911E-01    9.99913E-01    9.99916E-01    9.99919E-01    9.99922E-01    9.99926E-01    9.99930E-01    9.99934E-01    9.99938E-01    9.99942E-01    9.99946E-01    9.99950E-01    9.99954E-01    9.99957E-01    9.99960E-01    9.99962E-01    9.99964E-01    9.99966E-01    9.99967E-01
              2.33923E-06    5.54867E-06    8.74614E-06    1.19191E-05    1.50543E-05    1.81333E-05    2.11321E-05    2.40193E-05    2.67565E-05    2.92977E-05    3.15911E-05    3.33984E-05    3.49679E-05    3.61095E-05    3.67742E-05    3.69243E-05    3.65379E-05    3.56123E-05    3.41669E-05    3.22439E-05    2.99081E-05    2.72439E-05    2.43510E-05    2.13379E-05    1.83152E-05    1.53875E-05    1.26485E-05    1.01826E-05    8.08973E-06    6.64634E-06
              9.99690E-04    9.99275E-04    9.98503E-04    9.97157E-04    9.94929E-04    9.91407E-04    9.86069E-04    9.78285E-04    9.67344E-04    9.52488E-04    9.32975E-04    9.03761E-04    8.71987E-04    8.34066E-04    7.90095E-04    7.40511E-04    6.86091E-04    6.27912E-04    5.67278E-04    5.05633E-04    4.44447E-04    3.85121E-04    3.28891E-04    2.76761E-04    2.29461E-04    1.87444E-04    1.50918E-04    1.19976E-04    9.50008E-05    7.80825E-05
              5.00103E-04    5.00172E-04    5.00242E-04    5.00312E-04    5.00383E-04    5.00453E-04    5.00522E-04    5.00590E-04    5.00656E-04    5.00719E-04    5.00777E-04    5.00826E-04    5.00870E-04    5.00906E-04    5.00931E-04    5.00945E-04    5.00947E-04    5.00936E-04    5.00912E-04    5.00876E-04    5.00829E-04    5.00772E-04    5.00708E-04    5.00638E-04    5.00565E-04    5.00493E-04    5.00422E-04    5.00356E-04    5.00299E-04    5.00258E-04
              1.99434E-03    1.99016E-03    1.98529E-03    1.97930E-03    1.97159E-03    1.96137E-03    1.94762E-03    1.92912E-03    1.90450E-03    1.87231E-03    1.83111E-03    1.77113E-03    1.70631E-03    1.62972E-03    1.54159E-03    1.44285E-03    1.33505E-03    1.22035E-03    1.10131E-03    9.80761E-04    8.61563E-04    7.46410E-04    6.37655E-04    5.37180E-04    4.46323E-04    3.65873E-04    2.96146E-04    2.37234E-04    1.89798E-04    1.57692E-04
              5.45309E-04    5.48860E-04    5.52554E-04    5.56486E-04    5.60784E-04    5.65617E-04    5.71201E-04    5.77791E-04    5.85674E-04    5.95148E-04    6.06499E-04    6.21788E-04    6.38005E-04    6.56593E-04    6.77456E-04    7.00353E-04    7.24905E-04    7.50615E-04    7.76904E-04    8.03155E-04    8.28759E-04    8.53164E-04    8.75905E-04    8.96638E-04    9.15142E-04    9.31319E-04    9.45174E-04    9.56753E-04    9.65985E-04    9.72210E-04
              2.48081E-04    2.44797E-04    2.41440E-04    2.37965E-04    2.34308E-04    2.30384E-04    2.26086E-04    2.21288E-04    2.15851E-04    2.09630E-04    2.02491E-04    1.93410E-04    1.83925E-04    1.73329E-04    1.61692E-04    1.49163E-04    1.35956E-04    1.22343E-04    1.08630E-04    9.51359E-05    8.21638E-05    6.99798E-05    5.87942E-05    4.87501E-05    3.99213E-05    3.23170E-05    2.58970E-05    2.06014E-05    1.64278E-05    1.36260E-05
              9.99487E-04    9.98937E-04    9.98034E-04    9.96561E-04    9.94215E-04    9.90588E-04    9.85163E-04    9.77322E-04    9.66358E-04    9.51525E-04    9.32090E-04    9.03072E-04    8.71527E-04    8.33914E-04    7.90332E-04    7.41216E-04    6.87337E-04    6.29761E-04    5.69781E-04    5.08823E-04    4.48344E-04    3.89725E-04    3.34186E-04    2.82717E-04    2.36036E-04    1.94585E-04    1.58565E-04    1.28063E-04    1.03454E-04    8.67851E-05
              1.09338E-08    4.63952E-09    2.96318E-09    2.18982E-09    1.74717E-09    1.46300E-09    1.26779E-09    1.12826E-09    1.02666E-09    9.52776E-10    9.00461E-10    8.73206E-10    8.55764E-10    8.52853E-10    8.64047E-10    8.89619E-10    9.30545E-10    9.88591E-10    1.06650E-09    1.16829E-09    1.29969E-09    1.46880E-09    1.68710E-09    1.97090E-09    2.34356E-09    2.83878E-09    3.50487E-09    4.40696E-09    5.60062E-09    6.86085E-09

  Initial salinity domain:

              0.00000E+00    0.00000E+00    0.00000E+00    0.00000E+00    0.00000E+00    0.00000E+00    0.00000E+00    0.00000E+00    0.00000E+00    0.00000E+00    0.00000E+00    0.00000E+00    0.00000E+00    0.00000E+00    0.00000E+00    0.00000E+00    0.00000E+00    0.00000E+00    0.00000E+00    0.00000E+00    0.00000E+00    0.00000E+00    0.00000E+00    0.00000E+00    0.00000E+00    0.00000E+00    0.00000E+00    0.00000E+00    0.00000E+00    0.00000E+00

  Final salinity domain:

              1.36519E-04    1.36494E-04    1.36441E-04    1.36346E-04    1.36184E-04    1.35924E-04    1.35529E-04    1.34949E-04    1.34132E-04    1.33020E-04    1.31558E-04    1.29366E-04    1.26982E-04    1.24135E-04    1.20832E-04    1.17106E-04    1.13016E-04    1.08643E-04    1.04084E-04    9.94475E-05    9.48450E-05    9.03815E-05    8.61500E-05    8.22263E-05    7.86654E-05    7.55015E-05    7.27504E-05    7.04195E-05    6.85377E-05    6.72627E-05

  Initial pH domain:

              0.00000E+00    0.00000E+00    0.00000E+00    0.00000E+00    0.00000E+00    0.00000E+00    0.00000E+00    0.00000E+00    0.00000E+00    0.00000E+00    0.00000E+00    0.00000E+00    0.00000E+00    0.00000E+00    0.00000E+00    0.00000E+00    0.00000E+00    0.00000E+00    0.00000E+00    0.00000E+00    0.00000E+00    0.00000E+00    0.00000E+00    0.00000E+00    0.00000E+00    0.00000E+00    0.00000E+00    0.00000E+00    0.00000E+00    0.00000E+00

  Final pH domain:

              0.00000E+00    0.00000E+00    0.00000E+00    0.00000E+00    0.00000E+00    0.00000E+00    0.00000E+00    0.00000E+00    0.00000E+00    0.00000E+00    0.00000E+00    0.00000E+00    0.00000E+00    0.00000E+00    0.00000E+00    0.00000E+00    0.00000E+00    0.00000E+00    0.00000E+00    0.00000E+00    0.00000E+00    0.00000E+00    0.00000E+00    0.00000E+00    0.00000E+00    0.00000E+00    0.00000E+00    0.00000E+00    0.00000E+00    0.00000E+00

  Aqueous mean equilibrium reaction amounts:

             -3.92436E-07   -8.66943E-08   -1.91909E-08   -4.32037E-09   -1.02111E-09   -2.74050E-10    0.00000E+00    0.00000E+00    0.00000E+00    0.00000E+00    0.00000E+00    0.00000E+00    0.00000E+00    0.00000E+00    0.00000E+00    0.00000E+00    0.00000E+00    0.00000E+00    0.00000E+00    0.00000E+00    0.00000E+00    0.00000E+00    0.00000E+00    0.00000E+00    0.00000E+00    0.00000E+00   -1.13731E-10   -1.56434E-10   -1.97860E-10   -2.05478E-10

  Initial aqueous kinetic reaction rates:

              9.00090E-07    9.00090E-07    9.00090E-07    9.00090E-07    9.00090E-07    9.00090E-07    9.00090E-07    9.00090E-07    9.00090E-07    9.00090E-07    9.00090E-07    9.00090E-07    9.00090E-07    9.00090E-07    9.00090E-07    9.00090E-07    9.00090E-07    9.00090E-07    9.00090E-07    9.00090E-07    9.00090E-07    9.00090E-07    9.00090E-07    9.00090E-07    9.00090E-07    9.00090E-07    9.00090E-07    9.00090E-07    9.00090E-07    9.00090E-07
              6.00017E-07    6.00017E-07    6.00017E-07    6.00017E-07    6.00017E-07    6.00017E-07    6.00017E-07    6.00017E-07    6.00017E-07    6.00017E-07    6.00017E-07    6.00017E-07    6.00017E-07    6.00017E-07    6.00017E-07    6.00017E-07    6.00017E-07    6.00017E-07    6.00017E-07    6.00017E-07    6.00017E-07    6.00017E-07    6.00017E-07    6.00017E-07    6.00017E-07    6.00017E-07    6.00017E-07    6.00017E-07    6.00017E-07    6.00017E-07

  Aqueous kinetic reaction rates:

              6.40229E-04    6.39448E-04    6.38575E-04    6.37558E-04    6.36322E-04    6.34766E-04    6.32756E-04    6.30126E-04    6.26674E-04    6.22168E-04    6.16343E-04    6.07715E-04    5.97981E-04    5.85926E-04    5.71218E-04    5.53532E-04    5.32572E-04    5.08090E-04    4.79926E-04    4.48048E-04    4.12600E-04    3.73959E-04    3.32771E-04    2.89976E-04    2.46776E-04    2.04567E-04    1.64833E-04    1.29087E-04    9.91600E-05    7.85587E-05
              3.41714E-05    3.45818E-05    3.49981E-05    3.54178E-05    3.58378E-05    3.62532E-05    3.66582E-05    3.70452E-05    3.74047E-05    3.77256E-05    3.79946E-05    3.81359E-05    3.82306E-05    3.82116E-05    3.80523E-05    3.77225E-05    3.71887E-05    3.64157E-05    3.53696E-05    3.40213E-05    3.23515E-05    3.03568E-05    2.80547E-05    2.54876E-05    2.27239E-05    1.98550E-05    1.69893E-05    1.42505E-05    1.18046E-05    1.00335E-05

  Aqueous mean kinetic reaction amounts:

              6.40227E-07    6.39442E-07    6.38564E-07    6.37537E-07    6.36285E-07    6.34704E-07    6.32657E-07    6.29974E-07    6.26451E-07    6.21850E-07    6.15901E-07    6.07089E-07    5.97156E-07    5.84863E-07    5.69875E-07    5.51867E-07    5.30542E-07    5.05661E-07    4.77070E-07    4.44752E-07    4.08876E-07    3.69845E-07    3.28343E-07    2.85343E-07    2.42083E-07    1.99980E-07    1.60516E-07    1.25184E-07    9.57491E-08    3.92793E-08
              3.41713E-08    3.45815E-08    3.49975E-08    3.54167E-08    3.58358E-08    3.62500E-08    3.66532E-08    3.70376E-08    3.73936E-08    3.77098E-08    3.79726E-08    3.81045E-08    3.81885E-08    3.81562E-08    3.79805E-08    3.76304E-08    3.70723E-08    3.62709E-08    3.51924E-08    3.38083E-08    3.21009E-08    3.00689E-08    2.77325E-08    2.51374E-08    2.23553E-08    1.94797E-08    1.66205E-08    1.39004E-08    1.14818E-08    5.01676E-09

  Aqueous estimated kinetic reaction amounts:

              0.00000E+00    6.39437E-07    6.38552E-07    6.37516E-07    6.36248E-07    6.34641E-07    6.32558E-07    6.29823E-07    6.26228E-07    6.21531E-07    6.15460E-07    6.07715E-07    5.97981E-07    5.85926E-07    5.71218E-07    5.53532E-07    5.32572E-07    5.08090E-07    4.79926E-07    4.48048E-07    4.12600E-07    3.73959E-07    3.32771E-07    2.89976E-07    2.46776E-07    2.04567E-07    1.64833E-07    1.29087E-07    9.91600E-08    0.00000E+00
              0.00000E+00    3.45812E-08    3.49969E-08    3.54156E-08    3.58339E-08    3.62469E-08    3.66482E-08    3.70300E-08    3.73825E-08    3.76940E-08    3.79506E-08    3.81359E-08    3.82306E-08    3.82116E-08    3.80523E-08    3.77225E-08    3.71887E-08    3.64157E-08    3.53696E-08    3.40213E-08    3.23515E-08    3.03568E-08    2.80547E-08    2.54876E-08    2.27239E-08    1.98550E-08    1.69893E-08    1.42505E-08    1.18046E-08    0.00000E+00

  Mineral zone    1:

          Minerals in equilibrium:

          Kinetic minerals:


          Mineral mean kinetic reaction amounts:


          Mineral estimated kinetic reaction amounts:


          Absolute error kinetic reaction amounts:


  Reactive zone    2:

          Non-flowing species:

          Number of equilibrium reactions:         1

          Se:

                  1.00000        0.00000        0.00000        0.00000       -1.00000        0.00000        0.00000        1.00000        0.00000
          Sk:

                  1.00000        0.00000        0.00000       -1.00000        1.00000       -1.00000        0.00000        0.00000        0.00000        0.00000        0.00000        0.00000
                  0.20000        0.00000        0.40000       -1.00000        1.00000        0.00000       -0.80000        0.00000        0.40000        0.00000        0.00000        0.00000
          U*Sk^T:

                  1.00000        0.20000
                  0.00000        0.00000
                  0.00000        0.40000
                 -1.00000       -1.00000
                  1.00000        1.00000
                 -1.00000        0.00000
                  0.00000       -0.80000

          Equilibrium constants:

              4.69029E-11

          Primary species:


          Component matrix:

                  1.00000        0.00000        0.00000        0.00000        0.00000        0.00000        0.00000       -1.00000
                  0.00000        1.00000        0.00000        0.00000        0.00000        0.00000        0.00000        0.00000
                  0.00000        0.00000        1.00000        0.00000        0.00000        0.00000        0.00000        0.00000
                  0.00000        0.00000        0.00000        1.00000        0.00000        0.00000        0.00000        0.00000
                  0.00000        0.00000        0.00000        0.00000        1.00000        0.00000        0.00000        1.00000
                  0.00000        0.00000        0.00000        0.00000        0.00000        1.00000        0.00000        0.00000
                  0.00000        0.00000        0.00000        0.00000        0.00000        0.00000        1.00000        0.00000

          Initial concentration of components:

             -3.69029E-07   -3.69029E-07   -3.69029E-07   -3.69029E-07   -3.69029E-07   -3.69029E-07   -3.69029E-07   -3.69029E-07   -3.69029E-07   -3.69029E-07   -3.69029E-07   -3.69029E-07   -3.69029E-07   -3.69029E-07   -3.69029E-07   -3.69029E-07   -3.69029E-07   -3.69029E-07   -3.69029E-07   -3.69029E-07   -3.69029E-07   -3.69029E-07   -3.69029E-07   -3.69029E-07   -3.69029E-07   -3.69029E-07   -3.69029E-07   -3.69029E-07   -3.69029E-07   -3.69029E-07
              1.00000E-16    1.00000E-16    1.00000E-16    1.00000E-16    1.00000E-16    1.00000E-16    1.00000E-16    1.00000E-16    1.00000E-16    1.00000E-16    1.00000E-16    1.00000E-16    1.00000E-16    1.00000E-16    1.00000E-16    1.00000E-16    1.00000E-16    1.00000E-16    1.00000E-16    1.00000E-16    1.00000E-16    1.00000E-16    1.00000E-16    1.00000E-16    1.00000E-16    1.00000E-16    1.00000E-16    1.00000E-16    1.00000E-16    1.00000E-16
              5.00000E-04    5.00000E-04    5.00000E-04    5.00000E-04    5.00000E-04    5.00000E-04    5.00000E-04    5.00000E-04    5.00000E-04    5.00000E-04    5.00000E-04    5.00000E-04    5.00000E-04    5.00000E-04    5.00000E-04    5.00000E-04    5.00000E-04    5.00000E-04    5.00000E-04    5.00000E-04    5.00000E-04    5.00000E-04    5.00000E-04    5.00000E-04    5.00000E-04    5.00000E-04    5.00000E-04    5.00000E-04    5.00000E-04    5.00000E-04
              1.00000E-05    1.00000E-05    1.00000E-05    1.00000E-05    1.00000E-05    1.00000E-05    1.00000E-05    1.00000E-05    1.00000E-05    1.00000E-05    1.00000E-05    1.00000E-05    1.00000E-05    1.00000E-05    1.00000E-05    1.00000E-05    1.00000E-05    1.00000E-05    1.00000E-05    1.00000E-05    1.00000E-05    1.00000E-05    1.00000E-05    1.00000E-05    1.00000E-05    1.00000E-05    1.00000E-05    1.00000E-05    1.00000E-05    1.00000E-05
              1.00047E-03    1.00047E-03    1.00047E-03    1.00047E-03    1.00047E-03    1.00047E-03    1.00047E-03    1.00047E-03    1.00047E-03    1.00047E-03    1.00047E-03    1.00047E-03    1.00047E-03    1.00047E-03    1.00047E-03    1.00047E-03    1.00047E-03    1.00047E-03    1.00047E-03    1.00047E-03    1.00047E-03    1.00047E-03    1.00047E-03    1.00047E-03    1.00047E-03    1.00047E-03    1.00047E-03    1.00047E-03    1.00047E-03    1.00047E-03
              1.00000E-06    1.00000E-06    1.00000E-06    1.00000E-06    1.00000E-06    1.00000E-06    1.00000E-06    1.00000E-06    1.00000E-06    1.00000E-06    1.00000E-06    1.00000E-06    1.00000E-06    1.00000E-06    1.00000E-06    1.00000E-06    1.00000E-06    1.00000E-06    1.00000E-06    1.00000E-06    1.00000E-06    1.00000E-06    1.00000E-06    1.00000E-06    1.00000E-06    1.00000E-06    1.00000E-06    1.00000E-06    1.00000E-06    1.00000E-06
              1.00000E-05    1.00000E-05    1.00000E-05    1.00000E-05    1.00000E-05    1.00000E-05    1.00000E-05    1.00000E-05    1.00000E-05    1.00000E-05    1.00000E-05    1.00000E-05    1.00000E-05    1.00000E-05    1.00000E-05    1.00000E-05    1.00000E-05    1.00000E-05    1.00000E-05    1.00000E-05    1.00000E-05    1.00000E-05    1.00000E-05    1.00000E-05    1.00000E-05    1.00000E-05    1.00000E-05    1.00000E-05    1.00000E-05    1.00000E-05

          Final concentration of components:

              2.32829E-06    5.54403E-06    8.74318E-06    1.19170E-05    1.50525E-05    1.81319E-05    2.11308E-05    2.40182E-05    2.67554E-05    2.92968E-05    3.15902E-05    3.33975E-05    3.49671E-05    3.61087E-05    3.67734E-05    3.69234E-05    3.65370E-05    3.56113E-05    3.41658E-05    3.22427E-05    2.99068E-05    2.72424E-05    2.43493E-05    2.13360E-05    1.83128E-05    1.53846E-05    1.26450E-05    1.01782E-05    8.08413E-06    6.63948E-06
              9.99690E-04    9.99275E-04    9.98503E-04    9.97157E-04    9.94929E-04    9.91407E-04    9.86069E-04    9.78285E-04    9.67344E-04    9.52488E-04    9.32975E-04    9.03761E-04    8.71987E-04    8.34066E-04    7.90095E-04    7.40511E-04    6.86091E-04    6.27912E-04    5.67278E-04    5.05633E-04    4.44447E-04    3.85121E-04    3.28891E-04    2.76761E-04    2.29461E-04    1.87444E-04    1.50918E-04    1.19976E-04    9.50008E-05    7.80825E-05
              5.00103E-04    5.00172E-04    5.00242E-04    5.00312E-04    5.00383E-04    5.00453E-04    5.00522E-04    5.00590E-04    5.00656E-04    5.00719E-04    5.00777E-04    5.00826E-04    5.00870E-04    5.00906E-04    5.00931E-04    5.00945E-04    5.00947E-04    5.00936E-04    5.00912E-04    5.00876E-04    5.00829E-04    5.00772E-04    5.00708E-04    5.00638E-04    5.00565E-04    5.00493E-04    5.00422E-04    5.00356E-04    5.00299E-04    5.00258E-04
              1.99434E-03    1.99016E-03    1.98529E-03    1.97930E-03    1.97159E-03    1.96137E-03    1.94762E-03    1.92912E-03    1.90450E-03    1.87231E-03    1.83111E-03    1.77113E-03    1.70631E-03    1.62972E-03    1.54159E-03    1.44285E-03    1.33505E-03    1.22035E-03    1.10131E-03    9.80761E-04    8.61563E-04    7.46410E-04    6.37655E-04    5.37180E-04    4.46323E-04    3.65873E-04    2.96146E-04    2.37234E-04    1.89798E-04    1.57692E-04
              5.45320E-04    5.48865E-04    5.52557E-04    5.56488E-04    5.60785E-04    5.65619E-04    5.71203E-04    5.77793E-04    5.85675E-04    5.95148E-04    6.06499E-04    6.21789E-04    6.38006E-04    6.56594E-04    6.77456E-04    7.00354E-04    7.24906E-04    7.50616E-04    7.76905E-04    8.03156E-04    8.28761E-04    8.53165E-04    8.75907E-04    8.96640E-04    9.15144E-04    9.31322E-04    9.45177E-04    9.56757E-04    9.65991E-04    9.72217E-04
              2.48081E-04    2.44797E-04    2.41440E-04    2.37965E-04    2.34308E-04    2.30384E-04    2.26086E-04    2.21288E-04    2.15851E-04    2.09630E-04    2.02491E-04    1.93410E-04    1.83925E-04    1.73329E-04    1.61692E-04    1.49163E-04    1.35956E-04    1.22343E-04    1.08630E-04    9.51359E-05    8.21638E-05    6.99798E-05    5.87942E-05    4.87501E-05    3.99213E-05    3.23170E-05    2.58970E-05    2.06014E-05    1.64278E-05    1.36260E-05
              9.99487E-04    9.98937E-04    9.98034E-04    9.96561E-04    9.94215E-04    9.90588E-04    9.85163E-04    9.77322E-04    9.66358E-04    9.51525E-04    9.32090E-04    9.03072E-04    8.71527E-04    8.33914E-04    7.90332E-04    7.41216E-04    6.87337E-04    6.29761E-04    5.69781E-04    5.08823E-04    4.48344E-04    3.89725E-04    3.34186E-04    2.82717E-04    2.36036E-04    1.94585E-04    1.58565E-04    1.28063E-04    1.03454E-04    8.67851E-05

          Final concentration of aqueous species:

              5.55556E+01    5.55556E+01    5.55556E+01    5.55556E+01    5.55556E+01    5.55556E+01    5.55556E+01    5.55556E+01    5.55556E+01    5.55556E+01    5.55556E+01    5.55556E+01    5.55556E+01    5.55556E+01    5.55556E+01    5.55556E+01    5.55556E+01    5.55556E+01    5.55556E+01    5.55556E+01    5.55556E+01    5.55556E+01    5.55556E+01    5.55556E+01    5.55556E+01    5.55556E+01    5.55556E+01    5.55556E+01    5.55556E+01    5.55556E+01
              2.33923E-06    5.54867E-06    8.74614E-06    1.19191E-05    1.50543E-05    1.81333E-05    2.11321E-05    2.40193E-05    2.67565E-05    2.92977E-05    3.15911E-05    3.33984E-05    3.49679E-05    3.61095E-05    3.67742E-05    3.69243E-05    3.65379E-05    3.56123E-05    3.41669E-05    3.22439E-05    2.99081E-05    2.72439E-05    2.43510E-05    2.13379E-05    1.83152E-05    1.53875E-05    1.26485E-05    1.01826E-05    8.08973E-06    6.64634E-06
              9.99690E-04    9.99275E-04    9.98503E-04    9.97157E-04    9.94929E-04    9.91407E-04    9.86069E-04    9.78285E-04    9.67344E-04    9.52488E-04    9.32975E-04    9.03761E-04    8.71987E-04    8.34066E-04    7.90095E-04    7.40511E-04    6.86091E-04    6.27912E-04    5.67278E-04    5.05633E-04    4.44447E-04    3.85121E-04    3.28891E-04    2.76761E-04    2.29461E-04    1.87444E-04    1.50918E-04    1.19976E-04    9.50008E-05    7.80825E-05
              5.00103E-04    5.00172E-04    5.00242E-04    5.00312E-04    5.00383E-04    5.00453E-04    5.00522E-04    5.00590E-04    5.00656E-04    5.00719E-04    5.00777E-04    5.00826E-04    5.00870E-04    5.00906E-04    5.00931E-04    5.00945E-04    5.00947E-04    5.00936E-04    5.00912E-04    5.00876E-04    5.00829E-04    5.00772E-04    5.00708E-04    5.00638E-04    5.00565E-04    5.00493E-04    5.00422E-04    5.00356E-04    5.00299E-04    5.00258E-04
              1.99434E-03    1.99016E-03    1.98529E-03    1.97930E-03    1.97159E-03    1.96137E-03    1.94762E-03    1.92912E-03    1.90450E-03    1.87231E-03    1.83111E-03    1.77113E-03    1.70631E-03    1.62972E-03    1.54159E-03    1.44285E-03    1.33505E-03    1.22035E-03    1.10131E-03    9.80761E-04    8.61563E-04    7.46410E-04    6.37655E-04    5.37180E-04    4.46323E-04    3.65873E-04    2.96146E-04    2.37234E-04    1.89798E-04    1.57692E-04
              5.45309E-04    5.48860E-04    5.52554E-04    5.56486E-04    5.60784E-04    5.65617E-04    5.71201E-04    5.77791E-04    5.85674E-04    5.95148E-04    6.06499E-04    6.21788E-04    6.38005E-04    6.56593E-04    6.77456E-04    7.00353E-04    7.24905E-04    7.50615E-04    7.76904E-04    8.03155E-04    8.28759E-04    8.53164E-04    8.75905E-04    8.96638E-04    9.15142E-04    9.31319E-04    9.45174E-04    9.56753E-04    9.65985E-04    9.72210E-04
              2.48081E-04    2.44797E-04    2.41440E-04    2.37965E-04    2.34308E-04    2.30384E-04    2.26086E-04    2.21288E-04    2.15851E-04    2.09630E-04    2.02491E-04    1.93410E-04    1.83925E-04    1.73329E-04    1.61692E-04    1.49163E-04    1.35956E-04    1.22343E-04    1.08630E-04    9.51359E-05    8.21638E-05    6.99798E-05    5.87942E-05    4.87501E-05    3.99213E-05    3.23170E-05    2.58970E-05    2.06014E-05    1.64278E-05    1.36260E-05
              9.99487E-04    9.98937E-04    9.98034E-04    9.96561E-04    9.94215E-04    9.90588E-04    9.85163E-04    9.77322E-04    9.66358E-04    9.51525E-04    9.32090E-04    9.03072E-04    8.71527E-04    8.33914E-04    7.90332E-04    7.41216E-04    6.87337E-04    6.29761E-04    5.69781E-04    5.08823E-04    4.48344E-04    3.89725E-04    3.34186E-04    2.82717E-04    2.36036E-04    1.94585E-04    1.58565E-04    1.28063E-04    1.03454E-04    8.67851E-05
              1.09338E-08    4.63952E-09    2.96318E-09    2.18982E-09    1.74717E-09    1.46300E-09    1.26779E-09    1.12826E-09    1.02666E-09    9.52776E-10    9.00461E-10    8.73206E-10    8.55764E-10    8.52853E-10    8.64047E-10    8.89619E-10    9.30545E-10    9.88591E-10    1.06650E-09    1.16829E-09    1.29969E-09    1.46880E-09    1.68710E-09    1.97090E-09    2.34356E-09    2.83878E-09    3.50487E-09    4.40696E-09    5.60062E-09    6.86085E-09

          Final activities aqueous species:

              9.99905E-01    9.99905E-01    9.99905E-01    9.99905E-01    9.99905E-01    9.99905E-01    9.99906E-01    9.99906E-01    9.99907E-01    9.99908E-01    9.99909E-01    9.99911E-01    9.99913E-01    9.99916E-01    9.99919E-01    9.99922E-01    9.99926E-01    9.99930E-01    9.99934E-01    9.99938E-01    9.99942E-01    9.99946E-01    9.99950E-01    9.99954E-01    9.99957E-01    9.99960E-01    9.99962E-01    9.99964E-01    9.99966E-01    9.99967E-01
              2.33923E-06    5.54867E-06    8.74614E-06    1.19191E-05    1.50543E-05    1.81333E-05    2.11321E-05    2.40193E-05    2.67565E-05    2.92977E-05    3.15911E-05    3.33984E-05    3.49679E-05    3.61095E-05    3.67742E-05    3.69243E-05    3.65379E-05    3.56123E-05    3.41669E-05    3.22439E-05    2.99081E-05    2.72439E-05    2.43510E-05    2.13379E-05    1.83152E-05    1.53875E-05    1.26485E-05    1.01826E-05    8.08973E-06    6.64634E-06
              9.99690E-04    9.99275E-04    9.98503E-04    9.97157E-04    9.94929E-04    9.91407E-04    9.86069E-04    9.78285E-04    9.67344E-04    9.52488E-04    9.32975E-04    9.03761E-04    8.71987E-04    8.34066E-04    7.90095E-04    7.40511E-04    6.86091E-04    6.27912E-04    5.67278E-04    5.05633E-04    4.44447E-04    3.85121E-04    3.28891E-04    2.76761E-04    2.29461E-04    1.87444E-04    1.50918E-04    1.19976E-04    9.50008E-05    7.80825E-05
              5.00103E-04    5.00172E-04    5.00242E-04    5.00312E-04    5.00383E-04    5.00453E-04    5.00522E-04    5.00590E-04    5.00656E-04    5.00719E-04    5.00777E-04    5.00826E-04    5.00870E-04    5.00906E-04    5.00931E-04    5.00945E-04    5.00947E-04    5.00936E-04    5.00912E-04    5.00876E-04    5.00829E-04    5.00772E-04    5.00708E-04    5.00638E-04    5.00565E-04    5.00493E-04    5.00422E-04    5.00356E-04    5.00299E-04    5.00258E-04
              1.99434E-03    1.99016E-03    1.98529E-03    1.97930E-03    1.97159E-03    1.96137E-03    1.94762E-03    1.92912E-03    1.90450E-03    1.87231E-03    1.83111E-03    1.77113E-03    1.70631E-03    1.62972E-03    1.54159E-03    1.44285E-03    1.33505E-03    1.22035E-03    1.10131E-03    9.80761E-04    8.61563E-04    7.46410E-04    6.37655E-04    5.37180E-04    4.46323E-04    3.65873E-04    2.96146E-04    2.37234E-04    1.89798E-04    1.57692E-04
              5.45309E-04    5.48860E-04    5.52554E-04    5.56486E-04    5.60784E-04    5.65617E-04    5.71201E-04    5.77791E-04    5.85674E-04    5.95148E-04    6.06499E-04    6.21788E-04    6.38005E-04    6.56593E-04    6.77456E-04    7.00353E-04    7.24905E-04    7.50615E-04    7.76904E-04    8.03155E-04    8.28759E-04    8.53164E-04    8.75905E-04    8.96638E-04    9.15142E-04    9.31319E-04    9.45174E-04    9.56753E-04    9.65985E-04    9.72210E-04
              2.48081E-04    2.44797E-04    2.41440E-04    2.37965E-04    2.34308E-04    2.30384E-04    2.26086E-04    2.21288E-04    2.15851E-04    2.09630E-04    2.02491E-04    1.93410E-04    1.83925E-04    1.73329E-04    1.61692E-04    1.49163E-04    1.35956E-04    1.22343E-04    1.08630E-04    9.51359E-05    8.21638E-05    6.99798E-05    5.87942E-05    4.87501E-05    3.99213E-05    3.23170E-05    2.58970E-05    2.06014E-05    1.64278E-05    1.36260E-05
              9.99487E-04    9.98937E-04    9.98034E-04    9.96561E-04    9.94215E-04    9.90588E-04    9.85163E-04    9.77322E-04    9.66358E-04    9.51525E-04    9.32090E-04    9.03072E-04    8.71527E-04    8.33914E-04    7.90332E-04    7.41216E-04    6.87337E-04    6.29761E-04    5.69781E-04    5.08823E-04    4.48344E-04    3.89725E-04    3.34186E-04    2.82717E-04    2.36036E-04    1.94585E-04    1.58565E-04    1.28063E-04    1.03454E-04    8.67851E-05
              1.09338E-08    4.63952E-09    2.96318E-09    2.18982E-09    1.74717E-09    1.46300E-09    1.26779E-09    1.12826E-09    1.02666E-09    9.52776E-10    9.00461E-10    8.73206E-10    8.55764E-10    8.52853E-10    8.64047E-10    8.89619E-10    9.30545E-10    9.88591E-10    1.06650E-09    1.16829E-09    1.29969E-09    1.46880E-09    1.68710E-09    1.97090E-09    2.34356E-09    2.83878E-09    3.50487E-09    4.40696E-09    5.60062E-09    6.86085E-09

          Initial volumetric fractions of minerals:


          Volumetric fractions of minerals:


          Initial concentration of minerals:


          Concentration of minerals:


          Initial concentration of surface complexes:


          Concentration of surface complexes:


          Initial activity of surface complexes:


          Activity of surface complexes:


          Initial concentration of gases:


          Concentration of gases:


          Initial partial pressures of gases:


          Partial pressures of gases:


          Initial volume of gas:


          Volume of gas:


          Aqueous equilibrium reaction amounts:

             -3.92436E-07   -8.66943E-08   -1.91909E-08   -4.32037E-09   -1.02111E-09   -2.74050E-10    0.00000E+00    0.00000E+00    0.00000E+00    0.00000E+00    0.00000E+00    0.00000E+00    0.00000E+00    0.00000E+00    0.00000E+00    0.00000E+00    0.00000E+00    0.00000E+00    0.00000E+00    0.00000E+00    0.00000E+00    0.00000E+00    0.00000E+00    0.00000E+00    0.00000E+00    0.00000E+00   -1.13731E-10   -1.56434E-10   -1.97860E-10   -2.05478E-10

          Mineral mean equilibrium reaction amounts:


          Exchange equilibrium reaction rates:


          Gas equilibrium reaction rates:

