  Number of targets:   30


  Time step:

      1.00000E-03

  Final time:

      1.00000E-03


  Dimension + Mixing ratios concentrations (by rows) (including boundary and sink/source terms):

     31    7.82330E-01    1.56466E-01    5.67633E-02    4.11855E-03    2.98829E-04    2.16820E-05    1.57317E-06    1.14144E-07    8.28193E-09    6.00909E-10    4.36000E-11    3.16347E-12    2.29531E-13    1.66540E-14    1.20836E-15    8.76744E-17    6.36137E-18    4.61559E-19    3.34892E-20    2.42987E-21    1.76303E-22    1.27920E-23    9.28142E-25    6.73429E-26    4.88618E-27    3.54525E-28    2.57231E-29    1.86639E-30    1.35421E-31    9.83503E-33    7.56541E-34
     31    7.37922E-01    3.40580E-02    1.70290E-01    5.35412E-02    3.88477E-03    2.81866E-04    2.04513E-05    1.48388E-06    1.07665E-07    7.81182E-09    5.66800E-10    4.11251E-11    2.98390E-12    2.16502E-13    1.57087E-14    1.13977E-15    8.26977E-17    6.00027E-18    4.35360E-19    3.15883E-20    2.29194E-21    1.66295E-22    1.20658E-23    8.75458E-25    6.35203E-26    4.60882E-27    3.34401E-28    2.42630E-29    1.76047E-30    1.27855E-31    9.83503E-33
     31    7.37221E-01    7.41340E-03    3.70670E-02    1.60624E-01    5.34903E-02    3.88108E-03    2.81598E-04    2.04318E-05    1.48247E-06    1.07563E-07    7.80439E-09    5.66261E-10    4.10860E-11    2.98106E-12    2.16296E-13    1.56937E-14    1.13868E-15    8.26191E-17    5.99457E-18    4.34946E-19    3.15582E-20    2.28976E-21    1.66137E-22    1.20544E-23    8.74626E-25    6.34599E-26    4.60444E-27    3.34083E-28    2.42403E-29    1.76047E-30    1.35421E-31
     31    7.37210E-01    1.61367E-03    8.06837E-03    3.49629E-02    1.60471E-01    5.34895E-02    3.88102E-03    2.81594E-04    2.04315E-05    1.48244E-06    1.07561E-07    7.80428E-09    5.66252E-10    4.10854E-11    2.98102E-12    2.16293E-13    1.56935E-14    1.13867E-15    8.26179E-17    5.99448E-18    4.34940E-19    3.15578E-20    2.28973E-21    1.66135E-22    1.20542E-23    8.74612E-25    6.34590E-26    4.60437E-27    3.34083E-28    2.42630E-29    1.86639E-30
     31    7.37210E-01    3.51248E-04    1.75624E-03    7.61038E-03    3.49297E-02    1.60469E-01    5.34895E-02    3.88102E-03    2.81594E-04    2.04315E-05    1.48244E-06    1.07561E-07    7.80428E-09    5.66252E-10    4.10854E-11    2.98102E-12    2.16293E-13    1.56935E-14    1.13867E-15    8.26179E-17    5.99448E-18    4.34939E-19    3.15578E-20    2.28973E-21    1.66135E-22    1.20542E-23    8.74612E-25    6.34590E-26    4.60444E-27    3.34401E-28    2.57231E-29
     31    7.37210E-01    7.64563E-05    3.82281E-04    1.65655E-03    7.60315E-03    3.49292E-02    1.60468E-01    5.34895E-02    3.88102E-03    2.81594E-04    2.04315E-05    1.48244E-06    1.07561E-07    7.80428E-09    5.66252E-10    4.10854E-11    2.98102E-12    2.16293E-13    1.56935E-14    1.13867E-15    8.26179E-17    5.99448E-18    4.34939E-19    3.15578E-20    2.28973E-21    1.66135E-22    1.20542E-23    8.74612E-25    6.34599E-26    4.60882E-27    3.54525E-28
     31    7.37210E-01    1.66422E-05    8.32112E-05    3.60582E-04    1.65498E-03    7.60304E-03    3.49292E-02    1.60468E-01    5.34895E-02    3.88102E-03    2.81594E-04    2.04315E-05    1.48244E-06    1.07561E-07    7.80428E-09    5.66252E-10    4.10854E-11    2.98102E-12    2.16293E-13    1.56935E-14    1.13867E-15    8.26179E-17    5.99448E-18    4.34939E-19    3.15578E-20    2.28973E-21    1.66135E-22    1.20542E-23    8.74626E-25    6.35203E-26    4.88618E-27
     31    7.37210E-01    3.62252E-06    1.81126E-05    7.84878E-05    3.60239E-04    1.65495E-03    7.60303E-03    3.49292E-02    1.60468E-01    5.34895E-02    3.88102E-03    2.81594E-04    2.04315E-05    1.48244E-06    1.07561E-07    7.80428E-09    5.66252E-10    4.10854E-11    2.98102E-12    2.16293E-13    1.56935E-14    1.13867E-15    8.26179E-17    5.99448E-18    4.34939E-19    3.15578E-20    2.28973E-21    1.66135E-22    1.20544E-23    8.75458E-25    6.73429E-26
     31    7.37210E-01    7.88513E-07    3.94257E-06    1.70844E-05    7.84132E-05    3.60234E-04    1.65495E-03    7.60303E-03    3.49292E-02    1.60468E-01    5.34895E-02    3.88102E-03    2.81594E-04    2.04315E-05    1.48244E-06    1.07561E-07    7.80428E-09    5.66252E-10    4.10854E-11    2.98102E-12    2.16293E-13    1.56935E-14    1.13867E-15    8.26179E-17    5.99448E-18    4.34939E-19    3.15578E-20    2.28973E-21    1.66137E-22    1.20658E-23    9.28142E-25
     31    7.37210E-01    1.71636E-07    8.58178E-07    3.71877E-06    1.70682E-05    7.84121E-05    3.60234E-04    1.65495E-03    7.60303E-03    3.49292E-02    1.60468E-01    5.34895E-02    3.88102E-03    2.81594E-04    2.04315E-05    1.48244E-06    1.07561E-07    7.80428E-09    5.66252E-10    4.10854E-11    2.98102E-12    2.16293E-13    1.56935E-14    1.13867E-15    8.26179E-17    5.99448E-18    4.34939E-19    3.15578E-20    2.28976E-21    1.66295E-22    1.27920E-23
     31    7.37210E-01    3.73599E-08    1.86800E-07    8.09465E-07    3.71524E-06    1.70680E-05    7.84120E-05    3.60234E-04    1.65495E-03    7.60303E-03    3.49292E-02    1.60468E-01    5.34895E-02    3.88102E-03    2.81594E-04    2.04315E-05    1.48244E-06    1.07561E-07    7.80428E-09    5.66252E-10    4.10854E-11    2.98102E-12    2.16293E-13    1.56935E-14    1.13867E-15    8.26179E-17    5.99448E-18    4.34940E-19    3.15582E-20    2.29194E-21    1.76303E-22
     31    7.37210E-01    8.13214E-09    4.06607E-08    1.76196E-07    8.08696E-07    3.71518E-06    1.70680E-05    7.84120E-05    3.60234E-04    1.65495E-03    7.60303E-03    3.49292E-02    1.60468E-01    5.34895E-02    3.88102E-03    2.81594E-04    2.04315E-05    1.48244E-06    1.07561E-07    7.80428E-09    5.66252E-10    4.10854E-11    2.98102E-12    2.16293E-13    1.56935E-14    1.13867E-15    8.26179E-17    5.99448E-18    4.34946E-19    3.15883E-20    2.42987E-21
     31    7.37210E-01    1.77012E-09    8.85061E-09    3.83527E-08    1.76029E-07    8.08684E-07    3.71518E-06    1.70680E-05    7.84120E-05    3.60234E-04    1.65495E-03    7.60303E-03    3.49292E-02    1.60468E-01    5.34895E-02    3.88102E-03    2.81594E-04    2.04315E-05    1.48244E-06    1.07561E-07    7.80428E-09    5.66252E-10    4.10854E-11    2.98102E-12    2.16293E-13    1.56935E-14    1.13867E-15    8.26179E-17    5.99457E-18    4.35360E-19    3.34892E-20
     31    7.37210E-01    3.85303E-10    1.92651E-09    8.34822E-09    3.83162E-08    1.76026E-07    8.08684E-07    3.71518E-06    1.70680E-05    7.84120E-05    3.60234E-04    1.65495E-03    7.60303E-03    3.49292E-02    1.60468E-01    5.34895E-02    3.88102E-03    2.81594E-04    2.04315E-05    1.48244E-06    1.07561E-07    7.80428E-09    5.66252E-10    4.10854E-11    2.98102E-12    2.16293E-13    1.56935E-14    1.13867E-15    8.26191E-17    6.00027E-18    4.61559E-19
     31    7.37210E-01    8.38688E-11    4.19344E-10    1.81716E-09    8.34029E-09    3.83156E-08    1.76026E-07    8.08684E-07    3.71518E-06    1.70680E-05    7.84120E-05    3.60234E-04    1.65495E-03    7.60303E-03    3.49292E-02    1.60468E-01    5.34895E-02    3.88102E-03    2.81594E-04    2.04315E-05    1.48244E-06    1.07561E-07    7.80428E-09    5.66252E-10    4.10854E-11    2.98102E-12    2.16293E-13    1.56935E-14    1.13868E-15    8.26977E-17    6.36137E-18
     31    7.37210E-01    1.82557E-11    9.12786E-11    3.95541E-10    1.81543E-09    8.34016E-09    3.83156E-08    1.76026E-07    8.08684E-07    3.71518E-06    1.70680E-05    7.84120E-05    3.60234E-04    1.65495E-03    7.60303E-03    3.49292E-02    1.60468E-01    5.34895E-02    3.88102E-03    2.81594E-04    2.04315E-05    1.48244E-06    1.07561E-07    7.80428E-09    5.66252E-10    4.10854E-11    2.98102E-12    2.16293E-13    1.56937E-14    1.13977E-15    8.76744E-17
     31    7.37210E-01    3.97372E-12    1.98686E-11    8.60974E-11    3.95165E-10    1.81540E-09    8.34016E-09    3.83156E-08    1.76026E-07    8.08684E-07    3.71518E-06    1.70680E-05    7.84120E-05    3.60234E-04    1.65495E-03    7.60303E-03    3.49292E-02    1.60468E-01    5.34895E-02    3.88102E-03    2.81594E-04    2.04315E-05    1.48244E-06    1.07561E-07    7.80428E-09    5.66252E-10    4.10854E-11    2.98102E-12    2.16296E-13    1.57087E-14    1.20836E-15
     31    7.37210E-01    8.64961E-13    4.32480E-12    1.87408E-11    8.60155E-11    3.95159E-10    1.81540E-09    8.34016E-09    3.83156E-08    1.76026E-07    8.08684E-07    3.71518E-06    1.70680E-05    7.84120E-05    3.60234E-04    1.65495E-03    7.60303E-03    3.49292E-02    1.60468E-01    5.34895E-02    3.88102E-03    2.81594E-04    2.04315E-05    1.48244E-06    1.07561E-07    7.80428E-09    5.66252E-10    4.10854E-11    2.98106E-12    2.16502E-13    1.66540E-14
     31    7.37210E-01    1.88276E-13    9.41380E-13    4.07931E-12    1.87230E-11    8.60142E-11    3.95159E-10    1.81540E-09    8.34016E-09    3.83156E-08    1.76026E-07    8.08684E-07    3.71518E-06    1.70680E-05    7.84120E-05    3.60234E-04    1.65495E-03    7.60303E-03    3.49292E-02    1.60468E-01    5.34895E-02    3.88102E-03    2.81594E-04    2.04315E-05    1.48244E-06    1.07561E-07    7.80428E-09    5.66252E-10    4.10860E-11    2.98390E-12    2.29531E-13
     31    7.37210E-01    4.09820E-14    2.04910E-13    8.87944E-13    4.07544E-12    1.87227E-11    8.60142E-11    3.95159E-10    1.81540E-09    8.34016E-09    3.83156E-08    1.76026E-07    8.08684E-07    3.71518E-06    1.70680E-05    7.84120E-05    3.60234E-04    1.65495E-03    7.60303E-03    3.49292E-02    1.60468E-01    5.34895E-02    3.88102E-03    2.81594E-04    2.04315E-05    1.48244E-06    1.07561E-07    7.80428E-09    5.66261E-10    4.11251E-11    3.16347E-12
     31    7.37210E-01    8.92056E-15    4.46028E-14    1.93279E-13    8.87100E-13    4.07538E-12    1.87227E-11    8.60142E-11    3.95159E-10    1.81540E-09    8.34016E-09    3.83156E-08    1.76026E-07    8.08684E-07    3.71518E-06    1.70680E-05    7.84120E-05    3.60234E-04    1.65495E-03    7.60303E-03    3.49292E-02    1.60468E-01    5.34895E-02    3.88102E-03    2.81594E-04    2.04315E-05    1.48244E-06    1.07561E-07    7.80439E-09    5.66800E-10    4.36000E-11
     31    7.37210E-01    1.94174E-15    9.70869E-15    4.20710E-14    1.93095E-13    8.87087E-13    4.07537E-12    1.87227E-11    8.60142E-11    3.95159E-10    1.81540E-09    8.34016E-09    3.83156E-08    1.76026E-07    8.08684E-07    3.71518E-06    1.70680E-05    7.84120E-05    3.60234E-04    1.65495E-03    7.60303E-03    3.49292E-02    1.60468E-01    5.34895E-02    3.88102E-03    2.81594E-04    2.04315E-05    1.48244E-06    1.07563E-07    7.81182E-09    6.00909E-10
     31    7.37210E-01    4.22658E-16    2.11329E-15    9.15760E-15    4.20310E-14    1.93092E-13    8.87087E-13    4.07537E-12    1.87227E-11    8.60142E-11    3.95159E-10    1.81540E-09    8.34016E-09    3.83156E-08    1.76026E-07    8.08684E-07    3.71518E-06    1.70680E-05    7.84120E-05    3.60234E-04    1.65495E-03    7.60303E-03    3.49292E-02    1.60468E-01    5.34895E-02    3.88102E-03    2.81594E-04    2.04315E-05    1.48247E-06    1.07665E-07    8.28193E-09
     31    7.37210E-01    9.20000E-17    4.60000E-16    1.99333E-15    9.14889E-15    4.20304E-14    1.93092E-13    8.87087E-13    4.07537E-12    1.87227E-11    8.60142E-11    3.95159E-10    1.81540E-09    8.34016E-09    3.83156E-08    1.76026E-07    8.08684E-07    3.71518E-06    1.70680E-05    7.84120E-05    3.60234E-04    1.65495E-03    7.60303E-03    3.49292E-02    1.60468E-01    5.34895E-02    3.88102E-03    2.81594E-04    2.04318E-05    1.48388E-06    1.14144E-07
     31    7.37210E-01    2.00257E-17    1.00128E-16    4.33889E-16    1.99144E-15    9.14876E-15    4.20304E-14    1.93092E-13    8.87087E-13    4.07537E-12    1.87227E-11    8.60142E-11    3.95159E-10    1.81540E-09    8.34016E-09    3.83156E-08    1.76026E-07    8.08684E-07    3.71518E-06    1.70680E-05    7.84120E-05    3.60234E-04    1.65495E-03    7.60303E-03    3.49292E-02    1.60468E-01    5.34895E-02    3.88102E-03    2.81598E-04    2.04513E-05    1.57317E-06
     31    7.37210E-01    4.35898E-18    2.17949E-17    9.44446E-17    4.33477E-16    1.99141E-15    9.14875E-15    4.20304E-14    1.93092E-13    8.87087E-13    4.07537E-12    1.87227E-11    8.60142E-11    3.95159E-10    1.81540E-09    8.34016E-09    3.83156E-08    1.76026E-07    8.08684E-07    3.71518E-06    1.70680E-05    7.84120E-05    3.60234E-04    1.65495E-03    7.60303E-03    3.49292E-02    1.60468E-01    5.34895E-02    3.88108E-03    2.81866E-04    2.16820E-05
     31    7.37210E-01    9.48820E-19    4.74410E-18    2.05578E-17    9.43549E-17    4.33470E-16    1.99141E-15    9.14876E-15    4.20304E-14    1.93092E-13    8.87087E-13    4.07538E-12    1.87227E-11    8.60142E-11    3.95159E-10    1.81540E-09    8.34016E-09    3.83156E-08    1.76026E-07    8.08684E-07    3.71518E-06    1.70680E-05    7.84121E-05    3.60234E-04    1.65495E-03    7.60304E-03    3.49292E-02    1.60469E-01    5.34903E-02    3.88477E-03    2.98829E-04
     31    7.37221E-01    2.06533E-19    1.03266E-18    4.47488E-18    2.05385E-17    9.43549E-17    4.33477E-16    1.99144E-15    9.14889E-15    4.20310E-14    1.93095E-13    8.87100E-13    4.07544E-12    1.87230E-11    8.60155E-11    3.95165E-10    1.81543E-09    8.34029E-09    3.83162E-08    1.76029E-07    8.08696E-07    3.71524E-06    1.70682E-05    7.84132E-05    3.60239E-04    1.65498E-03    7.60315E-03    3.49297E-02    1.60471E-01    5.35412E-02    4.11855E-03
     31    7.37922E-01    4.49988E-20    2.24994E-19    9.74973E-19    4.47488E-18    2.05578E-17    9.44446E-17    4.33889E-16    1.99333E-15    9.15760E-15    4.20710E-14    1.93279E-13    8.87944E-13    4.07931E-12    1.87408E-11    8.60974E-11    3.95541E-10    1.81716E-09    8.34822E-09    3.83527E-08    1.76196E-07    8.09465E-07    3.71877E-06    1.70844E-05    7.84878E-05    3.60582E-04    1.65655E-03    7.61038E-03    3.49629E-02    1.60624E-01    5.67633E-02
     31    7.82330E-01    1.03843E-20    5.19217E-20    2.24994E-19    1.03266E-18    4.74410E-18    2.17949E-17    1.00128E-16    4.60000E-16    2.11329E-15    9.70869E-15    4.46028E-14    2.04910E-13    9.41380E-13    4.32480E-12    1.98686E-11    9.12786E-11    4.19344E-10    1.92651E-09    8.85061E-09    4.06607E-08    1.86800E-07    8.58178E-07    3.94257E-06    1.81126E-05    8.32112E-05    3.82281E-04    1.75624E-03    8.06837E-03    3.70670E-02    1.70290E-01

  Initial mixing ratios reaction amounts (by rows):

      7.82330E-01    5.67633E-02    4.11855E-03    2.98829E-04    2.16820E-05    1.57317E-06    1.14144E-07    8.28193E-09    6.00909E-10    4.36000E-11    3.16347E-12    2.29531E-13    1.66540E-14    1.20836E-15    8.76744E-17    6.36137E-18    4.61559E-19    3.34892E-20    2.42987E-21    1.76303E-22    1.27920E-23    9.28142E-25    6.73429E-26    4.88618E-27    3.54525E-28    2.57231E-29    1.86639E-30    1.35421E-31    9.83503E-33    7.56541E-34
      7.37922E-01    1.70290E-01    5.35412E-02    3.88477E-03    2.81866E-04    2.04513E-05    1.48388E-06    1.07665E-07    7.81182E-09    5.66800E-10    4.11251E-11    2.98390E-12    2.16502E-13    1.57087E-14    1.13977E-15    8.26977E-17    6.00027E-18    4.35360E-19    3.15883E-20    2.29194E-21    1.66295E-22    1.20658E-23    8.75458E-25    6.35203E-26    4.60882E-27    3.34401E-28    2.42630E-29    1.76047E-30    1.27855E-31    9.83503E-33
      7.37221E-01    3.70670E-02    1.60624E-01    5.34903E-02    3.88108E-03    2.81598E-04    2.04318E-05    1.48247E-06    1.07563E-07    7.80439E-09    5.66261E-10    4.10860E-11    2.98106E-12    2.16296E-13    1.56937E-14    1.13868E-15    8.26191E-17    5.99457E-18    4.34946E-19    3.15582E-20    2.28976E-21    1.66137E-22    1.20544E-23    8.74626E-25    6.34599E-26    4.60444E-27    3.34083E-28    2.42403E-29    1.76047E-30    1.35421E-31
      7.37210E-01    8.06837E-03    3.49629E-02    1.60471E-01    5.34895E-02    3.88102E-03    2.81594E-04    2.04315E-05    1.48244E-06    1.07561E-07    7.80428E-09    5.66252E-10    4.10854E-11    2.98102E-12    2.16293E-13    1.56935E-14    1.13867E-15    8.26179E-17    5.99448E-18    4.34940E-19    3.15578E-20    2.28973E-21    1.66135E-22    1.20542E-23    8.74612E-25    6.34590E-26    4.60437E-27    3.34083E-28    2.42630E-29    1.86639E-30
      7.37210E-01    1.75624E-03    7.61038E-03    3.49297E-02    1.60469E-01    5.34895E-02    3.88102E-03    2.81594E-04    2.04315E-05    1.48244E-06    1.07561E-07    7.80428E-09    5.66252E-10    4.10854E-11    2.98102E-12    2.16293E-13    1.56935E-14    1.13867E-15    8.26179E-17    5.99448E-18    4.34939E-19    3.15578E-20    2.28973E-21    1.66135E-22    1.20542E-23    8.74612E-25    6.34590E-26    4.60444E-27    3.34401E-28    2.57231E-29
      7.37210E-01    3.82281E-04    1.65655E-03    7.60315E-03    3.49292E-02    1.60468E-01    5.34895E-02    3.88102E-03    2.81594E-04    2.04315E-05    1.48244E-06    1.07561E-07    7.80428E-09    5.66252E-10    4.10854E-11    2.98102E-12    2.16293E-13    1.56935E-14    1.13867E-15    8.26179E-17    5.99448E-18    4.34939E-19    3.15578E-20    2.28973E-21    1.66135E-22    1.20542E-23    8.74612E-25    6.34599E-26    4.60882E-27    3.54525E-28
      7.37210E-01    8.32112E-05    3.60582E-04    1.65498E-03    7.60304E-03    3.49292E-02    1.60468E-01    5.34895E-02    3.88102E-03    2.81594E-04    2.04315E-05    1.48244E-06    1.07561E-07    7.80428E-09    5.66252E-10    4.10854E-11    2.98102E-12    2.16293E-13    1.56935E-14    1.13867E-15    8.26179E-17    5.99448E-18    4.34939E-19    3.15578E-20    2.28973E-21    1.66135E-22    1.20542E-23    8.74626E-25    6.35203E-26    4.88618E-27
      7.37210E-01    1.81126E-05    7.84878E-05    3.60239E-04    1.65495E-03    7.60303E-03    3.49292E-02    1.60468E-01    5.34895E-02    3.88102E-03    2.81594E-04    2.04315E-05    1.48244E-06    1.07561E-07    7.80428E-09    5.66252E-10    4.10854E-11    2.98102E-12    2.16293E-13    1.56935E-14    1.13867E-15    8.26179E-17    5.99448E-18    4.34939E-19    3.15578E-20    2.28973E-21    1.66135E-22    1.20544E-23    8.75458E-25    6.73429E-26
      7.37210E-01    3.94257E-06    1.70844E-05    7.84132E-05    3.60234E-04    1.65495E-03    7.60303E-03    3.49292E-02    1.60468E-01    5.34895E-02    3.88102E-03    2.81594E-04    2.04315E-05    1.48244E-06    1.07561E-07    7.80428E-09    5.66252E-10    4.10854E-11    2.98102E-12    2.16293E-13    1.56935E-14    1.13867E-15    8.26179E-17    5.99448E-18    4.34939E-19    3.15578E-20    2.28973E-21    1.66137E-22    1.20658E-23    9.28142E-25
      7.37210E-01    8.58178E-07    3.71877E-06    1.70682E-05    7.84121E-05    3.60234E-04    1.65495E-03    7.60303E-03    3.49292E-02    1.60468E-01    5.34895E-02    3.88102E-03    2.81594E-04    2.04315E-05    1.48244E-06    1.07561E-07    7.80428E-09    5.66252E-10    4.10854E-11    2.98102E-12    2.16293E-13    1.56935E-14    1.13867E-15    8.26179E-17    5.99448E-18    4.34939E-19    3.15578E-20    2.28976E-21    1.66295E-22    1.27920E-23
      7.37210E-01    1.86800E-07    8.09465E-07    3.71524E-06    1.70680E-05    7.84120E-05    3.60234E-04    1.65495E-03    7.60303E-03    3.49292E-02    1.60468E-01    5.34895E-02    3.88102E-03    2.81594E-04    2.04315E-05    1.48244E-06    1.07561E-07    7.80428E-09    5.66252E-10    4.10854E-11    2.98102E-12    2.16293E-13    1.56935E-14    1.13867E-15    8.26179E-17    5.99448E-18    4.34940E-19    3.15582E-20    2.29194E-21    1.76303E-22
      7.37210E-01    4.06607E-08    1.76196E-07    8.08696E-07    3.71518E-06    1.70680E-05    7.84120E-05    3.60234E-04    1.65495E-03    7.60303E-03    3.49292E-02    1.60468E-01    5.34895E-02    3.88102E-03    2.81594E-04    2.04315E-05    1.48244E-06    1.07561E-07    7.80428E-09    5.66252E-10    4.10854E-11    2.98102E-12    2.16293E-13    1.56935E-14    1.13867E-15    8.26179E-17    5.99448E-18    4.34946E-19    3.15883E-20    2.42987E-21
      7.37210E-01    8.85061E-09    3.83527E-08    1.76029E-07    8.08684E-07    3.71518E-06    1.70680E-05    7.84120E-05    3.60234E-04    1.65495E-03    7.60303E-03    3.49292E-02    1.60468E-01    5.34895E-02    3.88102E-03    2.81594E-04    2.04315E-05    1.48244E-06    1.07561E-07    7.80428E-09    5.66252E-10    4.10854E-11    2.98102E-12    2.16293E-13    1.56935E-14    1.13867E-15    8.26179E-17    5.99457E-18    4.35360E-19    3.34892E-20
      7.37210E-01    1.92651E-09    8.34822E-09    3.83162E-08    1.76026E-07    8.08684E-07    3.71518E-06    1.70680E-05    7.84120E-05    3.60234E-04    1.65495E-03    7.60303E-03    3.49292E-02    1.60468E-01    5.34895E-02    3.88102E-03    2.81594E-04    2.04315E-05    1.48244E-06    1.07561E-07    7.80428E-09    5.66252E-10    4.10854E-11    2.98102E-12    2.16293E-13    1.56935E-14    1.13867E-15    8.26191E-17    6.00027E-18    4.61559E-19
      7.37210E-01    4.19344E-10    1.81716E-09    8.34029E-09    3.83156E-08    1.76026E-07    8.08684E-07    3.71518E-06    1.70680E-05    7.84120E-05    3.60234E-04    1.65495E-03    7.60303E-03    3.49292E-02    1.60468E-01    5.34895E-02    3.88102E-03    2.81594E-04    2.04315E-05    1.48244E-06    1.07561E-07    7.80428E-09    5.66252E-10    4.10854E-11    2.98102E-12    2.16293E-13    1.56935E-14    1.13868E-15    8.26977E-17    6.36137E-18
      7.37210E-01    9.12786E-11    3.95541E-10    1.81543E-09    8.34016E-09    3.83156E-08    1.76026E-07    8.08684E-07    3.71518E-06    1.70680E-05    7.84120E-05    3.60234E-04    1.65495E-03    7.60303E-03    3.49292E-02    1.60468E-01    5.34895E-02    3.88102E-03    2.81594E-04    2.04315E-05    1.48244E-06    1.07561E-07    7.80428E-09    5.66252E-10    4.10854E-11    2.98102E-12    2.16293E-13    1.56937E-14    1.13977E-15    8.76744E-17
      7.37210E-01    1.98686E-11    8.60974E-11    3.95165E-10    1.81540E-09    8.34016E-09    3.83156E-08    1.76026E-07    8.08684E-07    3.71518E-06    1.70680E-05    7.84120E-05    3.60234E-04    1.65495E-03    7.60303E-03    3.49292E-02    1.60468E-01    5.34895E-02    3.88102E-03    2.81594E-04    2.04315E-05    1.48244E-06    1.07561E-07    7.80428E-09    5.66252E-10    4.10854E-11    2.98102E-12    2.16296E-13    1.57087E-14    1.20836E-15
      7.37210E-01    4.32480E-12    1.87408E-11    8.60155E-11    3.95159E-10    1.81540E-09    8.34016E-09    3.83156E-08    1.76026E-07    8.08684E-07    3.71518E-06    1.70680E-05    7.84120E-05    3.60234E-04    1.65495E-03    7.60303E-03    3.49292E-02    1.60468E-01    5.34895E-02    3.88102E-03    2.81594E-04    2.04315E-05    1.48244E-06    1.07561E-07    7.80428E-09    5.66252E-10    4.10854E-11    2.98106E-12    2.16502E-13    1.66540E-14
      7.37210E-01    9.41380E-13    4.07931E-12    1.87230E-11    8.60142E-11    3.95159E-10    1.81540E-09    8.34016E-09    3.83156E-08    1.76026E-07    8.08684E-07    3.71518E-06    1.70680E-05    7.84120E-05    3.60234E-04    1.65495E-03    7.60303E-03    3.49292E-02    1.60468E-01    5.34895E-02    3.88102E-03    2.81594E-04    2.04315E-05    1.48244E-06    1.07561E-07    7.80428E-09    5.66252E-10    4.10860E-11    2.98390E-12    2.29531E-13
      7.37210E-01    2.04910E-13    8.87944E-13    4.07544E-12    1.87227E-11    8.60142E-11    3.95159E-10    1.81540E-09    8.34016E-09    3.83156E-08    1.76026E-07    8.08684E-07    3.71518E-06    1.70680E-05    7.84120E-05    3.60234E-04    1.65495E-03    7.60303E-03    3.49292E-02    1.60468E-01    5.34895E-02    3.88102E-03    2.81594E-04    2.04315E-05    1.48244E-06    1.07561E-07    7.80428E-09    5.66261E-10    4.11251E-11    3.16347E-12
      7.37210E-01    4.46028E-14    1.93279E-13    8.87100E-13    4.07538E-12    1.87227E-11    8.60142E-11    3.95159E-10    1.81540E-09    8.34016E-09    3.83156E-08    1.76026E-07    8.08684E-07    3.71518E-06    1.70680E-05    7.84120E-05    3.60234E-04    1.65495E-03    7.60303E-03    3.49292E-02    1.60468E-01    5.34895E-02    3.88102E-03    2.81594E-04    2.04315E-05    1.48244E-06    1.07561E-07    7.80439E-09    5.66800E-10    4.36000E-11
      7.37210E-01    9.70869E-15    4.20710E-14    1.93095E-13    8.87087E-13    4.07537E-12    1.87227E-11    8.60142E-11    3.95159E-10    1.81540E-09    8.34016E-09    3.83156E-08    1.76026E-07    8.08684E-07    3.71518E-06    1.70680E-05    7.84120E-05    3.60234E-04    1.65495E-03    7.60303E-03    3.49292E-02    1.60468E-01    5.34895E-02    3.88102E-03    2.81594E-04    2.04315E-05    1.48244E-06    1.07563E-07    7.81182E-09    6.00909E-10
      7.37210E-01    2.11329E-15    9.15760E-15    4.20310E-14    1.93092E-13    8.87087E-13    4.07537E-12    1.87227E-11    8.60142E-11    3.95159E-10    1.81540E-09    8.34016E-09    3.83156E-08    1.76026E-07    8.08684E-07    3.71518E-06    1.70680E-05    7.84120E-05    3.60234E-04    1.65495E-03    7.60303E-03    3.49292E-02    1.60468E-01    5.34895E-02    3.88102E-03    2.81594E-04    2.04315E-05    1.48247E-06    1.07665E-07    8.28193E-09
      7.37210E-01    4.60000E-16    1.99333E-15    9.14889E-15    4.20304E-14    1.93092E-13    8.87087E-13    4.07537E-12    1.87227E-11    8.60142E-11    3.95159E-10    1.81540E-09    8.34016E-09    3.83156E-08    1.76026E-07    8.08684E-07    3.71518E-06    1.70680E-05    7.84120E-05    3.60234E-04    1.65495E-03    7.60303E-03    3.49292E-02    1.60468E-01    5.34895E-02    3.88102E-03    2.81594E-04    2.04318E-05    1.48388E-06    1.14144E-07
      7.37210E-01    1.00128E-16    4.33889E-16    1.99144E-15    9.14876E-15    4.20304E-14    1.93092E-13    8.87087E-13    4.07537E-12    1.87227E-11    8.60142E-11    3.95159E-10    1.81540E-09    8.34016E-09    3.83156E-08    1.76026E-07    8.08684E-07    3.71518E-06    1.70680E-05    7.84120E-05    3.60234E-04    1.65495E-03    7.60303E-03    3.49292E-02    1.60468E-01    5.34895E-02    3.88102E-03    2.81598E-04    2.04513E-05    1.57317E-06
      7.37210E-01    2.17949E-17    9.44446E-17    4.33477E-16    1.99141E-15    9.14875E-15    4.20304E-14    1.93092E-13    8.87087E-13    4.07537E-12    1.87227E-11    8.60142E-11    3.95159E-10    1.81540E-09    8.34016E-09    3.83156E-08    1.76026E-07    8.08684E-07    3.71518E-06    1.70680E-05    7.84120E-05    3.60234E-04    1.65495E-03    7.60303E-03    3.49292E-02    1.60468E-01    5.34895E-02    3.88108E-03    2.81866E-04    2.16820E-05
      7.37210E-01    4.74410E-18    2.05578E-17    9.43549E-17    4.33470E-16    1.99141E-15    9.14876E-15    4.20304E-14    1.93092E-13    8.87087E-13    4.07538E-12    1.87227E-11    8.60142E-11    3.95159E-10    1.81540E-09    8.34016E-09    3.83156E-08    1.76026E-07    8.08684E-07    3.71518E-06    1.70680E-05    7.84121E-05    3.60234E-04    1.65495E-03    7.60304E-03    3.49292E-02    1.60469E-01    5.34903E-02    3.88477E-03    2.98829E-04
      7.37221E-01    1.03266E-18    4.47488E-18    2.05385E-17    9.43549E-17    4.33477E-16    1.99144E-15    9.14889E-15    4.20310E-14    1.93095E-13    8.87100E-13    4.07544E-12    1.87230E-11    8.60155E-11    3.95165E-10    1.81543E-09    8.34029E-09    3.83162E-08    1.76029E-07    8.08696E-07    3.71524E-06    1.70682E-05    7.84132E-05    3.60239E-04    1.65498E-03    7.60315E-03    3.49297E-02    1.60471E-01    5.35412E-02    4.11855E-03
      7.37922E-01    2.24994E-19    9.74973E-19    4.47488E-18    2.05578E-17    9.44446E-17    4.33889E-16    1.99333E-15    9.15760E-15    4.20710E-14    1.93279E-13    8.87944E-13    4.07931E-12    1.87408E-11    8.60974E-11    3.95541E-10    1.81716E-09    8.34822E-09    3.83527E-08    1.76196E-07    8.09465E-07    3.71877E-06    1.70844E-05    7.84878E-05    3.60582E-04    1.65655E-03    7.61038E-03    3.49629E-02    1.60624E-01    5.67633E-02
      7.82330E-01    5.19217E-20    2.24994E-19    1.03266E-18    4.74410E-18    2.17949E-17    1.00128E-16    4.60000E-16    2.11329E-15    9.70869E-15    4.46028E-14    2.04910E-13    9.41380E-13    4.32480E-12    1.98686E-11    9.12786E-11    4.19344E-10    1.92651E-09    8.85061E-09    4.06607E-08    1.86800E-07    8.58178E-07    3.94257E-06    1.81126E-05    8.32112E-05    3.82281E-04    1.75624E-03    8.06837E-03    3.70670E-02    1.70290E-01

  Final mixing ratios reaction amounts (by rows):

      7.82330E-01
      7.37922E-01
      7.37221E-01
      7.37210E-01
      7.37210E-01
      7.37210E-01
      7.37210E-01
      7.37210E-01
      7.37210E-01
      7.37210E-01
      7.37210E-01
      7.37210E-01
      7.37210E-01
      7.37210E-01
      7.37210E-01
      7.37210E-01
      7.37210E-01
      7.37210E-01
      7.37210E-01
      7.37210E-01
      7.37210E-01
      7.37210E-01
      7.37210E-01
      7.37210E-01
      7.37210E-01
      7.37210E-01
      7.37210E-01
      7.37221E-01
      7.37922E-01
      7.82330E-01

  Mixing waters indices + no. upstream waters + no. downstream waters:

      2    1    3    4    5    6    7    8    9   10   11   12   13   14   15   16   17   18   19   20   21   22   23   24   25   26   27   28   29   30   31    1   29
      3    1    2    4    5    6    7    8    9   10   11   12   13   14   15   16   17   18   19   20   21   22   23   24   25   26   27   28   29   30   31    2   28
      4    1    2    3    5    6    7    8    9   10   11   12   13   14   15   16   17   18   19   20   21   22   23   24   25   26   27   28   29   30   31    3   27
      5    1    2    3    4    6    7    8    9   10   11   12   13   14   15   16   17   18   19   20   21   22   23   24   25   26   27   28   29   30   31    4   26
      6    1    2    3    4    5    7    8    9   10   11   12   13   14   15   16   17   18   19   20   21   22   23   24   25   26   27   28   29   30   31    5   25
      7    1    2    3    4    5    6    8    9   10   11   12   13   14   15   16   17   18   19   20   21   22   23   24   25   26   27   28   29   30   31    6   24
      8    1    2    3    4    5    6    7    9   10   11   12   13   14   15   16   17   18   19   20   21   22   23   24   25   26   27   28   29   30   31    7   23
      9    1    2    3    4    5    6    7    8   10   11   12   13   14   15   16   17   18   19   20   21   22   23   24   25   26   27   28   29   30   31    8   22
     10    1    2    3    4    5    6    7    8    9   11   12   13   14   15   16   17   18   19   20   21   22   23   24   25   26   27   28   29   30   31    9   21
     11    1    2    3    4    5    6    7    8    9   10   12   13   14   15   16   17   18   19   20   21   22   23   24   25   26   27   28   29   30   31   10   20
     12    1    2    3    4    5    6    7    8    9   10   11   13   14   15   16   17   18   19   20   21   22   23   24   25   26   27   28   29   30   31   11   19
     13    1    2    3    4    5    6    7    8    9   10   11   12   14   15   16   17   18   19   20   21   22   23   24   25   26   27   28   29   30   31   12   18
     14    1    2    3    4    5    6    7    8    9   10   11   12   13   15   16   17   18   19   20   21   22   23   24   25   26   27   28   29   30   31   13   17
     15    1    2    3    4    5    6    7    8    9   10   11   12   13   14   16   17   18   19   20   21   22   23   24   25   26   27   28   29   30   31   14   16
     16    1    2    3    4    5    6    7    8    9   10   11   12   13   14   15   17   18   19   20   21   22   23   24   25   26   27   28   29   30   31   15   15
     17    1    2    3    4    5    6    7    8    9   10   11   12   13   14   15   16   18   19   20   21   22   23   24   25   26   27   28   29   30   31   16   14
     18    1    2    3    4    5    6    7    8    9   10   11   12   13   14   15   16   17   19   20   21   22   23   24   25   26   27   28   29   30   31   17   13
     19    1    2    3    4    5    6    7    8    9   10   11   12   13   14   15   16   17   18   20   21   22   23   24   25   26   27   28   29   30   31   18   12
     20    1    2    3    4    5    6    7    8    9   10   11   12   13   14   15   16   17   18   19   21   22   23   24   25   26   27   28   29   30   31   19   11
     21    1    2    3    4    5    6    7    8    9   10   11   12   13   14   15   16   17   18   19   20   22   23   24   25   26   27   28   29   30   31   20   10
     22    1    2    3    4    5    6    7    8    9   10   11   12   13   14   15   16   17   18   19   20   21   23   24   25   26   27   28   29   30   31   21    9
     23    1    2    3    4    5    6    7    8    9   10   11   12   13   14   15   16   17   18   19   20   21   22   24   25   26   27   28   29   30   31   22    8
     24    1    2    3    4    5    6    7    8    9   10   11   12   13   14   15   16   17   18   19   20   21   22   23   25   26   27   28   29   30   31   23    7
     25    1    2    3    4    5    6    7    8    9   10   11   12   13   14   15   16   17   18   19   20   21   22   23   24   26   27   28   29   30   31   24    6
     26    1    2    3    4    5    6    7    8    9   10   11   12   13   14   15   16   17   18   19   20   21   22   23   24   25   27   28   29   30   31   25    5
     27    1    2    3    4    5    6    7    8    9   10   11   12   13   14   15   16   17   18   19   20   21   22   23   24   25   26   28   29   30   31   26    4
     28    1    2    3    4    5    6    7    8    9   10   11   12   13   14   15   16   17   18   19   20   21   22   23   24   25   26   27   29   30   31   27    3
     29    1    2    3    4    5    6    7    8    9   10   11   12   13   14   15   16   17   18   19   20   21   22   23   24   25   26   27   28   30   31   28    2
     30    1    2    3    4    5    6    7    8    9   10   11   12   13   14   15   16   17   18   19   20   21   22   23   24   25   26   27   28   29   31   29    1
     31    1    2    3    4    5    6    7    8    9   10   11   12   13   14   15   16   17   18   19   20   21   22   23   24   25   26   27   28   29   30   30    0

  Reaction mixing waters indices + no. upstream waters + no. downstream waters:

      2    3    4    5    6    7    8    9   10   11   12   13   14   15   16   17   18   19   20   21   22   23   24   25   26   27   28   29   30   31    0   29
      3    2    4    5    6    7    8    9   10   11   12   13   14   15   16   17   18   19   20   21   22   23   24   25   26   27   28   29   30   31    1   28
      4    2    3    5    6    7    8    9   10   11   12   13   14   15   16   17   18   19   20   21   22   23   24   25   26   27   28   29   30   31    2   27
      5    2    3    4    6    7    8    9   10   11   12   13   14   15   16   17   18   19   20   21   22   23   24   25   26   27   28   29   30   31    3   26
      6    2    3    4    5    7    8    9   10   11   12   13   14   15   16   17   18   19   20   21   22   23   24   25   26   27   28   29   30   31    4   25
      7    2    3    4    5    6    8    9   10   11   12   13   14   15   16   17   18   19   20   21   22   23   24   25   26   27   28   29   30   31    5   24
      8    2    3    4    5    6    7    9   10   11   12   13   14   15   16   17   18   19   20   21   22   23   24   25   26   27   28   29   30   31    6   23
      9    2    3    4    5    6    7    8   10   11   12   13   14   15   16   17   18   19   20   21   22   23   24   25   26   27   28   29   30   31    7   22
     10    2    3    4    5    6    7    8    9   11   12   13   14   15   16   17   18   19   20   21   22   23   24   25   26   27   28   29   30   31    8   21
     11    2    3    4    5    6    7    8    9   10   12   13   14   15   16   17   18   19   20   21   22   23   24   25   26   27   28   29   30   31    9   20
     12    2    3    4    5    6    7    8    9   10   11   13   14   15   16   17   18   19   20   21   22   23   24   25   26   27   28   29   30   31   10   19
     13    2    3    4    5    6    7    8    9   10   11   12   14   15   16   17   18   19   20   21   22   23   24   25   26   27   28   29   30   31   11   18
     14    2    3    4    5    6    7    8    9   10   11   12   13   15   16   17   18   19   20   21   22   23   24   25   26   27   28   29   30   31   12   17
     15    2    3    4    5    6    7    8    9   10   11   12   13   14   16   17   18   19   20   21   22   23   24   25   26   27   28   29   30   31   13   16
     16    2    3    4    5    6    7    8    9   10   11   12   13   14   15   17   18   19   20   21   22   23   24   25   26   27   28   29   30   31   14   15
     17    2    3    4    5    6    7    8    9   10   11   12   13   14   15   16   18   19   20   21   22   23   24   25   26   27   28   29   30   31   15   14
     18    2    3    4    5    6    7    8    9   10   11   12   13   14   15   16   17   19   20   21   22   23   24   25   26   27   28   29   30   31   16   13
     19    2    3    4    5    6    7    8    9   10   11   12   13   14   15   16   17   18   20   21   22   23   24   25   26   27   28   29   30   31   17   12
     20    2    3    4    5    6    7    8    9   10   11   12   13   14   15   16   17   18   19   21   22   23   24   25   26   27   28   29   30   31   18   11
     21    2    3    4    5    6    7    8    9   10   11   12   13   14   15   16   17   18   19   20   22   23   24   25   26   27   28   29   30   31   19   10
     22    2    3    4    5    6    7    8    9   10   11   12   13   14   15   16   17   18   19   20   21   23   24   25   26   27   28   29   30   31   20    9
     23    2    3    4    5    6    7    8    9   10   11   12   13   14   15   16   17   18   19   20   21   22   24   25   26   27   28   29   30   31   21    8
     24    2    3    4    5    6    7    8    9   10   11   12   13   14   15   16   17   18   19   20   21   22   23   25   26   27   28   29   30   31   22    7
     25    2    3    4    5    6    7    8    9   10   11   12   13   14   15   16   17   18   19   20   21   22   23   24   26   27   28   29   30   31   23    6
     26    2    3    4    5    6    7    8    9   10   11   12   13   14   15   16   17   18   19   20   21   22   23   24   25   27   28   29   30   31   24    5
     27    2    3    4    5    6    7    8    9   10   11   12   13   14   15   16   17   18   19   20   21   22   23   24   25   26   28   29   30   31   25    4
     28    2    3    4    5    6    7    8    9   10   11   12   13   14   15   16   17   18   19   20   21   22   23   24   25   26   27   29   30   31   26    3
     29    2    3    4    5    6    7    8    9   10   11   12   13   14   15   16   17   18   19   20   21   22   23   24   25   26   27   28   30   31   27    2
     30    2    3    4    5    6    7    8    9   10   11   12   13   14   15   16   17   18   19   20   21   22   23   24   25   26   27   28   29   31   28    1
     31    2    3    4    5    6    7    8    9   10   11   12   13   14   15   16   17   18   19   20   21   22   23   24   25   26   27   28   29   30   29    0

  Chemical input option:                        1

  WMA option:          Lumped

  rk average option:                        2

  Number of lumpings:                        0

  Aqueous species:

          h2o(p)         
          h+             
          cl-            
          ch2o(aq)       
          hco3-          
          o2(aq)         
          co3-2          
  Minerals (name + molar volume):

  Gases:

          co2(g)         
          o2(g)          
  Surface complexes:

  Equilibrium reactions:

          co2(g)                        

          o2(g)                         

          co3-2                         

  Kinetic reactions:

          aerobic oxidation of DOC      

              4

              4

              0.00000E+00

 
  Global stoichiometric matrix:

                 -1.00000        0.00000        0.00000       -1.00000        0.00000        0.00000        1.00000        1.00000        0.00000
                  0.00000        0.00000        0.00000        0.00000       -1.00000        0.00000        0.00000        0.00000        1.00000
                  1.00000        0.00000        0.00000       -1.00000        0.00000        1.00000        0.00000        0.00000        0.00000
                  1.00000        0.00000       -1.00000        1.00000       -1.00000        0.00000        0.00000        0.00000        0.00000
  Equilibrium constants:

              6.51028E+07
              7.90679E+02
              4.69029E-11

  Global component matrix:

                  1.00000        0.00000        0.00000       -1.00000        0.00000       -2.00000
                  0.00000        1.00000        0.00000        0.00000        0.00000        0.00000
                  0.00000        0.00000        1.00000        0.00000        0.00000        0.00000

  Concentration of external waters (in molalities): (rows -> aqueous species in the same order as before, columns -> targets)









  Activities of external waters:









  Concentration of boundary waters (in molalities): (rows -> aqueous species in the same order as before, columns -> targets)

              5.55556E+01
              1.00000E-08
              1.00000E-03
              2.00000E-03
              5.37611E-04
              2.52947E-04
              2.52155E-06

  Activities of boundary waters:

              1.00000E+00
              1.00000E-08
              1.00000E-03
              2.00000E-03
              5.37611E-04
              2.52947E-04
              2.52155E-06

  Initial concentration of aqueous species in the domain:

              5.55556E+01    5.55556E+01    5.55556E+01    5.55556E+01    5.55556E+01    5.55556E+01    5.55556E+01    5.55556E+01    5.55556E+01    5.55556E+01    5.55556E+01    5.55556E+01    5.55556E+01    5.55556E+01    5.55556E+01    5.55556E+01    5.55556E+01    5.55556E+01    5.55556E+01    5.55556E+01    5.55556E+01    5.55556E+01    5.55556E+01    5.55556E+01    5.55556E+01    5.55556E+01    5.55556E+01    5.55556E+01    5.55556E+01    5.55556E+01
              1.00000E-07    1.00000E-07    1.00000E-07    1.00000E-07    1.00000E-07    1.00000E-07    1.00000E-07    1.00000E-07    1.00000E-07    1.00000E-07    1.00000E-07    1.00000E-07    1.00000E-07    1.00000E-07    1.00000E-07    1.00000E-07    1.00000E-07    1.00000E-07    1.00000E-07    1.00000E-07    1.00000E-07    1.00000E-07    1.00000E-07    1.00000E-07    1.00000E-07    1.00000E-07    1.00000E-07    1.00000E-07    1.00000E-07    1.00000E-07
              1.00000E-16    1.00000E-16    1.00000E-16    1.00000E-16    1.00000E-16    1.00000E-16    1.00000E-16    1.00000E-16    1.00000E-16    1.00000E-16    1.00000E-16    1.00000E-16    1.00000E-16    1.00000E-16    1.00000E-16    1.00000E-16    1.00000E-16    1.00000E-16    1.00000E-16    1.00000E-16    1.00000E-16    1.00000E-16    1.00000E-16    1.00000E-16    1.00000E-16    1.00000E-16    1.00000E-16    1.00000E-16    1.00000E-16    1.00000E-16
              1.00000E-05    1.00000E-05    1.00000E-05    1.00000E-05    1.00000E-05    1.00000E-05    1.00000E-05    1.00000E-05    1.00000E-05    1.00000E-05    1.00000E-05    1.00000E-05    1.00000E-05    1.00000E-05    1.00000E-05    1.00000E-05    1.00000E-05    1.00000E-05    1.00000E-05    1.00000E-05    1.00000E-05    1.00000E-05    1.00000E-05    1.00000E-05    1.00000E-05    1.00000E-05    1.00000E-05    1.00000E-05    1.00000E-05    1.00000E-05
              1.00000E-03    1.00000E-03    1.00000E-03    1.00000E-03    1.00000E-03    1.00000E-03    1.00000E-03    1.00000E-03    1.00000E-03    1.00000E-03    1.00000E-03    1.00000E-03    1.00000E-03    1.00000E-03    1.00000E-03    1.00000E-03    1.00000E-03    1.00000E-03    1.00000E-03    1.00000E-03    1.00000E-03    1.00000E-03    1.00000E-03    1.00000E-03    1.00000E-03    1.00000E-03    1.00000E-03    1.00000E-03    1.00000E-03    1.00000E-03
              1.00000E-06    1.00000E-06    1.00000E-06    1.00000E-06    1.00000E-06    1.00000E-06    1.00000E-06    1.00000E-06    1.00000E-06    1.00000E-06    1.00000E-06    1.00000E-06    1.00000E-06    1.00000E-06    1.00000E-06    1.00000E-06    1.00000E-06    1.00000E-06    1.00000E-06    1.00000E-06    1.00000E-06    1.00000E-06    1.00000E-06    1.00000E-06    1.00000E-06    1.00000E-06    1.00000E-06    1.00000E-06    1.00000E-06    1.00000E-06
              4.69029E-07    4.69029E-07    4.69029E-07    4.69029E-07    4.69029E-07    4.69029E-07    4.69029E-07    4.69029E-07    4.69029E-07    4.69029E-07    4.69029E-07    4.69029E-07    4.69029E-07    4.69029E-07    4.69029E-07    4.69029E-07    4.69029E-07    4.69029E-07    4.69029E-07    4.69029E-07    4.69029E-07    4.69029E-07    4.69029E-07    4.69029E-07    4.69029E-07    4.69029E-07    4.69029E-07    4.69029E-07    4.69029E-07    4.69029E-07

  Initial activities aqueous species domain:

              1.00000E+00    1.00000E+00    1.00000E+00    1.00000E+00    1.00000E+00    1.00000E+00    1.00000E+00    1.00000E+00    1.00000E+00    1.00000E+00    1.00000E+00    1.00000E+00    1.00000E+00    1.00000E+00    1.00000E+00    1.00000E+00    1.00000E+00    1.00000E+00    1.00000E+00    1.00000E+00    1.00000E+00    1.00000E+00    1.00000E+00    1.00000E+00    1.00000E+00    1.00000E+00    1.00000E+00    1.00000E+00    1.00000E+00    1.00000E+00
              1.00000E-07    1.00000E-07    1.00000E-07    1.00000E-07    1.00000E-07    1.00000E-07    1.00000E-07    1.00000E-07    1.00000E-07    1.00000E-07    1.00000E-07    1.00000E-07    1.00000E-07    1.00000E-07    1.00000E-07    1.00000E-07    1.00000E-07    1.00000E-07    1.00000E-07    1.00000E-07    1.00000E-07    1.00000E-07    1.00000E-07    1.00000E-07    1.00000E-07    1.00000E-07    1.00000E-07    1.00000E-07    1.00000E-07    1.00000E-07
              1.00000E-16    1.00000E-16    1.00000E-16    1.00000E-16    1.00000E-16    1.00000E-16    1.00000E-16    1.00000E-16    1.00000E-16    1.00000E-16    1.00000E-16    1.00000E-16    1.00000E-16    1.00000E-16    1.00000E-16    1.00000E-16    1.00000E-16    1.00000E-16    1.00000E-16    1.00000E-16    1.00000E-16    1.00000E-16    1.00000E-16    1.00000E-16    1.00000E-16    1.00000E-16    1.00000E-16    1.00000E-16    1.00000E-16    1.00000E-16
              1.00000E-05    1.00000E-05    1.00000E-05    1.00000E-05    1.00000E-05    1.00000E-05    1.00000E-05    1.00000E-05    1.00000E-05    1.00000E-05    1.00000E-05    1.00000E-05    1.00000E-05    1.00000E-05    1.00000E-05    1.00000E-05    1.00000E-05    1.00000E-05    1.00000E-05    1.00000E-05    1.00000E-05    1.00000E-05    1.00000E-05    1.00000E-05    1.00000E-05    1.00000E-05    1.00000E-05    1.00000E-05    1.00000E-05    1.00000E-05
              1.00000E-03    1.00000E-03    1.00000E-03    1.00000E-03    1.00000E-03    1.00000E-03    1.00000E-03    1.00000E-03    1.00000E-03    1.00000E-03    1.00000E-03    1.00000E-03    1.00000E-03    1.00000E-03    1.00000E-03    1.00000E-03    1.00000E-03    1.00000E-03    1.00000E-03    1.00000E-03    1.00000E-03    1.00000E-03    1.00000E-03    1.00000E-03    1.00000E-03    1.00000E-03    1.00000E-03    1.00000E-03    1.00000E-03    1.00000E-03
              1.00000E-06    1.00000E-06    1.00000E-06    1.00000E-06    1.00000E-06    1.00000E-06    1.00000E-06    1.00000E-06    1.00000E-06    1.00000E-06    1.00000E-06    1.00000E-06    1.00000E-06    1.00000E-06    1.00000E-06    1.00000E-06    1.00000E-06    1.00000E-06    1.00000E-06    1.00000E-06    1.00000E-06    1.00000E-06    1.00000E-06    1.00000E-06    1.00000E-06    1.00000E-06    1.00000E-06    1.00000E-06    1.00000E-06    1.00000E-06
              1.33512-306    1.33512-306    1.33512-306    1.33512-306    1.33512-306    1.33512-306    1.33512-306    1.33512-306    1.33512-306    1.33512-306    1.33512-306    1.33512-306    1.33512-306    1.33512-306    1.33512-306    1.33512-306    1.33512-306    1.33512-306    1.33512-306    1.33512-306    1.33512-306    1.33512-306    1.33512-306    1.33512-306    1.33512-306    1.33512-306    1.33512-306    1.33512-306    1.33512-306    1.33512-306

  Final concentration of aqueous species in the domain:

              5.55556E+01    5.55556E+01    5.55556E+01    5.55556E+01    5.55556E+01    5.55556E+01    5.55556E+01    5.55556E+01    5.55556E+01    5.55556E+01    5.55556E+01    5.55556E+01    5.55556E+01    5.55556E+01    5.55556E+01    5.55556E+01    5.55556E+01    5.55556E+01    5.55556E+01    5.55556E+01    5.55556E+01    5.55556E+01    5.55556E+01    5.55556E+01    5.55556E+01    5.55556E+01    5.55556E+01    5.55556E+01    5.55556E+01    5.55556E+01
              6.48358E-08    8.98574E-08    9.75232E-08    9.95528E-08    1.00025E-07    1.00129E-07    1.00152E-07    1.00157E-07    1.00158E-07    1.00158E-07    1.00158E-07    1.00158E-07    1.00158E-07    1.00158E-07    1.00158E-07    1.00158E-07    1.00158E-07    1.00158E-07    1.00158E-07    1.00158E-07    1.00158E-07    1.00158E-07    1.00158E-07    1.00158E-07    1.00158E-07    1.00158E-07    1.00158E-07    1.00158E-07    1.00158E-07    1.00158E-07
              1.56466E-04    3.40580E-05    7.41340E-06    1.61367E-06    3.51248E-07    7.64563E-08    1.66422E-08    3.62252E-09    7.88513E-10    1.71636E-10    3.73600E-11    8.13224E-12    1.77022E-12    3.85403E-13    8.39688E-14    1.00000E-14    4.07372E-15    9.64961E-16    2.88276E-16    1.40982E-16    1.08921E-16    1.01942E-16    1.00423E-16    1.00092E-16    1.00020E-16    1.00004E-16    1.00001E-16    1.00000E-16    1.00000E-16    1.00000E-16
              3.21269E-04    7.77572E-05    2.47495E-05    1.32100E-05    1.06980E-05    1.01512E-05    1.00322E-05    1.00063E-05    1.00007E-05    9.99944E-06    9.99917E-06    9.99912E-06    9.99910E-06    9.99910E-06    9.99910E-06    9.99910E-06    9.99910E-06    9.99910E-06    9.99910E-06    9.99910E-06    9.99910E-06    9.99910E-06    9.99910E-06    9.99910E-06    9.99910E-06    9.99910E-06    9.99910E-06    9.99910E-06    9.99910E-06    9.99910E-06
              9.27869E-04    9.84295E-04    9.96580E-04    9.99257E-04    9.99839E-04    9.99966E-04    9.99994E-04    1.00000E-03    1.00000E-03    1.00000E-03    1.00000E-03    1.00000E-03    1.00000E-03    1.00000E-03    1.00000E-03    1.00000E-03    1.00000E-03    1.00000E-03    1.00000E-03    1.00000E-03    1.00000E-03    1.00000E-03    1.00000E-03    1.00000E-03    1.00000E-03    1.00000E-03    1.00000E-03    1.00000E-03    1.00000E-03    1.00000E-03
              4.03233E-05    9.56273E-06    2.86465E-06    1.40531E-06    1.08753E-06    1.01835E-06    1.00329E-06    1.00001E-06    9.99299E-07    9.99144E-07    9.99110E-07    9.99102E-07    9.99101E-07    9.99100E-07    9.99100E-07    9.99100E-07    9.99100E-07    9.99100E-07    9.99100E-07    9.99100E-07    9.99100E-07    9.99100E-07    9.99100E-07    9.99100E-07    9.99100E-07    9.99100E-07    9.99100E-07    9.99100E-07    9.99100E-07    9.99100E-07
              6.71230E-07    5.13773E-07    4.79297E-07    4.70786E-07    4.68838E-07    4.68408E-07    4.68314E-07    4.68294E-07    4.68289E-07    4.68288E-07    4.68288E-07    4.68288E-07    4.68288E-07    4.68288E-07    4.68288E-07    4.68288E-07    4.68288E-07    4.68288E-07    4.68288E-07    4.68288E-07    4.68288E-07    4.68288E-07    4.68288E-07    4.68288E-07    4.68288E-07    4.68288E-07    4.68288E-07    4.68288E-07    4.68288E-07    4.68288E-07

  Final activities aqueous species domain:

              9.99974E-01    9.99980E-01    9.99981E-01    9.99982E-01    9.99982E-01    9.99982E-01    9.99982E-01    9.99982E-01    9.99982E-01    9.99982E-01    9.99982E-01    9.99982E-01    9.99982E-01    9.99982E-01    9.99982E-01    9.99982E-01    9.99982E-01    9.99982E-01    9.99982E-01    9.99982E-01    9.99982E-01    9.99982E-01    9.99982E-01    9.99982E-01    9.99982E-01    9.99982E-01    9.99982E-01    9.99982E-01    9.99982E-01    9.99982E-01
              6.48358E-08    8.98574E-08    9.75232E-08    9.95528E-08    1.00025E-07    1.00129E-07    1.00152E-07    1.00157E-07    1.00158E-07    1.00158E-07    1.00158E-07    1.00158E-07    1.00158E-07    1.00158E-07    1.00158E-07    1.00158E-07    1.00158E-07    1.00158E-07    1.00158E-07    1.00158E-07    1.00158E-07    1.00158E-07    1.00158E-07    1.00158E-07    1.00158E-07    1.00158E-07    1.00158E-07    1.00158E-07    1.00158E-07    1.00158E-07
              1.56466E-04    3.40580E-05    7.41340E-06    1.61367E-06    3.51248E-07    7.64563E-08    1.66422E-08    3.62252E-09    7.88513E-10    1.71636E-10    3.73600E-11    8.13224E-12    1.77022E-12    3.85403E-13    8.39688E-14    1.00000E-14    4.07372E-15    9.64961E-16    2.88276E-16    1.40982E-16    1.08921E-16    1.01942E-16    1.00423E-16    1.00092E-16    1.00020E-16    1.00004E-16    1.00001E-16    1.00000E-16    1.00000E-16    1.00000E-16
              3.21269E-04    7.77572E-05    2.47495E-05    1.32100E-05    1.06980E-05    1.01512E-05    1.00322E-05    1.00063E-05    1.00007E-05    9.99944E-06    9.99917E-06    9.99912E-06    9.99910E-06    9.99910E-06    9.99910E-06    9.99910E-06    9.99910E-06    9.99910E-06    9.99910E-06    9.99910E-06    9.99910E-06    9.99910E-06    9.99910E-06    9.99910E-06    9.99910E-06    9.99910E-06    9.99910E-06    9.99910E-06    9.99910E-06    9.99910E-06
              9.27869E-04    9.84295E-04    9.96580E-04    9.99257E-04    9.99839E-04    9.99966E-04    9.99994E-04    1.00000E-03    1.00000E-03    1.00000E-03    1.00000E-03    1.00000E-03    1.00000E-03    1.00000E-03    1.00000E-03    1.00000E-03    1.00000E-03    1.00000E-03    1.00000E-03    1.00000E-03    1.00000E-03    1.00000E-03    1.00000E-03    1.00000E-03    1.00000E-03    1.00000E-03    1.00000E-03    1.00000E-03    1.00000E-03    1.00000E-03
              4.03233E-05    9.56273E-06    2.86465E-06    1.40531E-06    1.08753E-06    1.01835E-06    1.00329E-06    1.00001E-06    9.99299E-07    9.99144E-07    9.99110E-07    9.99102E-07    9.99101E-07    9.99100E-07    9.99100E-07    9.99100E-07    9.99100E-07    9.99100E-07    9.99100E-07    9.99100E-07    9.99100E-07    9.99100E-07    9.99100E-07    9.99100E-07    9.99100E-07    9.99100E-07    9.99100E-07    9.99100E-07    9.99100E-07    9.99100E-07
              6.71230E-07    5.13773E-07    4.79297E-07    4.70786E-07    4.68838E-07    4.68408E-07    4.68314E-07    4.68294E-07    4.68289E-07    4.68288E-07    4.68288E-07    4.68288E-07    4.68288E-07    4.68288E-07    4.68288E-07    4.68288E-07    4.68288E-07    4.68288E-07    4.68288E-07    4.68288E-07    4.68288E-07    4.68288E-07    4.68288E-07    4.68288E-07    4.68288E-07    4.68288E-07    4.68288E-07    4.68288E-07    4.68288E-07    4.68288E-07

  Initial salinity domain:

              0.00000E+00    0.00000E+00    0.00000E+00    0.00000E+00    0.00000E+00    0.00000E+00    0.00000E+00    0.00000E+00    0.00000E+00    0.00000E+00    0.00000E+00    0.00000E+00    0.00000E+00    0.00000E+00    0.00000E+00    0.00000E+00    0.00000E+00    0.00000E+00    0.00000E+00    0.00000E+00    0.00000E+00    0.00000E+00    0.00000E+00    0.00000E+00    0.00000E+00    0.00000E+00    0.00000E+00    0.00000E+00    0.00000E+00    0.00000E+00

  Final salinity domain:

              7.30945E-05    6.39030E-05    6.19023E-05    6.14669E-05    6.13721E-05    6.13515E-05    6.13470E-05    6.13460E-05    6.13458E-05    6.13458E-05    6.13457E-05    6.13457E-05    6.13457E-05    6.13457E-05    6.13457E-05    6.13457E-05    6.13457E-05    6.13457E-05    6.13457E-05    6.13457E-05    6.13457E-05    6.13457E-05    6.13457E-05    6.13457E-05    6.13457E-05    6.13457E-05    6.13457E-05    6.13457E-05    6.13457E-05    6.13457E-05

  Initial pH domain:

              0.00000E+00    0.00000E+00    0.00000E+00    0.00000E+00    0.00000E+00    0.00000E+00    0.00000E+00    0.00000E+00    0.00000E+00    0.00000E+00    0.00000E+00    0.00000E+00    0.00000E+00    0.00000E+00    0.00000E+00    0.00000E+00    0.00000E+00    0.00000E+00    0.00000E+00    0.00000E+00    0.00000E+00    0.00000E+00    0.00000E+00    0.00000E+00    0.00000E+00    0.00000E+00    0.00000E+00    0.00000E+00    0.00000E+00    0.00000E+00

  Final pH domain:

              0.00000E+00    0.00000E+00    0.00000E+00    0.00000E+00    0.00000E+00    0.00000E+00    0.00000E+00    0.00000E+00    0.00000E+00    0.00000E+00    0.00000E+00    0.00000E+00    0.00000E+00    0.00000E+00    0.00000E+00    0.00000E+00    0.00000E+00    0.00000E+00    0.00000E+00    0.00000E+00    0.00000E+00    0.00000E+00    0.00000E+00    0.00000E+00    0.00000E+00    0.00000E+00    0.00000E+00    0.00000E+00    0.00000E+00    0.00000E+00

  Aqueous mean equilibrium reaction amounts:

             -1.18949E-07   -2.51610E-08   -4.94870E-09   -1.55527E-09   -9.12700E-10   -7.78273E-10   -7.49281E-10   -7.42983E-10   -7.41613E-10   -7.41315E-10   -7.41250E-10   -7.41236E-10   -7.41233E-10   -7.41232E-10   -7.41232E-10   -7.41232E-10   -7.41232E-10   -7.41232E-10   -7.41232E-10   -7.41232E-10   -7.41232E-10   -7.41232E-10   -7.41232E-10   -7.41232E-10   -7.41232E-10   -7.41232E-10   -7.41232E-10   -7.41232E-10   -7.41232E-10   -7.41232E-10

  Initial aqueous kinetic reaction rates:

              9.00090E-07    9.00090E-07    9.00090E-07    9.00090E-07    9.00090E-07    9.00090E-07    9.00090E-07    9.00090E-07    9.00090E-07    9.00090E-07    9.00090E-07    9.00090E-07    9.00090E-07    9.00090E-07    9.00090E-07    9.00090E-07    9.00090E-07    9.00090E-07    9.00090E-07    9.00090E-07    9.00090E-07    9.00090E-07    9.00090E-07    9.00090E-07    9.00090E-07    9.00090E-07    9.00090E-07    9.00090E-07    9.00090E-07    9.00090E-07

  Aqueous kinetic reaction rates:

              1.94834E-04    3.52673E-05    5.37802E-06    1.60645E-06    1.03821E-06    9.28779E-07    9.05661E-07    9.00662E-07    8.99576E-07    8.99339E-07    8.99288E-07    8.99277E-07    8.99274E-07    8.99274E-07    8.99274E-07    8.99274E-07    8.99274E-07    8.99274E-07    8.99274E-07    8.99274E-07    8.99274E-07    8.99274E-07    8.99274E-07    8.99274E-07    8.99274E-07    8.99274E-07    8.99274E-07    8.99274E-07    8.99274E-07    8.99274E-07

  Aqueous mean kinetic reaction amounts:

              9.74171E-08    1.76337E-08    2.68901E-09    8.03223E-10    5.19107E-10    4.64389E-10    4.52830E-10    4.50331E-10    4.49788E-10    4.49670E-10    4.49644E-10    4.49638E-10    4.49637E-10    4.49637E-10    4.49637E-10    4.49637E-10    4.49637E-10    4.49637E-10    4.49637E-10    4.49637E-10    4.49637E-10    4.49637E-10    4.49637E-10    4.49637E-10    4.49637E-10    4.49637E-10    4.49637E-10    4.49637E-10    4.49637E-10    4.49637E-10

  Aqueous estimated kinetic reaction amounts:

              0.00000E+00    0.00000E+00    0.00000E+00    0.00000E+00    0.00000E+00    0.00000E+00    0.00000E+00    0.00000E+00    0.00000E+00    0.00000E+00    0.00000E+00    0.00000E+00    0.00000E+00    0.00000E+00    0.00000E+00    0.00000E+00    0.00000E+00    0.00000E+00    0.00000E+00    0.00000E+00    0.00000E+00    0.00000E+00    0.00000E+00    0.00000E+00    0.00000E+00    0.00000E+00    0.00000E+00    0.00000E+00    0.00000E+00    0.00000E+00

  Mineral zone    1:

          Minerals in equilibrium:

          Kinetic minerals:


          Mineral mean kinetic reaction amounts:


          Mineral estimated kinetic reaction amounts:


          Absolute error kinetic reaction amounts:


  Reactive zone    2:

          Non-flowing species:

          Number of equilibrium reactions:         1

          Se:

                  1.00000        0.00000        0.00000       -1.00000        0.00000        1.00000        0.00000
          Sk:

                  1.00000        0.00000       -1.00000        1.00000       -1.00000        0.00000        0.00000        0.00000        0.00000
          U*Sk^T:

                  1.00000
                  0.00000
                 -1.00000
                  1.00000
                 -1.00000

          Equilibrium constants:

              4.69029E-11

          Primary species:


          Component matrix:

                  1.00000        0.00000        0.00000        0.00000        0.00000       -1.00000
                  0.00000        1.00000        0.00000        0.00000        0.00000        0.00000
                  0.00000        0.00000        1.00000        0.00000        0.00000        0.00000
                  0.00000        0.00000        0.00000        1.00000        0.00000        1.00000
                  0.00000        0.00000        0.00000        0.00000        1.00000        0.00000

          Initial concentration of components:

             -3.69029E-07   -3.69029E-07   -3.69029E-07   -3.69029E-07   -3.69029E-07   -3.69029E-07   -3.69029E-07   -3.69029E-07   -3.69029E-07   -3.69029E-07   -3.69029E-07   -3.69029E-07   -3.69029E-07   -3.69029E-07   -3.69029E-07   -3.69029E-07   -3.69029E-07   -3.69029E-07   -3.69029E-07   -3.69029E-07   -3.69029E-07   -3.69029E-07   -3.69029E-07   -3.69029E-07   -3.69029E-07   -3.69029E-07   -3.69029E-07   -3.69029E-07   -3.69029E-07   -3.69029E-07
              1.00000E-16    1.00000E-16    1.00000E-16    1.00000E-16    1.00000E-16    1.00000E-16    1.00000E-16    1.00000E-16    1.00000E-16    1.00000E-16    1.00000E-16    1.00000E-16    1.00000E-16    1.00000E-16    1.00000E-16    1.00000E-16    1.00000E-16    1.00000E-16    1.00000E-16    1.00000E-16    1.00000E-16    1.00000E-16    1.00000E-16    1.00000E-16    1.00000E-16    1.00000E-16    1.00000E-16    1.00000E-16    1.00000E-16    1.00000E-16
              1.00000E-05    1.00000E-05    1.00000E-05    1.00000E-05    1.00000E-05    1.00000E-05    1.00000E-05    1.00000E-05    1.00000E-05    1.00000E-05    1.00000E-05    1.00000E-05    1.00000E-05    1.00000E-05    1.00000E-05    1.00000E-05    1.00000E-05    1.00000E-05    1.00000E-05    1.00000E-05    1.00000E-05    1.00000E-05    1.00000E-05    1.00000E-05    1.00000E-05    1.00000E-05    1.00000E-05    1.00000E-05    1.00000E-05    1.00000E-05
              1.00047E-03    1.00047E-03    1.00047E-03    1.00047E-03    1.00047E-03    1.00047E-03    1.00047E-03    1.00047E-03    1.00047E-03    1.00047E-03    1.00047E-03    1.00047E-03    1.00047E-03    1.00047E-03    1.00047E-03    1.00047E-03    1.00047E-03    1.00047E-03    1.00047E-03    1.00047E-03    1.00047E-03    1.00047E-03    1.00047E-03    1.00047E-03    1.00047E-03    1.00047E-03    1.00047E-03    1.00047E-03    1.00047E-03    1.00047E-03
              1.00000E-06    1.00000E-06    1.00000E-06    1.00000E-06    1.00000E-06    1.00000E-06    1.00000E-06    1.00000E-06    1.00000E-06    1.00000E-06    1.00000E-06    1.00000E-06    1.00000E-06    1.00000E-06    1.00000E-06    1.00000E-06    1.00000E-06    1.00000E-06    1.00000E-06    1.00000E-06    1.00000E-06    1.00000E-06    1.00000E-06    1.00000E-06    1.00000E-06    1.00000E-06    1.00000E-06    1.00000E-06    1.00000E-06    1.00000E-06

          Final concentration of components:

             -6.06394E-07   -4.23916E-07   -3.81774E-07   -3.71233E-07   -3.68813E-07   -3.68279E-07   -3.68162E-07   -3.68137E-07   -3.68131E-07   -3.68130E-07   -3.68130E-07   -3.68130E-07   -3.68130E-07   -3.68130E-07   -3.68130E-07   -3.68130E-07   -3.68130E-07   -3.68130E-07   -3.68130E-07   -3.68130E-07   -3.68130E-07   -3.68130E-07   -3.68130E-07   -3.68130E-07   -3.68130E-07   -3.68130E-07   -3.68130E-07   -3.68130E-07   -3.68130E-07   -3.68130E-07
              1.56466E-04    3.40580E-05    7.41340E-06    1.61367E-06    3.51248E-07    7.64563E-08    1.66422E-08    3.62252E-09    7.88513E-10    1.71636E-10    3.73600E-11    8.13224E-12    1.77022E-12    3.85403E-13    8.39688E-14    1.00000E-14    4.07372E-15    9.64961E-16    2.88276E-16    1.40982E-16    1.08921E-16    1.01942E-16    1.00423E-16    1.00092E-16    1.00020E-16    1.00004E-16    1.00001E-16    1.00000E-16    1.00000E-16    1.00000E-16
              3.21269E-04    7.77572E-05    2.47495E-05    1.32100E-05    1.06980E-05    1.01512E-05    1.00322E-05    1.00063E-05    1.00007E-05    9.99944E-06    9.99917E-06    9.99912E-06    9.99910E-06    9.99910E-06    9.99910E-06    9.99910E-06    9.99910E-06    9.99910E-06    9.99910E-06    9.99910E-06    9.99910E-06    9.99910E-06    9.99910E-06    9.99910E-06    9.99910E-06    9.99910E-06    9.99910E-06    9.99910E-06    9.99910E-06    9.99910E-06
              9.28540E-04    9.84809E-04    9.97060E-04    9.99727E-04    1.00031E-03    1.00043E-03    1.00046E-03    1.00047E-03    1.00047E-03    1.00047E-03    1.00047E-03    1.00047E-03    1.00047E-03    1.00047E-03    1.00047E-03    1.00047E-03    1.00047E-03    1.00047E-03    1.00047E-03    1.00047E-03    1.00047E-03    1.00047E-03    1.00047E-03    1.00047E-03    1.00047E-03    1.00047E-03    1.00047E-03    1.00047E-03    1.00047E-03    1.00047E-03
              4.03233E-05    9.56273E-06    2.86465E-06    1.40531E-06    1.08753E-06    1.01835E-06    1.00329E-06    1.00001E-06    9.99299E-07    9.99144E-07    9.99110E-07    9.99102E-07    9.99101E-07    9.99100E-07    9.99100E-07    9.99100E-07    9.99100E-07    9.99100E-07    9.99100E-07    9.99100E-07    9.99100E-07    9.99100E-07    9.99100E-07    9.99100E-07    9.99100E-07    9.99100E-07    9.99100E-07    9.99100E-07    9.99100E-07    9.99100E-07

          Final concentration of aqueous species:

              5.55556E+01    5.55556E+01    5.55556E+01    5.55556E+01    5.55556E+01    5.55556E+01    5.55556E+01    5.55556E+01    5.55556E+01    5.55556E+01    5.55556E+01    5.55556E+01    5.55556E+01    5.55556E+01    5.55556E+01    5.55556E+01    5.55556E+01    5.55556E+01    5.55556E+01    5.55556E+01    5.55556E+01    5.55556E+01    5.55556E+01    5.55556E+01    5.55556E+01    5.55556E+01    5.55556E+01    5.55556E+01    5.55556E+01    5.55556E+01
              6.48358E-08    8.98574E-08    9.75232E-08    9.95528E-08    1.00025E-07    1.00129E-07    1.00152E-07    1.00157E-07    1.00158E-07    1.00158E-07    1.00158E-07    1.00158E-07    1.00158E-07    1.00158E-07    1.00158E-07    1.00158E-07    1.00158E-07    1.00158E-07    1.00158E-07    1.00158E-07    1.00158E-07    1.00158E-07    1.00158E-07    1.00158E-07    1.00158E-07    1.00158E-07    1.00158E-07    1.00158E-07    1.00158E-07    1.00158E-07
              1.56466E-04    3.40580E-05    7.41340E-06    1.61367E-06    3.51248E-07    7.64563E-08    1.66422E-08    3.62252E-09    7.88513E-10    1.71636E-10    3.73600E-11    8.13224E-12    1.77022E-12    3.85403E-13    8.39688E-14    1.00000E-14    4.07372E-15    9.64961E-16    2.88276E-16    1.40982E-16    1.08921E-16    1.01942E-16    1.00423E-16    1.00092E-16    1.00020E-16    1.00004E-16    1.00001E-16    1.00000E-16    1.00000E-16    1.00000E-16
              3.21269E-04    7.77572E-05    2.47495E-05    1.32100E-05    1.06980E-05    1.01512E-05    1.00322E-05    1.00063E-05    1.00007E-05    9.99944E-06    9.99917E-06    9.99912E-06    9.99910E-06    9.99910E-06    9.99910E-06    9.99910E-06    9.99910E-06    9.99910E-06    9.99910E-06    9.99910E-06    9.99910E-06    9.99910E-06    9.99910E-06    9.99910E-06    9.99910E-06    9.99910E-06    9.99910E-06    9.99910E-06    9.99910E-06    9.99910E-06
              9.27869E-04    9.84295E-04    9.96580E-04    9.99257E-04    9.99839E-04    9.99966E-04    9.99994E-04    1.00000E-03    1.00000E-03    1.00000E-03    1.00000E-03    1.00000E-03    1.00000E-03    1.00000E-03    1.00000E-03    1.00000E-03    1.00000E-03    1.00000E-03    1.00000E-03    1.00000E-03    1.00000E-03    1.00000E-03    1.00000E-03    1.00000E-03    1.00000E-03    1.00000E-03    1.00000E-03    1.00000E-03    1.00000E-03    1.00000E-03
              4.03233E-05    9.56273E-06    2.86465E-06    1.40531E-06    1.08753E-06    1.01835E-06    1.00329E-06    1.00001E-06    9.99299E-07    9.99144E-07    9.99110E-07    9.99102E-07    9.99101E-07    9.99100E-07    9.99100E-07    9.99100E-07    9.99100E-07    9.99100E-07    9.99100E-07    9.99100E-07    9.99100E-07    9.99100E-07    9.99100E-07    9.99100E-07    9.99100E-07    9.99100E-07    9.99100E-07    9.99100E-07    9.99100E-07    9.99100E-07
              6.71230E-07    5.13773E-07    4.79297E-07    4.70786E-07    4.68838E-07    4.68408E-07    4.68314E-07    4.68294E-07    4.68289E-07    4.68288E-07    4.68288E-07    4.68288E-07    4.68288E-07    4.68288E-07    4.68288E-07    4.68288E-07    4.68288E-07    4.68288E-07    4.68288E-07    4.68288E-07    4.68288E-07    4.68288E-07    4.68288E-07    4.68288E-07    4.68288E-07    4.68288E-07    4.68288E-07    4.68288E-07    4.68288E-07    4.68288E-07

          Final activities aqueous species:

              9.99974E-01    9.99980E-01    9.99981E-01    9.99982E-01    9.99982E-01    9.99982E-01    9.99982E-01    9.99982E-01    9.99982E-01    9.99982E-01    9.99982E-01    9.99982E-01    9.99982E-01    9.99982E-01    9.99982E-01    9.99982E-01    9.99982E-01    9.99982E-01    9.99982E-01    9.99982E-01    9.99982E-01    9.99982E-01    9.99982E-01    9.99982E-01    9.99982E-01    9.99982E-01    9.99982E-01    9.99982E-01    9.99982E-01    9.99982E-01
              6.48358E-08    8.98574E-08    9.75232E-08    9.95528E-08    1.00025E-07    1.00129E-07    1.00152E-07    1.00157E-07    1.00158E-07    1.00158E-07    1.00158E-07    1.00158E-07    1.00158E-07    1.00158E-07    1.00158E-07    1.00158E-07    1.00158E-07    1.00158E-07    1.00158E-07    1.00158E-07    1.00158E-07    1.00158E-07    1.00158E-07    1.00158E-07    1.00158E-07    1.00158E-07    1.00158E-07    1.00158E-07    1.00158E-07    1.00158E-07
              1.56466E-04    3.40580E-05    7.41340E-06    1.61367E-06    3.51248E-07    7.64563E-08    1.66422E-08    3.62252E-09    7.88513E-10    1.71636E-10    3.73600E-11    8.13224E-12    1.77022E-12    3.85403E-13    8.39688E-14    1.00000E-14    4.07372E-15    9.64961E-16    2.88276E-16    1.40982E-16    1.08921E-16    1.01942E-16    1.00423E-16    1.00092E-16    1.00020E-16    1.00004E-16    1.00001E-16    1.00000E-16    1.00000E-16    1.00000E-16
              3.21269E-04    7.77572E-05    2.47495E-05    1.32100E-05    1.06980E-05    1.01512E-05    1.00322E-05    1.00063E-05    1.00007E-05    9.99944E-06    9.99917E-06    9.99912E-06    9.99910E-06    9.99910E-06    9.99910E-06    9.99910E-06    9.99910E-06    9.99910E-06    9.99910E-06    9.99910E-06    9.99910E-06    9.99910E-06    9.99910E-06    9.99910E-06    9.99910E-06    9.99910E-06    9.99910E-06    9.99910E-06    9.99910E-06    9.99910E-06
              9.27869E-04    9.84295E-04    9.96580E-04    9.99257E-04    9.99839E-04    9.99966E-04    9.99994E-04    1.00000E-03    1.00000E-03    1.00000E-03    1.00000E-03    1.00000E-03    1.00000E-03    1.00000E-03    1.00000E-03    1.00000E-03    1.00000E-03    1.00000E-03    1.00000E-03    1.00000E-03    1.00000E-03    1.00000E-03    1.00000E-03    1.00000E-03    1.00000E-03    1.00000E-03    1.00000E-03    1.00000E-03    1.00000E-03    1.00000E-03
              4.03233E-05    9.56273E-06    2.86465E-06    1.40531E-06    1.08753E-06    1.01835E-06    1.00329E-06    1.00001E-06    9.99299E-07    9.99144E-07    9.99110E-07    9.99102E-07    9.99101E-07    9.99100E-07    9.99100E-07    9.99100E-07    9.99100E-07    9.99100E-07    9.99100E-07    9.99100E-07    9.99100E-07    9.99100E-07    9.99100E-07    9.99100E-07    9.99100E-07    9.99100E-07    9.99100E-07    9.99100E-07    9.99100E-07    9.99100E-07
              6.71230E-07    5.13773E-07    4.79297E-07    4.70786E-07    4.68838E-07    4.68408E-07    4.68314E-07    4.68294E-07    4.68289E-07    4.68288E-07    4.68288E-07    4.68288E-07    4.68288E-07    4.68288E-07    4.68288E-07    4.68288E-07    4.68288E-07    4.68288E-07    4.68288E-07    4.68288E-07    4.68288E-07    4.68288E-07    4.68288E-07    4.68288E-07    4.68288E-07    4.68288E-07    4.68288E-07    4.68288E-07    4.68288E-07    4.68288E-07

          Initial volumetric fractions of minerals:


          Volumetric fractions of minerals:


          Initial concentration of minerals:


          Concentration of minerals:


          Initial concentration of surface complexes:


          Concentration of surface complexes:


          Initial activity of surface complexes:


          Activity of surface complexes:


          Initial concentration of gases:


          Concentration of gases:


          Initial partial pressures of gases:


          Partial pressures of gases:


          Initial volume of gas:


          Volume of gas:


          Aqueous equilibrium reaction amounts:

             -1.18949E-07   -2.51610E-08   -4.94870E-09   -1.55527E-09   -9.12700E-10   -7.78273E-10   -7.49281E-10   -7.42983E-10   -7.41613E-10   -7.41315E-10   -7.41250E-10   -7.41236E-10   -7.41233E-10   -7.41232E-10   -7.41232E-10   -7.41232E-10   -7.41232E-10   -7.41232E-10   -7.41232E-10   -7.41232E-10   -7.41232E-10   -7.41232E-10   -7.41232E-10   -7.41232E-10   -7.41232E-10   -7.41232E-10   -7.41232E-10   -7.41232E-10   -7.41232E-10   -7.41232E-10

          Mineral mean equilibrium reaction amounts:


          Exchange equilibrium reaction rates:


          Gas equilibrium reaction rates:

