  Integration method chemical reactions:          Euler fully implicit

  Number of targets:   11


  Time step:

      1.00000E+00

  Final time:

      1.00000E+01


  Dimension + Mixing ratios (by rows) (including boundary and sink/source terms):

      1    1.89143-307
      3    0.00000E+00    0.00000E+00    0.00000E+00
      3    0.00000E+00    0.00000E+00    0.00000E+00
      3    0.00000E+00    0.00000E+00    0.00000E+00
      3    0.00000E+00    0.00000E+00    0.00000E+00
      3    0.00000E+00    0.00000E+00    0.00000E+00
      3    0.00000E+00    0.00000E+00    0.00000E+00
      3    1.60220-306    1.33512-306    6.23060-307
      3    0.00000E+00    0.00000E+00    0.00000E+00
      3    0.00000E+00    0.00000E+00    0.00000E+00
      1    2.44770-307

  Mixing waters indices:

      1
      2    2    1
      3    3    2
      4    4    3
      5    5    4
      6    6    5
      7    7    6
      8    8    7
      9    9    8
     10   10    9
     11

  Aqueous species:

          h+             
          ch2o(aq)       
          o2(aq)         
          no3-           
          hco3-          
          co3-2          
          h2o            
  Minerals:

  Gases:

          n2(g)          
  Surface complexes:

  Equilibrium reactions:

          co3-2                         

  Kinetic reactions:

          aerobic oxidation of DOC      

          denitrification               

  Global stoichiometric matrix:

                  1.00000        0.00000        0.00000        0.00000       -1.00000        1.00000        0.00000        0.00000
                  1.00000       -1.00000       -1.00000        0.00000        1.00000        0.00000        0.00000        0.00000
                  0.20000       -1.00000        0.00000       -0.80000        1.00000        0.00000        0.40000        0.40000
  Equilibrium constants:

              4.69029E-11

  Global component matrix:

                  1.00000        0.00000        0.00000        0.00000        0.00000       -1.00000
                  0.00000        1.00000        0.00000        0.00000        0.00000        0.00000
                  0.00000        0.00000        1.00000        0.00000        0.00000        0.00000
                  0.00000        0.00000        0.00000        1.00000        0.00000        0.00000
                  0.00000        0.00000        0.00000        0.00000        1.00000        1.00000

  Initial concentration of aqueous species:

              1.22021E-08    1.07870E-07    1.07870E-07    1.07870E-07    1.07870E-07    1.07870E-07    1.07870E-07    1.07870E-07    1.07870E-07    1.07870E-07    1.07870E-07
              1.00000E-02    1.00000E-01    1.00000E-01    1.00000E-01    1.00000E-01    1.00000E-01    1.00000E-01    1.00000E-01    1.00000E-01    1.00000E-01    1.00000E-01
              1.00000E-06    1.00000E-05    1.00000E-05    1.00000E-05    1.00000E-05    1.00000E-05    1.00000E-05    1.00000E-05    1.00000E-05    1.00000E-05    1.00000E-05
              1.00000E-09    1.00000E-08    1.00000E-08    1.00000E-08    1.00000E-08    1.00000E-08    1.00000E-08    1.00000E-08    1.00000E-08    1.00000E-08    1.00000E-08
              1.00000E-01    1.00000E-02    1.00000E-02    1.00000E-02    1.00000E-02    1.00000E-02    1.00000E-02    1.00000E-02    1.00000E-02    1.00000E-02    1.00000E-02
              8.52136E-04    5.88702E-06    5.88702E-06    5.88702E-06    5.88702E-06    5.88702E-06    5.88702E-06    5.88702E-06    5.88702E-06    5.88702E-06    5.88702E-06
              5.55556E+01    5.55556E+01    5.55556E+01    5.55556E+01    5.55556E+01    5.55556E+01    5.55556E+01    5.55556E+01    5.55556E+01    5.55556E+01    5.55556E+01

  Initial activity water:

              9.98005E-01    9.98020E-01    9.98020E-01    9.98020E-01    9.98020E-01    9.98020E-01    9.98020E-01    9.98020E-01    9.98020E-01    9.98020E-01    9.98020E-01

  Initial salinity:

              6.41176E-03    3.60044E-03    3.60044E-03    3.60044E-03    3.60044E-03    3.60044E-03    3.60044E-03    3.60044E-03    3.60044E-03    3.60044E-03    3.60044E-03

  Initial pH:

              8.00000E+00    7.00000E+00    7.00000E+00    7.00000E+00    7.00000E+00    7.00000E+00    7.00000E+00    7.00000E+00    7.00000E+00    7.00000E+00    7.00000E+00

  Final concentration of aqueous species:

              6.31423E-28    6.31423E-28    6.31423E-28    6.31423E-28    6.31423E-28    6.31423E-28    6.31423E-28    6.31423E-28    6.31423E-28    6.31423E-28    6.31423E-28
              1.00000E-30    1.00000E-28    1.00000E-28    1.00000E-28    1.00000E-28    1.00000E-28    1.00000E-28    1.00000E-28    1.00000E-28    1.00000E-28    1.00000E-28
              1.00000E-34    1.00000E-32    1.00000E-32    1.00000E-32    1.00000E-32    1.00000E-32    1.00000E-32    1.00000E-32    1.00000E-32    1.00000E-32    1.00000E-32
              1.56848E-35    1.00000E-33    1.00000E-33    1.00000E-33    1.00000E-33    1.00000E-33    1.00000E-33    1.00000E-33    1.00000E-33    1.00000E-33    1.00000E-33
              1.00000E-29    1.00000E-29    1.00000E-29    1.00000E-29    1.00000E-29    1.00000E-29    1.00000E-29    1.00000E-29    1.00000E-29    1.00000E-29    1.00000E-29
              7.42818E-13    7.42818E-13    7.42818E-13    7.42818E-13    7.42818E-13    7.42818E-13    7.42818E-13    7.42818E-13    7.42818E-13    7.42818E-13    7.42818E-13
              5.55556E+01    5.55556E+01    5.55556E+01    5.55556E+01    5.55556E+01    5.55556E+01    5.55556E+01    5.55556E+01    5.55556E+01    5.55556E+01    5.55556E+01

  Final concentration of aqueous species (transposed):

              6.31423E-28    1.00000E-30    1.00000E-34    1.56848E-35    1.00000E-29    7.42818E-13    5.55556E+01
              6.31423E-28    1.00000E-28    1.00000E-32    1.00000E-33    1.00000E-29    7.42818E-13    5.55556E+01
              6.31423E-28    1.00000E-28    1.00000E-32    1.00000E-33    1.00000E-29    7.42818E-13    5.55556E+01
              6.31423E-28    1.00000E-28    1.00000E-32    1.00000E-33    1.00000E-29    7.42818E-13    5.55556E+01
              6.31423E-28    1.00000E-28    1.00000E-32    1.00000E-33    1.00000E-29    7.42818E-13    5.55556E+01
              6.31423E-28    1.00000E-28    1.00000E-32    1.00000E-33    1.00000E-29    7.42818E-13    5.55556E+01
              6.31423E-28    1.00000E-28    1.00000E-32    1.00000E-33    1.00000E-29    7.42818E-13    5.55556E+01
              6.31423E-28    1.00000E-28    1.00000E-32    1.00000E-33    1.00000E-29    7.42818E-13    5.55556E+01
              6.31423E-28    1.00000E-28    1.00000E-32    1.00000E-33    1.00000E-29    7.42818E-13    5.55556E+01
              6.31423E-28    1.00000E-28    1.00000E-32    1.00000E-33    1.00000E-29    7.42818E-13    5.55556E+01
              6.31423E-28    1.00000E-28    1.00000E-32    1.00000E-33    1.00000E-29    7.42818E-13    5.55556E+01

  Final activity coefficients aqueous species:

              9.99999E-01    9.99999E-01    9.99999E-01    9.99999E-01    9.99999E-01    9.99999E-01    9.99999E-01    9.99999E-01    9.99999E-01    9.99999E-01    9.99999E-01
              1.00000E+00    1.00000E+00    1.00000E+00    1.00000E+00    1.00000E+00    1.00000E+00    1.00000E+00    1.00000E+00    1.00000E+00    1.00000E+00    1.00000E+00
              1.00000E+00    1.00000E+00    1.00000E+00    1.00000E+00    1.00000E+00    1.00000E+00    1.00000E+00    1.00000E+00    1.00000E+00    1.00000E+00    1.00000E+00
              9.99999E-01    9.99999E-01    9.99999E-01    9.99999E-01    9.99999E-01    9.99999E-01    9.99999E-01    9.99999E-01    9.99999E-01    9.99999E-01    9.99999E-01
              9.99999E-01    9.99999E-01    9.99999E-01    9.99999E-01    9.99999E-01    9.99999E-01    9.99999E-01    9.99999E-01    9.99999E-01    9.99999E-01    9.99999E-01
              9.99994E-01    9.99994E-01    9.99994E-01    9.99994E-01    9.99994E-01    9.99994E-01    9.99994E-01    9.99994E-01    9.99994E-01    9.99994E-01    9.99994E-01
              1.80000E-02    1.80000E-02    1.80000E-02    1.80000E-02    1.80000E-02    1.80000E-02    1.80000E-02    1.80000E-02    1.80000E-02    1.80000E-02    1.80000E-02

  Activity water:

              1.00000E+00    1.00000E+00    1.00000E+00    1.00000E+00    1.00000E+00    1.00000E+00    1.00000E+00    1.00000E+00    1.00000E+00    1.00000E+00    1.00000E+00

  Final salinity:

              4.45759E-14    4.45759E-14    4.45759E-14    4.45759E-14    4.45759E-14    4.45759E-14    4.45759E-14    4.45759E-14    4.45759E-14    4.45759E-14    4.45759E-14

  Final pH:

              2.71997E+01    2.71997E+01    2.71997E+01    2.71997E+01    2.71997E+01    2.71997E+01    2.71997E+01    2.71997E+01    2.71997E+01    2.71997E+01    2.71997E+01

  Kinetic reaction rates:

              1.56848E-69    1.00000E-65    1.00000E-65    1.00000E-65    1.00000E-65    1.00000E-65    1.00000E-65    1.00000E-65    1.00000E-65    1.00000E-65    1.00000E-65
              1.00000E-63    1.00000E-61    1.00000E-61    1.00000E-61    1.00000E-61    1.00000E-61    1.00000E-61    1.00000E-61    1.00000E-61    1.00000E-61    1.00000E-61

  Initial concentration of components:

             -8.52124E-04   -5.77915E-06   -5.77915E-06   -5.77915E-06   -5.77915E-06   -5.77915E-06   -5.77915E-06   -5.77915E-06   -5.77915E-06   -5.77915E-06   -5.77915E-06
              1.00000E-02    1.00000E-01    1.00000E-01    1.00000E-01    1.00000E-01    1.00000E-01    1.00000E-01    1.00000E-01    1.00000E-01    1.00000E-01    1.00000E-01
              1.00000E-06    1.00000E-05    1.00000E-05    1.00000E-05    1.00000E-05    1.00000E-05    1.00000E-05    1.00000E-05    1.00000E-05    1.00000E-05    1.00000E-05
              1.00000E-09    1.00000E-08    1.00000E-08    1.00000E-08    1.00000E-08    1.00000E-08    1.00000E-08    1.00000E-08    1.00000E-08    1.00000E-08    1.00000E-08
              1.00852E-01    1.00059E-02    1.00059E-02    1.00059E-02    1.00059E-02    1.00059E-02    1.00059E-02    1.00059E-02    1.00059E-02    1.00059E-02    1.00059E-02

  Concentration of components:

             -7.42818E-13   -7.42818E-13   -7.42818E-13   -7.42818E-13   -7.42818E-13   -7.42818E-13   -7.42818E-13   -7.42818E-13   -7.42818E-13   -7.42818E-13   -7.42818E-13
              1.00000E-30    1.00000E-28    1.00000E-28    1.00000E-28    1.00000E-28    1.00000E-28    1.00000E-28    1.00000E-28    1.00000E-28    1.00000E-28    1.00000E-28
              1.00000E-34    1.00000E-32    1.00000E-32    1.00000E-32    1.00000E-32    1.00000E-32    1.00000E-32    1.00000E-32    1.00000E-32    1.00000E-32    1.00000E-32
              1.56848E-35    1.00000E-33    1.00000E-33    1.00000E-33    1.00000E-33    1.00000E-33    1.00000E-33    1.00000E-33    1.00000E-33    1.00000E-33    1.00000E-33
              7.42818E-13    7.42818E-13    7.42818E-13    7.42818E-13    7.42818E-13    7.42818E-13    7.42818E-13    7.42818E-13    7.42818E-13    7.42818E-13    7.42818E-13

          Initial concentration of gases:

              4.08740E-02    4.08740E-02    4.08740E-02    4.08740E-02    4.08740E-02    4.08740E-02    4.08740E-02    4.08740E-02    4.08740E-02    4.08740E-02    4.08740E-02

          Concentration of gases:

              4.08740E-02    4.08740E-02    4.08740E-02    4.08740E-02    4.08740E-02    4.08740E-02    4.08740E-02    4.08740E-02    4.08740E-02    4.08740E-02    4.08740E-02

          Initial partial pressures of gases:

              1.00000E+00    1.00000E+00    1.00000E+00    1.00000E+00    1.00000E+00    1.00000E+00    1.00000E+00    1.00000E+00    1.00000E+00    1.00000E+00    1.00000E+00

          Partial pressures of gases:

              1.00000E+00    1.00000E+00    1.00000E+00    1.00000E+00    1.00000E+00    1.00000E+00    1.00000E+00    1.00000E+00    1.00000E+00    1.00000E+00    1.00000E+00

          Initial volume of gas:

              1.00000E+00    1.00000E+00    1.00000E+00    1.00000E+00    1.00000E+00    1.00000E+00    1.00000E+00    1.00000E+00    1.00000E+00    1.00000E+00    1.00000E+00

          Volume of gas:

              1.00000E+00    1.00000E+00    1.00000E+00    1.00000E+00    1.00000E+00    1.00000E+00    1.00000E+00    1.00000E+00    1.00000E+00    1.00000E+00    1.00000E+00
