  Integration method chemical reactions:          Euler fully implicit

  Number of targets:   11


  Time step:

      1.00000E+01

  Final time:

      1.00000E+03


  Dimension + Mixing ratios (by rows) (including boundary and sink/source terms):

     11    1.00000E+00    0.00000E+00    0.00000E+00    0.00000E+00    0.00000E+00    0.00000E+00    0.00000E+00    0.00000E+00    0.00000E+00    0.00000E+00    0.00000E+00
     11    8.57163E-01    8.83449E-02    5.12350E-02    3.06246E-03    1.83052E-04    1.09415E-05    6.54007E-07    3.90918E-08    2.33663E-09    1.39710E-10    8.83212E-12
     11    8.61689E-01    7.80483E-03    7.57260E-02    5.15056E-02    3.07864E-03    1.84019E-04    1.09993E-05    6.57460E-07    3.92983E-08    2.34969E-09    1.48542E-10
     11    8.61713E-01    6.89517E-04    6.69001E-03    7.61259E-02    5.15070E-02    3.07872E-03    1.84024E-04    1.09996E-05    6.57480E-07    3.93114E-08    2.48517E-09
     11    8.61713E-01    6.09153E-05    5.91028E-04    6.72533E-03    7.61280E-02    5.15070E-02    3.07872E-03    1.84024E-04    1.09996E-05    6.57680E-07    4.15770E-08
     11    8.61713E-01    5.38156E-06    5.22143E-05    5.94149E-04    6.72552E-03    7.61280E-02    5.15070E-02    3.07872E-03    1.84024E-04    1.10030E-05    6.95584E-07
     11    8.61713E-01    4.75433E-07    4.61287E-06    5.24901E-05    5.94166E-04    6.72552E-03    7.61280E-02    5.15070E-02    3.07873E-03    1.84080E-04    1.16371E-05
     11    8.61713E-01    4.20021E-08    4.07524E-07    4.63723E-06    5.24915E-05    5.94166E-04    6.72552E-03    7.61280E-02    5.15071E-02    3.07966E-03    1.94689E-04
     11    8.61715E-01    3.71068E-09    3.60027E-08    4.09676E-07    4.63737E-06    5.24916E-05    5.94167E-04    6.72553E-03    7.61281E-02    5.15228E-02    3.25715E-03
     11    8.61977E-01    3.27919E-10    3.18162E-09    3.62038E-08    4.09812E-07    4.63878E-06    5.25076E-05    5.94347E-04    6.72758E-03    7.61513E-02    5.44922E-02
     11    9.11655E-01    3.06396E-11    2.97280E-10    3.38276E-09    3.82914E-08    4.33431E-07    4.90612E-06    5.55337E-05    6.28601E-04    7.11531E-03    8.05401E-02

  Mixing waters indices:

      1    2    3    4    5    6    7    8    9   10   11
      2    1    3    4    5    6    7    8    9   10   11
      3    1    2    4    5    6    7    8    9   10   11
      4    1    2    3    5    6    7    8    9   10   11
      5    1    2    3    4    6    7    8    9   10   11
      6    1    2    3    4    5    7    8    9   10   11
      7    1    2    3    4    5    6    8    9   10   11
      8    1    2    3    4    5    6    7    9   10   11
      9    1    2    3    4    5    6    7    8   10   11
     10    1    2    3    4    5    6    7    8    9   11
     11    1    2    3    4    5    6    7    8    9   10

  Aqueous species:

          ca+2           
          h+             
          so4-2          
          h2o            
  Minerals:

          gypsum         
  Gases:

  Surface complexes:

  Equilibrium reactions:

          gypsum                        

  Kinetic reactions:

  Global stoichiometric matrix:

                 -1.00000        0.00000       -1.00000        0.00000        1.00000
  Equilibrium constants:

              3.03599E+04

  Global component matrix:

                  1.00000        0.00000       -1.00000
                  0.00000        1.00000        0.00000

  Initial concentration of aqueous species:

              5.50293E-01    1.39269E+00    1.39269E+00    1.39269E+00    1.39269E+00    1.39269E+00    1.39269E+00    1.39269E+00    1.39269E+00    1.39269E+00    1.39269E+00
              1.23740E-08    7.81481E-08    7.81481E-08    7.81481E-08    7.81481E-08    7.81481E-08    7.81481E-08    7.81481E-08    7.81481E-08    7.81481E-08    7.81481E-08
              3.29000E-04    3.29000E-06    3.29000E-06    3.29000E-06    3.29000E-06    3.29000E-06    3.29000E-06    3.29000E-06    3.29000E-06    3.29000E-06    3.29000E-06
              5.55556E+01    5.55556E+01    5.55556E+01    5.55556E+01    5.55556E+01    5.55556E+01    5.55556E+01    5.55556E+01    5.55556E+01    5.55556E+01    5.55556E+01

  Initial activity water:

              9.90089E-01    9.74932E-01    9.74932E-01    9.74932E-01    9.74932E-01    9.74932E-01    9.74932E-01    9.74932E-01    9.74932E-01    9.74932E-01    9.74932E-01

  Initial salinity:

              2.16090E-02    5.28656E-02    5.28656E-02    5.28656E-02    5.28656E-02    5.28656E-02    5.28656E-02    5.28656E-02    5.28656E-02    5.28656E-02    5.28656E-02

  Initial pH:

              8.00000E+00    7.00000E+00    7.00000E+00    7.00000E+00    7.00000E+00    7.00000E+00    7.00000E+00    7.00000E+00    7.00000E+00    7.00000E+00    7.00000E+00

  Final concentration of aqueous species:

              5.50293E-01    6.09275E-01    6.86201E-01    7.77153E-01    8.76030E-01    9.75700E-01    1.06932E+00    1.15137E+00    1.21800E+00    1.26651E+00    1.29382E+00
              1.23740E-08    1.69844E-08    2.29949E-08    3.00985E-08    3.78190E-08    4.56001E-08    5.29083E-08    5.93128E-08    6.45135E-08    6.83000E-08    7.04317E-08
              3.29000E-04    2.40271E-04    1.59019E-04    9.72744E-05    5.68087E-05    3.29337E-05    1.96900E-05    1.25256E-05    8.66714E-06    6.62585E-06    5.69522E-06
              5.55556E+01    5.55556E+01    5.55556E+01    5.55556E+01    5.55556E+01    5.55556E+01    5.55556E+01    5.55556E+01    5.55556E+01    5.55556E+01    5.55556E+01

  Final activity coefficients aqueous species:

              4.26535E-01    4.74343E-01    5.49413E-01    6.60081E-01    8.13547E-01    1.01244E+00    1.25076E+00    1.51127E+00    1.76640E+00    1.98118E+00    2.11426E+00
              8.08144E-01    8.29895E-01    8.60944E-01    9.01362E-01    9.49720E-01    1.00310E+00    1.05753E+00    1.10876E+00    1.15285E+00    1.18640E+00    1.20584E+00
              4.26535E-01    4.74343E-01    5.49413E-01    6.60081E-01    8.13547E-01    1.01244E+00    1.25076E+00    1.51127E+00    1.76640E+00    1.98118E+00    2.11426E+00
              1.78216E-02    1.78025E-02    1.77776E-02    1.77482E-02    1.77161E-02    1.76839E-02    1.76535E-02    1.76270E-02    1.76054E-02    1.75896E-02    1.75808E-02

  Activity water:

              9.90089E-01    9.89029E-01    9.87646E-01    9.86009E-01    9.84230E-01    9.82437E-01    9.80752E-01    9.79275E-01    9.78076E-01    9.77203E-01    9.76711E-01

  Final salinity:

              2.16090E-02    2.38585E-02    2.67799E-02    3.02147E-02    3.39238E-02    3.76355E-02    4.10968E-02    4.41103E-02    4.65438E-02    4.83078E-02    4.92980E-02

  Final pH:

              8.00000E+00    7.85093E+00    7.70339E+00    7.56656E+00    7.44469E+00    7.33969E+00    7.25218E+00    7.18202E+00    7.12858E+00    7.09135E+00    7.07094E+00

  Kinetic reaction rates:


  Reactive zone    1:

          Non-flowing species:

                    gypsum         

          Number of equilibrium reactions:         1

          Stoichiometric matrix:

                 -1.00000        0.00000       -1.00000        0.00000        1.00000

          Equilibrium constants:

              3.03599E+04

          Primary species:

                    ca+2           
                    h+             
          Component matrix:

                  1.00000        0.00000       -1.00000
                  0.00000        1.00000        0.00000

          Initial concentration of components:

              5.49964E-01    1.39268E+00    1.39268E+00    1.39268E+00    1.39268E+00    1.39268E+00    1.39268E+00    1.39268E+00    1.39268E+00    1.39268E+00    1.39268E+00
              1.23740E-08    7.81481E-08    7.81481E-08    7.81481E-08    7.81481E-08    7.81481E-08    7.81481E-08    7.81481E-08    7.81481E-08    7.81481E-08    7.81481E-08

          Concentration of components:

              5.49964E-01    6.09034E-01    6.86042E-01    7.77056E-01    8.75974E-01    9.75668E-01    1.06930E+00    1.15136E+00    1.21799E+00    1.26650E+00    1.29382E+00
              1.23740E-08    1.69844E-08    2.29949E-08    3.00985E-08    3.78190E-08    4.56001E-08    5.29083E-08    5.93128E-08    6.45135E-08    6.83000E-08    7.04317E-08

          Initial volumetric fractions of minerals:

              7.00000E-01    7.00021E-01    7.00009E-01    7.00004E-01    7.00002E-01    7.00001E-01    7.00000E-01    7.00000E-01    7.00000E-01    7.00000E-01    7.00000E-01

          Volumetric fractions of minerals:

              7.00000E-01    7.00021E-01    7.00009E-01    7.00004E-01    7.00002E-01    7.00001E-01    7.00000E-01    7.00000E-01    7.00000E-01    7.00000E-01    7.00000E-01

          Initial concentration of minerals:

              1.00000E+00    1.00039E+00    1.00017E+00    1.00008E+00    1.00003E+00    1.00002E+00    1.00001E+00    1.00000E+00    1.00000E+00    1.00000E+00    1.00000E+00

          Concentration of minerals:

              1.00000E+00    1.00039E+00    1.00017E+00    1.00008E+00    1.00003E+00    1.00002E+00    1.00001E+00    1.00000E+00    1.00000E+00    1.00000E+00    1.00000E+00

          Concentration of surface complexes:


          Concentration of gases:


          Initial partial pressures of gases:


          Partial pressures of gases:


          Initial volume of gas:


          Volume of gas:


          Aqueous equilibrium reaction rates:


          Mineral equilibrium reaction rates:

              0.00000E+00    7.02020E-08    7.95825E-08    6.70851E-08    4.61235E-08    2.70907E-08    1.41441E-08    6.75444E-09    2.95837E-09    1.11867E-09    3.14763E-10

          Gas equilibrium reaction rates:

