  Integration method chemical reactions:          Euler fully implicit

  Number of targets:   11


  Time step:

      1.00000E+00

  Final time:

      1.00000E+01


  Dimension + Mixing ratios (by rows) (including boundary and sink/source terms):

     11    1.00000E+00    0.00000E+00    0.00000E+00    0.00000E+00    0.00000E+00    0.00000E+00    0.00000E+00    0.00000E+00    0.00000E+00    0.00000E+00    0.00000E+00
     11    9.83082E-01    1.01323E-02    6.73938E-03    4.62008E-05    3.16723E-07    2.17125E-09    1.48847E-11    1.02040E-13    6.99520E-16    4.79546E-18    3.30992E-20
     11    9.83150E-01    1.02663E-04    9.96088E-03    6.73984E-03    4.62040E-05    3.16745E-07    2.17140E-09    1.48857E-11    1.02047E-13    6.99569E-16    4.82856E-18
     11    9.83150E-01    1.04022E-06    1.00927E-04    9.96157E-03    6.73985E-03    4.62040E-05    3.16745E-07    2.17140E-09    1.48857E-11    1.02047E-13    7.04349E-16
     11    9.83150E-01    1.05398E-08    1.02262E-06    1.00934E-04    9.96157E-03    6.73985E-03    4.62040E-05    3.16745E-07    2.17140E-09    1.48857E-11    1.02744E-13
     11    9.83150E-01    1.06792E-10    1.03615E-08    1.02269E-06    1.00934E-04    9.96157E-03    6.73985E-03    4.62040E-05    3.16745E-07    2.17140E-09    1.49874E-11
     11    9.83150E-01    1.08205E-12    1.04985E-10    1.03622E-08    1.02269E-06    1.00934E-04    9.96157E-03    6.73985E-03    4.62040E-05    3.16745E-07    2.18624E-09
     11    9.83150E-01    1.09637E-14    1.06374E-12    1.04993E-10    1.03622E-08    1.02269E-06    1.00934E-04    9.96157E-03    6.73985E-03    4.62041E-05    3.18909E-07
     11    9.83150E-01    1.11087E-16    1.07782E-14    1.06382E-12    1.04993E-10    1.03622E-08    1.02269E-06    1.00934E-04    9.96157E-03    6.73985E-03    4.65197E-05
     11    9.83151E-01    1.12557E-18    1.09208E-16    1.07789E-14    1.06382E-12    1.04993E-10    1.03622E-08    1.02269E-06    1.00934E-04    9.96157E-03    6.78590E-03
     11    9.89868E-01    1.14825E-20    1.11408E-18    1.09961E-16    1.08526E-14    1.07109E-12    1.05710E-10    1.04330E-08    1.02968E-06    1.01623E-04    1.00296E-02

  Mixing waters indices:

      1    2    3    4    5    6    7    8    9   10   11
      2    1    3    4    5    6    7    8    9   10   11
      3    1    2    4    5    6    7    8    9   10   11
      4    1    2    3    5    6    7    8    9   10   11
      5    1    2    3    4    6    7    8    9   10   11
      6    1    2    3    4    5    7    8    9   10   11
      7    1    2    3    4    5    6    8    9   10   11
      8    1    2    3    4    5    6    7    9   10   11
      9    1    2    3    4    5    6    7    8   10   11
     10    1    2    3    4    5    6    7    8    9   11
     11    1    2    3    4    5    6    7    8    9   10

  Aqueous species:

          h+             
          na+            
          k+             
          h2o            
  Minerals:

  Gases:

  Surface complexes:

          x-             
          x-na           
          x-k            
  Equilibrium reactions:

          x-na                          

          x-k                           

  Kinetic reactions:

  Global stoichiometric matrix:

                  0.00000       -1.00000        0.00000       -1.00000        1.00000        0.00000        0.00000
                  0.00000        0.00000       -1.00000       -1.00000        0.00000        1.00000        0.00000
  Equilibrium constants:

              1.00000E+20
              5.01187E+20

  Global component matrix:

                  1.00000        0.00000        0.00000        0.00000        0.00000        0.00000
                  0.00000        1.00000        0.00000        0.00000        1.00000        0.00000
                  0.00000        0.00000        1.00000        0.00000        0.00000        1.00000
                  0.00000        0.00000        0.00000        1.00000        1.00000        1.00000

  Initial concentration of aqueous species:

              1.00000E-06    1.00000E-07    1.00000E-07    1.00000E-07    1.00000E-07    1.00000E-07    1.00000E-07    1.00000E-07    1.00000E-07    1.00000E-07    1.00000E-07
              1.00000E-10    1.00000E-09    1.00000E-09    1.00000E-09    1.00000E-09    1.00000E-09    1.00000E-09    1.00000E-09    1.00000E-09    1.00000E-09    1.00000E-09
              1.00000E-10    1.00000E-09    1.00000E-09    1.00000E-09    1.00000E-09    1.00000E-09    1.00000E-09    1.00000E-09    1.00000E-09    1.00000E-09    1.00000E-09
              5.55556E+01    5.55556E+01    5.55556E+01    5.55556E+01    5.55556E+01    5.55556E+01    5.55556E+01    5.55556E+01    5.55556E+01    5.55556E+01    5.55556E+01

  Initial activity water:

              1.00000E+00    1.00000E+00    1.00000E+00    1.00000E+00    1.00000E+00    1.00000E+00    1.00000E+00    1.00000E+00    1.00000E+00    1.00000E+00    1.00000E+00

  Initial salinity:

              1.01200E-09    1.41795E-10    1.41795E-10    1.41795E-10    1.41795E-10    1.41795E-10    1.41795E-10    1.41795E-10    1.41795E-10    1.41795E-10    1.41795E-10

  Initial pH:

              6.00036E+00    7.00011E+00    7.00011E+00    7.00011E+00    7.00011E+00    7.00011E+00    7.00011E+00    7.00011E+00    7.00011E+00    7.00011E+00    7.00011E+00

  Final concentration of aqueous species:

              1.00000E-06    1.00000E-07    1.00000E-07    1.00000E-07    1.00000E-07    1.00000E-07    1.00000E-07    1.00000E-07    1.00000E-07    1.00000E-07    1.00000E-07
              1.00000E-10    1.00000E-09    1.00000E-09    1.00000E-09    1.00000E-09    1.00000E-09    1.00000E-09    1.00000E-09    1.00000E-09    1.00000E-09    1.00000E-09
              1.00000E-10    1.00000E-09    1.00000E-09    1.00000E-09    1.00000E-09    1.00000E-09    1.00000E-09    1.00000E-09    1.00000E-09    1.00000E-09    1.00000E-09
              5.55556E+01    5.55556E+01    5.55556E+01    5.55556E+01    5.55556E+01    5.55556E+01    5.55556E+01    5.55556E+01    5.55556E+01    5.55556E+01    5.55556E+01

  Final activity coefficients aqueous species:

              9.99172E-01    9.99735E-01    9.99735E-01    9.99735E-01    9.99735E-01    9.99735E-01    9.99735E-01    9.99735E-01    9.99735E-01    9.99735E-01    9.99735E-01
              9.99172E-01    9.99735E-01    9.99735E-01    9.99735E-01    9.99735E-01    9.99735E-01    9.99735E-01    9.99735E-01    9.99735E-01    9.99735E-01    9.99735E-01
              9.99172E-01    9.99735E-01    9.99735E-01    9.99735E-01    9.99735E-01    9.99735E-01    9.99735E-01    9.99735E-01    9.99735E-01    9.99735E-01    9.99735E-01
              1.80000E-02    1.80000E-02    1.80000E-02    1.80000E-02    1.80000E-02    1.80000E-02    1.80000E-02    1.80000E-02    1.80000E-02    1.80000E-02    1.80000E-02

  Activity water:

              1.00000E+00    1.00000E+00    1.00000E+00    1.00000E+00    1.00000E+00    1.00000E+00    1.00000E+00    1.00000E+00    1.00000E+00    1.00000E+00    1.00000E+00

  Final salinity:

              1.01200E-09    1.41795E-10    1.41795E-10    1.41795E-10    1.41795E-10    1.41795E-10    1.41795E-10    1.41795E-10    1.41795E-10    1.41795E-10    1.41795E-10

  Final pH:

              6.00036E+00    7.00011E+00    7.00011E+00    7.00011E+00    7.00011E+00    7.00011E+00    7.00011E+00    7.00011E+00    7.00011E+00    7.00011E+00    7.00011E+00

  Kinetic reaction rates:


  Reactive zone    1:

          Non-flowing species:

                    x-             

                    x-na           

                    x-k            

          Number of equilibrium reactions:         2

          Stoichiometric matrix:

                  0.00000       -1.00000        0.00000       -1.00000        1.00000        0.00000        0.00000
                  0.00000        0.00000       -1.00000       -1.00000        0.00000        1.00000        0.00000

          Equilibrium constants:

              1.00000E+20
              5.01187E+20

          Primary species:

                    h+             
                    na+            
                    k+             
                    x-             
          Component matrix (De Simoni):

                  1.00000        0.00000        0.00000        0.00000        0.00000        0.00000
                  0.00000        1.00000        0.00000        0.00000        1.00000        0.00000
                  0.00000        0.00000        1.00000        0.00000        0.00000        1.00000
                  0.00000        0.00000        0.00000        1.00000        1.00000        1.00000

          Initial concentration of components:

              1.00000E-06    1.00000E-07    1.00000E-07    1.00000E-07    1.00000E-07    1.00000E-07    1.00000E-07    1.00000E-07    1.00000E-07    1.00000E-07    1.00000E-07
              9.99272E-07    9.99835E-06    9.99835E-06    9.99835E-06    9.99835E-06    9.99835E-06    9.99835E-06    9.99835E-06    9.99835E-06    9.99835E-06    9.99835E-06
              5.00782E-06    5.01065E-05    5.01065E-05    5.01065E-05    5.01065E-05    5.01065E-05    5.01065E-05    5.01065E-05    5.01065E-05    5.01065E-05    5.01065E-05
              6.00689E-06    6.01028E-05    6.01028E-05    6.01028E-05    6.01028E-05    6.01028E-05    6.01028E-05    6.01028E-05    6.01028E-05    6.01028E-05    6.01028E-05

          Concentration of components:

              1.00000E-06    1.00000E-07    1.00000E-07    1.00000E-07    1.00000E-07    1.00000E-07    1.00000E-07    1.00000E-07    1.00000E-07    1.00000E-07    1.00000E-07
              9.99272E-07    9.99835E-06    9.99835E-06    9.99835E-06    9.99835E-06    9.99835E-06    9.99835E-06    9.99835E-06    9.99835E-06    9.99835E-06    9.99835E-06
              5.00782E-06    5.01065E-05    5.01065E-05    5.01065E-05    5.01065E-05    5.01065E-05    5.01065E-05    5.01065E-05    5.01065E-05    5.01065E-05    5.01065E-05
              6.00689E-06    6.01028E-05    6.01028E-05    6.01028E-05    6.01028E-05    6.01028E-05    6.01028E-05    6.01028E-05    6.01028E-05    6.01028E-05    6.01028E-05

          Volumetric fractions of minerals:


          Concentration of minerals:


          Concentration of surface complexes:

              1.00000E-16    1.00000E-16    1.00000E-16    1.00000E-16    1.00000E-16    1.00000E-16    1.00000E-16    1.00000E-16    1.00000E-16    1.00000E-16    1.00000E-16
              9.99172E-07    9.99735E-06    9.99735E-06    9.99735E-06    9.99735E-06    9.99735E-06    9.99735E-06    9.99735E-06    9.99735E-06    9.99735E-06    9.99735E-06
              5.00772E-06    5.01055E-05    5.01055E-05    5.01055E-05    5.01055E-05    5.01055E-05    5.01055E-05    5.01055E-05    5.01055E-05    5.01055E-05    5.01055E-05

          Concentration of gases:


          Partial pressures of gases:


          Initial volume of gas:


          Volume of gas:


          Aqueous equilibrium reaction rates:


          Mineral equilibrium reaction rates:


          Gas equilibrium reaction rates:

