  Integration method chemical reactions:          Euler fully implicit

  Number of targets:   11


  Time step:

      1.00000E+01

  Final time:

      7.30000E+02


  Dimension + Mixing ratios (by rows) (including boundary and sink/source terms):

     11    1.00000E+00    0.00000E+00    0.00000E+00    0.00000E+00    0.00000E+00    0.00000E+00    0.00000E+00    0.00000E+00    0.00000E+00    0.00000E+00    0.00000E+00
     11    1.03788E-03    8.96730E-01    9.19559E-04    8.02299E-04    6.85969E-04    5.70432E-04    4.55555E-04    3.41206E-04    2.27251E-04    1.13560E-04    9.81158E-02
     11    1.84018E-03    7.94499E-01    9.19559E-04    1.60553E-03    1.37273E-03    1.14152E-03    9.11638E-04    6.82807E-04    4.54766E-04    2.27251E-04    1.96345E-01
     11    2.41061E-03    6.93187E-01    8.02299E-04    1.60553E-03    2.06108E-03    1.71394E-03    1.36878E-03    1.02520E-03    6.82807E-04    3.41206E-04    2.94802E-01
     11    2.75182E-03    5.92677E-01    6.85969E-04    1.37273E-03    2.06108E-03    2.28833E-03    1.82750E-03    1.36878E-03    9.11638E-04    4.55555E-04    3.93600E-01
     11    2.86538E-03    4.92853E-01    5.70432E-04    1.14152E-03    1.71394E-03    2.28833E-03    2.28833E-03    1.71394E-03    1.14152E-03    5.70432E-04    4.92853E-01
     11    2.75182E-03    3.93600E-01    4.55555E-04    9.11638E-04    1.36878E-03    1.82750E-03    2.28833E-03    2.06108E-03    1.37273E-03    6.85969E-04    5.92677E-01
     11    2.41061E-03    2.94802E-01    3.41206E-04    6.82807E-04    1.02520E-03    1.36878E-03    1.71394E-03    2.06108E-03    1.60553E-03    8.02299E-04    6.93187E-01
     11    1.84018E-03    1.96345E-01    2.27251E-04    4.54766E-04    6.82807E-04    9.11638E-04    1.14152E-03    1.37273E-03    1.60553E-03    9.19559E-04    7.94499E-01
     11    1.03788E-03    9.81158E-02    1.13560E-04    2.27251E-04    3.41206E-04    4.55555E-04    5.70432E-04    6.85969E-04    8.02299E-04    9.19559E-04    8.96730E-01
     11    1.00000E+00    0.00000E+00    0.00000E+00    0.00000E+00    0.00000E+00    0.00000E+00    0.00000E+00    0.00000E+00    0.00000E+00    0.00000E+00    0.00000E+00

  Mixing waters indices:

      1    2    3    4    5    6    7    8    9   10   11
      2    1    3    4    5    6    7    8    9   10   11
      3    1    2    4    5    6    7    8    9   10   11
      4    1    2    3    5    6    7    8    9   10   11
      5    1    2    3    4    6    7    8    9   10   11
      6    1    2    3    4    5    7    8    9   10   11
      7    1    2    3    4    5    6    8    9   10   11
      8    1    2    3    4    5    6    7    9   10   11
      9    1    2    3    4    5    6    7    8   10   11
     10    1    2    3    4    5    6    7    8    9   11
     11    1    2    3    4    5    6    7    8    9   10

  Aqueous species:

          ca+2           
          cl-            
          hco3-          
          h+             
          co3-2          
          co2(aq)        
          h2o            
  Minerals:

          calcite        
  Gases:

          co2(g)         
  Surface complexes:

  Equilibrium reactions:

          calcite                       

          co3-2                         

          co2(aq)                       

          co2(g)                        

  Kinetic reactions:

  Global stoichiometric matrix:

                 -1.00000        0.00000       -1.00000        1.00000        0.00000        0.00000        0.00000        0.00000        1.00000
                  0.00000        0.00000       -1.00000        1.00000        1.00000        0.00000        0.00000        0.00000        0.00000
                  0.00000        0.00000       -1.00000       -1.00000        0.00000        1.00000        0.00000        0.00000        0.00000
                  0.00000        0.00000       -1.00000       -1.00000        0.00000        0.00000        1.00000        1.00000        0.00000
  Equilibrium constants:

              1.41677E-02
              4.69029E-11
              2.21157E+06
              6.51028E+07

  Global component matrix:

                  1.00000        0.00000        0.00000        1.00000       -1.00000        1.00000        1.00000
                  0.00000        1.00000        0.00000        0.00000        0.00000        0.00000        0.00000
                  0.00000        0.00000        1.00000        1.00000        0.00000        2.00000        2.00000

  Initial concentration of aqueous species:

              1.55206E-03    1.55206E-03    1.55206E-03    1.55206E-03    1.55206E-03    1.55206E-03    1.55206E-03    1.55206E-03    1.55206E-03    1.55206E-03    6.98378E-03
              1.00000E-16    1.00000E-16    1.00000E-16    1.00000E-16    1.00000E-16    1.00000E-16    1.00000E-16    1.00000E-16    1.00000E-16    1.00000E-16    5.66000E-01
              3.29991E-03    3.29991E-03    3.29991E-03    3.29991E-03    3.29991E-03    3.29991E-03    3.29991E-03    3.29991E-03    3.29991E-03    3.29991E-03    3.28235E-03
              5.39687E-08    5.39687E-08    5.39687E-08    5.39687E-08    5.39687E-08    5.39687E-08    5.39687E-08    5.39687E-08    5.39687E-08    5.39687E-08    9.42573E-08
              3.85592E-06    3.85592E-06    3.85592E-06    3.85592E-06    3.85592E-06    3.85592E-06    3.85592E-06    3.85592E-06    3.85592E-06    3.85592E-06    5.62768E-06
              3.39672E-04    3.39672E-04    3.39672E-04    3.39672E-04    3.39672E-04    3.39672E-04    3.39672E-04    3.39672E-04    3.39672E-04    3.39672E-04    3.68612E-04
              5.55556E+01    5.55556E+01    5.55556E+01    5.55556E+01    5.55556E+01    5.55556E+01    5.55556E+01    5.55556E+01    5.55556E+01    5.55556E+01    5.55556E+01

  Initial activity water:

              9.99906E-01    9.99906E-01    9.99906E-01    9.99906E-01    9.99906E-01    9.99906E-01    9.99906E-01    9.99906E-01    9.99906E-01    9.99906E-01    9.89620E-01

  Initial salinity:

              2.78657E-04    2.78657E-04    2.78657E-04    2.78657E-04    2.78657E-04    2.78657E-04    2.78657E-04    2.78657E-04    2.78657E-04    2.78657E-04    2.01486E-02

  Initial pH:

              7.30000E+00    7.30000E+00    7.30000E+00    7.30000E+00    7.30000E+00    7.30000E+00    7.30000E+00    7.30000E+00    7.30000E+00    7.30000E+00    7.16000E+00

  Final concentration of aqueous species:

              1.55206E-03    2.19296E-03    2.75171E-03    3.29346E-03    3.82800E-03    4.35862E-03    4.88678E-03    5.41324E-03    5.93842E-03    6.46261E-03    6.98378E-03
              1.00000E-16    5.66000E-02    1.13200E-01    1.69800E-01    2.26400E-01    2.83000E-01    3.39600E-01    3.96200E-01    4.52800E-01    5.09400E-01    5.66000E-01
              3.29991E-03    3.48977E-03    3.51808E-03    3.51330E-03    3.49456E-03    3.46825E-03    3.43719E-03    3.40282E-03    3.36598E-03    3.32718E-03    3.28235E-03
              5.39687E-08    5.46186E-08    5.82530E-08    6.23969E-08    6.67332E-08    7.11742E-08    7.56907E-08    8.02737E-08    8.49211E-08    8.96338E-08    9.42573E-08
              3.85592E-06    5.94900E-06    6.66923E-06    6.93837E-06    6.97546E-06    6.87742E-06    6.69645E-06    6.46383E-06    6.19961E-06    5.91722E-06    5.62768E-06
              3.39672E-04    2.99188E-04    2.95379E-04    2.99107E-04    3.06037E-04    3.14713E-04    3.24492E-04    3.35043E-04    3.46173E-04    3.57760E-04    3.68612E-04
              5.55556E+01    5.55556E+01    5.55556E+01    5.55556E+01    5.55556E+01    5.55556E+01    5.55556E+01    5.55556E+01    5.55556E+01    5.55556E+01    5.55556E+01

  Final activity coefficients aqueous species:

              7.43757E-01    5.03747E-01    4.24728E-01    3.80623E-01    3.52109E-01    3.32325E-01    3.18065E-01    3.07593E-01    2.99869E-01    2.94230E-01    2.90229E-01
              9.28662E-01    8.42468E-01    8.07287E-01    7.85459E-01    7.70317E-01    7.59260E-01    7.50981E-01    7.44722E-01    7.40002E-01    7.36498E-01    7.33981E-01
              9.28662E-01    8.42468E-01    8.07287E-01    7.85459E-01    7.70317E-01    7.59260E-01    7.50981E-01    7.44722E-01    7.40002E-01    7.36498E-01    7.33981E-01
              9.28662E-01    8.42468E-01    8.07287E-01    7.85459E-01    7.70317E-01    7.59260E-01    7.50981E-01    7.44722E-01    7.40002E-01    7.36498E-01    7.33981E-01
              7.43757E-01    5.03747E-01    4.24728E-01    3.80623E-01    3.52109E-01    3.32325E-01    3.18065E-01    3.07593E-01    2.99869E-01    2.94230E-01    2.90229E-01
              1.00000E+00    1.00000E+00    1.00000E+00    1.00000E+00    1.00000E+00    1.00000E+00    1.00000E+00    1.00000E+00    1.00000E+00    1.00000E+00    1.00000E+00
              1.79983E-02    1.79797E-02    1.79612E-02    1.79427E-02    1.79242E-02    1.79057E-02    1.78872E-02    1.78687E-02    1.78502E-02    1.78317E-02    1.78132E-02

  Activity water:

              9.99906E-01    9.98873E-01    9.97844E-01    9.96816E-01    9.95787E-01    9.94759E-01    9.93731E-01    9.92704E-01    9.91676E-01    9.90648E-01    9.89620E-01

  Final salinity:

              2.78657E-04    2.31560E-03    4.33274E-03    6.33937E-03    8.33694E-03    1.03259E-02    1.23067E-02    1.42792E-02    1.62438E-02    1.82003E-02    2.01486E-02

  Final pH:

              7.30000E+00    7.33711E+00    7.32765E+00    7.30971E+00    7.28899E+00    7.26729E+00    7.24533E+00    7.22343E+00    7.20175E+00    7.18036E+00    7.16000E+00

  Kinetic reaction rates:


  Reactive zone    1:

          Non-flowing species:

                    calcite        

                    co2(g)         

          Number of equilibrium reactions:         4

          Stoichiometric matrix:

                 -1.00000        0.00000       -1.00000        1.00000        0.00000        0.00000        0.00000        0.00000        1.00000
                  0.00000        0.00000       -1.00000        1.00000        1.00000        0.00000        0.00000        0.00000        0.00000
                  0.00000        0.00000       -1.00000       -1.00000        0.00000        1.00000        0.00000        0.00000        0.00000
                  0.00000        0.00000       -1.00000       -1.00000        0.00000        0.00000        1.00000        1.00000        0.00000

          Equilibrium constants:

              1.41677E-02
              4.69029E-11
              2.21157E+06
              6.51028E+07

          Primary species:

                    ca+2           
                    cl-            
                    hco3-          
          Component matrix:

                  1.00000        0.00000        0.00000        1.00000       -1.00000        1.00000        1.00000
                  0.00000        1.00000        0.00000        0.00000        0.00000        0.00000        0.00000
                  0.00000        0.00000        1.00000        1.00000        0.00000        2.00000        2.00000

          Initial concentration of components:

              2.29667E-03    2.19575E-03    2.18304E-03    2.18834E-03    2.20119E-03    2.21813E-03    2.23760E-03    2.25884E-03    2.28140E-03    2.30500E-03    7.79503E-03
              1.00000E-16    1.00000E-16    1.00000E-16    1.00000E-16    1.00000E-16    1.00000E-16    1.00000E-16    1.00000E-16    1.00000E-16    1.00000E-16    5.66000E-01
              4.79678E-03    4.59495E-03    4.56953E-03    4.58011E-03    4.60583E-03    4.63969E-03    4.67865E-03    4.72112E-03    4.76624E-03    4.81344E-03    4.91601E-03

          Concentration of components:

              2.29667E-03    2.79408E-03    3.33559E-03    3.88610E-03    4.44039E-03    4.99672E-03    5.55432E-03    6.11281E-03    6.67195E-03    7.23161E-03    7.79503E-03
              1.00000E-16    5.66000E-02    1.13200E-01    1.69800E-01    2.26400E-01    2.83000E-01    3.39600E-01    3.96200E-01    4.52800E-01    5.09400E-01    5.66000E-01
              4.79678E-03    4.70385E-03    4.69912E-03    4.71239E-03    4.73322E-03    4.75814E-03    4.78559E-03    4.81481E-03    4.84535E-03    4.87693E-03    4.91601E-03

          Initial volumetric fractions of minerals:

              7.00000E-01    6.99921E-01    6.99909E-01    6.99910E-01    6.99917E-01    6.99928E-01    6.99940E-01    6.99953E-01    6.99967E-01    6.99982E-01    7.00000E-01

          Volumetric fractions of minerals:

              7.00000E-01    6.99921E-01    6.99909E-01    6.99910E-01    6.99917E-01    6.99928E-01    6.99940E-01    6.99953E-01    6.99967E-01    6.99982E-01    7.00000E-01

          Initial concentration of minerals:

              1.00000E+00    9.96957E-01    9.96481E-01    9.96533E-01    9.96807E-01    9.97199E-01    9.97665E-01    9.98182E-01    9.98737E-01    9.99322E-01    1.00000E+00

          Concentration of minerals:

              1.00000E+00    9.96957E-01    9.96481E-01    9.96533E-01    9.96807E-01    9.97199E-01    9.97665E-01    9.98182E-01    9.98737E-01    9.99322E-01    1.00000E+00

          Concentration of surface complexes:


          Concentration of gases:

              4.08740E-04    3.07821E-04    2.95113E-04    3.00404E-04    3.13262E-04    3.30194E-04    3.49671E-04    3.70909E-04    3.93465E-04    4.17068E-04    4.48175E-04

          Initial partial pressures of gases:

              1.00000E-02    8.80733E-03    8.69519E-03    8.80494E-03    9.00894E-03    9.26434E-03    9.55222E-03    9.86282E-03    1.01905E-02    1.05315E-02    1.09648E-02

          Partial pressures of gases:

              1.00000E-02    8.80733E-03    8.69519E-03    8.80494E-03    9.00894E-03    9.26434E-03    9.55222E-03    9.86282E-03    1.01905E-02    1.05315E-02    1.09648E-02

          Initial volume of gas:

              1.00000E+00    1.00000E+00    1.00000E+00    1.00000E+00    1.00000E+00    1.00000E+00    1.00000E+00    1.00000E+00    1.00000E+00    1.00000E+00    1.00000E+00

          Volume of gas:

              1.00000E+00    1.00000E+00    1.00000E+00    1.00000E+00    1.00000E+00    1.00000E+00    1.00000E+00    1.00000E+00    1.00000E+00    1.00000E+00    1.00000E+00

          Aqueous equilibrium reaction rates:

              0.00000E+00    5.71556E-08    7.31923E-08    7.57809E-08    7.14956E-08    6.32392E-08    5.25681E-08    4.04084E-08    2.73475E-08    1.37731E-08    0.00000E+00
              0.00000E+00    1.62235E-06    1.88214E-06    1.86057E-06    1.72068E-06    1.51761E-06    1.27565E-06    1.00718E-06    7.19160E-07    4.15728E-07    0.00000E+00

          Mineral equilibrium reaction rates:

              0.00000E+00   -2.91731E-06   -3.37335E-06   -3.32361E-06   -3.06120E-06   -2.68478E-06   -2.23770E-06   -1.74210E-06   -1.21043E-06   -6.50204E-07    0.00000E+00

          Gas equilibrium reaction rates:

              0.00000E+00   -1.56509E-06   -1.80883E-06   -1.78468E-06   -1.64909E-06   -1.45428E-06   -1.22301E-06   -9.66718E-07   -6.91774E-07   -4.01937E-07    0.00000E+00
