  Integration method chemical reactions:          Euler fully implicit

  Number of targets:   11


  Time step:

      1.00000E+01

  Final time:

      1.80000E+02


  Dimension + Mixing ratios (by rows) (including boundary and sink/source terms):

     11    1.00000E+00    0.00000E+00    0.00000E+00    0.00000E+00    0.00000E+00    0.00000E+00    0.00000E+00    0.00000E+00    0.00000E+00    0.00000E+00    0.00000E+00
     11    8.57163E-01    8.83449E-02    5.12350E-02    3.06246E-03    1.83052E-04    1.09415E-05    6.54007E-07    3.90918E-08    2.33656E-09    1.38929E-10    9.68801E-12
     11    8.61689E-01    7.80483E-03    7.57260E-02    5.15056E-02    3.07864E-03    1.84019E-04    1.09993E-05    6.57460E-07    3.92972E-08    2.33656E-09    1.62936E-10
     11    8.61713E-01    6.89517E-04    6.69001E-03    7.61259E-02    5.15070E-02    3.07872E-03    1.84024E-04    1.09996E-05    6.57460E-07    3.90918E-08    2.72600E-09
     11    8.61713E-01    6.09153E-05    5.91028E-04    6.72533E-03    7.61280E-02    5.15070E-02    3.07872E-03    1.84024E-04    1.09993E-05    6.54007E-07    4.56061E-08
     11    8.61713E-01    5.38156E-06    5.22143E-05    5.94149E-04    6.72552E-03    7.61280E-02    5.15070E-02    3.07872E-03    1.84019E-04    1.09415E-05    7.62990E-07
     11    8.61713E-01    4.75433E-07    4.61287E-06    5.24901E-05    5.94166E-04    6.72552E-03    7.61280E-02    5.15070E-02    3.07864E-03    1.83052E-04    1.27648E-05
     11    8.61713E-01    4.20021E-08    4.07524E-07    4.63723E-06    5.24915E-05    5.94166E-04    6.72552E-03    7.61280E-02    5.15056E-02    3.06246E-03    2.13556E-04
     11    8.61689E-01    3.71057E-09    3.60016E-08    4.09664E-07    4.63723E-06    5.24901E-05    5.94149E-04    6.72533E-03    7.61259E-02    5.12350E-02    3.57279E-03
     11    8.57163E-01    3.26088E-10    3.16386E-09    3.60016E-08    4.07524E-07    4.61287E-06    5.22143E-05    5.91028E-04    6.69001E-03    7.57260E-02    5.97728E-02
     11    1.00000E+00    0.00000E+00    0.00000E+00    0.00000E+00    0.00000E+00    0.00000E+00    0.00000E+00    0.00000E+00    0.00000E+00    0.00000E+00    0.00000E+00

  Mixing waters indices:

      1    2    3    4    5    6    7    8    9   10   11
      2    1    3    4    5    6    7    8    9   10   11
      3    1    2    4    5    6    7    8    9   10   11
      4    1    2    3    5    6    7    8    9   10   11
      5    1    2    3    4    6    7    8    9   10   11
      6    1    2    3    4    5    7    8    9   10   11
      7    1    2    3    4    5    6    8    9   10   11
      8    1    2    3    4    5    6    7    9   10   11
      9    1    2    3    4    5    6    7    8   10   11
     10    1    2    3    4    5    6    7    8    9   11
     11    1    2    3    4    5    6    7    8    9   10

  Aqueous species:

          h+             
          ca+2           
          hco3-          
          so4-2          
          h2o            
  Minerals:

          gypsum         
          calcite        
  Gases:

  Surface complexes:

  Equilibrium reactions:

          gypsum                        

          calcite                       

  Kinetic reactions:

  Global stoichiometric matrix:

                  0.00000       -1.00000        0.00000       -1.00000        0.00000        1.00000        0.00000
                  1.00000       -1.00000       -1.00000        0.00000        0.00000        0.00000        1.00000
  Equilibrium constants:

              3.03599E+04
              1.41677E-02

  Global component matrix:

                  1.00000        0.00000        1.00000        0.00000
                  0.00000        1.00000       -1.00000       -1.00000

  Initial concentration of aqueous species:

              7.07880E-09    3.17106E-08    3.17106E-08    3.17106E-08    3.17106E-08    3.17106E-08    3.17106E-08    3.17106E-08    3.17106E-08    3.17106E-08    3.17106E-08
              1.55462E+00    2.80447E+00    2.80447E+00    2.80447E+00    2.80447E+00    2.80447E+00    2.80447E+00    2.80447E+00    2.80447E+00    2.80447E+00    2.80447E+00
              8.07000E-08    8.07000E-09    8.07000E-09    8.07000E-09    8.07000E-09    8.07000E-09    8.07000E-09    8.07000E-09    8.07000E-09    8.07000E-09    8.07000E-09
              1.33583E-06    1.20085E-09    1.20085E-09    1.20085E-09    1.20085E-09    1.20085E-09    1.20085E-09    1.20085E-09    1.20085E-09    1.20085E-09    1.20085E-09
              5.55000E+01    5.55000E+01    5.55000E+01    5.55000E+01    5.55000E+01    5.55000E+01    5.55000E+01    5.55000E+01    5.55000E+01    5.55000E+01    5.55000E+01

  Initial activity water:

              9.72017E-01    9.49520E-01    9.49520E-01    9.49520E-01    9.49520E-01    9.49520E-01    9.49520E-01    9.49520E-01    9.49520E-01    9.49520E-01    9.49520E-01

  Initial salinity:

              5.86519E-02    1.01041E-01    1.01041E-01    1.01041E-01    1.01041E-01    1.01041E-01    1.01041E-01    1.01041E-01    1.01041E-01    1.01041E-01    1.01041E-01

  Initial pH:

              8.00000E+00    7.00000E+00    7.00000E+00    7.00000E+00    7.00000E+00    7.00000E+00    7.00000E+00    7.00000E+00    7.00000E+00    7.00000E+00    7.00000E+00

  Final concentration of aqueous species:

              7.07880E-09    1.73809E-08    2.87520E-08    3.24037E-08    3.23782E-08    3.19962E-08    3.18052E-08    3.17379E-08    3.17178E-08    3.17123E-08    3.17106E-08
              1.55462E+00    1.97518E+00    2.35510E+00    2.60054E+00    2.72479E+00    2.77702E+00    2.79597E+00    2.80207E+00    2.80384E+00    2.80432E+00    2.80447E+00
              8.07000E-08    5.42473E-08    2.82861E-08    1.52090E-08    1.04633E-08    8.84082E-09    8.30290E-09    8.13534E-09    8.08703E-09    8.07402E-09    8.07000E-09
              1.33583E-06    1.27210E-07    1.50702E-08    3.78771E-09    1.88132E-09    1.40174E-09    1.25979E-09    1.21723E-09    1.20511E-09    1.20185E-09    1.20085E-09
              5.55000E+01    5.55000E+01    5.55000E+01    5.55000E+01    5.55000E+01    5.55000E+01    5.55000E+01    5.55000E+01    5.55000E+01    5.55000E+01    5.55000E+01

  Final activity coefficients aqueous species:

              1.41267E+00    1.83949E+00    2.34934E+00    2.75761E+00    2.99218E+00    3.09693E+00    3.13588E+00    3.14852E+00    3.15221E+00    3.15321E+00    3.15352E+00
              3.98255E+00    1.14495E+01    3.04639E+01    5.78269E+01    8.01590E+01    9.19872E+01    9.67020E+01    9.82707E+01    9.87326E+01    9.88577E+01    9.88964E+01
              1.41267E+00    1.83949E+00    2.34934E+00    2.75761E+00    2.99218E+00    3.09693E+00    3.13588E+00    3.14852E+00    3.15221E+00    3.15321E+00    3.15352E+00
              3.98255E+00    1.14495E+01    3.04639E+01    5.78269E+01    8.01590E+01    9.19872E+01    9.67020E+01    9.82707E+01    9.87326E+01    9.88577E+01    9.88964E+01
              1.75138E-02    1.73774E-02    1.72542E-02    1.71746E-02    1.71343E-02    1.71174E-02    1.71112E-02    1.71092E-02    1.71087E-02    1.71085E-02    1.71085E-02

  Activity water:

              9.72017E-01    9.64447E-01    9.57608E-01    9.53190E-01    9.50954E-01    9.50014E-01    9.49673E-01    9.49563E-01    9.49531E-01    9.49522E-01    9.49520E-01

  Final salinity:

              5.86519E-02    7.33543E-02    8.62471E-02    9.43869E-02    9.84528E-02    1.00151E-01    1.00765E-01    1.00963E-01    1.01020E-01    1.01036E-01    1.01041E-01

  Final pH:

              8.00000E+00    7.49523E+00    7.17039E+00    7.04887E+00    7.01376E+00    7.00397E+00    7.00114E+00    7.00032E+00    7.00008E+00    7.00002E+00    7.00000E+00

  Kinetic reaction rates:


  Reactive zone    1:

          Non-flowing species:

                    gypsum         

                    calcite        

          Number of equilibrium reactions:         2

          Stoichiometric matrix:

                  0.00000       -1.00000        0.00000       -1.00000        0.00000        1.00000        0.00000
                  1.00000       -1.00000       -1.00000        0.00000        0.00000        0.00000        1.00000

          Equilibrium constants:

              3.03599E+04
              1.41677E-02

          Primary species:

                    h+             
                    ca+2           
          Component matrix:

                  1.00000        0.00000        1.00000        0.00000
                  0.00000        1.00000       -1.00000       -1.00000

          Initial concentration of components:

              8.77788E-08    3.97806E-08    3.97806E-08    3.97806E-08    3.97806E-08    3.97806E-08    3.97806E-08    3.97806E-08    3.97806E-08    3.97806E-08    3.97806E-08
              1.55462E+00    2.80447E+00    2.80447E+00    2.80447E+00    2.80447E+00    2.80447E+00    2.80447E+00    2.80447E+00    2.80447E+00    2.80447E+00    2.80447E+00

          Concentration of components:

              8.77788E-08    7.16282E-08    5.70380E-08    4.76128E-08    4.28414E-08    4.08370E-08    4.01081E-08    3.98732E-08    3.98048E-08    3.97863E-08    3.97806E-08
              1.55462E+00    1.97518E+00    2.35510E+00    2.60054E+00    2.72479E+00    2.77702E+00    2.79597E+00    2.80207E+00    2.80384E+00    2.80432E+00    2.80447E+00

          Initial volumetric fractions of minerals:

              7.00000E-01    7.00000E-01    7.00000E-01    7.00000E-01    7.00000E-01    7.00000E-01    0.00000E+00    0.00000E+00    0.00000E+00    0.00000E+00    0.00000E+00
              0.00000E+00    0.00000E+00    0.00000E+00    0.00000E+00    0.00000E+00    0.00000E+00    7.00000E-01    7.00000E-01    7.00000E-01    7.00000E-01    7.00000E-01

          Volumetric fractions of minerals:

              7.00000E-01    7.00000E-01    7.00000E-01    7.00000E-01    7.00000E-01    7.00000E-01    5.04719E-13    4.92323E-14    3.23431E-15    0.00000E+00    0.00000E+00
              0.00000E+00    9.37123E-11    9.43216E-11    3.19008E-11    6.63895E-12    1.05775E-12    7.00000E-01    7.00000E-01    7.00000E-01    7.00000E-01    7.00000E-01

          Initial concentration of minerals:

              1.00000E+00    1.00000E+00    1.00000E+00    1.00000E+00    1.00000E+00    1.00000E+00    0.00000E+00    0.00000E+00    0.00000E+00    0.00000E+00    0.00000E+00
              0.00000E+00    0.00000E+00    0.00000E+00    0.00000E+00    0.00000E+00    0.00000E+00    1.00000E+00    1.00000E+00    1.00000E+00    1.00000E+00    1.00000E+00

          Concentration of minerals:

              1.00000E+00    1.00000E+00    1.00000E+00    1.00000E+00    1.00000E+00    1.00000E+00    5.49569E+01    5.61007E+01    4.15065E+01    0.00000E+00    0.00000E+00
              0.00000E+00    5.06413E+01    1.04064E+02    1.33471E+02    1.51657E+02    1.63801E+02    1.00000E+00    1.00000E+00    1.00000E+00    1.00000E+00    1.00000E+00

          Concentration of surface complexes:


          Concentration of gases:


          Initial partial pressures of gases:


          Partial pressures of gases:


          Initial volume of gas:


          Volume of gas:


          Aqueous equilibrium reaction rates:


          Mineral equilibrium reaction rates:

              0.00000E+00    2.72122E-09    4.73278E-10    5.96946E-11    7.04412E-12    8.24565E-13    9.52033E-14    1.05820E-14    1.11498E-15    0.00000E+00    0.00000E+00
              0.00000E+00   -5.88854E-12    1.04682E-11    8.93249E-12    2.76044E-12    5.61840E-13    8.87847E-14    1.18613E-14    1.38648E-15    0.00000E+00    0.00000E+00

          Gas equilibrium reaction rates:

