  Number of targets:   30


  Time step:

      1.00000E-04

  Final time:

      1.00000E-01


  Dimension + Mixing ratios (by rows) (including boundary and sink/source terms):

     31    3.89385E-01    1.55754E-01    2.09792E-01    1.13031E-01    6.08988E-02    3.28110E-02    1.76778E-02    9.52443E-03    5.13155E-03    2.76477E-03    1.48960E-03    8.02563E-04    4.32403E-04    2.32969E-04    1.25519E-04    6.76268E-05    3.64359E-05    1.96308E-05    1.05767E-05    5.69849E-06    3.07024E-06    1.65420E-06    8.91284E-07    4.80265E-07    2.58857E-07    1.39630E-07    7.54983E-08    4.11165E-08    2.28728E-08    1.35027E-08    9.20642E-09
     31    3.07695E-01    9.51057E-02    2.37764E-01    1.65779E-01    8.93183E-02    4.81227E-02    2.59275E-02    1.39692E-02    7.52628E-03    4.05500E-03    2.18474E-03    1.17709E-03    6.34191E-04    3.41689E-04    1.84094E-04    9.91860E-05    5.34393E-05    2.87919E-05    1.55125E-05    8.35779E-06    4.50301E-06    2.42616E-06    1.30722E-06    7.04389E-07    3.79656E-07    2.04791E-07    1.10731E-07    6.03043E-08    3.35468E-08    1.98040E-08    1.35027E-08
     31    2.80820E-01    5.80730E-02    1.45182E-01    1.87883E-01    1.51300E-01    8.15170E-02    4.39196E-02    2.36629E-02    1.27491E-02    6.86892E-03    3.70082E-03    1.99392E-03    1.07428E-03    5.78800E-04    3.11845E-04    1.68015E-04    9.05229E-05    4.87718E-05    2.62772E-05    1.41576E-05    7.62783E-06    4.10977E-06    2.21435E-06    1.19319E-06    6.43115E-07    3.46904E-07    1.87571E-07    1.02152E-07    5.68263E-08    3.35468E-08    2.28728E-08
     31    2.71979E-01    3.54603E-02    8.86506E-02    1.14724E-01    1.71473E-01    1.46536E-01    7.89505E-02    4.25368E-02    2.29179E-02    1.23477E-02    6.65265E-03    3.58430E-03    1.93114E-03    1.04046E-03    5.60576E-04    3.02026E-04    1.62725E-04    8.76728E-05    4.72362E-05    2.54499E-05    1.37119E-05    7.38778E-06    3.98054E-06    2.14490E-06    1.15607E-06    6.23599E-07    3.37181E-07    1.83630E-07    1.02152E-07    6.03043E-08    4.11165E-08
     31    2.69070E-01    2.16526E-02    5.41314E-02    7.00525E-02    1.04704E-01    1.66074E-01    1.44969E-01    7.81061E-02    4.20819E-02    2.26728E-02    1.22156E-02    6.58151E-03    3.54597E-03    1.91049E-03    1.02933E-03    5.54581E-04    2.98796E-04    1.60985E-04    8.67352E-05    4.67311E-05    2.51778E-05    1.35654E-05    7.30907E-06    3.93847E-06    2.12278E-06    1.14505E-06    6.19132E-07    3.37181E-07    1.87571E-07    1.10731E-07    7.54983E-08
     31    2.68113E-01    1.32214E-02    3.30535E-02    4.27751E-02    6.39339E-02    1.01408E-01    1.64298E-01    1.44453E-01    7.78284E-02    4.19322E-02    2.25922E-02    1.21722E-02    6.55810E-03    3.53336E-03    1.90370E-03    1.02567E-03    5.52609E-04    2.97734E-04    1.60413E-04    8.64269E-05    4.65651E-05    2.50886E-05    1.35178E-05    7.28401E-06    3.92598E-06    2.11772E-06    1.14505E-06    6.23599E-07    3.46904E-07    2.04791E-07    1.39630E-07
     31    2.67798E-01    8.07318E-03    2.01830E-02    2.61191E-02    3.90390E-02    6.19210E-02    1.00323E-01    1.63714E-01    1.44284E-01    7.77370E-02    4.18830E-02    2.25656E-02    1.21579E-02    6.55040E-03    3.52921E-03    1.90146E-03    1.02447E-03    5.51960E-04    2.97384E-04    1.60224E-04    8.63258E-05    4.65111E-05    2.50602E-05    1.35036E-05    7.27827E-06    3.92598E-06    2.12278E-06    1.15607E-06    6.43115E-07    3.79656E-07    2.58857E-07
     31    2.67695E-01    4.92961E-03    1.23240E-02    1.59487E-02    2.38378E-02    3.78099E-02    6.12588E-02    9.99662E-02    1.63522E-01    1.44228E-01    7.77069E-02    4.18668E-02    2.25569E-02    1.21532E-02    6.54786E-03    3.52785E-03    1.90073E-03    1.02407E-03    5.51747E-04    2.97270E-04    1.60163E-04    8.62936E-05    4.64951E-05    2.50537E-05    1.35036E-05    7.28401E-06    3.93847E-06    2.14490E-06    1.19319E-06    7.04389E-07    4.80265E-07
     31    2.67661E-01    3.01010E-03    7.52524E-03    9.73854E-03    1.45557E-02    2.30873E-02    3.74055E-02    6.10409E-02    9.98488E-02    1.63458E-01    1.44210E-01    7.76970E-02    4.18615E-02    2.25540E-02    1.21516E-02    6.54703E-03    3.52740E-03    1.90049E-03    1.02394E-03    5.51678E-04    2.97233E-04    1.60145E-04    8.62862E-05    4.64951E-05    2.50602E-05    1.35178E-05    7.30907E-06    3.98054E-06    2.21435E-06    1.30722E-06    8.91284E-07
     31    2.67649E-01    1.83801E-03    4.59503E-03    5.94650E-03    8.88796E-03    1.40975E-02    2.28404E-02    3.72725E-02    6.09692E-02    9.98102E-02    1.63438E-01    1.44204E-01    7.76938E-02    4.18597E-02    2.25531E-02    1.21511E-02    6.54676E-03    3.52725E-03    1.90041E-03    1.02390E-03    5.51657E-04    2.97225E-04    1.60145E-04    8.62936E-05    4.65111E-05    2.50886E-05    1.35654E-05    7.38778E-06    4.10977E-06    2.42616E-06    1.65420E-06
     31    2.67646E-01    1.12232E-03    2.80579E-03    3.63103E-03    5.42712E-03    8.60812E-03    1.39467E-02    2.27592E-02    3.72287E-02    6.09456E-02    9.97975E-02    1.63431E-01    1.44202E-01    7.76927E-02    4.18591E-02    2.25528E-02    1.21510E-02    6.54667E-03    3.52720E-03    1.90038E-03    1.02389E-03    5.51657E-04    2.97233E-04    1.60163E-04    8.63258E-05    4.65651E-05    2.51778E-05    1.37119E-05    7.62783E-06    4.50301E-06    3.07024E-06
     31    2.67644E-01    6.85304E-04    1.71326E-03    2.21716E-03    3.31388E-03    5.25625E-03    8.51606E-03    1.38971E-02    2.27324E-02    3.72143E-02    6.09379E-02    9.97933E-02    1.63429E-01    1.44201E-01    7.76924E-02    4.18589E-02    2.25527E-02    1.21509E-02    6.54664E-03    3.52719E-03    1.90038E-03    1.02390E-03    5.51678E-04    2.97270E-04    1.60224E-04    8.64269E-05    4.67311E-05    2.54499E-05    1.41576E-05    8.35779E-06    5.69849E-06
     31    2.67644E-01    4.18457E-04    1.04614E-03    1.35383E-03    2.02351E-03    3.20955E-03    5.20004E-03    8.48578E-03    1.38808E-02    2.27236E-02    3.72096E-02    6.09353E-02    9.97920E-02    1.63428E-01    1.44201E-01    7.76922E-02    4.18589E-02    2.25527E-02    1.21509E-02    6.54664E-03    3.52720E-03    1.90041E-03    1.02394E-03    5.51747E-04    2.97384E-04    1.60413E-04    8.67352E-05    4.72362E-05    2.62772E-05    1.55125E-05    1.05767E-05
     31    2.67644E-01    2.55516E-04    6.38791E-04    8.26670E-04    1.23558E-03    1.95980E-03    3.17522E-03    5.18154E-03    8.47581E-03    1.38754E-02    2.27208E-02    3.72080E-02    6.09345E-02    9.97915E-02    1.63428E-01    1.44201E-01    7.76922E-02    4.18589E-02    2.25527E-02    1.21509E-02    6.54667E-03    3.52725E-03    1.90049E-03    1.02407E-03    5.51960E-04    2.97734E-04    1.60985E-04    8.76728E-05    4.87718E-05    2.87919E-05    1.96308E-05
     31    2.67644E-01    1.56022E-04    3.90055E-04    5.04778E-04    7.54467E-04    1.19668E-03    1.93884E-03    3.16393E-03    5.17546E-03    8.47253E-03    1.38736E-02    2.27198E-02    3.72075E-02    6.09342E-02    9.97914E-02    1.63427E-01    1.44201E-01    7.76922E-02    4.18589E-02    2.25527E-02    1.21510E-02    6.54676E-03    3.52740E-03    1.90073E-03    1.02447E-03    5.52609E-04    2.98796E-04    1.62725E-04    9.05229E-05    5.34393E-05    3.64359E-05
     31    2.67644E-01    9.52695E-05    2.38174E-04    3.08225E-04    4.60689E-04    7.30713E-04    1.18389E-03    1.93194E-03    3.16022E-03    5.17346E-03    8.47146E-03    1.38731E-02    2.27195E-02    3.72074E-02    6.09341E-02    9.97913E-02    1.63427E-01    1.44201E-01    7.76922E-02    4.18589E-02    2.25528E-02    1.21511E-02    6.54703E-03    3.52785E-03    1.90146E-03    1.02567E-03    5.54581E-04    3.02026E-04    1.68015E-04    9.91860E-05    6.76268E-05
     31    2.67644E-01    5.81730E-05    1.45433E-04    1.88207E-04    2.81304E-04    4.46185E-04    7.22898E-04    1.17967E-03    1.92968E-03    3.15899E-03    5.17280E-03    8.47110E-03    1.38729E-02    2.27194E-02    3.72073E-02    6.09341E-02    9.97913E-02    1.63427E-01    1.44201E-01    7.76924E-02    4.18591E-02    2.25531E-02    1.21516E-02    6.54786E-03    3.52921E-03    1.90370E-03    1.02933E-03    5.60576E-04    3.11845E-04    1.84094E-04    1.25519E-04
     31    2.67644E-01    3.55214E-05    8.88034E-05    1.14922E-04    1.71768E-04    2.72447E-04    4.41413E-04    7.20328E-04    1.17829E-03    1.92893E-03    3.15859E-03    5.17259E-03    8.47099E-03    1.38728E-02    2.27194E-02    3.72073E-02    6.09341E-02    9.97914E-02    1.63428E-01    1.44201E-01    7.76927E-02    4.18597E-02    2.25540E-02    1.21532E-02    6.55040E-03    3.53336E-03    1.91049E-03    1.04046E-03    5.78800E-04    3.41689E-04    2.32969E-04
     31    2.67644E-01    2.16899E-05    5.42248E-05    7.01733E-05    1.04885E-04    1.66361E-04    2.69534E-04    4.39844E-04    7.19483E-04    1.17784E-03    1.92869E-03    3.15847E-03    5.17252E-03    8.47096E-03    1.38728E-02    2.27194E-02    3.72074E-02    6.09342E-02    9.97915E-02    1.63428E-01    1.44202E-01    7.76938E-02    4.18615E-02    2.25569E-02    1.21579E-02    6.55810E-03    3.54597E-03    1.93114E-03    1.07428E-03    6.34191E-04    4.32403E-04
     31    2.67646E-01    1.32443E-05    3.31106E-05    4.28491E-05    6.40444E-05    1.01583E-04    1.64582E-04    2.68577E-04    4.39329E-04    7.19208E-04    1.17769E-03    1.92862E-03    3.15844E-03    5.17252E-03    8.47099E-03    1.38729E-02    2.27195E-02    3.72075E-02    6.09345E-02    9.97920E-02    1.63429E-01    1.44204E-01    7.76970E-02    4.18668E-02    2.25656E-02    1.21722E-02    6.58151E-03    3.58430E-03    1.99392E-03    1.17709E-03    8.02563E-04
     31    2.67649E-01    8.08725E-06    2.02181E-05    2.61646E-05    3.91071E-05    6.20289E-05    1.00498E-04    1.63999E-04    2.68265E-04    4.39166E-04    7.19127E-04    1.17766E-03    1.92862E-03    3.15847E-03    5.17259E-03    8.47110E-03    1.38731E-02    2.27198E-02    3.72080E-02    6.09353E-02    9.97933E-02    1.63431E-01    1.44210E-01    7.77069E-02    4.18830E-02    2.25922E-02    1.22156E-02    6.65265E-03    3.70082E-03    2.18474E-03    1.48960E-03
     31    2.67661E-01    4.93841E-06    1.23460E-05    1.59772E-05    2.38804E-05    3.78774E-05    6.13681E-05    1.00145E-04    1.63814E-04    2.68172E-04    4.39128E-04    7.19127E-04    1.17769E-03    1.92869E-03    3.15859E-03    5.17280E-03    8.47146E-03    1.38736E-02    2.27208E-02    3.72096E-02    6.09379E-02    9.97975E-02    1.63438E-01    1.44228E-01    7.77370E-02    4.19322E-02    2.26728E-02    1.23477E-02    6.86892E-03    4.05500E-03    2.76477E-03
     31    2.67695E-01    3.01585E-06    7.53963E-06    9.75717E-06    1.45836E-05    2.31315E-05    3.74771E-05    6.11576E-05    1.00040E-04    1.63771E-04    2.68172E-04    4.39166E-04    7.19208E-04    1.17784E-03    1.92893E-03    3.15899E-03    5.17346E-03    8.47253E-03    1.38754E-02    2.27236E-02    3.72143E-02    6.09456E-02    9.98102E-02    1.63458E-01    1.44284E-01    7.78284E-02    4.20819E-02    2.29179E-02    1.27491E-02    7.52628E-03    5.13155E-03
     31    2.67798E-01    1.84224E-06    4.60559E-06    5.96018E-06    8.90840E-06    1.41299E-05    2.28929E-05    3.73582E-05    6.11095E-05    1.00040E-04    1.63814E-04    2.68265E-04    4.39329E-04    7.19483E-04    1.17829E-03    1.92968E-03    3.16022E-03    5.17546E-03    8.47581E-03    1.38808E-02    2.27324E-02    3.72287E-02    6.09692E-02    9.98488E-02    1.63522E-01    1.44453E-01    7.81061E-02    4.25368E-02    2.36629E-02    1.39692E-02    9.52443E-03
     31    2.68113E-01    1.12622E-06    2.81555E-06    3.64366E-06    5.44600E-06    8.63806E-06    1.39952E-05    2.28383E-05    3.73582E-05    6.11576E-05    1.00145E-04    1.63999E-04    2.68577E-04    4.39844E-04    7.20328E-04    1.17967E-03    1.93194E-03    3.16393E-03    5.18154E-03    8.48578E-03    1.38971E-02    2.27592E-02    3.72725E-02    6.10409E-02    9.99662E-02    1.63714E-01    1.44969E-01    7.89505E-02    4.39196E-02    2.59275E-02    1.76778E-02
     31    2.69070E-01    6.90142E-07    1.72536E-06    2.23281E-06    3.33728E-06    5.29336E-06    8.57618E-06    1.39952E-05    2.28929E-05    3.74771E-05    6.13681E-05    1.00498E-04    1.64582E-04    2.69534E-04    4.41413E-04    7.22898E-04    1.18389E-03    1.93884E-03    3.17522E-03    5.20004E-03    8.51606E-03    1.39467E-02    2.28404E-02    3.74055E-02    6.12588E-02    1.00323E-01    1.64298E-01    1.46536E-01    8.15170E-02    4.81227E-02    3.28110E-02
     31    2.71979E-01    4.25967E-07    1.06492E-06    1.37813E-06    2.05982E-06    3.26715E-06    5.29336E-06    8.63806E-06    1.41299E-05    2.31315E-05    3.78774E-05    6.20289E-05    1.01583E-04    1.66361E-04    2.72447E-04    4.46185E-04    7.30713E-04    1.19668E-03    1.95980E-03    3.20955E-03    5.25625E-03    8.60812E-03    1.40975E-02    2.30873E-02    3.78099E-02    6.19210E-02    1.01408E-01    1.66074E-01    1.51300E-01    8.93183E-02    6.08988E-02
     31    2.80820E-01    2.68557E-07    6.71393E-07    8.68861E-07    1.29865E-06    2.05982E-06    3.33728E-06    5.44600E-06    8.90840E-06    1.45836E-05    2.38804E-05    3.91071E-05    6.40444E-05    1.04885E-04    1.71768E-04    2.81304E-04    4.60689E-04    7.54467E-04    1.23558E-03    2.02351E-03    3.31388E-03    5.42712E-03    8.88796E-03    1.45557E-02    2.38378E-02    3.90390E-02    6.39339E-02    1.04704E-01    1.71473E-01    1.65779E-01    1.13031E-01
     31    3.07695E-01    1.79679E-07    4.49197E-07    5.81313E-07    8.68861E-07    1.37813E-06    2.23281E-06    3.64366E-06    5.96018E-06    9.75717E-06    1.59772E-05    2.61646E-05    4.28491E-05    7.01733E-05    1.14922E-04    1.88207E-04    3.08225E-04    5.04778E-04    8.26670E-04    1.35383E-03    2.21716E-03    3.63103E-03    5.94650E-03    9.73854E-03    1.59487E-02    2.61191E-02    4.27751E-02    7.00525E-02    1.14724E-01    1.87883E-01    2.09792E-01
     31    3.89385E-01    1.38843E-07    3.47107E-07    4.49197E-07    6.71393E-07    1.06492E-06    1.72536E-06    2.81555E-06    4.60559E-06    7.53963E-06    1.23460E-05    2.02181E-05    3.31106E-05    5.42248E-05    8.88034E-05    1.45433E-04    2.38174E-04    3.90055E-04    6.38791E-04    1.04614E-03    1.71326E-03    2.80579E-03    4.59503E-03    7.52524E-03    1.23240E-02    2.01830E-02    3.30535E-02    5.41314E-02    8.86506E-02    1.45182E-01    2.37764E-01

  Mixing waters indices:

      2    1    3    4    5    6    7    8    9   10   11   12   13   14   15   16   17   18   19   20   21   22   23   24   25   26   27   28   29   30   31
      3    1    2    4    5    6    7    8    9   10   11   12   13   14   15   16   17   18   19   20   21   22   23   24   25   26   27   28   29   30   31
      4    1    2    3    5    6    7    8    9   10   11   12   13   14   15   16   17   18   19   20   21   22   23   24   25   26   27   28   29   30   31
      5    1    2    3    4    6    7    8    9   10   11   12   13   14   15   16   17   18   19   20   21   22   23   24   25   26   27   28   29   30   31
      6    1    2    3    4    5    7    8    9   10   11   12   13   14   15   16   17   18   19   20   21   22   23   24   25   26   27   28   29   30   31
      7    1    2    3    4    5    6    8    9   10   11   12   13   14   15   16   17   18   19   20   21   22   23   24   25   26   27   28   29   30   31
      8    1    2    3    4    5    6    7    9   10   11   12   13   14   15   16   17   18   19   20   21   22   23   24   25   26   27   28   29   30   31
      9    1    2    3    4    5    6    7    8   10   11   12   13   14   15   16   17   18   19   20   21   22   23   24   25   26   27   28   29   30   31
     10    1    2    3    4    5    6    7    8    9   11   12   13   14   15   16   17   18   19   20   21   22   23   24   25   26   27   28   29   30   31
     11    1    2    3    4    5    6    7    8    9   10   12   13   14   15   16   17   18   19   20   21   22   23   24   25   26   27   28   29   30   31
     12    1    2    3    4    5    6    7    8    9   10   11   13   14   15   16   17   18   19   20   21   22   23   24   25   26   27   28   29   30   31
     13    1    2    3    4    5    6    7    8    9   10   11   12   14   15   16   17   18   19   20   21   22   23   24   25   26   27   28   29   30   31
     14    1    2    3    4    5    6    7    8    9   10   11   12   13   15   16   17   18   19   20   21   22   23   24   25   26   27   28   29   30   31
     15    1    2    3    4    5    6    7    8    9   10   11   12   13   14   16   17   18   19   20   21   22   23   24   25   26   27   28   29   30   31
     16    1    2    3    4    5    6    7    8    9   10   11   12   13   14   15   17   18   19   20   21   22   23   24   25   26   27   28   29   30   31
     17    1    2    3    4    5    6    7    8    9   10   11   12   13   14   15   16   18   19   20   21   22   23   24   25   26   27   28   29   30   31
     18    1    2    3    4    5    6    7    8    9   10   11   12   13   14   15   16   17   19   20   21   22   23   24   25   26   27   28   29   30   31
     19    1    2    3    4    5    6    7    8    9   10   11   12   13   14   15   16   17   18   20   21   22   23   24   25   26   27   28   29   30   31
     20    1    2    3    4    5    6    7    8    9   10   11   12   13   14   15   16   17   18   19   21   22   23   24   25   26   27   28   29   30   31
     21    1    2    3    4    5    6    7    8    9   10   11   12   13   14   15   16   17   18   19   20   22   23   24   25   26   27   28   29   30   31
     22    1    2    3    4    5    6    7    8    9   10   11   12   13   14   15   16   17   18   19   20   21   23   24   25   26   27   28   29   30   31
     23    1    2    3    4    5    6    7    8    9   10   11   12   13   14   15   16   17   18   19   20   21   22   24   25   26   27   28   29   30   31
     24    1    2    3    4    5    6    7    8    9   10   11   12   13   14   15   16   17   18   19   20   21   22   23   25   26   27   28   29   30   31
     25    1    2    3    4    5    6    7    8    9   10   11   12   13   14   15   16   17   18   19   20   21   22   23   24   26   27   28   29   30   31
     26    1    2    3    4    5    6    7    8    9   10   11   12   13   14   15   16   17   18   19   20   21   22   23   24   25   27   28   29   30   31
     27    1    2    3    4    5    6    7    8    9   10   11   12   13   14   15   16   17   18   19   20   21   22   23   24   25   26   28   29   30   31
     28    1    2    3    4    5    6    7    8    9   10   11   12   13   14   15   16   17   18   19   20   21   22   23   24   25   26   27   29   30   31
     29    1    2    3    4    5    6    7    8    9   10   11   12   13   14   15   16   17   18   19   20   21   22   23   24   25   26   27   28   30   31
     30    1    2    3    4    5    6    7    8    9   10   11   12   13   14   15   16   17   18   19   20   21   22   23   24   25   26   27   28   29   31
     31    1    2    3    4    5    6    7    8    9   10   11   12   13   14   15   16   17   18   19   20   21   22   23   24   25   26   27   28   29   30

  Aqueous species:

          h2o            
          h+             
          cl-            
          ch2o(aq)       
          n2(aq)(p)      
          ca+2           
          hco3-          
          o2(aq)         
          no3-           
          co3-2          
  Minerals (name + molar volume):

          calcite4           3.69340E-02
  Gases:

          co2(g)         
          o2(g)          
          n2(g)          
  Surface complexes:

  Equilibrium reactions:

          calcite4                      

          co2(g)                        

          o2(g)                         

          n2(g)                         

          co3-2                         

  Kinetic reactions:

          aerobic oxidation of DOC      

              4

              4

              0.00000E+00

 
          denitrification               

              4

              6

              0.00000E+00

  1.000000000000000E-006
  Global stoichiometric matrix:

                  1.00000        0.00000        0.00000        0.00000       -1.00000       -1.00000        0.00000        0.00000        0.00000        0.00000        1.00000        0.00000        0.00000        0.00000
                 -1.00000        0.00000        0.00000        0.00000        0.00000       -1.00000        0.00000        0.00000        0.00000        1.00000        0.00000        1.00000        0.00000        0.00000
                  0.00000        0.00000        0.00000        0.00000        0.00000        0.00000       -1.00000        0.00000        0.00000        0.00000        0.00000        0.00000        1.00000        0.00000
                 -2.00000        0.00000        0.00000        0.00000        0.00000        0.00000        0.00000       -2.00000        0.00000        1.00000        0.00000        0.00000        2.50000        1.00000
                  1.00000        0.00000        0.00000        0.00000        0.00000       -1.00000        0.00000        0.00000        1.00000        0.00000        0.00000        0.00000        0.00000        0.00000
                  1.00000        0.00000       -1.00000        0.00000        0.00000        1.00000       -1.00000        0.00000        0.00000        0.00000        0.00000        0.00000        0.00000        0.00000
                  0.20000        0.00000       -1.00000        0.40000        0.00000        1.00000        0.00000       -0.80000        0.00000        0.40000        0.00000        0.00000        0.00000        0.00000
  Equilibrium constants:

              1.41677E-02
              1.86008E+11
              3.95339E+03
              6.16352E+02
              4.69029E-11

  Global component matrix:

                  1.00000        0.00000        0.00000        0.00000        2.00000       -1.00000        0.00000       -1.00000       -2.00000
                  0.00000        1.00000        0.00000        0.00000        0.00000        0.00000        0.00000        0.00000        0.00000
                  0.00000        0.00000        1.00000        0.00000        0.00000        0.00000        0.00000        0.00000        0.00000
                  0.00000        0.00000        0.00000        1.00000        0.00000        0.00000        0.00000        0.00000        0.00000

  Concentration of external waters (in molarities): (rows -> aqueous species in the same order as before, columns -> targets)

              5.53931E+01
              9.96886E-09
              9.96886E-04
              1.99377E-03
              9.96886E-17
              1.30881E-03
              5.35937E-04
              2.52160E-04
              9.96886E-04
              2.51370E-06

  Activities of external waters:

              1.00000E+00
              1.00000E-08
              1.00000E-03
              2.00000E-03
              1.00000E-16
              1.31290E-03
              5.37611E-04
              2.52947E-04
              1.00000E-03
              2.52155E-06

  Initial concentration of aqueous species in the domain:

              5.53931E+01    5.53931E+01    5.53931E+01    5.53931E+01    5.53931E+01    5.53931E+01    5.53931E+01    5.53931E+01    5.53931E+01    5.53931E+01    5.53931E+01    5.53931E+01    5.53931E+01    5.53931E+01    5.53931E+01    5.53931E+01    5.53931E+01    5.53931E+01    5.53931E+01    5.53931E+01    5.53931E+01    5.53931E+01    5.53931E+01    5.53931E+01    5.53931E+01    5.53931E+01    5.53931E+01    5.53931E+01    5.53931E+01    5.53931E+01
              9.96732E-08    9.96732E-08    9.96732E-08    9.96732E-08    9.96732E-08    9.96732E-08    9.96732E-08    9.96732E-08    9.96732E-08    9.96732E-08    9.96732E-08    9.96732E-08    9.96732E-08    9.96732E-08    9.96732E-08    9.96732E-08    9.96732E-08    9.96732E-08    9.96732E-08    9.96732E-08    9.96732E-08    9.96732E-08    9.96732E-08    9.96732E-08    9.96732E-08    9.96732E-08    9.96732E-08    9.96732E-08    9.96732E-08    9.96732E-08
              9.96732E-17    9.96732E-17    9.96732E-17    9.96732E-17    9.96732E-17    9.96732E-17    9.96732E-17    9.96732E-17    9.96732E-17    9.96732E-17    9.96732E-17    9.96732E-17    9.96732E-17    9.96732E-17    9.96732E-17    9.96732E-17    9.96732E-17    9.96732E-17    9.96732E-17    9.96732E-17    9.96732E-17    9.96732E-17    9.96732E-17    9.96732E-17    9.96732E-17    9.96732E-17    9.96732E-17    9.96732E-17    9.96732E-17    9.96732E-17
              9.96732E-06    9.96732E-06    9.96732E-06    9.96732E-06    9.96732E-06    9.96732E-06    9.96732E-06    9.96732E-06    9.96732E-06    9.96732E-06    9.96732E-06    9.96732E-06    9.96732E-06    9.96732E-06    9.96732E-06    9.96732E-06    9.96732E-06    9.96732E-06    9.96732E-06    9.96732E-06    9.96732E-06    9.96732E-06    9.96732E-06    9.96732E-06    9.96732E-06    9.96732E-06    9.96732E-06    9.96732E-06    9.96732E-06    9.96732E-06
              9.96732E-17    9.96732E-17    9.96732E-17    9.96732E-17    9.96732E-17    9.96732E-17    9.96732E-17    9.96732E-17    9.96732E-17    9.96732E-17    9.96732E-17    9.96732E-17    9.96732E-17    9.96732E-17    9.96732E-17    9.96732E-17    9.96732E-17    9.96732E-17    9.96732E-17    9.96732E-17    9.96732E-17    9.96732E-17    9.96732E-17    9.96732E-17    9.96732E-17    9.96732E-17    9.96732E-17    9.96732E-17    9.96732E-17    9.96732E-17
              7.03523E-03    7.03523E-03    7.03523E-03    7.03523E-03    7.03523E-03    7.03523E-03    7.03523E-03    7.03523E-03    7.03523E-03    7.03523E-03    7.03523E-03    7.03523E-03    7.03523E-03    7.03523E-03    7.03523E-03    7.03523E-03    7.03523E-03    7.03523E-03    7.03523E-03    7.03523E-03    7.03523E-03    7.03523E-03    7.03523E-03    7.03523E-03    7.03523E-03    7.03523E-03    7.03523E-03    7.03523E-03    7.03523E-03    7.03523E-03
              9.96732E-04    9.96732E-04    9.96732E-04    9.96732E-04    9.96732E-04    9.96732E-04    9.96732E-04    9.96732E-04    9.96732E-04    9.96732E-04    9.96732E-04    9.96732E-04    9.96732E-04    9.96732E-04    9.96732E-04    9.96732E-04    9.96732E-04    9.96732E-04    9.96732E-04    9.96732E-04    9.96732E-04    9.96732E-04    9.96732E-04    9.96732E-04    9.96732E-04    9.96732E-04    9.96732E-04    9.96732E-04    9.96732E-04    9.96732E-04
              9.96732E-07    9.96732E-07    9.96732E-07    9.96732E-07    9.96732E-07    9.96732E-07    9.96732E-07    9.96732E-07    9.96732E-07    9.96732E-07    9.96732E-07    9.96732E-07    9.96732E-07    9.96732E-07    9.96732E-07    9.96732E-07    9.96732E-07    9.96732E-07    9.96732E-07    9.96732E-07    9.96732E-07    9.96732E-07    9.96732E-07    9.96732E-07    9.96732E-07    9.96732E-07    9.96732E-07    9.96732E-07    9.96732E-07    9.96732E-07
              9.96732E-06    9.96732E-06    9.96732E-06    9.96732E-06    9.96732E-06    9.96732E-06    9.96732E-06    9.96732E-06    9.96732E-06    9.96732E-06    9.96732E-06    9.96732E-06    9.96732E-06    9.96732E-06    9.96732E-06    9.96732E-06    9.96732E-06    9.96732E-06    9.96732E-06    9.96732E-06    9.96732E-06    9.96732E-06    9.96732E-06    9.96732E-06    9.96732E-06    9.96732E-06    9.96732E-06    9.96732E-06    9.96732E-06    9.96732E-06
              4.67496E-07    4.67496E-07    4.67496E-07    4.67496E-07    4.67496E-07    4.67496E-07    4.67496E-07    4.67496E-07    4.67496E-07    4.67496E-07    4.67496E-07    4.67496E-07    4.67496E-07    4.67496E-07    4.67496E-07    4.67496E-07    4.67496E-07    4.67496E-07    4.67496E-07    4.67496E-07    4.67496E-07    4.67496E-07    4.67496E-07    4.67496E-07    4.67496E-07    4.67496E-07    4.67496E-07    4.67496E-07    4.67496E-07    4.67496E-07

  Initial activities aqueous species domain:

              1.00000E+00    1.00000E+00    1.00000E+00    1.00000E+00    1.00000E+00    1.00000E+00    1.00000E+00    1.00000E+00    1.00000E+00    1.00000E+00    1.00000E+00    1.00000E+00    1.00000E+00    1.00000E+00    1.00000E+00    1.00000E+00    1.00000E+00    1.00000E+00    1.00000E+00    1.00000E+00    1.00000E+00    1.00000E+00    1.00000E+00    1.00000E+00    1.00000E+00    1.00000E+00    1.00000E+00    1.00000E+00    1.00000E+00    1.00000E+00
              1.00000E-07    1.00000E-07    1.00000E-07    1.00000E-07    1.00000E-07    1.00000E-07    1.00000E-07    1.00000E-07    1.00000E-07    1.00000E-07    1.00000E-07    1.00000E-07    1.00000E-07    1.00000E-07    1.00000E-07    1.00000E-07    1.00000E-07    1.00000E-07    1.00000E-07    1.00000E-07    1.00000E-07    1.00000E-07    1.00000E-07    1.00000E-07    1.00000E-07    1.00000E-07    1.00000E-07    1.00000E-07    1.00000E-07    1.00000E-07
              1.00000E-16    1.00000E-16    1.00000E-16    1.00000E-16    1.00000E-16    1.00000E-16    1.00000E-16    1.00000E-16    1.00000E-16    1.00000E-16    1.00000E-16    1.00000E-16    1.00000E-16    1.00000E-16    1.00000E-16    1.00000E-16    1.00000E-16    1.00000E-16    1.00000E-16    1.00000E-16    1.00000E-16    1.00000E-16    1.00000E-16    1.00000E-16    1.00000E-16    1.00000E-16    1.00000E-16    1.00000E-16    1.00000E-16    1.00000E-16
              1.00000E-05    1.00000E-05    1.00000E-05    1.00000E-05    1.00000E-05    1.00000E-05    1.00000E-05    1.00000E-05    1.00000E-05    1.00000E-05    1.00000E-05    1.00000E-05    1.00000E-05    1.00000E-05    1.00000E-05    1.00000E-05    1.00000E-05    1.00000E-05    1.00000E-05    1.00000E-05    1.00000E-05    1.00000E-05    1.00000E-05    1.00000E-05    1.00000E-05    1.00000E-05    1.00000E-05    1.00000E-05    1.00000E-05    1.00000E-05
              1.00000E-16    1.00000E-16    1.00000E-16    1.00000E-16    1.00000E-16    1.00000E-16    1.00000E-16    1.00000E-16    1.00000E-16    1.00000E-16    1.00000E-16    1.00000E-16    1.00000E-16    1.00000E-16    1.00000E-16    1.00000E-16    1.00000E-16    1.00000E-16    1.00000E-16    1.00000E-16    1.00000E-16    1.00000E-16    1.00000E-16    1.00000E-16    1.00000E-16    1.00000E-16    1.00000E-16    1.00000E-16    1.00000E-16    1.00000E-16
              7.05830E-03    7.05830E-03    7.05830E-03    7.05830E-03    7.05830E-03    7.05830E-03    7.05830E-03    7.05830E-03    7.05830E-03    7.05830E-03    7.05830E-03    7.05830E-03    7.05830E-03    7.05830E-03    7.05830E-03    7.05830E-03    7.05830E-03    7.05830E-03    7.05830E-03    7.05830E-03    7.05830E-03    7.05830E-03    7.05830E-03    7.05830E-03    7.05830E-03    7.05830E-03    7.05830E-03    7.05830E-03    7.05830E-03    7.05830E-03
              1.00000E-03    1.00000E-03    1.00000E-03    1.00000E-03    1.00000E-03    1.00000E-03    1.00000E-03    1.00000E-03    1.00000E-03    1.00000E-03    1.00000E-03    1.00000E-03    1.00000E-03    1.00000E-03    1.00000E-03    1.00000E-03    1.00000E-03    1.00000E-03    1.00000E-03    1.00000E-03    1.00000E-03    1.00000E-03    1.00000E-03    1.00000E-03    1.00000E-03    1.00000E-03    1.00000E-03    1.00000E-03    1.00000E-03    1.00000E-03
              1.00000E-06    1.00000E-06    1.00000E-06    1.00000E-06    1.00000E-06    1.00000E-06    1.00000E-06    1.00000E-06    1.00000E-06    1.00000E-06    1.00000E-06    1.00000E-06    1.00000E-06    1.00000E-06    1.00000E-06    1.00000E-06    1.00000E-06    1.00000E-06    1.00000E-06    1.00000E-06    1.00000E-06    1.00000E-06    1.00000E-06    1.00000E-06    1.00000E-06    1.00000E-06    1.00000E-06    1.00000E-06    1.00000E-06    1.00000E-06
              1.00000E-05    1.00000E-05    1.00000E-05    1.00000E-05    1.00000E-05    1.00000E-05    1.00000E-05    1.00000E-05    1.00000E-05    1.00000E-05    1.00000E-05    1.00000E-05    1.00000E-05    1.00000E-05    1.00000E-05    1.00000E-05    1.00000E-05    1.00000E-05    1.00000E-05    1.00000E-05    1.00000E-05    1.00000E-05    1.00000E-05    1.00000E-05    1.00000E-05    1.00000E-05    1.00000E-05    1.00000E-05    1.00000E-05    1.00000E-05
              4.69029E-07    4.69029E-07    4.69029E-07    4.69029E-07    4.69029E-07    4.69029E-07    4.69029E-07    4.69029E-07    4.69029E-07    4.69029E-07    4.69029E-07    4.69029E-07    4.69029E-07    4.69029E-07    4.69029E-07    4.69029E-07    4.69029E-07    4.69029E-07    4.69029E-07    4.69029E-07    4.69029E-07    4.69029E-07    4.69029E-07    4.69029E-07    4.69029E-07    4.69029E-07    4.69029E-07    4.69029E-07    4.69029E-07    4.69029E-07

  Final concentration of aqueous species in the domain:

              5.53931E+01    5.53931E+01    5.53931E+01    5.53931E+01    5.53931E+01    5.53931E+01    5.53931E+01    5.53931E+01    5.53931E+01    5.53931E+01    5.53931E+01    5.53931E+01    5.53931E+01    5.53931E+01    5.53931E+01    5.53931E+01    5.53931E+01    5.53931E+01    5.53931E+01    5.53931E+01    5.53931E+01    5.53931E+01    5.53931E+01    5.53931E+01    5.53931E+01    5.53931E+01    5.53931E+01    5.53931E+01    5.53931E+01    5.53931E+01
              9.37335E-09    9.30748E-09    9.24228E-09    9.17774E-09    9.11391E-09    9.05080E-09    8.98845E-09    8.92689E-09    8.86616E-09    8.80632E-09    8.74741E-09    8.68950E-09    8.63267E-09    8.57700E-09    8.52258E-09    8.46953E-09    8.41797E-09    8.36805E-09    8.31994E-09    8.27382E-09    8.22992E-09    8.18849E-09    8.14981E-09    8.11420E-09    8.08205E-09    8.05378E-09    8.02988E-09    8.01090E-09    7.99748E-09    7.99036E-09
              9.96886E-04    9.96886E-04    9.96886E-04    9.96886E-04    9.96886E-04    9.96886E-04    9.96886E-04    9.96886E-04    9.96886E-04    9.96886E-04    9.96886E-04    9.96886E-04    9.96886E-04    9.96886E-04    9.96886E-04    9.96886E-04    9.96886E-04    9.96886E-04    9.96886E-04    9.96886E-04    9.96886E-04    9.96886E-04    9.96886E-04    9.96886E-04    9.96886E-04    9.96886E-04    9.96886E-04    9.96886E-04    9.96886E-04    9.96886E-04
              1.99349E-03    1.99345E-03    1.99342E-03    1.99339E-03    1.99336E-03    1.99333E-03    1.99330E-03    1.99327E-03    1.99323E-03    1.99320E-03    1.99317E-03    1.99314E-03    1.99312E-03    1.99309E-03    1.99306E-03    1.99303E-03    1.99300E-03    1.99298E-03    1.99295E-03    1.99293E-03    1.99290E-03    1.99288E-03    1.99286E-03    1.99284E-03    1.99282E-03    1.99281E-03    1.99279E-03    1.99278E-03    1.99278E-03    1.99277E-03
              2.92364E-09    3.25080E-09    3.57680E-09    3.90149E-09    4.22468E-09    4.54617E-09    4.86573E-09    5.18309E-09    5.49797E-09    5.81001E-09    6.11885E-09    6.42403E-09    6.72509E-09    7.02145E-09    7.31249E-09    7.59749E-09    7.87565E-09    8.14605E-09    8.40765E-09    8.65926E-09    8.89956E-09    9.12704E-09    9.33998E-09    9.53643E-09    9.71420E-09    9.87080E-09    1.00034E-08    1.01088E-08    1.01833E-08    1.02229E-08
              1.30926E-03    1.30931E-03    1.30936E-03    1.30941E-03    1.30946E-03    1.30951E-03    1.30956E-03    1.30961E-03    1.30966E-03    1.30971E-03    1.30976E-03    1.30980E-03    1.30985E-03    1.30989E-03    1.30994E-03    1.30998E-03    1.31003E-03    1.31007E-03    1.31011E-03    1.31015E-03    1.31018E-03    1.31022E-03    1.31025E-03    1.31028E-03    1.31031E-03    1.31033E-03    1.31035E-03    1.31037E-03    1.31038E-03    1.31039E-03
              5.03749E-04    5.00190E-04    4.96667E-04    4.93180E-04    4.89732E-04    4.86322E-04    4.82954E-04    4.79628E-04    4.76348E-04    4.73116E-04    4.69934E-04    4.66806E-04    4.63737E-04    4.60730E-04    4.57792E-04    4.54927E-04    4.52143E-04    4.49447E-04    4.46850E-04    4.44360E-04    4.41990E-04    4.39753E-04    4.37664E-04    4.35742E-04    4.34007E-04    4.32481E-04    4.31191E-04    4.30166E-04    4.29442E-04    4.29058E-04
              2.51881E-04    2.51850E-04    2.51819E-04    2.51788E-04    2.51757E-04    2.51726E-04    2.51696E-04    2.51666E-04    2.51636E-04    2.51606E-04    2.51577E-04    2.51548E-04    2.51519E-04    2.51491E-04    2.51463E-04    2.51436E-04    2.51410E-04    2.51384E-04    2.51359E-04    2.51335E-04    2.51312E-04    2.51290E-04    2.51270E-04    2.51252E-04    2.51235E-04    2.51220E-04    2.51207E-04    2.51197E-04    2.51190E-04    2.51186E-04
              9.96880E-04    9.96880E-04    9.96879E-04    9.96878E-04    9.96878E-04    9.96877E-04    9.96877E-04    9.96876E-04    9.96875E-04    9.96875E-04    9.96874E-04    9.96873E-04    9.96873E-04    9.96872E-04    9.96872E-04    9.96871E-04    9.96871E-04    9.96870E-04    9.96869E-04    9.96869E-04    9.96868E-04    9.96868E-04    9.96868E-04    9.96867E-04    9.96867E-04    9.96867E-04    9.96866E-04    9.96866E-04    9.96866E-04    9.96866E-04
              2.51285E-06    2.51275E-06    2.51266E-06    2.51256E-06    2.51247E-06    2.51237E-06    2.51228E-06    2.51219E-06    2.51209E-06    2.51200E-06    2.51191E-06    2.51182E-06    2.51174E-06    2.51165E-06    2.51157E-06    2.51148E-06    2.51140E-06    2.51132E-06    2.51125E-06    2.51117E-06    2.51110E-06    2.51104E-06    2.51097E-06    2.51092E-06    2.51087E-06    2.51082E-06    2.51078E-06    2.51075E-06    2.51073E-06    2.51072E-06

  Final activities aqueous species domain:

              9.99891E-01    9.99891E-01    9.99891E-01    9.99891E-01    9.99891E-01    9.99891E-01    9.99891E-01    9.99891E-01    9.99891E-01    9.99891E-01    9.99891E-01    9.99891E-01    9.99891E-01    9.99891E-01    9.99892E-01    9.99892E-01    9.99892E-01    9.99892E-01    9.99892E-01    9.99892E-01    9.99892E-01    9.99892E-01    9.99892E-01    9.99892E-01    9.99892E-01    9.99892E-01    9.99892E-01    9.99892E-01    9.99892E-01    9.99892E-01
              9.40261E-09    9.33653E-09    9.27112E-09    9.20638E-09    9.14235E-09    9.07904E-09    9.01649E-09    8.95474E-09    8.89382E-09    8.83379E-09    8.77469E-09    8.71661E-09    8.65959E-09    8.60375E-09    8.54916E-09    8.49594E-09    8.44422E-09    8.39414E-09    8.34588E-09    8.29962E-09    8.25558E-09    8.21402E-09    8.17521E-09    8.13950E-09    8.10724E-09    8.07888E-09    8.05491E-09    8.03587E-09    8.02241E-09    8.01527E-09
              9.99998E-04    9.99998E-04    9.99998E-04    9.99997E-04    9.99997E-04    9.99997E-04    9.99997E-04    9.99997E-04    9.99996E-04    9.99996E-04    9.99996E-04    9.99996E-04    9.99996E-04    9.99995E-04    9.99995E-04    9.99995E-04    9.99995E-04    9.99995E-04    9.99995E-04    9.99994E-04    9.99994E-04    9.99994E-04    9.99994E-04    9.99994E-04    9.99994E-04    9.99994E-04    9.99994E-04    9.99993E-04    9.99993E-04    9.99993E-04
              1.99971E-03    1.99968E-03    1.99964E-03    1.99961E-03    1.99958E-03    1.99955E-03    1.99952E-03    1.99948E-03    1.99945E-03    1.99942E-03    1.99939E-03    1.99936E-03    1.99933E-03    1.99930E-03    1.99927E-03    1.99925E-03    1.99922E-03    1.99919E-03    1.99916E-03    1.99914E-03    1.99912E-03    1.99909E-03    1.99907E-03    1.99905E-03    1.99904E-03    1.99902E-03    1.99901E-03    1.99900E-03    1.99899E-03    1.99898E-03
              2.93277E-09    3.26094E-09    3.58796E-09    3.91366E-09    4.23786E-09    4.56035E-09    4.88091E-09    5.19927E-09    5.51512E-09    5.82814E-09    6.13793E-09    6.44407E-09    6.74606E-09    7.04335E-09    7.33529E-09    7.62119E-09    7.90021E-09    8.17145E-09    8.43386E-09    8.68626E-09    8.92731E-09    9.15549E-09    9.36909E-09    9.56616E-09    9.74448E-09    9.90157E-09    1.00346E-08    1.01403E-08    1.02151E-08    1.02548E-08
              1.31335E-03    1.31340E-03    1.31345E-03    1.31350E-03    1.31355E-03    1.31360E-03    1.31365E-03    1.31370E-03    1.31375E-03    1.31379E-03    1.31384E-03    1.31389E-03    1.31393E-03    1.31398E-03    1.31402E-03    1.31407E-03    1.31411E-03    1.31415E-03    1.31419E-03    1.31423E-03    1.31427E-03    1.31430E-03    1.31433E-03    1.31436E-03    1.31439E-03    1.31442E-03    1.31444E-03    1.31445E-03    1.31446E-03    1.31447E-03
              5.05321E-04    5.01751E-04    4.98217E-04    4.94719E-04    4.91260E-04    4.87840E-04    4.84461E-04    4.81125E-04    4.77834E-04    4.74591E-04    4.71400E-04    4.68262E-04    4.65183E-04    4.62167E-04    4.59219E-04    4.56345E-04    4.53553E-04    4.50849E-04    4.48243E-04    4.45745E-04    4.43368E-04    4.41124E-04    4.39029E-04    4.37101E-04    4.35360E-04    4.33829E-04    4.32535E-04    4.31507E-04    4.30781E-04    4.30395E-04
              2.52667E-04    2.52636E-04    2.52605E-04    2.52574E-04    2.52543E-04    2.52512E-04    2.52481E-04    2.52451E-04    2.52421E-04    2.52391E-04    2.52361E-04    2.52332E-04    2.52303E-04    2.52275E-04    2.52247E-04    2.52220E-04    2.52193E-04    2.52168E-04    2.52143E-04    2.52119E-04    2.52096E-04    2.52074E-04    2.52053E-04    2.52035E-04    2.52018E-04    2.52003E-04    2.51990E-04    2.51980E-04    2.51973E-04    2.51969E-04
              9.99992E-04    9.99991E-04    9.99990E-04    9.99990E-04    9.99989E-04    9.99988E-04    9.99987E-04    9.99986E-04    9.99985E-04    9.99984E-04    9.99984E-04    9.99983E-04    9.99982E-04    9.99981E-04    9.99981E-04    9.99980E-04    9.99979E-04    9.99978E-04    9.99978E-04    9.99977E-04    9.99976E-04    9.99976E-04    9.99975E-04    9.99975E-04    9.99974E-04    9.99974E-04    9.99973E-04    9.99973E-04    9.99973E-04    9.99973E-04
              2.52069E-06    2.52059E-06    2.52050E-06    2.52040E-06    2.52031E-06    2.52021E-06    2.52012E-06    2.52002E-06    2.51993E-06    2.51984E-06    2.51975E-06    2.51966E-06    2.51957E-06    2.51948E-06    2.51940E-06    2.51931E-06    2.51923E-06    2.51915E-06    2.51908E-06    2.51900E-06    2.51893E-06    2.51886E-06    2.51880E-06    2.51874E-06    2.51869E-06    2.51865E-06    2.51861E-06    2.51858E-06    2.51855E-06    2.51854E-06

  Initial salinity domain:

              3.44142E-04    3.44142E-04    3.44142E-04    3.44142E-04    3.44142E-04    3.44142E-04    3.44142E-04    3.44142E-04    3.44142E-04    3.44142E-04    3.44142E-04    3.44142E-04    3.44142E-04    3.44142E-04    3.44142E-04    3.44142E-04    3.44142E-04    3.44142E-04    3.44142E-04    3.44142E-04    3.44142E-04    3.44142E-04    3.44142E-04    3.44142E-04    3.44142E-04    3.44142E-04    3.44142E-04    3.44142E-04    3.44142E-04    3.44142E-04

  Final salinity domain:

              1.87167E-04    1.86949E-04    1.86734E-04    1.86520E-04    1.86309E-04    1.86101E-04    1.85895E-04    1.85691E-04    1.85491E-04    1.85293E-04    1.85098E-04    1.84907E-04    1.84719E-04    1.84535E-04    1.84355E-04    1.84180E-04    1.84010E-04    1.83845E-04    1.83686E-04    1.83534E-04    1.83389E-04    1.83252E-04    1.83124E-04    1.83006E-04    1.82900E-04    1.82807E-04    1.82728E-04    1.82665E-04    1.82621E-04    1.82597E-04

  Initial pH domain:

              7.00000E+00    7.00000E+00    7.00000E+00    7.00000E+00    7.00000E+00    7.00000E+00    7.00000E+00    7.00000E+00    7.00000E+00    7.00000E+00    7.00000E+00    7.00000E+00    7.00000E+00    7.00000E+00    7.00000E+00    7.00000E+00    7.00000E+00    7.00000E+00    7.00000E+00    7.00000E+00    7.00000E+00    7.00000E+00    7.00000E+00    7.00000E+00    7.00000E+00    7.00000E+00    7.00000E+00    7.00000E+00    7.00000E+00    7.00000E+00

  Final pH domain:

              7.00000E+00    7.00000E+00    7.00000E+00    7.00000E+00    7.00000E+00    7.00000E+00    7.00000E+00    7.00000E+00    7.00000E+00    7.00000E+00    7.00000E+00    7.00000E+00    7.00000E+00    7.00000E+00    7.00000E+00    7.00000E+00    7.00000E+00    7.00000E+00    7.00000E+00    7.00000E+00    7.00000E+00    7.00000E+00    7.00000E+00    7.00000E+00    7.00000E+00    7.00000E+00    7.00000E+00    7.00000E+00    7.00000E+00    7.00000E+00

  Aqueous equilibrium reaction rates:

             -1.96491E-07   -1.96599E-07   -1.96521E-07   -1.96623E-07   -1.96266E-07   -1.96317E-07   -1.96329E-07   -1.96254E-07   -1.96595E-07   -1.96419E-07   -1.96410E-07   -1.96598E-07   -1.96463E-07   -1.96153E-07   -1.96431E-07   -1.96250E-07   -1.96381E-07   -1.96274E-07   -1.96406E-07   -1.96372E-07   -1.96437E-07   -1.96079E-07   -1.96112E-07   -1.96152E-07   -1.96200E-07   -1.96039E-07   -1.96257E-07   -1.96016E-07   -1.96201E-07   -1.96092E-07

  Aqueous kinetic reaction rates:

              6.40512E-05    6.40506E-05    6.40499E-05    6.40493E-05    6.40487E-05    6.40480E-05    6.40474E-05    6.40468E-05    6.40461E-05    6.40455E-05    6.40449E-05    6.40443E-05    6.40437E-05    6.40431E-05    6.40426E-05    6.40420E-05    6.40414E-05    6.40409E-05    6.40404E-05    6.40399E-05    6.40394E-05    6.40390E-05    6.40385E-05    6.40382E-05    6.40378E-05    6.40375E-05    6.40372E-05    6.40370E-05    6.40369E-05    6.40368E-05
              1.67885E-06    1.67904E-06    1.67924E-06    1.67943E-06    1.67962E-06    1.67981E-06    1.68001E-06    1.68019E-06    1.68038E-06    1.68057E-06    1.68075E-06    1.68093E-06    1.68111E-06    1.68129E-06    1.68147E-06    1.68164E-06    1.68180E-06    1.68196E-06    1.68212E-06    1.68227E-06    1.68241E-06    1.68255E-06    1.68268E-06    1.68279E-06    1.68290E-06    1.68299E-06    1.68307E-06    1.68314E-06    1.68318E-06    1.68320E-06

  Mineral zone    1:

          Minerals in equilibrium:

                    calcite4       

          Kinetic minerals:


          Mineral kinetic reaction rates:


  Reactive zone    2:

          Non-flowing species:

                    calcite4       
          Number of equilibrium reactions:         2

          Se:

                  1.00000        0.00000        0.00000        0.00000       -1.00000        0.00000        0.00000       -1.00000        0.00000        0.00000        1.00000
                  1.00000        0.00000        0.00000        0.00000        0.00000        0.00000        0.00000       -1.00000        1.00000        0.00000        0.00000
          Sk:

                  1.00000        0.00000       -1.00000        0.00000        0.00000        0.00000       -1.00000        1.00000        0.00000        0.00000        0.00000        0.00000        0.00000        0.00000
                  0.20000        0.00000       -1.00000        0.40000        0.00000       -0.80000        0.00000        1.00000        0.00000        0.40000        0.00000        0.00000        0.00000        0.00000
          U*Sk^T:

                  2.00000        1.20000
                  0.00000        0.00000
                 -1.00000       -1.00000
                  0.00000        0.40000
                 -1.00000       -1.00000
                  0.00000       -0.80000
                 -1.00000        0.00000

          Equilibrium constants:

              1.41677E-02
              4.69029E-11

          Primary species:


          Component matrix:

                  1.00000        0.00000        0.00000        0.00000        0.00000        0.00000        0.00000        1.00000        0.00000
                  0.00000        1.00000        0.00000        0.00000        0.00000        0.00000        0.00000        0.00000        0.00000
                  0.00000        0.00000        1.00000        0.00000        0.00000        0.00000        0.00000        0.00000        0.00000
                  0.00000        0.00000        0.00000        1.00000        0.00000        0.00000        0.00000        0.00000        0.00000
                  0.00000        0.00000        0.00000        0.00000        1.00000        0.00000        0.00000       -1.00000       -1.00000
                  0.00000        0.00000        0.00000        0.00000        0.00000        1.00000        0.00000        0.00000        0.00000
                  0.00000        0.00000        0.00000        0.00000        0.00000        0.00000        1.00000        0.00000        0.00000

          Initial concentration of components:

              9.96831E-04    9.96831E-04    9.96831E-04    9.96831E-04    9.96831E-04    9.96831E-04    9.96831E-04    9.96831E-04    9.96831E-04    9.96831E-04    9.96831E-04    9.96831E-04    9.96831E-04    9.96831E-04    9.96831E-04    9.96831E-04    9.96831E-04    9.96831E-04    9.96831E-04    9.96831E-04    9.96831E-04    9.96831E-04    9.96831E-04    9.96831E-04    9.96831E-04    9.96831E-04    9.96831E-04    9.96831E-04    9.96831E-04    9.96831E-04
              9.96732E-17    9.96732E-17    9.96732E-17    9.96732E-17    9.96732E-17    9.96732E-17    9.96732E-17    9.96732E-17    9.96732E-17    9.96732E-17    9.96732E-17    9.96732E-17    9.96732E-17    9.96732E-17    9.96732E-17    9.96732E-17    9.96732E-17    9.96732E-17    9.96732E-17    9.96732E-17    9.96732E-17    9.96732E-17    9.96732E-17    9.96732E-17    9.96732E-17    9.96732E-17    9.96732E-17    9.96732E-17    9.96732E-17    9.96732E-17
              9.96732E-06    9.96732E-06    9.96732E-06    9.96732E-06    9.96732E-06    9.96732E-06    9.96732E-06    9.96732E-06    9.96732E-06    9.96732E-06    9.96732E-06    9.96732E-06    9.96732E-06    9.96732E-06    9.96732E-06    9.96732E-06    9.96732E-06    9.96732E-06    9.96732E-06    9.96732E-06    9.96732E-06    9.96732E-06    9.96732E-06    9.96732E-06    9.96732E-06    9.96732E-06    9.96732E-06    9.96732E-06    9.96732E-06    9.96732E-06
              9.96732E-17    9.96732E-17    9.96732E-17    9.96732E-17    9.96732E-17    9.96732E-17    9.96732E-17    9.96732E-17    9.96732E-17    9.96732E-17    9.96732E-17    9.96732E-17    9.96732E-17    9.96732E-17    9.96732E-17    9.96732E-17    9.96732E-17    9.96732E-17    9.96732E-17    9.96732E-17    9.96732E-17    9.96732E-17    9.96732E-17    9.96732E-17    9.96732E-17    9.96732E-17    9.96732E-17    9.96732E-17    9.96732E-17    9.96732E-17
              6.03803E-03    6.03803E-03    6.03803E-03    6.03803E-03    6.03803E-03    6.03803E-03    6.03803E-03    6.03803E-03    6.03803E-03    6.03803E-03    6.03803E-03    6.03803E-03    6.03803E-03    6.03803E-03    6.03803E-03    6.03803E-03    6.03803E-03    6.03803E-03    6.03803E-03    6.03803E-03    6.03803E-03    6.03803E-03    6.03803E-03    6.03803E-03    6.03803E-03    6.03803E-03    6.03803E-03    6.03803E-03    6.03803E-03    6.03803E-03
              9.96732E-06    9.96732E-06    9.96732E-06    9.96732E-06    9.96732E-06    9.96732E-06    9.96732E-06    9.96732E-06    9.96732E-06    9.96732E-06    9.96732E-06    9.96732E-06    9.96732E-06    9.96732E-06    9.96732E-06    9.96732E-06    9.96732E-06    9.96732E-06    9.96732E-06    9.96732E-06    9.96732E-06    9.96732E-06    9.96732E-06    9.96732E-06    9.96732E-06    9.96732E-06    9.96732E-06    9.96732E-06    9.96732E-06    9.96732E-06
              9.96732E-07    9.96732E-07    9.96732E-07    9.96732E-07    9.96732E-07    9.96732E-07    9.96732E-07    9.96732E-07    9.96732E-07    9.96732E-07    9.96732E-07    9.96732E-07    9.96732E-07    9.96732E-07    9.96732E-07    9.96732E-07    9.96732E-07    9.96732E-07    9.96732E-07    9.96732E-07    9.96732E-07    9.96732E-07    9.96732E-07    9.96732E-07    9.96732E-07    9.96732E-07    9.96732E-07    9.96732E-07    9.96732E-07    9.96732E-07

          Final concentration of components:

              5.03758E-04    5.00200E-04    4.96676E-04    4.93189E-04    4.89741E-04    4.86331E-04    4.82963E-04    4.79637E-04    4.76357E-04    4.73124E-04    4.69943E-04    4.66815E-04    4.63746E-04    4.60739E-04    4.57800E-04    4.54935E-04    4.52151E-04    4.49456E-04    4.46858E-04    4.44368E-04    4.41998E-04    4.39761E-04    4.37673E-04    4.35751E-04    4.34015E-04    4.32489E-04    4.31199E-04    4.30174E-04    4.29450E-04    4.29066E-04
              9.96886E-04    9.96886E-04    9.96886E-04    9.96886E-04    9.96886E-04    9.96886E-04    9.96886E-04    9.96886E-04    9.96886E-04    9.96886E-04    9.96886E-04    9.96886E-04    9.96886E-04    9.96886E-04    9.96886E-04    9.96886E-04    9.96886E-04    9.96886E-04    9.96886E-04    9.96886E-04    9.96886E-04    9.96886E-04    9.96886E-04    9.96886E-04    9.96886E-04    9.96886E-04    9.96886E-04    9.96886E-04    9.96886E-04    9.96886E-04
              1.99349E-03    1.99345E-03    1.99342E-03    1.99339E-03    1.99336E-03    1.99333E-03    1.99330E-03    1.99327E-03    1.99323E-03    1.99320E-03    1.99317E-03    1.99314E-03    1.99312E-03    1.99309E-03    1.99306E-03    1.99303E-03    1.99300E-03    1.99298E-03    1.99295E-03    1.99293E-03    1.99290E-03    1.99288E-03    1.99286E-03    1.99284E-03    1.99282E-03    1.99281E-03    1.99279E-03    1.99278E-03    1.99278E-03    1.99277E-03
              2.92364E-09    3.25080E-09    3.57680E-09    3.90149E-09    4.22468E-09    4.54617E-09    4.86573E-09    5.18309E-09    5.49797E-09    5.81001E-09    6.11885E-09    6.42403E-09    6.72509E-09    7.02145E-09    7.31249E-09    7.59749E-09    7.87565E-09    8.14605E-09    8.40765E-09    8.65926E-09    8.89956E-09    9.12704E-09    9.33998E-09    9.53643E-09    9.71420E-09    9.87080E-09    1.00034E-08    1.01088E-08    1.01833E-08    1.02229E-08
              8.03001E-04    8.06611E-04    8.10184E-04    8.13721E-04    8.17220E-04    8.20679E-04    8.24096E-04    8.27471E-04    8.30799E-04    8.34080E-04    8.37309E-04    8.40484E-04    8.43600E-04    8.46652E-04    8.49635E-04    8.52544E-04    8.55371E-04    8.58108E-04    8.60746E-04    8.63275E-04    8.65682E-04    8.67954E-04    8.70075E-04    8.72027E-04    8.73790E-04    8.75340E-04    8.76651E-04    8.77691E-04    8.78427E-04    8.78817E-04
              9.96880E-04    9.96880E-04    9.96879E-04    9.96878E-04    9.96878E-04    9.96877E-04    9.96877E-04    9.96876E-04    9.96875E-04    9.96875E-04    9.96874E-04    9.96873E-04    9.96873E-04    9.96872E-04    9.96872E-04    9.96871E-04    9.96871E-04    9.96870E-04    9.96869E-04    9.96869E-04    9.96868E-04    9.96868E-04    9.96868E-04    9.96867E-04    9.96867E-04    9.96867E-04    9.96866E-04    9.96866E-04    9.96866E-04    9.96866E-04
              2.51881E-04    2.51850E-04    2.51819E-04    2.51788E-04    2.51757E-04    2.51726E-04    2.51696E-04    2.51666E-04    2.51636E-04    2.51606E-04    2.51577E-04    2.51548E-04    2.51519E-04    2.51491E-04    2.51463E-04    2.51436E-04    2.51410E-04    2.51384E-04    2.51359E-04    2.51335E-04    2.51312E-04    2.51290E-04    2.51270E-04    2.51252E-04    2.51235E-04    2.51220E-04    2.51207E-04    2.51197E-04    2.51190E-04    2.51186E-04

          Final concentration of aqueous species:

              5.53931E+01    5.53931E+01    5.53931E+01    5.53931E+01    5.53931E+01    5.53931E+01    5.53931E+01    5.53931E+01    5.53931E+01    5.53931E+01    5.53931E+01    5.53931E+01    5.53931E+01    5.53931E+01    5.53931E+01    5.53931E+01    5.53931E+01    5.53931E+01    5.53931E+01    5.53931E+01    5.53931E+01    5.53931E+01    5.53931E+01    5.53931E+01    5.53931E+01    5.53931E+01    5.53931E+01    5.53931E+01    5.53931E+01    5.53931E+01
              9.37335E-09    9.30748E-09    9.24228E-09    9.17774E-09    9.11391E-09    9.05080E-09    8.98845E-09    8.92689E-09    8.86616E-09    8.80632E-09    8.74741E-09    8.68950E-09    8.63267E-09    8.57700E-09    8.52258E-09    8.46953E-09    8.41797E-09    8.36805E-09    8.31994E-09    8.27382E-09    8.22992E-09    8.18849E-09    8.14981E-09    8.11420E-09    8.08205E-09    8.05378E-09    8.02988E-09    8.01090E-09    7.99748E-09    7.99036E-09
              9.96886E-04    9.96886E-04    9.96886E-04    9.96886E-04    9.96886E-04    9.96886E-04    9.96886E-04    9.96886E-04    9.96886E-04    9.96886E-04    9.96886E-04    9.96886E-04    9.96886E-04    9.96886E-04    9.96886E-04    9.96886E-04    9.96886E-04    9.96886E-04    9.96886E-04    9.96886E-04    9.96886E-04    9.96886E-04    9.96886E-04    9.96886E-04    9.96886E-04    9.96886E-04    9.96886E-04    9.96886E-04    9.96886E-04    9.96886E-04
              1.99349E-03    1.99345E-03    1.99342E-03    1.99339E-03    1.99336E-03    1.99333E-03    1.99330E-03    1.99327E-03    1.99323E-03    1.99320E-03    1.99317E-03    1.99314E-03    1.99312E-03    1.99309E-03    1.99306E-03    1.99303E-03    1.99300E-03    1.99298E-03    1.99295E-03    1.99293E-03    1.99290E-03    1.99288E-03    1.99286E-03    1.99284E-03    1.99282E-03    1.99281E-03    1.99279E-03    1.99278E-03    1.99278E-03    1.99277E-03
              2.92364E-09    3.25080E-09    3.57680E-09    3.90149E-09    4.22468E-09    4.54617E-09    4.86573E-09    5.18309E-09    5.49797E-09    5.81001E-09    6.11885E-09    6.42403E-09    6.72509E-09    7.02145E-09    7.31249E-09    7.59749E-09    7.87565E-09    8.14605E-09    8.40765E-09    8.65926E-09    8.89956E-09    9.12704E-09    9.33998E-09    9.53643E-09    9.71420E-09    9.87080E-09    1.00034E-08    1.01088E-08    1.01833E-08    1.02229E-08
              1.30926E-03    1.30931E-03    1.30936E-03    1.30941E-03    1.30946E-03    1.30951E-03    1.30956E-03    1.30961E-03    1.30966E-03    1.30971E-03    1.30976E-03    1.30980E-03    1.30985E-03    1.30989E-03    1.30994E-03    1.30998E-03    1.31003E-03    1.31007E-03    1.31011E-03    1.31015E-03    1.31018E-03    1.31022E-03    1.31025E-03    1.31028E-03    1.31031E-03    1.31033E-03    1.31035E-03    1.31037E-03    1.31038E-03    1.31039E-03
              5.03749E-04    5.00190E-04    4.96667E-04    4.93180E-04    4.89732E-04    4.86322E-04    4.82954E-04    4.79628E-04    4.76348E-04    4.73116E-04    4.69934E-04    4.66806E-04    4.63737E-04    4.60730E-04    4.57792E-04    4.54927E-04    4.52143E-04    4.49447E-04    4.46850E-04    4.44360E-04    4.41990E-04    4.39753E-04    4.37664E-04    4.35742E-04    4.34007E-04    4.32481E-04    4.31191E-04    4.30166E-04    4.29442E-04    4.29058E-04
              2.51881E-04    2.51850E-04    2.51819E-04    2.51788E-04    2.51757E-04    2.51726E-04    2.51696E-04    2.51666E-04    2.51636E-04    2.51606E-04    2.51577E-04    2.51548E-04    2.51519E-04    2.51491E-04    2.51463E-04    2.51436E-04    2.51410E-04    2.51384E-04    2.51359E-04    2.51335E-04    2.51312E-04    2.51290E-04    2.51270E-04    2.51252E-04    2.51235E-04    2.51220E-04    2.51207E-04    2.51197E-04    2.51190E-04    2.51186E-04
              9.96880E-04    9.96880E-04    9.96879E-04    9.96878E-04    9.96878E-04    9.96877E-04    9.96877E-04    9.96876E-04    9.96875E-04    9.96875E-04    9.96874E-04    9.96873E-04    9.96873E-04    9.96872E-04    9.96872E-04    9.96871E-04    9.96871E-04    9.96870E-04    9.96869E-04    9.96869E-04    9.96868E-04    9.96868E-04    9.96868E-04    9.96867E-04    9.96867E-04    9.96867E-04    9.96866E-04    9.96866E-04    9.96866E-04    9.96866E-04
              2.51285E-06    2.51275E-06    2.51266E-06    2.51256E-06    2.51247E-06    2.51237E-06    2.51228E-06    2.51219E-06    2.51209E-06    2.51200E-06    2.51191E-06    2.51182E-06    2.51174E-06    2.51165E-06    2.51157E-06    2.51148E-06    2.51140E-06    2.51132E-06    2.51125E-06    2.51117E-06    2.51110E-06    2.51104E-06    2.51097E-06    2.51092E-06    2.51087E-06    2.51082E-06    2.51078E-06    2.51075E-06    2.51073E-06    2.51072E-06

          Final activities aqueous species:

              9.99891E-01    9.99891E-01    9.99891E-01    9.99891E-01    9.99891E-01    9.99891E-01    9.99891E-01    9.99891E-01    9.99891E-01    9.99891E-01    9.99891E-01    9.99891E-01    9.99891E-01    9.99891E-01    9.99892E-01    9.99892E-01    9.99892E-01    9.99892E-01    9.99892E-01    9.99892E-01    9.99892E-01    9.99892E-01    9.99892E-01    9.99892E-01    9.99892E-01    9.99892E-01    9.99892E-01    9.99892E-01    9.99892E-01    9.99892E-01
              9.40261E-09    9.33653E-09    9.27112E-09    9.20638E-09    9.14235E-09    9.07904E-09    9.01649E-09    8.95474E-09    8.89382E-09    8.83379E-09    8.77469E-09    8.71661E-09    8.65959E-09    8.60375E-09    8.54916E-09    8.49594E-09    8.44422E-09    8.39414E-09    8.34588E-09    8.29962E-09    8.25558E-09    8.21402E-09    8.17521E-09    8.13950E-09    8.10724E-09    8.07888E-09    8.05491E-09    8.03587E-09    8.02241E-09    8.01527E-09
              9.99998E-04    9.99998E-04    9.99998E-04    9.99997E-04    9.99997E-04    9.99997E-04    9.99997E-04    9.99997E-04    9.99996E-04    9.99996E-04    9.99996E-04    9.99996E-04    9.99996E-04    9.99995E-04    9.99995E-04    9.99995E-04    9.99995E-04    9.99995E-04    9.99995E-04    9.99994E-04    9.99994E-04    9.99994E-04    9.99994E-04    9.99994E-04    9.99994E-04    9.99994E-04    9.99994E-04    9.99993E-04    9.99993E-04    9.99993E-04
              1.99971E-03    1.99968E-03    1.99964E-03    1.99961E-03    1.99958E-03    1.99955E-03    1.99952E-03    1.99948E-03    1.99945E-03    1.99942E-03    1.99939E-03    1.99936E-03    1.99933E-03    1.99930E-03    1.99927E-03    1.99925E-03    1.99922E-03    1.99919E-03    1.99916E-03    1.99914E-03    1.99912E-03    1.99909E-03    1.99907E-03    1.99905E-03    1.99904E-03    1.99902E-03    1.99901E-03    1.99900E-03    1.99899E-03    1.99898E-03
              2.93277E-09    3.26094E-09    3.58796E-09    3.91366E-09    4.23786E-09    4.56035E-09    4.88091E-09    5.19927E-09    5.51512E-09    5.82814E-09    6.13793E-09    6.44407E-09    6.74606E-09    7.04335E-09    7.33529E-09    7.62119E-09    7.90021E-09    8.17145E-09    8.43386E-09    8.68626E-09    8.92731E-09    9.15549E-09    9.36909E-09    9.56616E-09    9.74448E-09    9.90157E-09    1.00346E-08    1.01403E-08    1.02151E-08    1.02548E-08
              1.31335E-03    1.31340E-03    1.31345E-03    1.31350E-03    1.31355E-03    1.31360E-03    1.31365E-03    1.31370E-03    1.31375E-03    1.31379E-03    1.31384E-03    1.31389E-03    1.31393E-03    1.31398E-03    1.31402E-03    1.31407E-03    1.31411E-03    1.31415E-03    1.31419E-03    1.31423E-03    1.31427E-03    1.31430E-03    1.31433E-03    1.31436E-03    1.31439E-03    1.31442E-03    1.31444E-03    1.31445E-03    1.31446E-03    1.31447E-03
              5.05321E-04    5.01751E-04    4.98217E-04    4.94719E-04    4.91260E-04    4.87840E-04    4.84461E-04    4.81125E-04    4.77834E-04    4.74591E-04    4.71400E-04    4.68262E-04    4.65183E-04    4.62167E-04    4.59219E-04    4.56345E-04    4.53553E-04    4.50849E-04    4.48243E-04    4.45745E-04    4.43368E-04    4.41124E-04    4.39029E-04    4.37101E-04    4.35360E-04    4.33829E-04    4.32535E-04    4.31507E-04    4.30781E-04    4.30395E-04
              2.52667E-04    2.52636E-04    2.52605E-04    2.52574E-04    2.52543E-04    2.52512E-04    2.52481E-04    2.52451E-04    2.52421E-04    2.52391E-04    2.52361E-04    2.52332E-04    2.52303E-04    2.52275E-04    2.52247E-04    2.52220E-04    2.52193E-04    2.52168E-04    2.52143E-04    2.52119E-04    2.52096E-04    2.52074E-04    2.52053E-04    2.52035E-04    2.52018E-04    2.52003E-04    2.51990E-04    2.51980E-04    2.51973E-04    2.51969E-04
              9.99992E-04    9.99991E-04    9.99990E-04    9.99990E-04    9.99989E-04    9.99988E-04    9.99987E-04    9.99986E-04    9.99985E-04    9.99984E-04    9.99984E-04    9.99983E-04    9.99982E-04    9.99981E-04    9.99981E-04    9.99980E-04    9.99979E-04    9.99978E-04    9.99978E-04    9.99977E-04    9.99976E-04    9.99976E-04    9.99975E-04    9.99975E-04    9.99974E-04    9.99974E-04    9.99973E-04    9.99973E-04    9.99973E-04    9.99973E-04
              2.52069E-06    2.52059E-06    2.52050E-06    2.52040E-06    2.52031E-06    2.52021E-06    2.52012E-06    2.52002E-06    2.51993E-06    2.51984E-06    2.51975E-06    2.51966E-06    2.51957E-06    2.51948E-06    2.51940E-06    2.51931E-06    2.51923E-06    2.51915E-06    2.51908E-06    2.51900E-06    2.51893E-06    2.51886E-06    2.51880E-06    2.51874E-06    2.51869E-06    2.51865E-06    2.51861E-06    2.51858E-06    2.51855E-06    2.51854E-06

          Initial volumetric fractions of minerals:

              5.00000E-01    5.00000E-01    5.00000E-01    5.00000E-01    5.00000E-01    5.00000E-01    5.00000E-01    5.00000E-01    5.00000E-01    5.00000E-01    5.00000E-01    5.00000E-01    5.00000E-01    5.00000E-01    5.00000E-01    5.00000E-01    5.00000E-01    5.00000E-01    5.00000E-01    5.00000E-01    5.00000E-01    5.00000E-01    5.00000E-01    5.00000E-01    5.00000E-01    5.00000E-01    5.00000E-01    5.00000E-01    5.00000E-01    5.00000E-01

          Volumetric fractions of minerals:

              5.01231E-01    5.01229E-01    5.01226E-01    5.01224E-01    5.01222E-01    5.01220E-01    5.01217E-01    5.01215E-01    5.01213E-01    5.01210E-01    5.01208E-01    5.01204E-01    5.01202E-01    5.01200E-01    5.01197E-01    5.01195E-01    5.01193E-01    5.01191E-01    5.01188E-01    5.01186E-01    5.01184E-01    5.01182E-01    5.01180E-01    5.01179E-01    5.01177E-01    5.01176E-01    5.01174E-01    5.01174E-01    5.01173E-01    5.01172E-01

          Initial concentration of minerals:

              1.00000E+00    1.00000E+00    1.00000E+00    1.00000E+00    1.00000E+00    1.00000E+00    1.00000E+00    1.00000E+00    1.00000E+00    1.00000E+00    1.00000E+00    1.00000E+00    1.00000E+00    1.00000E+00    1.00000E+00    1.00000E+00    1.00000E+00    1.00000E+00    1.00000E+00    1.00000E+00    1.00000E+00    1.00000E+00    1.00000E+00    1.00000E+00    1.00000E+00    1.00000E+00    1.00000E+00    1.00000E+00    1.00000E+00    1.00000E+00

          Concentration of minerals:

              1.06657E+00    1.06645E+00    1.06633E+00    1.06621E+00    1.06608E+00    1.06596E+00    1.06584E+00    1.06571E+00    1.06558E+00    1.06546E+00    1.06533E+00    1.06514E+00    1.06501E+00    1.06489E+00    1.06476E+00    1.06464E+00    1.06452E+00    1.06440E+00    1.06428E+00    1.06416E+00    1.06405E+00    1.06395E+00    1.06385E+00    1.06375E+00    1.06367E+00    1.06359E+00    1.06352E+00    1.06347E+00    1.06343E+00    1.06341E+00

          Initial concentration of surface complexes:


          Concentration of surface complexes:


          Initial activity of surface complexes:


          Activity of surface complexes:


          Initial concentration of gases:


          Concentration of gases:


          Initial partial pressures of gases:


          Partial pressures of gases:


          Initial volume of gas:


          Volume of gas:


          Aqueous equilibrium reaction rates:

             -1.96491E-07   -1.96599E-07   -1.96521E-07   -1.96623E-07   -1.96266E-07   -1.96317E-07   -1.96329E-07   -1.96254E-07   -1.96595E-07   -1.96419E-07   -1.96410E-07   -1.96598E-07   -1.96463E-07   -1.96153E-07   -1.96431E-07   -1.96250E-07   -1.96381E-07   -1.96274E-07   -1.96406E-07   -1.96372E-07   -1.96437E-07   -1.96079E-07   -1.96112E-07   -1.96152E-07   -1.96200E-07   -1.96039E-07   -1.96257E-07   -1.96016E-07   -1.96201E-07   -1.96092E-07

          Mineral equilibrium reaction rates (per unit volume of porous medium):

              3.36382E-01    3.36324E-01    3.36266E-01    3.36209E-01    3.36153E-01    3.36097E-01    3.36041E-01    3.35987E-01    3.35933E-01    3.35880E-01    3.35828E-01    3.35776E-01    3.35726E-01    3.35677E-01    3.35628E-01    3.35581E-01    3.35536E-01    3.35491E-01    3.35449E-01    3.35408E-01    3.35369E-01    3.35332E-01    3.35298E-01    3.35266E-01    3.35238E-01    3.35213E-01    3.35192E-01    3.35175E-01    3.35163E-01    3.35157E-01

          Exchange equilibrium reaction rates:


          Gas equilibrium reaction rates:

