  Number of targets:   30


  Time step:

      1.00000E-04

  Final time:

      1.00000E-04


  Dimension + Mixing ratios concentrations (by rows) (including boundary and sink/source terms):

     30    1.00000E+00    0.00000E+00    0.00000E+00    0.00000E+00    0.00000E+00    0.00000E+00    0.00000E+00    0.00000E+00    0.00000E+00    0.00000E+00    0.00000E+00    0.00000E+00    0.00000E+00    0.00000E+00    0.00000E+00    0.00000E+00    0.00000E+00    0.00000E+00    0.00000E+00    0.00000E+00    0.00000E+00    0.00000E+00    0.00000E+00    0.00000E+00    0.00000E+00    0.00000E+00    0.00000E+00    0.00000E+00    0.00000E+00    0.00000E+00
     30    5.00000E-01    5.00000E-01    0.00000E+00    0.00000E+00    0.00000E+00    0.00000E+00    0.00000E+00    0.00000E+00    0.00000E+00    0.00000E+00    0.00000E+00    0.00000E+00    0.00000E+00    0.00000E+00    0.00000E+00    0.00000E+00    0.00000E+00    0.00000E+00    0.00000E+00    0.00000E+00    0.00000E+00    0.00000E+00    0.00000E+00    0.00000E+00    0.00000E+00    0.00000E+00    0.00000E+00    0.00000E+00    0.00000E+00    0.00000E+00
     30    5.00000E-01    2.50000E-01    2.50000E-01    0.00000E+00    0.00000E+00    0.00000E+00    0.00000E+00    0.00000E+00    0.00000E+00    0.00000E+00    0.00000E+00    0.00000E+00    0.00000E+00    0.00000E+00    0.00000E+00    0.00000E+00    0.00000E+00    0.00000E+00    0.00000E+00    0.00000E+00    0.00000E+00    0.00000E+00    0.00000E+00    0.00000E+00    0.00000E+00    0.00000E+00    0.00000E+00    0.00000E+00    0.00000E+00    0.00000E+00
     30    5.00000E-01    1.25000E-01    1.25000E-01    2.50000E-01    0.00000E+00    0.00000E+00    0.00000E+00    0.00000E+00    0.00000E+00    0.00000E+00    0.00000E+00    0.00000E+00    0.00000E+00    0.00000E+00    0.00000E+00    0.00000E+00    0.00000E+00    0.00000E+00    0.00000E+00    0.00000E+00    0.00000E+00    0.00000E+00    0.00000E+00    0.00000E+00    0.00000E+00    0.00000E+00    0.00000E+00    0.00000E+00    0.00000E+00    0.00000E+00
     30    5.00000E-01    6.25000E-02    6.25000E-02    1.25000E-01    2.50000E-01    0.00000E+00    0.00000E+00    0.00000E+00    0.00000E+00    0.00000E+00    0.00000E+00    0.00000E+00    0.00000E+00    0.00000E+00    0.00000E+00    0.00000E+00    0.00000E+00    0.00000E+00    0.00000E+00    0.00000E+00    0.00000E+00    0.00000E+00    0.00000E+00    0.00000E+00    0.00000E+00    0.00000E+00    0.00000E+00    0.00000E+00    0.00000E+00    0.00000E+00
     30    5.00000E-01    3.12500E-02    3.12500E-02    6.25000E-02    1.25000E-01    2.50000E-01    0.00000E+00    0.00000E+00    0.00000E+00    0.00000E+00    0.00000E+00    0.00000E+00    0.00000E+00    0.00000E+00    0.00000E+00    0.00000E+00    0.00000E+00    0.00000E+00    0.00000E+00    0.00000E+00    0.00000E+00    0.00000E+00    0.00000E+00    0.00000E+00    0.00000E+00    0.00000E+00    0.00000E+00    0.00000E+00    0.00000E+00    0.00000E+00
     30    5.00000E-01    1.56250E-02    1.56250E-02    3.12500E-02    6.25000E-02    1.25000E-01    2.50000E-01    0.00000E+00    0.00000E+00    0.00000E+00    0.00000E+00    0.00000E+00    0.00000E+00    0.00000E+00    0.00000E+00    0.00000E+00    0.00000E+00    0.00000E+00    0.00000E+00    0.00000E+00    0.00000E+00    0.00000E+00    0.00000E+00    0.00000E+00    0.00000E+00    0.00000E+00    0.00000E+00    0.00000E+00    0.00000E+00    0.00000E+00
     30    5.00000E-01    7.81250E-03    7.81250E-03    1.56250E-02    3.12500E-02    6.25000E-02    1.25000E-01    2.50000E-01    0.00000E+00    0.00000E+00    0.00000E+00    0.00000E+00    0.00000E+00    0.00000E+00    0.00000E+00    0.00000E+00    0.00000E+00    0.00000E+00    0.00000E+00    0.00000E+00    0.00000E+00    0.00000E+00    0.00000E+00    0.00000E+00    0.00000E+00    0.00000E+00    0.00000E+00    0.00000E+00    0.00000E+00    0.00000E+00
     30    5.00000E-01    3.90625E-03    3.90625E-03    7.81250E-03    1.56250E-02    3.12500E-02    6.25000E-02    1.25000E-01    2.50000E-01    0.00000E+00    0.00000E+00    0.00000E+00    0.00000E+00    0.00000E+00    0.00000E+00    0.00000E+00    0.00000E+00    0.00000E+00    0.00000E+00    0.00000E+00    0.00000E+00    0.00000E+00    0.00000E+00    0.00000E+00    0.00000E+00    0.00000E+00    0.00000E+00    0.00000E+00    0.00000E+00    0.00000E+00
     30    5.00000E-01    1.95312E-03    1.95312E-03    3.90625E-03    7.81250E-03    1.56250E-02    3.12500E-02    6.25000E-02    1.25000E-01    2.50000E-01    0.00000E+00    0.00000E+00    0.00000E+00    0.00000E+00    0.00000E+00    0.00000E+00    0.00000E+00    0.00000E+00    0.00000E+00    0.00000E+00    0.00000E+00    0.00000E+00    0.00000E+00    0.00000E+00    0.00000E+00    0.00000E+00    0.00000E+00    0.00000E+00    0.00000E+00    0.00000E+00
     30    5.00000E-01    9.76562E-04    9.76562E-04    1.95312E-03    3.90625E-03    7.81250E-03    1.56250E-02    3.12500E-02    6.25000E-02    1.25000E-01    2.50000E-01    0.00000E+00    0.00000E+00    0.00000E+00    0.00000E+00    0.00000E+00    0.00000E+00    0.00000E+00    0.00000E+00    0.00000E+00    0.00000E+00    0.00000E+00    0.00000E+00    0.00000E+00    0.00000E+00    0.00000E+00    0.00000E+00    0.00000E+00    0.00000E+00    0.00000E+00
     30    5.00000E-01    4.88281E-04    4.88281E-04    9.76562E-04    1.95312E-03    3.90625E-03    7.81250E-03    1.56250E-02    3.12500E-02    6.25000E-02    1.25000E-01    2.50000E-01    0.00000E+00    0.00000E+00    0.00000E+00    0.00000E+00    0.00000E+00    0.00000E+00    0.00000E+00    0.00000E+00    0.00000E+00    0.00000E+00    0.00000E+00    0.00000E+00    0.00000E+00    0.00000E+00    0.00000E+00    0.00000E+00    0.00000E+00    0.00000E+00
     30    5.00000E-01    2.44141E-04    2.44141E-04    4.88281E-04    9.76562E-04    1.95312E-03    3.90625E-03    7.81250E-03    1.56250E-02    3.12500E-02    6.25000E-02    1.25000E-01    2.50000E-01    0.00000E+00    0.00000E+00    0.00000E+00    0.00000E+00    0.00000E+00    0.00000E+00    0.00000E+00    0.00000E+00    0.00000E+00    0.00000E+00    0.00000E+00    0.00000E+00    0.00000E+00    0.00000E+00    0.00000E+00    0.00000E+00    0.00000E+00
     30    5.00000E-01    1.22070E-04    1.22070E-04    2.44141E-04    4.88281E-04    9.76562E-04    1.95312E-03    3.90625E-03    7.81250E-03    1.56250E-02    3.12500E-02    6.25000E-02    1.25000E-01    2.50000E-01    0.00000E+00    0.00000E+00    0.00000E+00    0.00000E+00    0.00000E+00    0.00000E+00    0.00000E+00    0.00000E+00    0.00000E+00    0.00000E+00    0.00000E+00    0.00000E+00    0.00000E+00    0.00000E+00    0.00000E+00    0.00000E+00
     30    5.00000E-01    6.10352E-05    6.10352E-05    1.22070E-04    2.44141E-04    4.88281E-04    9.76562E-04    1.95312E-03    3.90625E-03    7.81250E-03    1.56250E-02    3.12500E-02    6.25000E-02    1.25000E-01    2.50000E-01    0.00000E+00    0.00000E+00    0.00000E+00    0.00000E+00    0.00000E+00    0.00000E+00    0.00000E+00    0.00000E+00    0.00000E+00    0.00000E+00    0.00000E+00    0.00000E+00    0.00000E+00    0.00000E+00    0.00000E+00
     30    5.00000E-01    3.05176E-05    3.05176E-05    6.10352E-05    1.22070E-04    2.44141E-04    4.88281E-04    9.76562E-04    1.95312E-03    3.90625E-03    7.81250E-03    1.56250E-02    3.12500E-02    6.25000E-02    1.25000E-01    2.50000E-01    0.00000E+00    0.00000E+00    0.00000E+00    0.00000E+00    0.00000E+00    0.00000E+00    0.00000E+00    0.00000E+00    0.00000E+00    0.00000E+00    0.00000E+00    0.00000E+00    0.00000E+00    0.00000E+00
     30    5.00000E-01    1.52588E-05    1.52588E-05    3.05176E-05    6.10352E-05    1.22070E-04    2.44141E-04    4.88281E-04    9.76562E-04    1.95312E-03    3.90625E-03    7.81250E-03    1.56250E-02    3.12500E-02    6.25000E-02    1.25000E-01    2.50000E-01    0.00000E+00    0.00000E+00    0.00000E+00    0.00000E+00    0.00000E+00    0.00000E+00    0.00000E+00    0.00000E+00    0.00000E+00    0.00000E+00    0.00000E+00    0.00000E+00    0.00000E+00
     30    5.00000E-01    7.62939E-06    7.62939E-06    1.52588E-05    3.05176E-05    6.10352E-05    1.22070E-04    2.44141E-04    4.88281E-04    9.76562E-04    1.95312E-03    3.90625E-03    7.81250E-03    1.56250E-02    3.12500E-02    6.25000E-02    1.25000E-01    2.50000E-01    0.00000E+00    0.00000E+00    0.00000E+00    0.00000E+00    0.00000E+00    0.00000E+00    0.00000E+00    0.00000E+00    0.00000E+00    0.00000E+00    0.00000E+00    0.00000E+00
     30    5.00000E-01    3.81470E-06    3.81470E-06    7.62939E-06    1.52588E-05    3.05176E-05    6.10352E-05    1.22070E-04    2.44141E-04    4.88281E-04    9.76562E-04    1.95312E-03    3.90625E-03    7.81250E-03    1.56250E-02    3.12500E-02    6.25000E-02    1.25000E-01    2.50000E-01    0.00000E+00    0.00000E+00    0.00000E+00    0.00000E+00    0.00000E+00    0.00000E+00    0.00000E+00    0.00000E+00    0.00000E+00    0.00000E+00    0.00000E+00
     30    5.00000E-01    1.90735E-06    1.90735E-06    3.81470E-06    7.62939E-06    1.52588E-05    3.05176E-05    6.10352E-05    1.22070E-04    2.44141E-04    4.88281E-04    9.76562E-04    1.95312E-03    3.90625E-03    7.81250E-03    1.56250E-02    3.12500E-02    6.25000E-02    1.25000E-01    2.50000E-01    0.00000E+00    0.00000E+00    0.00000E+00    0.00000E+00    0.00000E+00    0.00000E+00    0.00000E+00    0.00000E+00    0.00000E+00    0.00000E+00
     30    5.00000E-01    9.53674E-07    9.53674E-07    1.90735E-06    3.81470E-06    7.62939E-06    1.52588E-05    3.05176E-05    6.10352E-05    1.22070E-04    2.44141E-04    4.88281E-04    9.76562E-04    1.95312E-03    3.90625E-03    7.81250E-03    1.56250E-02    3.12500E-02    6.25000E-02    1.25000E-01    2.50000E-01    0.00000E+00    0.00000E+00    0.00000E+00    0.00000E+00    0.00000E+00    0.00000E+00    0.00000E+00    0.00000E+00    0.00000E+00
     30    5.00000E-01    4.76837E-07    4.76837E-07    9.53674E-07    1.90735E-06    3.81470E-06    7.62939E-06    1.52588E-05    3.05176E-05    6.10352E-05    1.22070E-04    2.44141E-04    4.88281E-04    9.76562E-04    1.95312E-03    3.90625E-03    7.81250E-03    1.56250E-02    3.12500E-02    6.25000E-02    1.25000E-01    2.50000E-01    0.00000E+00    0.00000E+00    0.00000E+00    0.00000E+00    0.00000E+00    0.00000E+00    0.00000E+00    0.00000E+00
     30    5.00000E-01    2.38419E-07    2.38419E-07    4.76837E-07    9.53674E-07    1.90735E-06    3.81470E-06    7.62939E-06    1.52588E-05    3.05176E-05    6.10352E-05    1.22070E-04    2.44141E-04    4.88281E-04    9.76562E-04    1.95312E-03    3.90625E-03    7.81250E-03    1.56250E-02    3.12500E-02    6.25000E-02    1.25000E-01    2.50000E-01    0.00000E+00    0.00000E+00    0.00000E+00    0.00000E+00    0.00000E+00    0.00000E+00    0.00000E+00
     30    5.00000E-01    1.19209E-07    1.19209E-07    2.38419E-07    4.76837E-07    9.53674E-07    1.90735E-06    3.81470E-06    7.62939E-06    1.52588E-05    3.05176E-05    6.10352E-05    1.22070E-04    2.44141E-04    4.88281E-04    9.76562E-04    1.95312E-03    3.90625E-03    7.81250E-03    1.56250E-02    3.12500E-02    6.25000E-02    1.25000E-01    2.50000E-01    0.00000E+00    0.00000E+00    0.00000E+00    0.00000E+00    0.00000E+00    0.00000E+00
     30    5.00000E-01    5.96046E-08    5.96046E-08    1.19209E-07    2.38419E-07    4.76837E-07    9.53674E-07    1.90735E-06    3.81470E-06    7.62939E-06    1.52588E-05    3.05176E-05    6.10352E-05    1.22070E-04    2.44141E-04    4.88281E-04    9.76562E-04    1.95312E-03    3.90625E-03    7.81250E-03    1.56250E-02    3.12500E-02    6.25000E-02    1.25000E-01    2.50000E-01    0.00000E+00    0.00000E+00    0.00000E+00    0.00000E+00    0.00000E+00
     30    5.00000E-01    2.98023E-08    2.98023E-08    5.96046E-08    1.19209E-07    2.38419E-07    4.76837E-07    9.53674E-07    1.90735E-06    3.81470E-06    7.62939E-06    1.52588E-05    3.05176E-05    6.10352E-05    1.22070E-04    2.44141E-04    4.88281E-04    9.76562E-04    1.95312E-03    3.90625E-03    7.81250E-03    1.56250E-02    3.12500E-02    6.25000E-02    1.25000E-01    2.50000E-01    0.00000E+00    0.00000E+00    0.00000E+00    0.00000E+00
     30    5.00000E-01    1.49012E-08    1.49012E-08    2.98023E-08    5.96046E-08    1.19209E-07    2.38419E-07    4.76837E-07    9.53674E-07    1.90735E-06    3.81470E-06    7.62939E-06    1.52588E-05    3.05176E-05    6.10352E-05    1.22070E-04    2.44141E-04    4.88281E-04    9.76562E-04    1.95312E-03    3.90625E-03    7.81250E-03    1.56250E-02    3.12500E-02    6.25000E-02    1.25000E-01    2.50000E-01    0.00000E+00    0.00000E+00    0.00000E+00
     30    5.00000E-01    7.45058E-09    7.45058E-09    1.49012E-08    2.98023E-08    5.96046E-08    1.19209E-07    2.38419E-07    4.76837E-07    9.53674E-07    1.90735E-06    3.81470E-06    7.62939E-06    1.52588E-05    3.05176E-05    6.10352E-05    1.22070E-04    2.44141E-04    4.88281E-04    9.76562E-04    1.95312E-03    3.90625E-03    7.81250E-03    1.56250E-02    3.12500E-02    6.25000E-02    1.25000E-01    2.50000E-01    0.00000E+00    0.00000E+00
     30    5.00000E-01    3.72529E-09    3.72529E-09    7.45058E-09    1.49012E-08    2.98023E-08    5.96046E-08    1.19209E-07    2.38419E-07    4.76837E-07    9.53674E-07    1.90735E-06    3.81470E-06    7.62939E-06    1.52588E-05    3.05176E-05    6.10352E-05    1.22070E-04    2.44141E-04    4.88281E-04    9.76562E-04    1.95312E-03    3.90625E-03    7.81250E-03    1.56250E-02    3.12500E-02    6.25000E-02    1.25000E-01    2.50000E-01    0.00000E+00
     30    1.00000E+00    0.00000E+00    0.00000E+00    0.00000E+00    0.00000E+00    0.00000E+00    0.00000E+00    0.00000E+00    0.00000E+00    0.00000E+00    0.00000E+00    0.00000E+00    0.00000E+00    0.00000E+00    0.00000E+00    0.00000E+00    0.00000E+00    0.00000E+00    0.00000E+00    0.00000E+00    0.00000E+00    0.00000E+00    0.00000E+00    0.00000E+00    0.00000E+00    0.00000E+00    0.00000E+00    0.00000E+00    0.00000E+00    0.00000E+00

  Initial mixing ratios reaction amounts (by rows):

      1.00000E+00    0.00000E+00    0.00000E+00    0.00000E+00    0.00000E+00    0.00000E+00    0.00000E+00    0.00000E+00    0.00000E+00    0.00000E+00    0.00000E+00    0.00000E+00    0.00000E+00    0.00000E+00    0.00000E+00    0.00000E+00    0.00000E+00    0.00000E+00    0.00000E+00    0.00000E+00    0.00000E+00    0.00000E+00    0.00000E+00    0.00000E+00    0.00000E+00    0.00000E+00    0.00000E+00    0.00000E+00    0.00000E+00    0.00000E+00
      5.00000E-01    5.00000E-01    0.00000E+00    0.00000E+00    0.00000E+00    0.00000E+00    0.00000E+00    0.00000E+00    0.00000E+00    0.00000E+00    0.00000E+00    0.00000E+00    0.00000E+00    0.00000E+00    0.00000E+00    0.00000E+00    0.00000E+00    0.00000E+00    0.00000E+00    0.00000E+00    0.00000E+00    0.00000E+00    0.00000E+00    0.00000E+00    0.00000E+00    0.00000E+00    0.00000E+00    0.00000E+00    0.00000E+00    0.00000E+00
      5.00000E-01    2.50000E-01    2.50000E-01    0.00000E+00    0.00000E+00    0.00000E+00    0.00000E+00    0.00000E+00    0.00000E+00    0.00000E+00    0.00000E+00    0.00000E+00    0.00000E+00    0.00000E+00    0.00000E+00    0.00000E+00    0.00000E+00    0.00000E+00    0.00000E+00    0.00000E+00    0.00000E+00    0.00000E+00    0.00000E+00    0.00000E+00    0.00000E+00    0.00000E+00    0.00000E+00    0.00000E+00    0.00000E+00    0.00000E+00
      5.00000E-01    1.25000E-01    1.25000E-01    2.50000E-01    0.00000E+00    0.00000E+00    0.00000E+00    0.00000E+00    0.00000E+00    0.00000E+00    0.00000E+00    0.00000E+00    0.00000E+00    0.00000E+00    0.00000E+00    0.00000E+00    0.00000E+00    0.00000E+00    0.00000E+00    0.00000E+00    0.00000E+00    0.00000E+00    0.00000E+00    0.00000E+00    0.00000E+00    0.00000E+00    0.00000E+00    0.00000E+00    0.00000E+00    0.00000E+00
      5.00000E-01    6.25000E-02    6.25000E-02    1.25000E-01    2.50000E-01    0.00000E+00    0.00000E+00    0.00000E+00    0.00000E+00    0.00000E+00    0.00000E+00    0.00000E+00    0.00000E+00    0.00000E+00    0.00000E+00    0.00000E+00    0.00000E+00    0.00000E+00    0.00000E+00    0.00000E+00    0.00000E+00    0.00000E+00    0.00000E+00    0.00000E+00    0.00000E+00    0.00000E+00    0.00000E+00    0.00000E+00    0.00000E+00    0.00000E+00
      5.00000E-01    3.12500E-02    3.12500E-02    6.25000E-02    1.25000E-01    2.50000E-01    0.00000E+00    0.00000E+00    0.00000E+00    0.00000E+00    0.00000E+00    0.00000E+00    0.00000E+00    0.00000E+00    0.00000E+00    0.00000E+00    0.00000E+00    0.00000E+00    0.00000E+00    0.00000E+00    0.00000E+00    0.00000E+00    0.00000E+00    0.00000E+00    0.00000E+00    0.00000E+00    0.00000E+00    0.00000E+00    0.00000E+00    0.00000E+00
      5.00000E-01    1.56250E-02    1.56250E-02    3.12500E-02    6.25000E-02    1.25000E-01    2.50000E-01    0.00000E+00    0.00000E+00    0.00000E+00    0.00000E+00    0.00000E+00    0.00000E+00    0.00000E+00    0.00000E+00    0.00000E+00    0.00000E+00    0.00000E+00    0.00000E+00    0.00000E+00    0.00000E+00    0.00000E+00    0.00000E+00    0.00000E+00    0.00000E+00    0.00000E+00    0.00000E+00    0.00000E+00    0.00000E+00    0.00000E+00
      5.00000E-01    7.81250E-03    7.81250E-03    1.56250E-02    3.12500E-02    6.25000E-02    1.25000E-01    2.50000E-01    0.00000E+00    0.00000E+00    0.00000E+00    0.00000E+00    0.00000E+00    0.00000E+00    0.00000E+00    0.00000E+00    0.00000E+00    0.00000E+00    0.00000E+00    0.00000E+00    0.00000E+00    0.00000E+00    0.00000E+00    0.00000E+00    0.00000E+00    0.00000E+00    0.00000E+00    0.00000E+00    0.00000E+00    0.00000E+00
      5.00000E-01    3.90625E-03    3.90625E-03    7.81250E-03    1.56250E-02    3.12500E-02    6.25000E-02    1.25000E-01    2.50000E-01    0.00000E+00    0.00000E+00    0.00000E+00    0.00000E+00    0.00000E+00    0.00000E+00    0.00000E+00    0.00000E+00    0.00000E+00    0.00000E+00    0.00000E+00    0.00000E+00    0.00000E+00    0.00000E+00    0.00000E+00    0.00000E+00    0.00000E+00    0.00000E+00    0.00000E+00    0.00000E+00    0.00000E+00
      5.00000E-01    1.95312E-03    1.95312E-03    3.90625E-03    7.81250E-03    1.56250E-02    3.12500E-02    6.25000E-02    1.25000E-01    2.50000E-01    0.00000E+00    0.00000E+00    0.00000E+00    0.00000E+00    0.00000E+00    0.00000E+00    0.00000E+00    0.00000E+00    0.00000E+00    0.00000E+00    0.00000E+00    0.00000E+00    0.00000E+00    0.00000E+00    0.00000E+00    0.00000E+00    0.00000E+00    0.00000E+00    0.00000E+00    0.00000E+00
      5.00000E-01    9.76562E-04    9.76562E-04    1.95312E-03    3.90625E-03    7.81250E-03    1.56250E-02    3.12500E-02    6.25000E-02    1.25000E-01    2.50000E-01    0.00000E+00    0.00000E+00    0.00000E+00    0.00000E+00    0.00000E+00    0.00000E+00    0.00000E+00    0.00000E+00    0.00000E+00    0.00000E+00    0.00000E+00    0.00000E+00    0.00000E+00    0.00000E+00    0.00000E+00    0.00000E+00    0.00000E+00    0.00000E+00    0.00000E+00
      5.00000E-01    4.88281E-04    4.88281E-04    9.76562E-04    1.95312E-03    3.90625E-03    7.81250E-03    1.56250E-02    3.12500E-02    6.25000E-02    1.25000E-01    2.50000E-01    0.00000E+00    0.00000E+00    0.00000E+00    0.00000E+00    0.00000E+00    0.00000E+00    0.00000E+00    0.00000E+00    0.00000E+00    0.00000E+00    0.00000E+00    0.00000E+00    0.00000E+00    0.00000E+00    0.00000E+00    0.00000E+00    0.00000E+00    0.00000E+00
      5.00000E-01    2.44141E-04    2.44141E-04    4.88281E-04    9.76562E-04    1.95312E-03    3.90625E-03    7.81250E-03    1.56250E-02    3.12500E-02    6.25000E-02    1.25000E-01    2.50000E-01    0.00000E+00    0.00000E+00    0.00000E+00    0.00000E+00    0.00000E+00    0.00000E+00    0.00000E+00    0.00000E+00    0.00000E+00    0.00000E+00    0.00000E+00    0.00000E+00    0.00000E+00    0.00000E+00    0.00000E+00    0.00000E+00    0.00000E+00
      5.00000E-01    1.22070E-04    1.22070E-04    2.44141E-04    4.88281E-04    9.76562E-04    1.95312E-03    3.90625E-03    7.81250E-03    1.56250E-02    3.12500E-02    6.25000E-02    1.25000E-01    2.50000E-01    0.00000E+00    0.00000E+00    0.00000E+00    0.00000E+00    0.00000E+00    0.00000E+00    0.00000E+00    0.00000E+00    0.00000E+00    0.00000E+00    0.00000E+00    0.00000E+00    0.00000E+00    0.00000E+00    0.00000E+00    0.00000E+00
      5.00000E-01    6.10352E-05    6.10352E-05    1.22070E-04    2.44141E-04    4.88281E-04    9.76562E-04    1.95312E-03    3.90625E-03    7.81250E-03    1.56250E-02    3.12500E-02    6.25000E-02    1.25000E-01    2.50000E-01    0.00000E+00    0.00000E+00    0.00000E+00    0.00000E+00    0.00000E+00    0.00000E+00    0.00000E+00    0.00000E+00    0.00000E+00    0.00000E+00    0.00000E+00    0.00000E+00    0.00000E+00    0.00000E+00    0.00000E+00
      5.00000E-01    3.05176E-05    3.05176E-05    6.10352E-05    1.22070E-04    2.44141E-04    4.88281E-04    9.76562E-04    1.95312E-03    3.90625E-03    7.81250E-03    1.56250E-02    3.12500E-02    6.25000E-02    1.25000E-01    2.50000E-01    0.00000E+00    0.00000E+00    0.00000E+00    0.00000E+00    0.00000E+00    0.00000E+00    0.00000E+00    0.00000E+00    0.00000E+00    0.00000E+00    0.00000E+00    0.00000E+00    0.00000E+00    0.00000E+00
      5.00000E-01    1.52588E-05    1.52588E-05    3.05176E-05    6.10352E-05    1.22070E-04    2.44141E-04    4.88281E-04    9.76562E-04    1.95312E-03    3.90625E-03    7.81250E-03    1.56250E-02    3.12500E-02    6.25000E-02    1.25000E-01    2.50000E-01    0.00000E+00    0.00000E+00    0.00000E+00    0.00000E+00    0.00000E+00    0.00000E+00    0.00000E+00    0.00000E+00    0.00000E+00    0.00000E+00    0.00000E+00    0.00000E+00    0.00000E+00
      5.00000E-01    7.62939E-06    7.62939E-06    1.52588E-05    3.05176E-05    6.10352E-05    1.22070E-04    2.44141E-04    4.88281E-04    9.76562E-04    1.95312E-03    3.90625E-03    7.81250E-03    1.56250E-02    3.12500E-02    6.25000E-02    1.25000E-01    2.50000E-01    0.00000E+00    0.00000E+00    0.00000E+00    0.00000E+00    0.00000E+00    0.00000E+00    0.00000E+00    0.00000E+00    0.00000E+00    0.00000E+00    0.00000E+00    0.00000E+00
      5.00000E-01    3.81470E-06    3.81470E-06    7.62939E-06    1.52588E-05    3.05176E-05    6.10352E-05    1.22070E-04    2.44141E-04    4.88281E-04    9.76562E-04    1.95312E-03    3.90625E-03    7.81250E-03    1.56250E-02    3.12500E-02    6.25000E-02    1.25000E-01    2.50000E-01    0.00000E+00    0.00000E+00    0.00000E+00    0.00000E+00    0.00000E+00    0.00000E+00    0.00000E+00    0.00000E+00    0.00000E+00    0.00000E+00    0.00000E+00
      5.00000E-01    1.90735E-06    1.90735E-06    3.81470E-06    7.62939E-06    1.52588E-05    3.05176E-05    6.10352E-05    1.22070E-04    2.44141E-04    4.88281E-04    9.76562E-04    1.95312E-03    3.90625E-03    7.81250E-03    1.56250E-02    3.12500E-02    6.25000E-02    1.25000E-01    2.50000E-01    0.00000E+00    0.00000E+00    0.00000E+00    0.00000E+00    0.00000E+00    0.00000E+00    0.00000E+00    0.00000E+00    0.00000E+00    0.00000E+00
      5.00000E-01    9.53674E-07    9.53674E-07    1.90735E-06    3.81470E-06    7.62939E-06    1.52588E-05    3.05176E-05    6.10352E-05    1.22070E-04    2.44141E-04    4.88281E-04    9.76562E-04    1.95312E-03    3.90625E-03    7.81250E-03    1.56250E-02    3.12500E-02    6.25000E-02    1.25000E-01    2.50000E-01    0.00000E+00    0.00000E+00    0.00000E+00    0.00000E+00    0.00000E+00    0.00000E+00    0.00000E+00    0.00000E+00    0.00000E+00
      5.00000E-01    4.76837E-07    4.76837E-07    9.53674E-07    1.90735E-06    3.81470E-06    7.62939E-06    1.52588E-05    3.05176E-05    6.10352E-05    1.22070E-04    2.44141E-04    4.88281E-04    9.76562E-04    1.95312E-03    3.90625E-03    7.81250E-03    1.56250E-02    3.12500E-02    6.25000E-02    1.25000E-01    2.50000E-01    0.00000E+00    0.00000E+00    0.00000E+00    0.00000E+00    0.00000E+00    0.00000E+00    0.00000E+00    0.00000E+00
      5.00000E-01    2.38419E-07    2.38419E-07    4.76837E-07    9.53674E-07    1.90735E-06    3.81470E-06    7.62939E-06    1.52588E-05    3.05176E-05    6.10352E-05    1.22070E-04    2.44141E-04    4.88281E-04    9.76562E-04    1.95312E-03    3.90625E-03    7.81250E-03    1.56250E-02    3.12500E-02    6.25000E-02    1.25000E-01    2.50000E-01    0.00000E+00    0.00000E+00    0.00000E+00    0.00000E+00    0.00000E+00    0.00000E+00    0.00000E+00
      5.00000E-01    1.19209E-07    1.19209E-07    2.38419E-07    4.76837E-07    9.53674E-07    1.90735E-06    3.81470E-06    7.62939E-06    1.52588E-05    3.05176E-05    6.10352E-05    1.22070E-04    2.44141E-04    4.88281E-04    9.76562E-04    1.95312E-03    3.90625E-03    7.81250E-03    1.56250E-02    3.12500E-02    6.25000E-02    1.25000E-01    2.50000E-01    0.00000E+00    0.00000E+00    0.00000E+00    0.00000E+00    0.00000E+00    0.00000E+00
      5.00000E-01    5.96046E-08    5.96046E-08    1.19209E-07    2.38419E-07    4.76837E-07    9.53674E-07    1.90735E-06    3.81470E-06    7.62939E-06    1.52588E-05    3.05176E-05    6.10352E-05    1.22070E-04    2.44141E-04    4.88281E-04    9.76562E-04    1.95312E-03    3.90625E-03    7.81250E-03    1.56250E-02    3.12500E-02    6.25000E-02    1.25000E-01    2.50000E-01    0.00000E+00    0.00000E+00    0.00000E+00    0.00000E+00    0.00000E+00
      5.00000E-01    2.98023E-08    2.98023E-08    5.96046E-08    1.19209E-07    2.38419E-07    4.76837E-07    9.53674E-07    1.90735E-06    3.81470E-06    7.62939E-06    1.52588E-05    3.05176E-05    6.10352E-05    1.22070E-04    2.44141E-04    4.88281E-04    9.76562E-04    1.95312E-03    3.90625E-03    7.81250E-03    1.56250E-02    3.12500E-02    6.25000E-02    1.25000E-01    2.50000E-01    0.00000E+00    0.00000E+00    0.00000E+00    0.00000E+00
      5.00000E-01    1.49012E-08    1.49012E-08    2.98023E-08    5.96046E-08    1.19209E-07    2.38419E-07    4.76837E-07    9.53674E-07    1.90735E-06    3.81470E-06    7.62939E-06    1.52588E-05    3.05176E-05    6.10352E-05    1.22070E-04    2.44141E-04    4.88281E-04    9.76562E-04    1.95312E-03    3.90625E-03    7.81250E-03    1.56250E-02    3.12500E-02    6.25000E-02    1.25000E-01    2.50000E-01    0.00000E+00    0.00000E+00    0.00000E+00
      5.00000E-01    7.45058E-09    7.45058E-09    1.49012E-08    2.98023E-08    5.96046E-08    1.19209E-07    2.38419E-07    4.76837E-07    9.53674E-07    1.90735E-06    3.81470E-06    7.62939E-06    1.52588E-05    3.05176E-05    6.10352E-05    1.22070E-04    2.44141E-04    4.88281E-04    9.76562E-04    1.95312E-03    3.90625E-03    7.81250E-03    1.56250E-02    3.12500E-02    6.25000E-02    1.25000E-01    2.50000E-01    0.00000E+00    0.00000E+00
      5.00000E-01    3.72529E-09    3.72529E-09    7.45058E-09    1.49012E-08    2.98023E-08    5.96046E-08    1.19209E-07    2.38419E-07    4.76837E-07    9.53674E-07    1.90735E-06    3.81470E-06    7.62939E-06    1.52588E-05    3.05176E-05    6.10352E-05    1.22070E-04    2.44141E-04    4.88281E-04    9.76562E-04    1.95312E-03    3.90625E-03    7.81250E-03    1.56250E-02    3.12500E-02    6.25000E-02    1.25000E-01    2.50000E-01    0.00000E+00
      1.00000E+00    0.00000E+00    0.00000E+00    0.00000E+00    0.00000E+00    0.00000E+00    0.00000E+00    0.00000E+00    0.00000E+00    0.00000E+00    0.00000E+00    0.00000E+00    0.00000E+00    0.00000E+00    0.00000E+00    0.00000E+00    0.00000E+00    0.00000E+00    0.00000E+00    0.00000E+00    0.00000E+00    0.00000E+00    0.00000E+00    0.00000E+00    0.00000E+00    0.00000E+00    0.00000E+00    0.00000E+00    0.00000E+00    0.00000E+00

  Final mixing ratios reaction amounts (by rows):

      1.00000E+00
      5.00000E-01
      5.00000E-01
      5.00000E-01
      5.00000E-01
      5.00000E-01
      5.00000E-01
      5.00000E-01
      5.00000E-01
      5.00000E-01
      5.00000E-01
      5.00000E-01
      5.00000E-01
      5.00000E-01
      5.00000E-01
      5.00000E-01
      5.00000E-01
      5.00000E-01
      5.00000E-01
      5.00000E-01
      5.00000E-01
      5.00000E-01
      5.00000E-01
      5.00000E-01
      5.00000E-01
      5.00000E-01
      5.00000E-01
      5.00000E-01
      5.00000E-01
      1.00000E+00

  Mixing waters indices + no. upstream waters + no. downstream waters:

      1    2    3    4    5    6    7    8    9   10   11   12   13   14   15   16   17   18   19   20   21   22   23   24   25   26   27   28   29   30    0   29
      2    1    3    4    5    6    7    8    9   10   11   12   13   14   15   16   17   18   19   20   21   22   23   24   25   26   27   28   29   30    1   28
      3    1    2    4    5    6    7    8    9   10   11   12   13   14   15   16   17   18   19   20   21   22   23   24   25   26   27   28   29   30    2   27
      4    1    2    3    5    6    7    8    9   10   11   12   13   14   15   16   17   18   19   20   21   22   23   24   25   26   27   28   29   30    3   26
      5    1    2    3    4    6    7    8    9   10   11   12   13   14   15   16   17   18   19   20   21   22   23   24   25   26   27   28   29   30    4   25
      6    1    2    3    4    5    7    8    9   10   11   12   13   14   15   16   17   18   19   20   21   22   23   24   25   26   27   28   29   30    5   24
      7    1    2    3    4    5    6    8    9   10   11   12   13   14   15   16   17   18   19   20   21   22   23   24   25   26   27   28   29   30    6   23
      8    1    2    3    4    5    6    7    9   10   11   12   13   14   15   16   17   18   19   20   21   22   23   24   25   26   27   28   29   30    7   22
      9    1    2    3    4    5    6    7    8   10   11   12   13   14   15   16   17   18   19   20   21   22   23   24   25   26   27   28   29   30    8   21
     10    1    2    3    4    5    6    7    8    9   11   12   13   14   15   16   17   18   19   20   21   22   23   24   25   26   27   28   29   30    9   20
     11    1    2    3    4    5    6    7    8    9   10   12   13   14   15   16   17   18   19   20   21   22   23   24   25   26   27   28   29   30   10   19
     12    1    2    3    4    5    6    7    8    9   10   11   13   14   15   16   17   18   19   20   21   22   23   24   25   26   27   28   29   30   11   18
     13    1    2    3    4    5    6    7    8    9   10   11   12   14   15   16   17   18   19   20   21   22   23   24   25   26   27   28   29   30   12   17
     14    1    2    3    4    5    6    7    8    9   10   11   12   13   15   16   17   18   19   20   21   22   23   24   25   26   27   28   29   30   13   16
     15    1    2    3    4    5    6    7    8    9   10   11   12   13   14   16   17   18   19   20   21   22   23   24   25   26   27   28   29   30   14   15
     16    1    2    3    4    5    6    7    8    9   10   11   12   13   14   15   17   18   19   20   21   22   23   24   25   26   27   28   29   30   15   14
     17    1    2    3    4    5    6    7    8    9   10   11   12   13   14   15   16   18   19   20   21   22   23   24   25   26   27   28   29   30   16   13
     18    1    2    3    4    5    6    7    8    9   10   11   12   13   14   15   16   17   19   20   21   22   23   24   25   26   27   28   29   30   17   12
     19    1    2    3    4    5    6    7    8    9   10   11   12   13   14   15   16   17   18   20   21   22   23   24   25   26   27   28   29   30   18   11
     20    1    2    3    4    5    6    7    8    9   10   11   12   13   14   15   16   17   18   19   21   22   23   24   25   26   27   28   29   30   19   10
     21    1    2    3    4    5    6    7    8    9   10   11   12   13   14   15   16   17   18   19   20   22   23   24   25   26   27   28   29   30   20    9
     22    1    2    3    4    5    6    7    8    9   10   11   12   13   14   15   16   17   18   19   20   21   23   24   25   26   27   28   29   30   21    8
     23    1    2    3    4    5    6    7    8    9   10   11   12   13   14   15   16   17   18   19   20   21   22   24   25   26   27   28   29   30   22    7
     24    1    2    3    4    5    6    7    8    9   10   11   12   13   14   15   16   17   18   19   20   21   22   23   25   26   27   28   29   30   23    6
     25    1    2    3    4    5    6    7    8    9   10   11   12   13   14   15   16   17   18   19   20   21   22   23   24   26   27   28   29   30   24    5
     26    1    2    3    4    5    6    7    8    9   10   11   12   13   14   15   16   17   18   19   20   21   22   23   24   25   27   28   29   30   25    4
     27    1    2    3    4    5    6    7    8    9   10   11   12   13   14   15   16   17   18   19   20   21   22   23   24   25   26   28   29   30   26    3
     28    1    2    3    4    5    6    7    8    9   10   11   12   13   14   15   16   17   18   19   20   21   22   23   24   25   26   27   29   30   27    2
     29    1    2    3    4    5    6    7    8    9   10   11   12   13   14   15   16   17   18   19   20   21   22   23   24   25   26   27   28   30   28    1
     30    1    2    3    4    5    6    7    8    9   10   11   12   13   14   15   16   17   18   19   20   21   22   23   24   25   26   27   28   29   29    0

  Reaction mixing waters indices + no. upstream waters + no. downstream waters:

      1    2    3    4    5    6    7    8    9   10   11   12   13   14   15   16   17   18   19   20   21   22   23   24   25   26   27   28   29   30    0   29
      2    1    3    4    5    6    7    8    9   10   11   12   13   14   15   16   17   18   19   20   21   22   23   24   25   26   27   28   29   30    1   28
      3    1    2    4    5    6    7    8    9   10   11   12   13   14   15   16   17   18   19   20   21   22   23   24   25   26   27   28   29   30    2   27
      4    1    2    3    5    6    7    8    9   10   11   12   13   14   15   16   17   18   19   20   21   22   23   24   25   26   27   28   29   30    3   26
      5    1    2    3    4    6    7    8    9   10   11   12   13   14   15   16   17   18   19   20   21   22   23   24   25   26   27   28   29   30    4   25
      6    1    2    3    4    5    7    8    9   10   11   12   13   14   15   16   17   18   19   20   21   22   23   24   25   26   27   28   29   30    5   24
      7    1    2    3    4    5    6    8    9   10   11   12   13   14   15   16   17   18   19   20   21   22   23   24   25   26   27   28   29   30    6   23
      8    1    2    3    4    5    6    7    9   10   11   12   13   14   15   16   17   18   19   20   21   22   23   24   25   26   27   28   29   30    7   22
      9    1    2    3    4    5    6    7    8   10   11   12   13   14   15   16   17   18   19   20   21   22   23   24   25   26   27   28   29   30    8   21
     10    1    2    3    4    5    6    7    8    9   11   12   13   14   15   16   17   18   19   20   21   22   23   24   25   26   27   28   29   30    9   20
     11    1    2    3    4    5    6    7    8    9   10   12   13   14   15   16   17   18   19   20   21   22   23   24   25   26   27   28   29   30   10   19
     12    1    2    3    4    5    6    7    8    9   10   11   13   14   15   16   17   18   19   20   21   22   23   24   25   26   27   28   29   30   11   18
     13    1    2    3    4    5    6    7    8    9   10   11   12   14   15   16   17   18   19   20   21   22   23   24   25   26   27   28   29   30   12   17
     14    1    2    3    4    5    6    7    8    9   10   11   12   13   15   16   17   18   19   20   21   22   23   24   25   26   27   28   29   30   13   16
     15    1    2    3    4    5    6    7    8    9   10   11   12   13   14   16   17   18   19   20   21   22   23   24   25   26   27   28   29   30   14   15
     16    1    2    3    4    5    6    7    8    9   10   11   12   13   14   15   17   18   19   20   21   22   23   24   25   26   27   28   29   30   15   14
     17    1    2    3    4    5    6    7    8    9   10   11   12   13   14   15   16   18   19   20   21   22   23   24   25   26   27   28   29   30   16   13
     18    1    2    3    4    5    6    7    8    9   10   11   12   13   14   15   16   17   19   20   21   22   23   24   25   26   27   28   29   30   17   12
     19    1    2    3    4    5    6    7    8    9   10   11   12   13   14   15   16   17   18   20   21   22   23   24   25   26   27   28   29   30   18   11
     20    1    2    3    4    5    6    7    8    9   10   11   12   13   14   15   16   17   18   19   21   22   23   24   25   26   27   28   29   30   19   10
     21    1    2    3    4    5    6    7    8    9   10   11   12   13   14   15   16   17   18   19   20   22   23   24   25   26   27   28   29   30   20    9
     22    1    2    3    4    5    6    7    8    9   10   11   12   13   14   15   16   17   18   19   20   21   23   24   25   26   27   28   29   30   21    8
     23    1    2    3    4    5    6    7    8    9   10   11   12   13   14   15   16   17   18   19   20   21   22   24   25   26   27   28   29   30   22    7
     24    1    2    3    4    5    6    7    8    9   10   11   12   13   14   15   16   17   18   19   20   21   22   23   25   26   27   28   29   30   23    6
     25    1    2    3    4    5    6    7    8    9   10   11   12   13   14   15   16   17   18   19   20   21   22   23   24   26   27   28   29   30   24    5
     26    1    2    3    4    5    6    7    8    9   10   11   12   13   14   15   16   17   18   19   20   21   22   23   24   25   27   28   29   30   25    4
     27    1    2    3    4    5    6    7    8    9   10   11   12   13   14   15   16   17   18   19   20   21   22   23   24   25   26   28   29   30   26    3
     28    1    2    3    4    5    6    7    8    9   10   11   12   13   14   15   16   17   18   19   20   21   22   23   24   25   26   27   29   30   27    2
     29    1    2    3    4    5    6    7    8    9   10   11   12   13   14   15   16   17   18   19   20   21   22   23   24   25   26   27   28   30   28    1
     30    1    2    3    4    5    6    7    8    9   10   11   12   13   14   15   16   17   18   19   20   21   22   23   24   25   26   27   28   29   29    0

  Chemical input option:                        1

  WMA option:          Lumped

  rk average option:                        2

  Number of lumpings:                        0

  Aqueous species:

          h2o(p)         
          ca+2           
          cl-            
          so4-2          
  Minerals (name + molar volume):

          gypsum             7.46900E-02
  Gases:

  Surface complexes:

  Equilibrium reactions:

  Kinetic reactions:

          gypsum                        

              2

              3

              3.03599E+04

  0.000000000000000E+000
           1
  1.000000000000000E-009
  Global stoichiometric matrix:

                 -1.00000        0.00000       -1.00000        0.00000        1.00000
  Equilibrium constants:


  Global component matrix:

                  1.00000        0.00000        0.00000
                  0.00000        1.00000        0.00000
                  0.00000        0.00000        1.00000

  Concentration of external waters (in molalities): (rows -> aqueous species in the same order as before, columns -> targets)






  Activities of external waters:






  Concentration of boundary waters (in molalities): (rows -> aqueous species in the same order as before, columns -> targets)






  Activities of boundary waters:






  Initial concentration of aqueous species in the domain:

              5.55556E+01    5.55556E+01    5.55556E+01    5.55556E+01    5.55556E+01    5.55556E+01    5.55556E+01    5.55556E+01    5.55556E+01    5.55556E+01    5.55556E+01    5.55556E+01    5.55556E+01    5.55556E+01    5.55556E+01    5.55556E+01    5.55556E+01    5.55556E+01    5.55556E+01    5.55556E+01    5.55556E+01    5.55556E+01    5.55556E+01    5.55556E+01    5.55556E+01    5.55556E+01    5.55556E+01    5.55556E+01    5.55556E+01    5.55556E+01
              1.00000E-01    1.00000E-03    1.00000E-03    1.00000E-03    1.00000E-03    1.00000E-03    1.00000E-03    1.00000E-03    1.00000E-03    1.00000E-03    1.00000E-03    1.00000E-03    1.00000E-03    1.00000E-03    1.00000E-03    1.00000E-03    1.00000E-03    1.00000E-03    1.00000E-03    1.00000E-03    1.00000E-03    1.00000E-03    1.00000E-03    1.00000E-03    1.00000E-03    1.00000E-03    1.00000E-03    1.00000E-03    1.00000E-03    1.00000E-03
              1.00000E-03    1.00000E-09    1.00000E-09    1.00000E-09    1.00000E-09    1.00000E-09    1.00000E-09    1.00000E-09    1.00000E-09    1.00000E-09    1.00000E-09    1.00000E-09    1.00000E-09    1.00000E-09    1.00000E-09    1.00000E-09    1.00000E-09    1.00000E-09    1.00000E-09    1.00000E-09    1.00000E-09    1.00000E-09    1.00000E-09    1.00000E-09    1.00000E-09    1.00000E-09    1.00000E-09    1.00000E-09    1.00000E-09    1.00000E-09
              3.29382E-04    3.29382E-02    3.29382E-02    3.29382E-02    3.29382E-02    3.29382E-02    3.29382E-02    3.29382E-02    3.29382E-02    3.29382E-02    3.29382E-02    3.29382E-02    3.29382E-02    3.29382E-02    3.29382E-02    3.29382E-02    3.29382E-02    3.29382E-02    3.29382E-02    3.29382E-02    3.29382E-02    3.29382E-02    3.29382E-02    3.29382E-02    3.29382E-02    3.29382E-02    3.29382E-02    3.29382E-02    3.29382E-02    3.29382E-02

  Initial activities aqueous species domain:

              1.00000E+00    1.00000E+00    1.00000E+00    1.00000E+00    1.00000E+00    1.00000E+00    1.00000E+00    1.00000E+00    1.00000E+00    1.00000E+00    1.00000E+00    1.00000E+00    1.00000E+00    1.00000E+00    1.00000E+00    1.00000E+00    1.00000E+00    1.00000E+00    1.00000E+00    1.00000E+00    1.00000E+00    1.00000E+00    1.00000E+00    1.00000E+00    1.00000E+00    1.00000E+00    1.00000E+00    1.00000E+00    1.00000E+00    1.00000E+00
              1.00000E-01    1.00000E-03    1.00000E-03    1.00000E-03    1.00000E-03    1.00000E-03    1.00000E-03    1.00000E-03    1.00000E-03    1.00000E-03    1.00000E-03    1.00000E-03    1.00000E-03    1.00000E-03    1.00000E-03    1.00000E-03    1.00000E-03    1.00000E-03    1.00000E-03    1.00000E-03    1.00000E-03    1.00000E-03    1.00000E-03    1.00000E-03    1.00000E-03    1.00000E-03    1.00000E-03    1.00000E-03    1.00000E-03    1.00000E-03
              1.00000E-03    1.00000E-09    1.00000E-09    1.00000E-09    1.00000E-09    1.00000E-09    1.00000E-09    1.00000E-09    1.00000E-09    1.00000E-09    1.00000E-09    1.00000E-09    1.00000E-09    1.00000E-09    1.00000E-09    1.00000E-09    1.00000E-09    1.00000E-09    1.00000E-09    1.00000E-09    1.00000E-09    1.00000E-09    1.00000E-09    1.00000E-09    1.00000E-09    1.00000E-09    1.00000E-09    1.00000E-09    1.00000E-09    1.00000E-09
              3.29382E-04    3.29382E-02    3.29382E-02    3.29382E-02    3.29382E-02    3.29382E-02    3.29382E-02    3.29382E-02    3.29382E-02    3.29382E-02    3.29382E-02    3.29382E-02    3.29382E-02    3.29382E-02    3.29382E-02    3.29382E-02    3.29382E-02    3.29382E-02    3.29382E-02    3.29382E-02    3.29382E-02    3.29382E-02    3.29382E-02    3.29382E-02    3.29382E-02    3.29382E-02    3.29382E-02    3.29382E-02    3.29382E-02    3.29382E-02

  Final concentration of aqueous species in the domain:

              5.55556E+01    5.55556E+01    5.55556E+01    5.55556E+01    5.55556E+01    5.55556E+01    5.55556E+01    5.55556E+01    5.55556E+01    5.55556E+01    5.55556E+01    5.55556E+01    5.55556E+01    5.55556E+01    5.55556E+01    5.55556E+01    5.55556E+01    5.55556E+01    5.55556E+01    5.55556E+01    5.55556E+01    5.55556E+01    5.55556E+01    5.55556E+01    5.55556E+01    5.55556E+01    5.55556E+01    5.55556E+01    5.55556E+01    5.55556E+01
              1.00000E-01    5.05000E-02    2.57500E-02    1.33750E-02    7.18750E-03    4.09375E-03    2.54687E-03    1.77344E-03    1.38672E-03    1.19336E-03    1.09668E-03    1.04834E-03    1.02417E-03    1.01208E-03    1.00604E-03    1.00302E-03    1.00151E-03    1.00076E-03    1.00038E-03    1.00019E-03    1.00009E-03    1.00005E-03    1.00002E-03    1.00001E-03    1.00001E-03    1.00000E-03    1.00000E-03    1.00000E-03    1.00000E-03    1.00000E-03
              1.00000E-03    5.00000E-04    2.50001E-04    1.25001E-04    6.25009E-05    3.12510E-05    1.56260E-05    7.81349E-06    3.90725E-06    1.95412E-06    9.77562E-07    4.89281E-07    2.45140E-07    1.23070E-07    6.20351E-08    3.15175E-08    1.62588E-08    8.62939E-09    4.81469E-09    2.90735E-09    1.95367E-09    1.47684E-09    1.23842E-09    1.11921E-09    1.05960E-09    1.02980E-09    1.01490E-09    1.00745E-09    1.00373E-09    1.00000E-09
              3.29382E-04    1.66338E-02    2.47860E-02    2.88621E-02    3.09002E-02    3.19192E-02    3.24287E-02    3.26835E-02    3.28108E-02    3.28745E-02    3.29064E-02    3.29223E-02    3.29302E-02    3.29342E-02    3.29362E-02    3.29372E-02    3.29377E-02    3.29380E-02    3.29381E-02    3.29381E-02    3.29382E-02    3.29382E-02    3.29382E-02    3.29382E-02    3.29382E-02    3.29382E-02    3.29382E-02    3.29382E-02    3.29382E-02    3.29382E-02

  Final activities aqueous species domain:

              1.00000E+00    1.00000E+00    1.00000E+00    1.00000E+00    1.00000E+00    1.00000E+00    1.00000E+00    1.00000E+00    1.00000E+00    1.00000E+00    1.00000E+00    1.00000E+00    1.00000E+00    1.00000E+00    1.00000E+00    1.00000E+00    1.00000E+00    1.00000E+00    1.00000E+00    1.00000E+00    1.00000E+00    1.00000E+00    1.00000E+00    1.00000E+00    1.00000E+00    1.00000E+00    1.00000E+00    1.00000E+00    1.00000E+00    1.00000E+00
              1.00000E-01    5.05000E-02    2.57500E-02    1.33750E-02    7.18750E-03    4.09375E-03    2.54687E-03    1.77344E-03    1.38672E-03    1.19336E-03    1.09668E-03    1.04834E-03    1.02417E-03    1.01208E-03    1.00604E-03    1.00302E-03    1.00151E-03    1.00076E-03    1.00038E-03    1.00019E-03    1.00009E-03    1.00005E-03    1.00002E-03    1.00001E-03    1.00001E-03    1.00000E-03    1.00000E-03    1.00000E-03    1.00000E-03    1.00000E-03
              1.00000E-03    5.00000E-04    2.50001E-04    1.25001E-04    6.25009E-05    3.12510E-05    1.56260E-05    7.81349E-06    3.90725E-06    1.95412E-06    9.77562E-07    4.89281E-07    2.45140E-07    1.23070E-07    6.20351E-08    3.15175E-08    1.62588E-08    8.62939E-09    4.81469E-09    2.90735E-09    1.95367E-09    1.47684E-09    1.23842E-09    1.11921E-09    1.05960E-09    1.02980E-09    1.01490E-09    1.00745E-09    1.00373E-09    1.00000E-09
              3.29382E-04    1.66338E-02    2.47860E-02    2.88621E-02    3.09002E-02    3.19192E-02    3.24287E-02    3.26835E-02    3.28108E-02    3.28745E-02    3.29064E-02    3.29223E-02    3.29302E-02    3.29342E-02    3.29362E-02    3.29372E-02    3.29377E-02    3.29380E-02    3.29381E-02    3.29381E-02    3.29382E-02    3.29382E-02    3.29382E-02    3.29382E-02    3.29382E-02    3.29382E-02    3.29382E-02    3.29382E-02    3.29382E-02    3.29382E-02

  Initial salinity domain:

              4.05836E-03    3.19401E-03    3.19401E-03    3.19401E-03    3.19401E-03    3.19401E-03    3.19401E-03    3.19401E-03    3.19401E-03    3.19401E-03    3.19401E-03    3.19401E-03    3.19401E-03    3.19401E-03    3.19401E-03    3.19401E-03    3.19401E-03    3.19401E-03    3.19401E-03    3.19401E-03    3.19401E-03    3.19401E-03    3.19401E-03    3.19401E-03    3.19401E-03    3.19401E-03    3.19401E-03    3.19401E-03    3.19401E-03    3.19401E-03

  Final salinity domain:

              4.05836E-03    3.19401E-03    3.19401E-03    3.19401E-03    3.19401E-03    3.19401E-03    3.19401E-03    3.19401E-03    3.19401E-03    3.19401E-03    3.19401E-03    3.19401E-03    3.19401E-03    3.19401E-03    3.19401E-03    3.19401E-03    3.19401E-03    3.19401E-03    3.19401E-03    3.19401E-03    3.19401E-03    3.19401E-03    3.19401E-03    3.19401E-03    3.19401E-03    3.19401E-03    3.19401E-03    3.19401E-03    3.19401E-03    3.19401E-03

  Aqueous mean equilibrium reaction amounts:


  Initial aqueous kinetic reaction rates:


  Aqueous kinetic reaction rates:


  Aqueous mean kinetic reaction amounts:


  Aqueous estimated kinetic reaction amounts:


  Mineral zone    1:

          Minerals in equilibrium:

          Kinetic minerals:

                    gypsum         


          Mineral mean kinetic reaction amounts:

              0.00000E+00    1.22512E-09    9.18844E-10    5.35992E-10    2.87139E-10    1.48355E-10    7.53739E-11    3.79861E-11    1.90678E-11    9.55259E-12    4.78097E-12    2.39165E-12    1.19612E-12    5.98133E-13    2.99085E-13    1.49547E-13    7.47746E-14    3.73876E-14    1.86939E-14    9.34694E-15    4.67348E-15    2.33674E-15    1.16837E-15    5.84185E-16    2.92093E-16    1.46046E-16    7.30231E-17    3.65116E-17    1.82558E-17    0.00000E+00

          Mineral estimated kinetic reaction amounts:

              0.00000E+00    0.00000E+00    0.00000E+00    0.00000E+00    0.00000E+00    0.00000E+00    0.00000E+00    0.00000E+00    0.00000E+00    0.00000E+00    0.00000E+00    0.00000E+00    0.00000E+00    0.00000E+00    0.00000E+00    0.00000E+00    0.00000E+00    0.00000E+00    0.00000E+00    0.00000E+00    0.00000E+00    0.00000E+00    0.00000E+00    0.00000E+00    0.00000E+00    0.00000E+00    0.00000E+00    0.00000E+00    0.00000E+00    0.00000E+00

          Absolute error kinetic reaction amounts:

              0.00000E+00    1.22512E-09    9.18844E-10    5.35992E-10    2.87139E-10    1.48355E-10    7.53739E-11    3.79861E-11    1.90678E-11    9.55259E-12    4.78097E-12    2.39165E-12    1.19612E-12    5.98133E-13    2.99085E-13    1.49547E-13    7.47746E-14    3.73876E-14    1.86939E-14    9.34694E-15    4.67348E-15    2.33674E-15    1.16837E-15    5.84185E-16    2.92093E-16    1.46046E-16    7.30231E-17    3.65116E-17    1.82558E-17    0.00000E+00

  Reactive zone    1:

          Non-flowing species:

          Number of equilibrium reactions:         0

          Se:

          Sk:

                 -1.00000        0.00000       -1.00000        0.00000        1.00000
          U*Sk^T:

                 -1.00000
                  0.00000
                 -1.00000

          Equilibrium constants:


          Primary species:


          Component matrix:

                  1.00000        0.00000        0.00000
                  0.00000        1.00000        0.00000
                  0.00000        0.00000        1.00000

          Initial concentration of components:

              1.00000E-01    1.00000E-03    1.00000E-03    1.00000E-03    1.00000E-03    1.00000E-03    1.00000E-03    1.00000E-03    1.00000E-03    1.00000E-03    1.00000E-03    1.00000E-03    1.00000E-03    1.00000E-03    1.00000E-03    1.00000E-03    1.00000E-03    1.00000E-03    1.00000E-03    1.00000E-03    1.00000E-03    1.00000E-03    1.00000E-03    1.00000E-03    1.00000E-03    1.00000E-03    1.00000E-03    1.00000E-03    1.00000E-03    1.00000E-03
              1.00000E-03    1.00000E-09    1.00000E-09    1.00000E-09    1.00000E-09    1.00000E-09    1.00000E-09    1.00000E-09    1.00000E-09    1.00000E-09    1.00000E-09    1.00000E-09    1.00000E-09    1.00000E-09    1.00000E-09    1.00000E-09    1.00000E-09    1.00000E-09    1.00000E-09    1.00000E-09    1.00000E-09    1.00000E-09    1.00000E-09    1.00000E-09    1.00000E-09    1.00000E-09    1.00000E-09    1.00000E-09    1.00000E-09    1.00000E-09
              3.29382E-04    3.29382E-02    3.29382E-02    3.29382E-02    3.29382E-02    3.29382E-02    3.29382E-02    3.29382E-02    3.29382E-02    3.29382E-02    3.29382E-02    3.29382E-02    3.29382E-02    3.29382E-02    3.29382E-02    3.29382E-02    3.29382E-02    3.29382E-02    3.29382E-02    3.29382E-02    3.29382E-02    3.29382E-02    3.29382E-02    3.29382E-02    3.29382E-02    3.29382E-02    3.29382E-02    3.29382E-02    3.29382E-02    3.29382E-02

          Final concentration of components:

              1.00000E-01    5.05000E-02    2.57500E-02    1.33750E-02    7.18750E-03    4.09375E-03    2.54687E-03    1.77344E-03    1.38672E-03    1.19336E-03    1.09668E-03    1.04834E-03    1.02417E-03    1.01208E-03    1.00604E-03    1.00302E-03    1.00151E-03    1.00076E-03    1.00038E-03    1.00019E-03    1.00009E-03    1.00005E-03    1.00002E-03    1.00001E-03    1.00001E-03    1.00000E-03    1.00000E-03    1.00000E-03    1.00000E-03    1.00000E-03
              1.00000E-03    5.00000E-04    2.50001E-04    1.25001E-04    6.25009E-05    3.12510E-05    1.56260E-05    7.81349E-06    3.90725E-06    1.95412E-06    9.77562E-07    4.89281E-07    2.45140E-07    1.23070E-07    6.20351E-08    3.15175E-08    1.62588E-08    8.62939E-09    4.81469E-09    2.90735E-09    1.95367E-09    1.47684E-09    1.23842E-09    1.11921E-09    1.05960E-09    1.02980E-09    1.01490E-09    1.00745E-09    1.00373E-09    1.00000E-09
              3.29382E-04    1.66338E-02    2.47860E-02    2.88621E-02    3.09002E-02    3.19192E-02    3.24287E-02    3.26835E-02    3.28108E-02    3.28745E-02    3.29064E-02    3.29223E-02    3.29302E-02    3.29342E-02    3.29362E-02    3.29372E-02    3.29377E-02    3.29380E-02    3.29381E-02    3.29381E-02    3.29382E-02    3.29382E-02    3.29382E-02    3.29382E-02    3.29382E-02    3.29382E-02    3.29382E-02    3.29382E-02    3.29382E-02    3.29382E-02

          Final concentration of aqueous species:

              5.55556E+01    5.55556E+01    5.55556E+01    5.55556E+01    5.55556E+01    5.55556E+01    5.55556E+01    5.55556E+01    5.55556E+01    5.55556E+01    5.55556E+01    5.55556E+01    5.55556E+01    5.55556E+01    5.55556E+01    5.55556E+01    5.55556E+01    5.55556E+01    5.55556E+01    5.55556E+01    5.55556E+01    5.55556E+01    5.55556E+01    5.55556E+01    5.55556E+01    5.55556E+01    5.55556E+01    5.55556E+01    5.55556E+01    5.55556E+01
              1.00000E-01    5.05000E-02    2.57500E-02    1.33750E-02    7.18750E-03    4.09375E-03    2.54687E-03    1.77344E-03    1.38672E-03    1.19336E-03    1.09668E-03    1.04834E-03    1.02417E-03    1.01208E-03    1.00604E-03    1.00302E-03    1.00151E-03    1.00076E-03    1.00038E-03    1.00019E-03    1.00009E-03    1.00005E-03    1.00002E-03    1.00001E-03    1.00001E-03    1.00000E-03    1.00000E-03    1.00000E-03    1.00000E-03    1.00000E-03
              1.00000E-03    5.00000E-04    2.50001E-04    1.25001E-04    6.25009E-05    3.12510E-05    1.56260E-05    7.81349E-06    3.90725E-06    1.95412E-06    9.77562E-07    4.89281E-07    2.45140E-07    1.23070E-07    6.20351E-08    3.15175E-08    1.62588E-08    8.62939E-09    4.81469E-09    2.90735E-09    1.95367E-09    1.47684E-09    1.23842E-09    1.11921E-09    1.05960E-09    1.02980E-09    1.01490E-09    1.00745E-09    1.00373E-09    1.00000E-09
              3.29382E-04    1.66338E-02    2.47860E-02    2.88621E-02    3.09002E-02    3.19192E-02    3.24287E-02    3.26835E-02    3.28108E-02    3.28745E-02    3.29064E-02    3.29223E-02    3.29302E-02    3.29342E-02    3.29362E-02    3.29372E-02    3.29377E-02    3.29380E-02    3.29381E-02    3.29381E-02    3.29382E-02    3.29382E-02    3.29382E-02    3.29382E-02    3.29382E-02    3.29382E-02    3.29382E-02    3.29382E-02    3.29382E-02    3.29382E-02

          Final activities aqueous species:

              1.00000E+00    1.00000E+00    1.00000E+00    1.00000E+00    1.00000E+00    1.00000E+00    1.00000E+00    1.00000E+00    1.00000E+00    1.00000E+00    1.00000E+00    1.00000E+00    1.00000E+00    1.00000E+00    1.00000E+00    1.00000E+00    1.00000E+00    1.00000E+00    1.00000E+00    1.00000E+00    1.00000E+00    1.00000E+00    1.00000E+00    1.00000E+00    1.00000E+00    1.00000E+00    1.00000E+00    1.00000E+00    1.00000E+00    1.00000E+00
              1.00000E-01    5.05000E-02    2.57500E-02    1.33750E-02    7.18750E-03    4.09375E-03    2.54687E-03    1.77344E-03    1.38672E-03    1.19336E-03    1.09668E-03    1.04834E-03    1.02417E-03    1.01208E-03    1.00604E-03    1.00302E-03    1.00151E-03    1.00076E-03    1.00038E-03    1.00019E-03    1.00009E-03    1.00005E-03    1.00002E-03    1.00001E-03    1.00001E-03    1.00000E-03    1.00000E-03    1.00000E-03    1.00000E-03    1.00000E-03
              1.00000E-03    5.00000E-04    2.50001E-04    1.25001E-04    6.25009E-05    3.12510E-05    1.56260E-05    7.81349E-06    3.90725E-06    1.95412E-06    9.77562E-07    4.89281E-07    2.45140E-07    1.23070E-07    6.20351E-08    3.15175E-08    1.62588E-08    8.62939E-09    4.81469E-09    2.90735E-09    1.95367E-09    1.47684E-09    1.23842E-09    1.11921E-09    1.05960E-09    1.02980E-09    1.01490E-09    1.00745E-09    1.00373E-09    1.00000E-09
              3.29382E-04    1.66338E-02    2.47860E-02    2.88621E-02    3.09002E-02    3.19192E-02    3.24287E-02    3.26835E-02    3.28108E-02    3.28745E-02    3.29064E-02    3.29223E-02    3.29302E-02    3.29342E-02    3.29362E-02    3.29372E-02    3.29377E-02    3.29380E-02    3.29381E-02    3.29381E-02    3.29382E-02    3.29382E-02    3.29382E-02    3.29382E-02    3.29382E-02    3.29382E-02    3.29382E-02    3.29382E-02    3.29382E-02    3.29382E-02

          Initial volumetric fractions of minerals:


          Volumetric fractions of minerals:


          Initial concentration of minerals:


          Concentration of minerals:


          Initial concentration of surface complexes:


          Concentration of surface complexes:


          Initial activity of surface complexes:


          Activity of surface complexes:


          Initial concentration of gases:


          Concentration of gases:


          Initial partial pressures of gases:


          Partial pressures of gases:


          Initial volume of gas:


          Volume of gas:


          Aqueous equilibrium reaction amounts:


          Mineral mean equilibrium reaction amounts:


          Exchange equilibrium reaction rates:


          Gas equilibrium reaction rates:

