  Integration method chemical reactions:          Euler fully implicit

  Number of targets:   31


  Time step:

      1.00000E-03

  Final time:

      1.00000E-03


  Dimension + Mixing ratios (by rows) (including boundary and sink/source terms):

     31    3.33000E-01    2.22000E-01    1.48000E-01    9.88000E-02    6.58000E-02    4.39000E-02    2.93000E-02    1.95000E-02    1.30000E-02    8.67000E-03    5.78000E-03    3.85000E-03    2.57000E-03    1.71000E-03    1.14000E-03    7.61000E-04    5.07000E-04    3.38000E-04    2.26000E-04    1.50000E-04    1.00000E-04    6.69000E-05    4.46000E-05    2.98000E-05    1.99000E-05    1.34000E-05    9.07000E-06    6.23000E-06    4.41000E-06    3.28000E-06    2.65000E-06
     31    2.51000E-01    2.46000E-01    1.68000E-01    1.12000E-01    7.45000E-02    4.97000E-02    3.31000E-02    2.21000E-02    1.47000E-02    9.81000E-03    6.54000E-03    4.36000E-03    2.91000E-03    1.94000E-03    1.29000E-03    8.61000E-04    5.74000E-04    3.83000E-04    2.55000E-04    1.70000E-04    1.13000E-04    7.57000E-05    5.05000E-05    3.37000E-05    2.26000E-05    1.52000E-05    1.03000E-05    7.05000E-06    4.99000E-06    3.71000E-06    3.00000E-06
     31    2.11000E-01    1.81000E-01    1.85000E-01    1.41000E-01    9.39000E-02    6.26000E-02    4.17000E-02    2.78000E-02    1.85000E-02    1.24000E-02    8.24000E-03    5.49000E-03    3.66000E-03    2.44000E-03    1.63000E-03    1.09000E-03    7.24000E-04    4.82000E-04    3.22000E-04    2.14000E-04    1.43000E-04    9.54000E-05    6.36000E-05    4.25000E-05    2.84000E-05    1.91000E-05    1.29000E-05    8.89000E-06    6.29000E-06    4.68000E-06    3.78000E-06
     31    1.91000E-01    1.33000E-01    1.37000E-01    1.56000E-01    1.28000E-01    8.51000E-02    5.67000E-02    3.78000E-02    2.52000E-02    1.68000E-02    1.12000E-02    7.47000E-03    4.98000E-03    3.32000E-03    2.21000E-03    1.48000E-03    9.84000E-04    6.56000E-04    4.37000E-04    2.92000E-04    1.94000E-04    1.30000E-04    8.65000E-05    5.78000E-05    3.87000E-05    2.60000E-05    1.76000E-05    1.21000E-05    8.55000E-06    6.36000E-06    5.14000E-06
     31    1.82000E-01    9.83000E-02    1.01000E-01    1.15000E-01    1.41000E-01    1.21000E-01    8.08000E-02    5.39000E-02    3.59000E-02    2.39000E-02    1.60000E-02    1.06000E-02    7.09000E-03    4.73000E-03    3.15000E-03    2.10000E-03    1.40000E-03    9.34000E-04    6.23000E-04    4.15000E-04    2.77000E-04    1.85000E-04    1.23000E-04    8.23000E-05    5.51000E-05    3.70000E-05    2.50000E-05    1.72000E-05    1.22000E-05    9.06000E-06    7.33000E-06
     31    1.77000E-01    7.24000E-02    7.41000E-02    8.45000E-02    1.04000E-01    1.34000E-01    1.18000E-01    7.87000E-02    5.24000E-02    3.50000E-02    2.33000E-02    1.55000E-02    1.04000E-02    6.91000E-03    4.60000E-03    3.07000E-03    2.05000E-03    1.36000E-03    9.10000E-04    6.06000E-04    4.04000E-04    2.70000E-04    1.80000E-04    1.20000E-04    8.04000E-05    5.40000E-05    3.66000E-05    2.51000E-05    1.78000E-05    1.32000E-05    1.07000E-05
     31    1.75000E-01    5.33000E-02    5.46000E-02    6.23000E-02    7.66000E-02    9.87000E-02    1.30000E-01    1.16000E-01    7.76000E-02    5.18000E-02    3.45000E-02    2.30000E-02    1.53000E-02    1.02000E-02    6.82000E-03    4.54000E-03    3.03000E-03    2.02000E-03    1.35000E-03    8.98000E-04    5.99000E-04    3.99000E-04    2.66000E-04    1.78000E-04    1.19000E-04    8.00000E-05    5.41000E-05    3.72000E-05    2.63000E-05    1.96000E-05    1.58000E-05
     31    1.74000E-01    3.93000E-02    4.02000E-02    4.59000E-02    5.64000E-02    7.27000E-02    9.61000E-02    1.29000E-01    1.16000E-01    7.71000E-02    5.14000E-02    3.43000E-02    2.29000E-02    1.52000E-02    1.02000E-02    6.77000E-03    4.51000E-03    3.01000E-03    2.01000E-03    1.34000E-03    8.92000E-04    5.95000E-04    3.97000E-04    2.65000E-04    1.77000E-04    1.19000E-04    8.07000E-05    5.54000E-05    3.92000E-05    2.92000E-05    2.36000E-05
     31    1.73000E-01    2.90000E-02    2.97000E-02    3.38000E-02    4.16000E-02    5.36000E-02    7.08000E-02    9.48000E-02    1.28000E-01    1.15000E-01    7.69000E-02    5.12000E-02    3.42000E-02    2.28000E-02    1.52000E-02    1.01000E-02    6.75000E-03    4.50000E-03    3.00000E-03    2.00000E-03    1.33000E-03    8.89000E-04    5.94000E-04    3.96000E-04    2.65000E-04    1.78000E-04    1.21000E-04    8.29000E-05    5.86000E-05    4.36000E-05    3.53000E-05
     31    1.73000E-01    2.13000E-02    2.19000E-02    2.49000E-02    3.06000E-02    3.95000E-02    5.22000E-02    6.99000E-02    9.42000E-02    1.27000E-01    1.15000E-01    7.67000E-02    5.12000E-02    3.41000E-02    2.27000E-02    1.52000E-02    1.01000E-02    6.74000E-03    4.49000E-03    3.00000E-03    2.00000E-03    1.33000E-03    8.89000E-04    5.94000E-04    3.97000E-04    2.67000E-04    1.81000E-04    1.24000E-04    8.78000E-05    6.54000E-05    5.28000E-05
     31    1.73000E-01    1.57000E-02    1.61000E-02    1.84000E-02    2.26000E-02    2.91000E-02    3.84000E-02    5.15000E-02    6.94000E-02    9.39000E-02    1.27000E-01    1.15000E-01    7.67000E-02    5.11000E-02    3.41000E-02    2.27000E-02    1.51000E-02    1.01000E-02    6.73000E-03    4.49000E-03    2.99000E-03    2.00000E-03    1.33000E-03    8.90000E-04    5.95000E-04    4.00000E-04    2.71000E-04    1.86000E-04    1.32000E-04    9.80000E-05    7.92000E-05
     31    1.72000E-01    1.16000E-02    1.19000E-02    1.35000E-02    1.66000E-02    2.14000E-02    2.83000E-02    3.79000E-02    5.12000E-02    6.92000E-02    9.38000E-02    1.27000E-01    1.15000E-01    7.67000E-02    5.11000E-02    3.41000E-02    2.27000E-02    1.51000E-02    1.01000E-02    6.73000E-03    4.49000E-03    2.99000E-03    2.00000E-03    1.33000E-03    8.93000E-04    6.00000E-04    4.06000E-04    2.79000E-04    1.97000E-04    1.47000E-04    1.19000E-04
     31    1.72000E-01    8.54000E-03    8.74000E-03    9.97000E-03    1.23000E-02    1.58000E-02    2.09000E-02    2.80000E-02    3.77000E-02    5.10000E-02    6.91000E-02    9.37000E-02    1.27000E-01    1.15000E-01    7.66000E-02    5.11000E-02    3.41000E-02    2.27000E-02    1.51000E-02    1.01000E-02    6.73000E-03    4.49000E-03    3.00000E-03    2.00000E-03    1.34000E-03    8.99000E-04    6.09000E-04    4.18000E-04    2.96000E-04    2.20000E-04    1.78000E-04
     31    1.72000E-01    6.29000E-03    6.44000E-03    7.34000E-03    9.03000E-03    1.16000E-02    1.54000E-02    2.06000E-02    2.78000E-02    3.76000E-02    5.09000E-02    6.90000E-02    9.36000E-02    1.27000E-01    1.15000E-01    7.66000E-02    5.11000E-02    3.41000E-02    2.27000E-02    1.51000E-02    1.01000E-02    6.73000E-03    4.49000E-03    3.00000E-03    2.01000E-03    1.35000E-03    9.13000E-04    6.28000E-04    4.44000E-04    3.30000E-04    2.67000E-04
     31    1.72000E-01    4.64000E-03    4.75000E-03    5.41000E-03    6.66000E-03    8.58000E-03    1.13000E-02    1.52000E-02    2.05000E-02    2.77000E-02    3.75000E-02    5.09000E-02    6.90000E-02    9.36000E-02    1.27000E-01    1.15000E-01    7.66000E-02    5.11000E-02    3.41000E-02    2.27000E-02    1.51000E-02    1.01000E-02    6.74000E-03    4.50000E-03    3.01000E-03    2.02000E-03    1.37000E-03    9.41000E-04    6.66000E-04    4.96000E-04    4.01000E-04
     31    1.72000E-01    3.42000E-03    3.50000E-03    3.99000E-03    4.91000E-03    6.32000E-03    8.35000E-03    1.12000E-02    1.51000E-02    2.04000E-02    2.76000E-02    3.75000E-02    5.08000E-02    6.90000E-02    9.36000E-02    1.27000E-01    1.15000E-01    7.66000E-02    5.11000E-02    3.41000E-02    2.27000E-02    1.52000E-02    1.01000E-02    6.75000E-03    4.52000E-03    3.03000E-03    2.05000E-03    1.41000E-03    9.98000E-04    7.43000E-04    6.01000E-04
     31    1.72000E-01    2.52000E-03    2.58000E-03    2.94000E-03    3.61000E-03    4.66000E-03    6.15000E-03    8.24000E-03    1.11000E-02    1.50000E-02    2.04000E-02    2.76000E-02    3.75000E-02    5.08000E-02    6.90000E-02    9.36000E-02    1.27000E-01    1.15000E-01    7.66000E-02    5.11000E-02    3.41000E-02    2.27000E-02    1.52000E-02    1.01000E-02    6.78000E-03    4.55000E-03    3.08000E-03    2.12000E-03    1.50000E-03    1.11000E-03    9.01000E-04
     31    1.72000E-01    1.85000E-03    1.90000E-03    2.16000E-03    2.66000E-03    3.43000E-03    4.53000E-03    6.07000E-03    8.19000E-03    1.11000E-02    1.50000E-02    2.03000E-02    2.76000E-02    3.75000E-02    5.08000E-02    6.90000E-02    9.36000E-02    1.27000E-01    1.15000E-01    7.66000E-02    5.11000E-02    3.41000E-02    2.27000E-02    1.52000E-02    1.02000E-02    6.83000E-03    4.62000E-03    3.18000E-03    2.25000E-03    1.67000E-03    1.35000E-03
     31    1.72000E-01    1.37000E-03    1.40000E-03    1.60000E-03    1.96000E-03    2.53000E-03    3.34000E-03    4.47000E-03    6.03000E-03    8.16000E-03    1.11000E-02    1.50000E-02    2.03000E-02    2.76000E-02    3.75000E-02    5.08000E-02    6.90000E-02    9.36000E-02    1.27000E-01    1.15000E-01    7.67000E-02    5.11000E-02    3.41000E-02    2.28000E-02    1.52000E-02    1.02000E-02    6.93000E-03    4.76000E-03    3.37000E-03    2.51000E-03    2.03000E-03
     31    1.72000E-01    1.01000E-03    1.03000E-03    1.18000E-03    1.45000E-03    1.86000E-03    2.46000E-03    3.30000E-03    4.45000E-03    6.01000E-03    8.15000E-03    1.11000E-02    1.50000E-02    2.03000E-02    2.76000E-02    3.75000E-02    5.08000E-02    6.90000E-02    9.36000E-02    1.27000E-01    1.15000E-01    7.67000E-02    5.12000E-02    3.42000E-02    2.29000E-02    1.54000E-02    1.04000E-02    7.15000E-03    5.05000E-03    3.76000E-03    3.04000E-03
     31    1.72000E-01    7.42000E-04    7.60000E-04    8.66000E-04    1.07000E-03    1.37000E-03    1.81000E-03    2.43000E-03    3.28000E-03    4.43000E-03    6.01000E-03    8.14000E-03    1.10000E-02    1.50000E-02    2.03000E-02    2.76000E-02    3.75000E-02    5.08000E-02    6.90000E-02    9.37000E-02    1.27000E-01    1.15000E-01    7.68000E-02    5.13000E-02    3.43000E-02    2.30000E-02    1.56000E-02    1.07000E-02    7.58000E-03    5.64000E-03    4.56000E-03
     31    1.73000E-01    5.47000E-04    5.60000E-04    6.39000E-04    7.86000E-04    1.01000E-03    1.34000E-03    1.79000E-03    2.42000E-03    3.27000E-03    4.43000E-03    6.00000E-03    8.14000E-03    1.11000E-02    1.50000E-02    2.04000E-02    2.76000E-02    3.75000E-02    5.09000E-02    6.90000E-02    9.37000E-02    1.27000E-01    1.15000E-01    7.69000E-02    5.15000E-02    3.46000E-02    2.34000E-02    1.61000E-02    1.14000E-02    8.47000E-03    6.85000E-03
     31    1.73000E-01    4.04000E-04    4.13000E-04    4.71000E-04    5.79000E-04    7.47000E-04    9.87000E-04    1.32000E-03    1.78000E-03    2.41000E-03    3.27000E-03    4.43000E-03    6.01000E-03    8.15000E-03    1.11000E-02    1.50000E-02    2.04000E-02    2.76000E-02    3.75000E-02    5.09000E-02    6.91000E-02    9.38000E-02    1.27000E-01    1.15000E-01    7.72000E-02    5.19000E-02    3.51000E-02    2.41000E-02    1.71000E-02    1.27000E-02    1.03000E-02
     31    1.73000E-01    2.98000E-04    3.05000E-04    3.48000E-04    4.28000E-04    5.51000E-04    7.28000E-04    9.75000E-04    1.32000E-03    1.78000E-03    2.41000E-03    3.27000E-03    4.43000E-03    6.02000E-03    8.16000E-03    1.11000E-02    1.50000E-02    2.04000E-02    2.77000E-02    3.76000E-02    5.10000E-02    6.92000E-02    9.39000E-02    1.28000E-01    1.16000E-01    7.78000E-02    5.27000E-02    3.62000E-02    2.56000E-02    1.90000E-02    1.54000E-02
     31    1.74000E-01    2.20000E-04    2.26000E-04    2.57000E-04    3.16000E-04    4.08000E-04    5.39000E-04    7.21000E-04    9.73000E-04    1.32000E-03    1.78000E-03    2.42000E-03    3.28000E-03    4.45000E-03    6.04000E-03    8.19000E-03    1.11000E-02    1.51000E-02    2.05000E-02    2.78000E-02    3.77000E-02    5.12000E-02    6.95000E-02    9.43000E-02    1.28000E-01    1.17000E-01    7.90000E-02    5.43000E-02    3.84000E-02    2.86000E-02    2.31000E-02
     31    1.75000E-01    1.64000E-04    1.67000E-04    1.91000E-04    2.35000E-04    3.03000E-04    4.00000E-04    5.36000E-04    7.22000E-04    9.77000E-04    1.32000E-03    1.79000E-03    2.43000E-03    3.30000E-03    4.48000E-03    6.08000E-03    8.26000E-03    1.12000E-02    1.52000E-02    2.06000E-02    2.80000E-02    3.80000E-02    5.16000E-02    7.00000E-02    9.50000E-02    1.29000E-01    1.18000E-01    8.14000E-02    5.76000E-02    4.29000E-02    3.47000E-02
     31    1.78000E-01    1.22000E-04    1.25000E-04    1.43000E-04    1.76000E-04    2.26000E-04    2.99000E-04    4.01000E-04    5.40000E-04    7.31000E-04    9.90000E-04    1.34000E-03    1.82000E-03    2.47000E-03    3.35000E-03    4.55000E-03    6.18000E-03    8.38000E-03    1.14000E-02    1.54000E-02    2.10000E-02    2.84000E-02    3.86000E-02    5.24000E-02    7.11000E-02    9.65000E-02    1.31000E-01    1.22000E-01    8.64000E-02    6.43000E-02    5.20000E-02
     31    1.83000E-01    9.30000E-05    9.52000E-05    1.08000E-04    1.33000E-04    1.72000E-04    2.27000E-04    3.04000E-04    4.10000E-04    5.55000E-04    7.52000E-04    1.02000E-03    1.38000E-03    1.88000E-03    2.55000E-03    3.46000E-03    4.69000E-03    6.37000E-03    8.64000E-03    1.17000E-02    1.59000E-02    2.16000E-02    2.93000E-02    3.98000E-02    5.40000E-02    7.33000E-02    9.94000E-02    1.35000E-01    1.30000E-01    9.64000E-02    7.80000E-02
     31    1.94000E-01    7.27000E-05    7.44000E-05    8.48000E-05    1.04000E-04    1.34000E-04    1.78000E-04    2.38000E-04    3.21000E-04    4.34000E-04    5.88000E-04    7.97000E-04    1.08000E-03    1.47000E-03    1.99000E-03    2.70000E-03    3.67000E-03    4.98000E-03    6.75000E-03    9.17000E-03    1.24000E-02    1.69000E-02    2.29000E-02    3.11000E-02    4.22000E-02    5.73000E-02    7.77000E-02    1.05000E-01    1.43000E-01    1.45000E-01    1.17000E-01
     31    2.17000E-01    5.98000E-05    6.12000E-05    6.98000E-05    8.59000E-05    1.11000E-04    1.46000E-04    1.96000E-04    2.64000E-04    3.57000E-04    4.84000E-04    6.56000E-04    8.90000E-04    1.21000E-03    1.64000E-03    2.22000E-03    3.02000E-03    4.10000E-03    5.56000E-03    7.54000E-03    1.02000E-02    1.39000E-02    1.89000E-02    2.56000E-02    3.47000E-02    4.71000E-02    6.40000E-02    8.68000E-02    1.18000E-01    1.60000E-01    1.75000E-01
     31    2.63000E-01    5.34000E-05    5.47000E-05    6.24000E-05    7.67000E-05    9.88000E-05    1.31000E-04    1.75000E-04    2.36000E-04    3.19000E-04    4.32000E-04    5.86000E-04    7.95000E-04    1.08000E-03    1.46000E-03    1.99000E-03    2.70000E-03    3.66000E-03    4.97000E-03    6.74000E-03    9.15000E-03    1.24000E-02    1.68000E-02    2.29000E-02    3.10000E-02    4.21000E-02    5.72000E-02    7.76000E-02    1.05000E-01    1.43000E-01    1.94000E-01

  Mixing waters indices:

      1    2    3    4    5    6    7    8    9   10   11   12   13   14   15   16   17   18   19   20   21   22   23   24   25   26   27   28   29   30   31
      2    1    3    4    5    6    7    8    9   10   11   12   13   14   15   16   17   18   19   20   21   22   23   24   25   26   27   28   29   30   31
      3    1    2    4    5    6    7    8    9   10   11   12   13   14   15   16   17   18   19   20   21   22   23   24   25   26   27   28   29   30   31
      4    1    2    3    5    6    7    8    9   10   11   12   13   14   15   16   17   18   19   20   21   22   23   24   25   26   27   28   29   30   31
      5    1    2    3    4    6    7    8    9   10   11   12   13   14   15   16   17   18   19   20   21   22   23   24   25   26   27   28   29   30   31
      6    1    2    3    4    5    7    8    9   10   11   12   13   14   15   16   17   18   19   20   21   22   23   24   25   26   27   28   29   30   31
      7    1    2    3    4    5    6    8    9   10   11   12   13   14   15   16   17   18   19   20   21   22   23   24   25   26   27   28   29   30   31
      8    1    2    3    4    5    6    7    9   10   11   12   13   14   15   16   17   18   19   20   21   22   23   24   25   26   27   28   29   30   31
      9    1    2    3    4    5    6    7    8   10   11   12   13   14   15   16   17   18   19   20   21   22   23   24   25   26   27   28   29   30   31
     10    1    2    3    4    5    6    7    8    9   11   12   13   14   15   16   17   18   19   20   21   22   23   24   25   26   27   28   29   30   31
     11    1    2    3    4    5    6    7    8    9   10   12   13   14   15   16   17   18   19   20   21   22   23   24   25   26   27   28   29   30   31
     12    1    2    3    4    5    6    7    8    9   10   11   13   14   15   16   17   18   19   20   21   22   23   24   25   26   27   28   29   30   31
     13    1    2    3    4    5    6    7    8    9   10   11   12   14   15   16   17   18   19   20   21   22   23   24   25   26   27   28   29   30   31
     14    1    2    3    4    5    6    7    8    9   10   11   12   13   15   16   17   18   19   20   21   22   23   24   25   26   27   28   29   30   31
     15    1    2    3    4    5    6    7    8    9   10   11   12   13   14   16   17   18   19   20   21   22   23   24   25   26   27   28   29   30   31
     16    1    2    3    4    5    6    7    8    9   10   11   12   13   14   15   17   18   19   20   21   22   23   24   25   26   27   28   29   30   31
     17    1    2    3    4    5    6    7    8    9   10   11   12   13   14   15   16   18   19   20   21   22   23   24   25   26   27   28   29   30   31
     18    1    2    3    4    5    6    7    8    9   10   11   12   13   14   15   16   17   19   20   21   22   23   24   25   26   27   28   29   30   31
     19    1    2    3    4    5    6    7    8    9   10   11   12   13   14   15   16   17   18   20   21   22   23   24   25   26   27   28   29   30   31
     20    1    2    3    4    5    6    7    8    9   10   11   12   13   14   15   16   17   18   19   21   22   23   24   25   26   27   28   29   30   31
     21    1    2    3    4    5    6    7    8    9   10   11   12   13   14   15   16   17   18   19   20   22   23   24   25   26   27   28   29   30   31
     22    1    2    3    4    5    6    7    8    9   10   11   12   13   14   15   16   17   18   19   20   21   23   24   25   26   27   28   29   30   31
     23    1    2    3    4    5    6    7    8    9   10   11   12   13   14   15   16   17   18   19   20   21   22   24   25   26   27   28   29   30   31
     24    1    2    3    4    5    6    7    8    9   10   11   12   13   14   15   16   17   18   19   20   21   22   23   25   26   27   28   29   30   31
     25    1    2    3    4    5    6    7    8    9   10   11   12   13   14   15   16   17   18   19   20   21   22   23   24   26   27   28   29   30   31
     26    1    2    3    4    5    6    7    8    9   10   11   12   13   14   15   16   17   18   19   20   21   22   23   24   25   27   28   29   30   31
     27    1    2    3    4    5    6    7    8    9   10   11   12   13   14   15   16   17   18   19   20   21   22   23   24   25   26   28   29   30   31
     28    1    2    3    4    5    6    7    8    9   10   11   12   13   14   15   16   17   18   19   20   21   22   23   24   25   26   27   29   30   31
     29    1    2    3    4    5    6    7    8    9   10   11   12   13   14   15   16   17   18   19   20   21   22   23   24   25   26   27   28   30   31
     30    1    2    3    4    5    6    7    8    9   10   11   12   13   14   15   16   17   18   19   20   21   22   23   24   25   26   27   28   29   31
     31    1    2    3    4    5    6    7    8    9   10   11   12   13   14   15   16   17   18   19   20   21   22   23   24   25   26   27   28   29   30

  Aqueous species:

          ca+2           
          so4-2          
          h+             
          hco3-          
          co3-2          
          h2o            
  Minerals (name + molar volume):

          anhydrite          4.59400E-02
          calcite4           3.69340E-02
  Gases:

  Surface complexes:

  Equilibrium reactions:

          co3-2                         

  Kinetic reactions:

          anhydrite                     

          calcite4                      

  Global stoichiometric matrix:

                  0.00000        0.00000        1.00000       -1.00000        1.00000        0.00000        0.00000        0.00000
                 -1.00000       -1.00000        0.00000        0.00000        0.00000        0.00000        1.00000        0.00000
                 -1.00000        0.00000        1.00000       -1.00000        0.00000        0.00000        0.00000        1.00000
  Equilibrium constants:

              4.69029E-11

  Global component matrix:

                  1.00000        0.00000        0.00000        0.00000        0.00000
                  0.00000        1.00000        0.00000        0.00000        0.00000
                  0.00000        0.00000        1.00000        0.00000       -1.00000
                  0.00000        0.00000        0.00000        1.00000        1.00000

  Initial concentration of aqueous species:

              1.00000E-01    1.00000E-01    1.00000E-01    1.00000E-01    1.00000E-01    1.00000E-01    1.00000E-01    1.00000E-01    1.00000E-01    1.00000E-01    1.00000E-01    1.00000E-01    1.00000E-01    1.00000E-01    1.00000E-01    1.00000E-02    1.00000E-03    1.00000E-03    1.00000E-03    1.00000E-03    1.00000E-03    1.00000E-03    1.00000E-03    1.00000E-03    1.00000E-03    1.00000E-03    1.00000E-03    1.00000E-03    1.00000E-03    1.00000E-03    1.00000E-03
              1.00000E-03    1.00000E-03    1.00000E-03    1.00000E-03    1.00000E-03    1.00000E-03    1.00000E-03    1.00000E-03    1.00000E-03    1.00000E-03    1.00000E-03    1.00000E-03    1.00000E-03    1.00000E-03    1.00000E-03    1.00000E-04    1.00000E-05    1.00000E-05    1.00000E-05    1.00000E-05    1.00000E-05    1.00000E-05    1.00000E-05    1.00000E-05    1.00000E-05    1.00000E-05    1.00000E-05    1.00000E-05    1.00000E-05    1.00000E-05    1.00000E-05
              1.00000E-07    1.00000E-07    1.00000E-07    1.00000E-07    1.00000E-07    1.00000E-07    1.00000E-07    1.00000E-07    1.00000E-07    1.00000E-07    1.00000E-07    1.00000E-07    1.00000E-07    1.00000E-07    1.00000E-07    1.00000E-07    1.00000E-07    1.00000E-07    1.00000E-07    1.00000E-07    1.00000E-07    1.00000E-07    1.00000E-07    1.00000E-07    1.00000E-07    1.00000E-07    1.00000E-07    1.00000E-07    1.00000E-07    1.00000E-07    1.00000E-07
              1.00000E-05    1.00000E-05    1.00000E-05    1.00000E-05    1.00000E-05    1.00000E-05    1.00000E-05    1.00000E-05    1.00000E-05    1.00000E-05    1.00000E-05    1.00000E-05    1.00000E-05    1.00000E-05    1.00000E-05    1.00000E-06    1.00000E-07    1.00000E-07    1.00000E-07    1.00000E-07    1.00000E-07    1.00000E-07    1.00000E-07    1.00000E-07    1.00000E-07    1.00000E-07    1.00000E-07    1.00000E-07    1.00000E-07    1.00000E-07    1.00000E-07
              4.69029E-09    4.69029E-09    4.69029E-09    4.69029E-09    4.69029E-09    4.69029E-09    4.69029E-09    4.69029E-09    4.69029E-09    4.69029E-09    4.69029E-09    4.69029E-09    4.69029E-09    4.69029E-09    4.69029E-09    4.69029E-10    4.69029E-11    4.69029E-11    4.69029E-11    4.69029E-11    4.69029E-11    4.69029E-11    4.69029E-11    4.69029E-11    4.69029E-11    4.69029E-11    4.69029E-11    4.69029E-11    4.69029E-11    4.69029E-11    4.69029E-11
              5.55556E+01    5.55556E+01    5.55556E+01    5.55556E+01    5.55556E+01    5.55556E+01    5.55556E+01    5.55556E+01    5.55556E+01    5.55556E+01    5.55556E+01    5.55556E+01    5.55556E+01    5.55556E+01    5.55556E+01    5.55556E+01    5.55556E+01    5.55556E+01    5.55556E+01    5.55556E+01    5.55556E+01    5.55556E+01    5.55556E+01    5.55556E+01    5.55556E+01    5.55556E+01    5.55556E+01    5.55556E+01    5.55556E+01    5.55556E+01    5.55556E+01

  Initial activity coefficients aqueous species:

              1.00000E+00    1.00000E+00    1.00000E+00    1.00000E+00    1.00000E+00    1.00000E+00    1.00000E+00    1.00000E+00    1.00000E+00    1.00000E+00    1.00000E+00    1.00000E+00    1.00000E+00    1.00000E+00    1.00000E+00    1.00000E+00    1.00000E+00    1.00000E+00    1.00000E+00    1.00000E+00    1.00000E+00    1.00000E+00    1.00000E+00    1.00000E+00    1.00000E+00    1.00000E+00    1.00000E+00    1.00000E+00    1.00000E+00    1.00000E+00    1.00000E+00
              1.00000E+00    1.00000E+00    1.00000E+00    1.00000E+00    1.00000E+00    1.00000E+00    1.00000E+00    1.00000E+00    1.00000E+00    1.00000E+00    1.00000E+00    1.00000E+00    1.00000E+00    1.00000E+00    1.00000E+00    1.00000E+00    1.00000E+00    1.00000E+00    1.00000E+00    1.00000E+00    1.00000E+00    1.00000E+00    1.00000E+00    1.00000E+00    1.00000E+00    1.00000E+00    1.00000E+00    1.00000E+00    1.00000E+00    1.00000E+00    1.00000E+00
              1.00000E+00    1.00000E+00    1.00000E+00    1.00000E+00    1.00000E+00    1.00000E+00    1.00000E+00    1.00000E+00    1.00000E+00    1.00000E+00    1.00000E+00    1.00000E+00    1.00000E+00    1.00000E+00    1.00000E+00    1.00000E+00    1.00000E+00    1.00000E+00    1.00000E+00    1.00000E+00    1.00000E+00    1.00000E+00    1.00000E+00    1.00000E+00    1.00000E+00    1.00000E+00    1.00000E+00    1.00000E+00    1.00000E+00    1.00000E+00    1.00000E+00
              1.00000E+00    1.00000E+00    1.00000E+00    1.00000E+00    1.00000E+00    1.00000E+00    1.00000E+00    1.00000E+00    1.00000E+00    1.00000E+00    1.00000E+00    1.00000E+00    1.00000E+00    1.00000E+00    1.00000E+00    1.00000E+00    1.00000E+00    1.00000E+00    1.00000E+00    1.00000E+00    1.00000E+00    1.00000E+00    1.00000E+00    1.00000E+00    1.00000E+00    1.00000E+00    1.00000E+00    1.00000E+00    1.00000E+00    1.00000E+00    1.00000E+00
              1.00000E+00    1.00000E+00    1.00000E+00    1.00000E+00    1.00000E+00    1.00000E+00    1.00000E+00    1.00000E+00    1.00000E+00    1.00000E+00    1.00000E+00    1.00000E+00    1.00000E+00    1.00000E+00    1.00000E+00    1.00000E+00    1.00000E+00    1.00000E+00    1.00000E+00    1.00000E+00    1.00000E+00    1.00000E+00    1.00000E+00    1.00000E+00    1.00000E+00    1.00000E+00    1.00000E+00    1.00000E+00    1.00000E+00    1.00000E+00    1.00000E+00
              1.79673E-02    1.79673E-02    1.79673E-02    1.79673E-02    1.79673E-02    1.79673E-02    1.79673E-02    1.79673E-02    1.79673E-02    1.79673E-02    1.79673E-02    1.79673E-02    1.79673E-02    1.79673E-02    1.79673E-02    1.79967E-02    1.79997E-02    1.79997E-02    1.79997E-02    1.79997E-02    1.79997E-02    1.79997E-02    1.79997E-02    1.79997E-02    1.79997E-02    1.79997E-02    1.79997E-02    1.79997E-02    1.79997E-02    1.79997E-02    1.79997E-02

  Initial activity water:

              9.98182E-01    9.98182E-01    9.98182E-01    9.98182E-01    9.98182E-01    9.98182E-01    9.98182E-01    9.98182E-01    9.98182E-01    9.98182E-01    9.98182E-01    9.98182E-01    9.98182E-01    9.98182E-01    9.98182E-01    9.99818E-01    9.99982E-01    9.99982E-01    9.99982E-01    9.99982E-01    9.99982E-01    9.99982E-01    9.99982E-01    9.99982E-01    9.99982E-01    9.99982E-01    9.99982E-01    9.99982E-01    9.99982E-01    9.99982E-01    9.99982E-01

  Initial salinity:

              4.08770E-03    4.08770E-03    4.08770E-03    4.08770E-03    4.08770E-03    4.08770E-03    4.08770E-03    4.08770E-03    4.08770E-03    4.08770E-03    4.08770E-03    4.08770E-03    4.08770E-03    4.08770E-03    4.08770E-03    4.10279E-04    4.10432E-05    4.10432E-05    4.10432E-05    4.10432E-05    4.10432E-05    4.10432E-05    4.10432E-05    4.10432E-05    4.10432E-05    4.10432E-05    4.10432E-05    4.10432E-05    4.10432E-05    4.10432E-05    4.10432E-05

  Initial pH:

              7.00000E+00    7.00000E+00    7.00000E+00    7.00000E+00    7.00000E+00    7.00000E+00    7.00000E+00    7.00000E+00    7.00000E+00    7.00000E+00    7.00000E+00    7.00000E+00    7.00000E+00    7.00000E+00    7.00000E+00    7.00000E+00    7.00000E+00    7.00000E+00    7.00000E+00    7.00000E+00    7.00000E+00    7.00000E+00    7.00000E+00    7.00000E+00    7.00000E+00    7.00000E+00    7.00000E+00    7.00000E+00    7.00000E+00    7.00000E+00    7.00000E+00

  Activity water:

              9.98182E-01    9.98182E-01    9.98182E-01    9.98182E-01    9.98182E-01    9.98182E-01    9.98182E-01    9.98182E-01    9.98182E-01    9.98182E-01    9.98182E-01    9.98182E-01    9.98182E-01    9.98182E-01    9.98182E-01    9.99818E-01    9.99982E-01    9.99982E-01    9.99982E-01    9.99982E-01    9.99982E-01    9.99982E-01    9.99982E-01    9.99982E-01    9.99982E-01    9.99982E-01    9.99982E-01    9.99982E-01    9.99982E-01    9.99982E-01    9.99982E-01

  Final salinity:

              4.08770E-03    4.08770E-03    4.08770E-03    4.08770E-03    4.08770E-03    4.08770E-03    4.08770E-03    4.08770E-03    4.08770E-03    4.08770E-03    4.08770E-03    4.08770E-03    4.08770E-03    4.08770E-03    4.08770E-03    4.10279E-04    4.10432E-05    4.10432E-05    4.10432E-05    4.10432E-05    4.10432E-05    4.10432E-05    4.10432E-05    4.10432E-05    4.10432E-05    4.10432E-05    4.10432E-05    4.10432E-05    4.10432E-05    4.10432E-05    4.10432E-05

  Final pH:

              7.00000E+00    7.00000E+00    7.00000E+00    7.00000E+00    7.00000E+00    7.00000E+00    7.00000E+00    7.00000E+00    7.00000E+00    7.00000E+00    7.00000E+00    7.00000E+00    7.00000E+00    7.00000E+00    7.00000E+00    7.00000E+00    7.00000E+00    7.00000E+00    7.00000E+00    7.00000E+00    7.00000E+00    7.00000E+00    7.00000E+00    7.00000E+00    7.00000E+00    7.00000E+00    7.00000E+00    7.00000E+00    7.00000E+00    7.00000E+00    7.00000E+00

  Aqueous equilibrium reaction rates:

              1.10559E-09   -1.64289E-09    3.94183E-10   -9.24390E-10   -1.94767E-09   -4.89813E-10    9.83997E-10   -2.67159E-09   -3.18396E-10    1.69594E-10   -6.17340E-10    8.43439E-10    3.20570E-10    5.89468E-10    3.22438E-10    1.95643E-10    3.95186E-10    3.28096E-10    2.60175E-10    1.44842E-10    1.94551E-10   -7.32224E-11    3.65720E-11   -7.72427E-11   -7.23714E-11    3.50117E-11   -2.22103E-11   -1.31209E-11    3.18821E-11    5.64431E-12    9.54508E-12

  Kinetic reaction rates:

              0.00000E+00    0.00000E+00    0.00000E+00    0.00000E+00    0.00000E+00    0.00000E+00    0.00000E+00    0.00000E+00    0.00000E+00    0.00000E+00    0.00000E+00    0.00000E+00    0.00000E+00    0.00000E+00    0.00000E+00    5.29615E-05    5.40451E-05    5.40451E-05    5.40451E-05    5.40451E-05    5.40451E-05    5.40451E-05    5.40451E-05    5.40451E-05    5.40451E-05    5.40451E-05    5.40451E-05    5.40451E-05    5.40451E-05    5.40451E-05    5.40451E-05
              1.00417E-08    1.00417E-08    1.00417E-08    1.00417E-08    1.00417E-08    1.00417E-08    1.00417E-08    1.00417E-08    1.00417E-08    1.00417E-08    1.00417E-08    1.00417E-08    1.00417E-08    1.00417E-08    1.00417E-08    1.16826E-08    0.00000E+00    0.00000E+00    0.00000E+00    0.00000E+00    0.00000E+00    0.00000E+00    0.00000E+00    0.00000E+00    0.00000E+00    0.00000E+00    0.00000E+00    0.00000E+00    0.00000E+00    0.00000E+00    0.00000E+00

  Reactive zone    1:

          Non-flowing species:

          Number of equilibrium reactions:         1

          Se:

                  0.00000        0.00000        1.00000       -1.00000        1.00000        0.00000        0.00000        0.00000
          Sk:

                 -1.00000       -1.00000        0.00000        0.00000        0.00000        0.00000        1.00000        0.00000
                 -1.00000        0.00000        1.00000       -1.00000        0.00000        0.00000        0.00000        1.00000
          U*Sk^T:

                 -1.00000       -1.00000
                 -1.00000        0.00000
                  0.00000        1.00000
                  0.00000       -1.00000

          Equilibrium constants:

              4.69029E-11

          Aqueous species:

                    ca+2           
                    so4-2          
                    h+             
                    hco3-          
                    co3-2          
                    h2o            

          Primary species:

                    ca+2           
                    so4-2          
                    h+             
                    hco3-          
          Component matrix:

                  1.00000        0.00000        0.00000        0.00000        0.00000
                  0.00000        1.00000        0.00000        0.00000        0.00000
                  0.00000        0.00000        1.00000        0.00000       -1.00000
                  0.00000        0.00000        0.00000        1.00000        1.00000

          Initial concentration of components:

              1.00000E-01    1.00000E-01    1.00000E-01    1.00000E-01    1.00000E-01    1.00000E-01    1.00000E-01    1.00000E-01    1.00000E-01    1.00000E-01    1.00000E-01    1.00000E-01    1.00000E-01    1.00000E-01    1.00000E-01    1.00000E-02    1.00000E-03    1.00000E-03    1.00000E-03    1.00000E-03    1.00000E-03    1.00000E-03    1.00000E-03    1.00000E-03    1.00000E-03    1.00000E-03    1.00000E-03    1.00000E-03    1.00000E-03    1.00000E-03    1.00000E-03
              1.00000E-03    1.00000E-03    1.00000E-03    1.00000E-03    1.00000E-03    1.00000E-03    1.00000E-03    1.00000E-03    1.00000E-03    1.00000E-03    1.00000E-03    1.00000E-03    1.00000E-03    1.00000E-03    1.00000E-03    1.00000E-04    1.00000E-05    1.00000E-05    1.00000E-05    1.00000E-05    1.00000E-05    1.00000E-05    1.00000E-05    1.00000E-05    1.00000E-05    1.00000E-05    1.00000E-05    1.00000E-05    1.00000E-05    1.00000E-05    1.00000E-05
              9.53097E-08    9.53097E-08    9.53097E-08    9.53097E-08    9.53097E-08    9.53097E-08    9.53097E-08    9.53097E-08    9.53097E-08    9.53097E-08    9.53097E-08    9.53097E-08    9.53097E-08    9.53097E-08    9.53097E-08    9.95310E-08    9.99531E-08    9.99531E-08    9.99531E-08    9.99531E-08    9.99531E-08    9.99531E-08    9.99531E-08    9.99531E-08    9.99531E-08    9.99531E-08    9.99531E-08    9.99531E-08    9.99531E-08    9.99531E-08    9.99531E-08
              1.00047E-05    1.00047E-05    1.00047E-05    1.00047E-05    1.00047E-05    1.00047E-05    1.00047E-05    1.00047E-05    1.00047E-05    1.00047E-05    1.00047E-05    1.00047E-05    1.00047E-05    1.00047E-05    1.00047E-05    1.00047E-06    1.00047E-07    1.00047E-07    1.00047E-07    1.00047E-07    1.00047E-07    1.00047E-07    1.00047E-07    1.00047E-07    1.00047E-07    1.00047E-07    1.00047E-07    1.00047E-07    1.00047E-07    1.00047E-07    1.00047E-07

          Final concentration of components:

              9.97111E-02    9.98053E-02    9.96491E-02    9.95958E-02    9.94622E-02    9.91178E-02    9.86265E-02    9.81512E-02    9.70812E-02    9.56023E-02    9.34724E-02    9.01291E-02    8.52482E-02    7.78793E-02    6.68538E-02    5.03338E-02    3.73567E-02    2.77887E-02    2.07432E-02    1.55543E-02    1.17127E-02    8.91441E-03    6.83329E-03    5.30569E-03    4.18339E-03    3.36019E-03    2.76687E-03    2.34312E-03    2.04858E-03    1.86356E-03    1.77141E-03
              9.97111E-04    9.98053E-04    9.96491E-04    9.95958E-04    9.94622E-04    9.91178E-04    9.86265E-04    9.81512E-04    9.70812E-04    9.56023E-04    9.34724E-04    9.01291E-04    8.52482E-04    7.78793E-04    6.68538E-04    5.03233E-04    3.73460E-04    2.77780E-04    2.07325E-04    1.55436E-04    1.17020E-04    8.90371E-05    6.82259E-05    5.29499E-05    4.17269E-05    3.34949E-05    2.75617E-05    2.33242E-05    2.03788E-05    1.85286E-05    1.76071E-05
              9.52736E-08    9.53922E-08    9.53083E-08    9.53699E-08    9.54222E-08    9.53729E-08    9.53294E-08    9.55178E-08    9.54610E-08    9.55079E-08    9.56451E-08    9.57309E-08    9.59847E-08    9.63135E-08    9.68428E-08    9.76218E-08    9.82020E-08    9.86456E-08    9.89731E-08    9.92305E-08    9.93794E-08    9.96171E-08    9.96566E-08    9.98134E-08    9.98778E-08    9.97979E-08    9.99045E-08    9.99140E-08    9.98375E-08    9.98997E-08    9.98939E-08
              9.97577E-06    9.98519E-06    9.96956E-06    9.96423E-06    9.95087E-06    9.91641E-06    9.86725E-06    9.81971E-06    9.71266E-06    9.56470E-06    9.35160E-06    9.01712E-06    8.52880E-06    7.79156E-06    6.68850E-06    5.03573E-06    3.73744E-06    2.78018E-06    2.07530E-06    1.55617E-06    1.17183E-06    8.91870E-07    6.83661E-07    5.30829E-07    4.18546E-07    3.36188E-07    2.76828E-07    2.34433E-07    2.04965E-07    1.86454E-07    1.77235E-07

          Final concentration of aqueous species:

              9.97111E-02    9.98053E-02    9.96491E-02    9.95958E-02    9.94622E-02    9.91178E-02    9.86265E-02    9.81512E-02    9.70812E-02    9.56023E-02    9.34724E-02    9.01291E-02    8.52482E-02    7.78793E-02    6.68538E-02    5.03338E-02    3.73567E-02    2.77887E-02    2.07432E-02    1.55543E-02    1.17127E-02    8.91441E-03    6.83329E-03    5.30569E-03    4.18339E-03    3.36019E-03    2.76687E-03    2.34312E-03    2.04858E-03    1.86356E-03    1.77141E-03
              9.97111E-04    9.98053E-04    9.96491E-04    9.95958E-04    9.94622E-04    9.91178E-04    9.86265E-04    9.81512E-04    9.70812E-04    9.56023E-04    9.34724E-04    9.01291E-04    8.52482E-04    7.78793E-04    6.68538E-04    5.03233E-04    3.73460E-04    2.77780E-04    2.07325E-04    1.55436E-04    1.17020E-04    8.90371E-05    6.82259E-05    5.29499E-05    4.17269E-05    3.34949E-05    2.75617E-05    2.33242E-05    2.03788E-05    1.85286E-05    1.76071E-05
              9.99525E-08    1.00070E-07    9.99829E-08    1.00039E-07    1.00083E-07    1.00021E-07    9.99573E-08    1.00116E-07    1.00014E-07    9.99922E-08    1.00028E-07    9.99599E-08    9.99837E-08    9.99675E-08    9.99791E-08    9.99830E-08    9.99549E-08    9.99497E-08    9.99465E-08    9.99603E-08    9.99292E-08    1.00035E-07    9.99772E-08    1.00062E-07    1.00074E-07    9.99556E-08    1.00034E-07    1.00024E-07    9.99337E-08    9.99871E-08    9.99770E-08
              9.97109E-06    9.98052E-06    9.96489E-06    9.95956E-06    9.94620E-06    9.91176E-06    9.86263E-06    9.81511E-06    9.70810E-06    9.56021E-06    9.34722E-06    9.01289E-06    8.52480E-06    7.78790E-06    6.68536E-06    5.03337E-06    3.73568E-06    2.77888E-06    2.07433E-06    1.55544E-06    1.17128E-06    8.91452E-07    6.83340E-07    5.30580E-07    4.18350E-07    3.36030E-07    2.76698E-07    2.34323E-07    2.04869E-07    1.86367E-07    1.77152E-07
              4.67896E-09    4.67788E-09    4.67462E-09    4.66948E-09    4.66117E-09    4.64794E-09    4.62784E-09    4.59824E-09    4.55276E-09    4.48437E-09    4.38289E-09    4.22901E-09    3.99903E-09    3.65394E-09    3.13629E-09    2.36120E-09    1.75294E-09    1.30403E-09    9.73442E-10    7.29837E-10    5.49753E-10    4.17971E-10    3.20580E-10    2.48703E-10    1.96074E-10    1.57678E-10    1.29735E-10    1.09878E-10    9.61533E-11    8.74229E-11    8.31086E-11
              5.55556E+01    5.55556E+01    5.55556E+01    5.55556E+01    5.55556E+01    5.55556E+01    5.55556E+01    5.55556E+01    5.55556E+01    5.55556E+01    5.55556E+01    5.55556E+01    5.55556E+01    5.55556E+01    5.55556E+01    5.55556E+01    5.55556E+01    5.55556E+01    5.55556E+01    5.55556E+01    5.55556E+01    5.55556E+01    5.55556E+01    5.55556E+01    5.55556E+01    5.55556E+01    5.55556E+01    5.55556E+01    5.55556E+01    5.55556E+01    5.55556E+01

          Final activity coefficients aqueous species:

              1.00000E+00    1.00000E+00    1.00000E+00    1.00000E+00    1.00000E+00    1.00000E+00    1.00000E+00    1.00000E+00    1.00000E+00    1.00000E+00    1.00000E+00    1.00000E+00    1.00000E+00    1.00000E+00    1.00000E+00    1.00000E+00    1.00000E+00    1.00000E+00    1.00000E+00    1.00000E+00    1.00000E+00    1.00000E+00    1.00000E+00    1.00000E+00    1.00000E+00    1.00000E+00    1.00000E+00    1.00000E+00    1.00000E+00    1.00000E+00    1.00000E+00
              1.00000E+00    1.00000E+00    1.00000E+00    1.00000E+00    1.00000E+00    1.00000E+00    1.00000E+00    1.00000E+00    1.00000E+00    1.00000E+00    1.00000E+00    1.00000E+00    1.00000E+00    1.00000E+00    1.00000E+00    1.00000E+00    1.00000E+00    1.00000E+00    1.00000E+00    1.00000E+00    1.00000E+00    1.00000E+00    1.00000E+00    1.00000E+00    1.00000E+00    1.00000E+00    1.00000E+00    1.00000E+00    1.00000E+00    1.00000E+00    1.00000E+00
              1.00000E+00    1.00000E+00    1.00000E+00    1.00000E+00    1.00000E+00    1.00000E+00    1.00000E+00    1.00000E+00    1.00000E+00    1.00000E+00    1.00000E+00    1.00000E+00    1.00000E+00    1.00000E+00    1.00000E+00    1.00000E+00    1.00000E+00    1.00000E+00    1.00000E+00    1.00000E+00    1.00000E+00    1.00000E+00    1.00000E+00    1.00000E+00    1.00000E+00    1.00000E+00    1.00000E+00    1.00000E+00    1.00000E+00    1.00000E+00    1.00000E+00
              1.00000E+00    1.00000E+00    1.00000E+00    1.00000E+00    1.00000E+00    1.00000E+00    1.00000E+00    1.00000E+00    1.00000E+00    1.00000E+00    1.00000E+00    1.00000E+00    1.00000E+00    1.00000E+00    1.00000E+00    1.00000E+00    1.00000E+00    1.00000E+00    1.00000E+00    1.00000E+00    1.00000E+00    1.00000E+00    1.00000E+00    1.00000E+00    1.00000E+00    1.00000E+00    1.00000E+00    1.00000E+00    1.00000E+00    1.00000E+00    1.00000E+00
              1.00000E+00    1.00000E+00    1.00000E+00    1.00000E+00    1.00000E+00    1.00000E+00    1.00000E+00    1.00000E+00    1.00000E+00    1.00000E+00    1.00000E+00    1.00000E+00    1.00000E+00    1.00000E+00    1.00000E+00    1.00000E+00    1.00000E+00    1.00000E+00    1.00000E+00    1.00000E+00    1.00000E+00    1.00000E+00    1.00000E+00    1.00000E+00    1.00000E+00    1.00000E+00    1.00000E+00    1.00000E+00    1.00000E+00    1.00000E+00    1.00000E+00
              1.79673E-02    1.79673E-02    1.79673E-02    1.79673E-02    1.79673E-02    1.79673E-02    1.79673E-02    1.79673E-02    1.79673E-02    1.79673E-02    1.79673E-02    1.79673E-02    1.79673E-02    1.79673E-02    1.79673E-02    1.79967E-02    1.79997E-02    1.79997E-02    1.79997E-02    1.79997E-02    1.79997E-02    1.79997E-02    1.79997E-02    1.79997E-02    1.79997E-02    1.79997E-02    1.79997E-02    1.79997E-02    1.79997E-02    1.79997E-02    1.79997E-02

          Initial volumetric fractions of minerals:


          Volumetric fractions of minerals:


          Initial concentration of minerals:


          Concentration of minerals:


          Concentration of surface complexes:


          Initial concentration of gases:


          Concentration of gases:


          Initial partial pressures of gases:


          Partial pressures of gases:


          Initial volume of gas:


          Volume of gas:


          Aqueous equilibrium reaction rates:

              1.10559E-09   -1.64289E-09    3.94183E-10   -9.24390E-10   -1.94767E-09   -4.89813E-10    9.83997E-10   -2.67159E-09   -3.18396E-10    1.69594E-10   -6.17340E-10    8.43439E-10    3.20570E-10    5.89468E-10    3.22438E-10    1.95643E-10    3.95186E-10    3.28096E-10    2.60175E-10    1.44842E-10    1.94551E-10   -7.32224E-11    3.65720E-11   -7.72427E-11   -7.23714E-11    3.50117E-11   -2.22103E-11   -1.31209E-11    3.18821E-11    5.64431E-12    9.54508E-12

          Mineral equilibrium reaction rates:


          Gas equilibrium reaction rates:

