  Integration method chemical reactions:          Euler fully implicit

  Number of targets:   31


  Time step:

      1.00000E-03

  Final time:

      1.00000E+00


  Dimension + Mixing ratios (by rows) (including boundary and sink/source terms):

     31    3.33333E-01    2.22222E-01    1.48148E-01    9.87654E-02    6.58436E-02    4.38957E-02    2.92638E-02    1.95092E-02    1.30061E-02    8.67077E-03    5.78051E-03    3.85368E-03    2.56912E-03    1.71275E-03    1.14184E-03    7.61229E-04    5.07492E-04    3.38337E-04    2.25570E-04    1.50396E-04    1.00286E-04    6.68872E-05    4.46319E-05    2.98095E-05    1.99475E-05    1.33994E-05    9.07018E-06    6.23301E-06    4.40807E-06    3.28171E-06    2.65329E-06
     31    2.51462E-01    2.45614E-01    1.67641E-01    1.11761E-01    7.45073E-02    4.96715E-02    3.31143E-02    2.20762E-02    1.47175E-02    9.81166E-03    6.54111E-03    4.36074E-03    2.90716E-03    1.93811E-03    1.29208E-03    8.61390E-04    5.74268E-04    3.82855E-04    2.55250E-04    1.70185E-04    1.13482E-04    7.56881E-05    5.05045E-05    3.37318E-05    2.25722E-05    1.51625E-05    1.02636E-05    7.05314E-06    4.98808E-06    3.71351E-06    3.00241E-06
     31    2.11244E-01    1.80979E-01    1.85288E-01    1.40830E-01    9.38864E-02    6.25910E-02    4.17273E-02    2.78182E-02    1.85455E-02    1.23636E-02    8.24243E-03    5.49496E-03    3.66331E-03    2.44221E-03    1.62814E-03    1.08544E-03    7.23633E-04    4.82435E-04    3.21640E-04    2.14450E-04    1.42998E-04    9.53744E-05    6.36406E-05    4.25054E-05    2.84431E-05    1.91063E-05    1.29332E-05    8.88765E-06    6.28547E-06    4.67939E-06    3.78333E-06
     31    1.91489E-01    1.33353E-01    1.36528E-01    1.55654E-01    1.27659E-01    8.51060E-02    5.67373E-02    3.78249E-02    2.52166E-02    1.68111E-02    1.12074E-02    7.47159E-03    4.98106E-03    3.32071E-03    2.21382E-03    1.47589E-03    9.83937E-04    6.55975E-04    4.37340E-04    2.91591E-04    1.94437E-04    1.29682E-04    8.65333E-05    5.77953E-05    3.86746E-05    2.59791E-05    1.75854E-05    1.20847E-05    8.54646E-06    6.36264E-06    5.14426E-06
     31    1.81784E-01    9.82599E-02    1.00599E-01    1.14692E-01    1.41097E-01    1.21189E-01    8.07928E-02    5.38619E-02    3.59079E-02    2.39386E-02    1.59591E-02    1.06394E-02    7.09293E-03    4.72863E-03    3.15243E-03    2.10163E-03    1.40111E-03    9.34095E-04    6.22763E-04    4.15220E-04    2.76874E-04    1.84665E-04    1.23222E-04    8.22993E-05    5.50719E-05    3.69937E-05    2.50413E-05    1.72083E-05    1.21700E-05    9.06027E-06    7.32533E-06
     31    1.77017E-01    7.24021E-02    7.41259E-02    8.45101E-02    1.03966E-01    1.33946E-01    1.18011E-01    7.86741E-02    5.24494E-02    3.49663E-02    2.33108E-02    1.55406E-02    1.03604E-02    6.90693E-03    4.60464E-03    3.06978E-03    2.04654E-03    1.36440E-03    9.09647E-04    6.06496E-04    4.04420E-04    2.69733E-04    1.79985E-04    1.20212E-04    8.04415E-05    5.40354E-05    3.65769E-05    2.51356E-05    1.77762E-05    1.32340E-05    1.06998E-05
     31    1.74675E-01    5.33489E-02    5.46191E-02    6.22706E-02    7.66066E-02    9.86970E-02    1.30433E-01    1.16450E-01    7.76333E-02    5.17555E-02    3.45037E-02    2.30025E-02    1.53350E-02    1.02233E-02    6.81558E-03    4.54375E-03    3.02920E-03    2.01952E-03    1.34642E-03    8.97709E-04    5.98604E-04    3.99247E-04    2.66406E-04    1.77932E-04    1.19066E-04    7.99808E-05    5.41396E-05    3.72046E-05    2.63116E-05    1.95884E-05    1.58374E-05
     31    1.73524E-01    3.93097E-02    4.02457E-02    4.58836E-02    5.64470E-02    7.27241E-02    9.61088E-02    1.28708E-01    1.15683E-01    7.71220E-02    5.14147E-02    3.42765E-02    2.28510E-02    1.52340E-02    1.01560E-02    6.77074E-03    4.51388E-03    3.00933E-03    2.00633E-03    1.33770E-03    8.91993E-04    5.94927E-04    3.96978E-04    2.65140E-04    1.77423E-04    1.19181E-04    8.06745E-05    5.54394E-05    3.92075E-05    2.91891E-05    2.35997E-05
     31    1.72959E-01    2.89650E-02    2.96547E-02    3.38090E-02    4.15925E-02    5.35862E-02    7.08170E-02    9.48373E-02    1.27860E-01    1.15306E-01    7.68709E-02    5.12473E-02    3.41649E-02    2.27766E-02    1.51845E-02    1.01230E-02    6.74878E-03    4.49930E-03    2.99969E-03    2.00001E-03    1.33363E-03    8.89484E-04    5.93527E-04    3.96415E-04    2.65267E-04    1.78189E-04    1.20618E-04    8.28883E-05    5.86197E-05    4.36410E-05    3.52842E-05
     31    1.72682E-01    2.13427E-02    2.18508E-02    2.49119E-02    3.06471E-02    3.94846E-02    5.21809E-02    6.98801E-02    9.42128E-02    1.27444E-01    1.15121E-01    7.67475E-02    5.11651E-02    3.41101E-02    2.27401E-02    1.51602E-02    1.01069E-02    6.73812E-03    4.49232E-03    2.99520E-03    1.99724E-03    1.33209E-03    8.88862E-04    5.93668E-04    3.97262E-04    2.66855E-04    1.80636E-04    1.24133E-04    8.77885E-05    6.53565E-05    5.28414E-05
     31    1.72546E-01    1.57262E-02    1.61006E-02    1.83561E-02    2.25821E-02    2.90939E-02    3.84491E-02    5.14906E-02    6.94199E-02    9.39060E-02    1.27239E-01    1.15030E-01    7.66870E-02    5.11247E-02    3.40833E-02    2.27223E-02    1.51484E-02    1.00992E-02    6.73315E-03    4.48925E-03    2.99349E-03    1.99655E-03    1.33224E-03    8.89799E-04    5.95423E-04    3.99967E-04    2.70740E-04    1.86052E-04    1.31579E-04    9.79573E-05    7.91996E-05
     31    1.72479E-01    1.15877E-02    1.18636E-02    1.35256E-02    1.66394E-02    2.14376E-02    2.83309E-02    3.79405E-02    5.11515E-02    6.91939E-02    9.37553E-02    1.27139E-01    1.14986E-01    7.66573E-02    5.11050E-02    3.40702E-02    2.27138E-02    1.51429E-02    1.00958E-02    6.73126E-03    4.48849E-03    2.99366E-03    1.99759E-03    1.33418E-03    8.92788E-04    5.99717E-04    4.05953E-04    2.78970E-04    1.97292E-04    1.46879E-04    1.18753E-04
     31    1.72446E-01    8.53832E-03    8.74162E-03    9.96622E-03    1.22606E-02    1.57962E-02    2.08754E-02    2.79562E-02    3.76906E-02    5.09850E-02    6.90829E-02    9.36813E-02    1.27090E-01    1.14964E-01    7.66429E-02    5.10956E-02    3.40642E-02    2.27100E-02    1.51408E-02    1.00950E-02    6.73145E-03    4.48964E-03    2.99581E-03    2.00089E-03    1.33893E-03    8.99404E-04    6.08813E-04    4.18375E-04    2.95881E-04    2.20276E-04    1.78096E-04
     31    1.72430E-01    6.29141E-03    6.44120E-03    7.34354E-03    9.03417E-03    1.16393E-02    1.53819E-02    2.05993E-02    2.77721E-02    3.75680E-02    5.09033E-02    6.90284E-02    9.36451E-02    1.27066E-01    1.14954E-01    7.66362E-02    5.10915E-02    3.40619E-02    2.27091E-02    1.51410E-02    1.00962E-02    6.73382E-03    4.49329E-03    3.00105E-03    2.00820E-03    1.34898E-03    9.13134E-04    6.27504E-04    4.43780E-04    3.30384E-04    2.67119E-04
     31    1.72423E-01    4.63579E-03    4.74616E-03    5.41105E-03    6.65678E-03    8.57634E-03    1.13341E-02    1.51785E-02    2.04637E-02    2.76817E-02    3.75078E-02    5.08632E-02    6.90019E-02    9.36275E-02    1.27054E-01    1.14949E-01    7.66337E-02    5.10904E-02    3.40621E-02    2.27105E-02    1.51437E-02    1.01003E-02    6.73962E-03    4.50137E-03    3.01216E-03    2.02338E-03    1.36964E-03    9.41213E-04    6.65639E-04    4.95553E-04    4.00660E-04
     31    1.72420E-01    3.41586E-03    3.49719E-03    3.98711E-03    4.90503E-03    6.31945E-03    8.35149E-03    1.11842E-02    1.50786E-02    2.03972E-02    2.76375E-02    3.74784E-02    5.08438E-02    6.89891E-02    9.36193E-02    1.27049E-01    1.14948E-01    7.66339E-02    5.10920E-02    3.40650E-02    2.27150E-02    1.51501E-02    1.01092E-02    6.75190E-03    4.51814E-03    3.03500E-03    2.05441E-03    1.41179E-03    9.98436E-04    7.43312E-04    6.00976E-04
     31    1.72420E-01    2.51698E-03    2.57691E-03    2.93791E-03    3.61428E-03    4.65650E-03    6.15380E-03    8.24111E-03    1.11107E-02    1.50297E-02    2.03647E-02    2.76160E-02    3.74643E-02    5.08347E-02    6.89835E-02    9.36162E-02    1.27048E-01    1.14950E-01    7.66371E-02    5.10969E-02    3.40721E-02    2.27248E-02    1.51636E-02    1.01277E-02    6.77714E-03    4.55244E-03    3.08158E-03    2.11766E-03    1.49764E-03    1.11496E-03    9.01454E-04
     31    1.72424E-01    1.85467E-03    1.89883E-03    2.16483E-03    2.66322E-03    3.43119E-03    4.53450E-03    6.07255E-03    8.18705E-03    1.10748E-02    1.50060E-02    2.03492E-02    2.76060E-02    3.74582E-02    5.08313E-02    6.89822E-02    9.36165E-02    1.27050E-01    1.14955E-01    7.66450E-02    5.11078E-02    3.40871E-02    2.27453E-02    1.51915E-02    1.01657E-02    6.82863E-03    4.62235E-03    3.17647E-03    2.24644E-03    1.67242E-03    1.35217E-03
     31    1.72432E-01    1.36667E-03    1.39921E-03    1.59522E-03    1.96248E-03    2.52838E-03    3.34139E-03    4.47475E-03    6.03288E-03    8.16082E-03    1.10576E-02    1.49949E-02    2.03423E-02    2.76022E-02    3.74566E-02    5.08316E-02    6.89842E-02    9.36204E-02    1.27056E-01    1.14967E-01    7.66615E-02    5.11305E-02    3.41179E-02    2.27872E-02    1.52484E-02    1.02429E-02    6.93350E-03    4.76469E-03    3.36966E-03    2.50863E-03    2.02825E-03
     31    1.72450E-01    1.00713E-03    1.03111E-03    1.17555E-03    1.44619E-03    1.86322E-03    2.46234E-03    3.29754E-03    4.44576E-03    6.01388E-03    8.14860E-03    1.10501E-02    1.49907E-02    2.03407E-02    2.76026E-02    3.74589E-02    5.08360E-02    6.89909E-02    9.36300E-02    1.27069E-01    1.14992E-01    7.66956E-02    5.11768E-02    3.41808E-02    2.28726E-02    1.53644E-02    1.04002E-02    7.14703E-03    5.05448E-03    3.76294E-03    3.04238E-03
     31    1.72488E-01    7.42257E-04    7.59930E-04    8.66387E-04    1.06585E-03    1.37320E-03    1.81475E-03    2.43030E-03    3.27654E-03    4.43225E-03    6.00554E-03    8.14394E-03    1.10482E-02    1.49911E-02    2.03432E-02    2.76074E-02    3.74663E-02    5.08465E-02    6.90056E-02    9.36503E-02    1.27097E-01    1.15043E-01    7.67651E-02    5.12712E-02    3.43089E-02    2.30465E-02    1.56004E-02    1.07205E-02    7.58171E-03    5.64441E-03    4.56356E-03
     31    1.72565E-01    5.47170E-04    5.60198E-04    6.38675E-04    7.85711E-04    1.01228E-03    1.33778E-03    1.79154E-03    2.41537E-03    3.26732E-03    4.42711E-03    6.00348E-03    8.14441E-03    1.10510E-02    1.49964E-02    2.03513E-02    2.76190E-02    3.74826E-02    5.08689E-02    6.90362E-02    9.36919E-02    1.27153E-01    1.15148E-01    7.69067E-02    5.14634E-02    3.45698E-02    2.34005E-02    1.60808E-02    1.13726E-02    8.46661E-03    6.84534E-03
     31    1.72721E-01    4.03544E-04    4.13152E-04    4.71030E-04    5.79470E-04    7.46568E-04    9.86629E-04    1.32128E-03    1.78136E-03    2.40969E-03    3.26504E-03    4.42763E-03    6.00659E-03    8.15025E-03    1.10600E-02    1.50093E-02    2.03693E-02    2.76438E-02    3.75164E-02    5.09149E-02    6.90987E-02    9.37768E-02    1.27268E-01    1.15360E-01    7.71950E-02    5.18546E-02    3.51008E-02    2.41212E-02    1.70588E-02    1.26999E-02    1.02680E-02
     31    1.73040E-01    2.97897E-04    3.04989E-04    3.47715E-04    4.27766E-04    5.51118E-04    7.28331E-04    9.75373E-04    1.31500E-03    1.77883E-03    2.41026E-03    3.26848E-03    4.43407E-03    6.01652E-03    8.16452E-03    1.10799E-02    1.50367E-02    2.04067E-02    2.76946E-02    3.75855E-02    5.10088E-02    6.92262E-02    9.39498E-02    1.27503E-01    1.15793E-01    7.77819E-02    5.26512E-02    3.61818E-02    2.55883E-02    1.90499E-02    1.54020E-02
     31    1.73689E-01    2.20326E-04    2.25571E-04    2.57171E-04    3.16378E-04    4.07609E-04    5.38677E-04    7.21390E-04    9.72581E-04    1.31563E-03    1.78264E-03    2.41738E-03    3.27946E-03    4.44985E-03    6.03851E-03    8.19475E-03    1.11212E-02    1.50929E-02    2.04831E-02    2.77984E-02    3.77263E-02    5.12000E-02    6.94857E-02    9.43020E-02    1.27981E-01    1.16673E-01    7.89767E-02    5.42727E-02    3.83824E-02    2.85748E-02    2.31030E-02
     31    1.75009E-01    1.63580E-04    1.67474E-04    1.90935E-04    2.34893E-04    3.02627E-04    3.99937E-04    5.35592E-04    7.22088E-04    9.76785E-04    1.32351E-03    1.79477E-03    2.43482E-03    3.30376E-03    4.48326E-03    6.08414E-03    8.25686E-03    1.12056E-02    1.52075E-02    2.06388E-02    2.80097E-02    3.80131E-02    5.15892E-02    7.00140E-02    9.50189E-02    1.28954E-01    1.18465E-01    8.14090E-02    5.75736E-02    4.28622E-02    3.46545E-02
     31    1.77698E-01    1.22384E-04    1.25298E-04    1.42850E-04    1.75737E-04    2.26414E-04    2.99217E-04    4.00709E-04    5.40237E-04    7.30792E-04    9.90197E-04    1.34278E-03    1.82163E-03    2.47175E-03    3.35420E-03    4.55192E-03    6.17746E-03    8.38360E-03    1.13777E-02    1.54411E-02    2.09558E-02    2.84399E-02    3.85970E-02    5.23817E-02    7.10894E-02    9.64785E-02    1.30935E-01    1.22113E-01    8.63604E-02    6.42933E-02    5.19818E-02
     31    1.83170E-01    9.29547E-05    9.51679E-05    1.08500E-04    1.33479E-04    1.71969E-04    2.27266E-04    3.04352E-04    4.10329E-04    5.55062E-04    7.52089E-04    1.01989E-03    1.38359E-03    1.87738E-03    2.54763E-03    3.45734E-03    4.69200E-03    6.36764E-03    8.64175E-03    1.17281E-02    1.59166E-02    2.16011E-02    2.93158E-02    3.97857E-02    5.39949E-02    7.32788E-02    9.94498E-02    1.34968E-01    1.29541E-01    9.64399E-02    7.79727E-02
     31    1.94311E-01    7.26587E-05    7.43887E-05    8.48097E-05    1.04335E-04    1.34421E-04    1.77644E-04    2.37899E-04    3.20737E-04    4.33868E-04    5.87876E-04    7.97202E-04    1.08150E-03    1.46747E-03    1.99137E-03    2.70245E-03    3.66753E-03    4.97731E-03    6.75489E-03    9.16732E-03    1.24413E-02    1.68847E-02    2.29149E-02    3.10988E-02    4.22055E-02    5.72789E-02    7.77357E-02    1.05498E-01    1.43176E-01    1.44660E-01    1.16959E-01
     31    2.16990E-01    5.97867E-05    6.12102E-05    6.97851E-05    8.58510E-05    1.10607E-04    1.46173E-04    1.95754E-04    2.63916E-04    3.57005E-04    4.83730E-04    6.55972E-04    8.89902E-04    1.20749E-03    1.63859E-03    2.22370E-03    3.01780E-03    4.09555E-03    5.55821E-03    7.54326E-03    1.02373E-02    1.38934E-02    1.88554E-02    2.55894E-02    3.47285E-02    4.71315E-02    6.39642E-02    8.68086E-02    1.17812E-01    1.59887E-01    1.75439E-01
     31    2.63158E-01    5.34264E-05    5.46985E-05    6.23611E-05    7.67179E-05    9.88405E-05    1.30623E-04    1.74929E-04    2.35840E-04    3.19026E-04    4.32269E-04    5.86188E-04    7.95231E-04    1.07904E-03    1.46427E-03    1.98713E-03    2.69676E-03    3.65985E-03    4.96691E-03    6.74079E-03    9.14820E-03    1.24154E-02    1.68495E-02    2.28671E-02    3.10340E-02    4.21175E-02    5.71595E-02    7.75736E-02    1.05279E-01    1.42878E-01    1.93906E-01

  Mixing waters indices:

      1    2    3    4    5    6    7    8    9   10   11   12   13   14   15   16   17   18   19   20   21   22   23   24   25   26   27   28   29   30   31
      2    1    3    4    5    6    7    8    9   10   11   12   13   14   15   16   17   18   19   20   21   22   23   24   25   26   27   28   29   30   31
      3    1    2    4    5    6    7    8    9   10   11   12   13   14   15   16   17   18   19   20   21   22   23   24   25   26   27   28   29   30   31
      4    1    2    3    5    6    7    8    9   10   11   12   13   14   15   16   17   18   19   20   21   22   23   24   25   26   27   28   29   30   31
      5    1    2    3    4    6    7    8    9   10   11   12   13   14   15   16   17   18   19   20   21   22   23   24   25   26   27   28   29   30   31
      6    1    2    3    4    5    7    8    9   10   11   12   13   14   15   16   17   18   19   20   21   22   23   24   25   26   27   28   29   30   31
      7    1    2    3    4    5    6    8    9   10   11   12   13   14   15   16   17   18   19   20   21   22   23   24   25   26   27   28   29   30   31
      8    1    2    3    4    5    6    7    9   10   11   12   13   14   15   16   17   18   19   20   21   22   23   24   25   26   27   28   29   30   31
      9    1    2    3    4    5    6    7    8   10   11   12   13   14   15   16   17   18   19   20   21   22   23   24   25   26   27   28   29   30   31
     10    1    2    3    4    5    6    7    8    9   11   12   13   14   15   16   17   18   19   20   21   22   23   24   25   26   27   28   29   30   31
     11    1    2    3    4    5    6    7    8    9   10   12   13   14   15   16   17   18   19   20   21   22   23   24   25   26   27   28   29   30   31
     12    1    2    3    4    5    6    7    8    9   10   11   13   14   15   16   17   18   19   20   21   22   23   24   25   26   27   28   29   30   31
     13    1    2    3    4    5    6    7    8    9   10   11   12   14   15   16   17   18   19   20   21   22   23   24   25   26   27   28   29   30   31
     14    1    2    3    4    5    6    7    8    9   10   11   12   13   15   16   17   18   19   20   21   22   23   24   25   26   27   28   29   30   31
     15    1    2    3    4    5    6    7    8    9   10   11   12   13   14   16   17   18   19   20   21   22   23   24   25   26   27   28   29   30   31
     16    1    2    3    4    5    6    7    8    9   10   11   12   13   14   15   17   18   19   20   21   22   23   24   25   26   27   28   29   30   31
     17    1    2    3    4    5    6    7    8    9   10   11   12   13   14   15   16   18   19   20   21   22   23   24   25   26   27   28   29   30   31
     18    1    2    3    4    5    6    7    8    9   10   11   12   13   14   15   16   17   19   20   21   22   23   24   25   26   27   28   29   30   31
     19    1    2    3    4    5    6    7    8    9   10   11   12   13   14   15   16   17   18   20   21   22   23   24   25   26   27   28   29   30   31
     20    1    2    3    4    5    6    7    8    9   10   11   12   13   14   15   16   17   18   19   21   22   23   24   25   26   27   28   29   30   31
     21    1    2    3    4    5    6    7    8    9   10   11   12   13   14   15   16   17   18   19   20   22   23   24   25   26   27   28   29   30   31
     22    1    2    3    4    5    6    7    8    9   10   11   12   13   14   15   16   17   18   19   20   21   23   24   25   26   27   28   29   30   31
     23    1    2    3    4    5    6    7    8    9   10   11   12   13   14   15   16   17   18   19   20   21   22   24   25   26   27   28   29   30   31
     24    1    2    3    4    5    6    7    8    9   10   11   12   13   14   15   16   17   18   19   20   21   22   23   25   26   27   28   29   30   31
     25    1    2    3    4    5    6    7    8    9   10   11   12   13   14   15   16   17   18   19   20   21   22   23   24   26   27   28   29   30   31
     26    1    2    3    4    5    6    7    8    9   10   11   12   13   14   15   16   17   18   19   20   21   22   23   24   25   27   28   29   30   31
     27    1    2    3    4    5    6    7    8    9   10   11   12   13   14   15   16   17   18   19   20   21   22   23   24   25   26   28   29   30   31
     28    1    2    3    4    5    6    7    8    9   10   11   12   13   14   15   16   17   18   19   20   21   22   23   24   25   26   27   29   30   31
     29    1    2    3    4    5    6    7    8    9   10   11   12   13   14   15   16   17   18   19   20   21   22   23   24   25   26   27   28   30   31
     30    1    2    3    4    5    6    7    8    9   10   11   12   13   14   15   16   17   18   19   20   21   22   23   24   25   26   27   28   29   31
     31    1    2    3    4    5    6    7    8    9   10   11   12   13   14   15   16   17   18   19   20   21   22   23   24   25   26   27   28   29   30

  Aqueous species:

          ca+2           
          so4-2          
          h+             
          hco3-          
          co3-2          
          h2o            
  Minerals (name + molar volume):

          anhydrite          4.59400E-02
          calcite4           3.69340E-02
  Gases:

  Surface complexes:

  Equilibrium reactions:

          co3-2                         

  Kinetic reactions:

          anhydrite                     

          calcite4                      

  Global stoichiometric matrix:

                  0.00000        0.00000        1.00000       -1.00000        1.00000        0.00000        0.00000        0.00000
                 -1.00000       -1.00000        0.00000        0.00000        0.00000        0.00000        1.00000        0.00000
                 -1.00000        0.00000        1.00000       -1.00000        0.00000        0.00000        0.00000        1.00000
  Equilibrium constants:

              4.69029E-11

  Global component matrix:

                  1.00000        0.00000        0.00000        0.00000        0.00000
                  0.00000        1.00000        0.00000        0.00000        0.00000
                  0.00000        0.00000        1.00000        0.00000       -1.00000
                  0.00000        0.00000        0.00000        1.00000        1.00000

  Initial concentration of aqueous species:

              1.00000E-01    1.00000E-01    1.00000E-01    1.00000E-01    1.00000E-01    1.00000E-01    1.00000E-01    1.00000E-01    1.00000E-01    1.00000E-01    1.00000E-01    1.00000E-01    1.00000E-01    1.00000E-01    1.00000E-01    1.00000E-02    1.00000E-03    1.00000E-03    1.00000E-03    1.00000E-03    1.00000E-03    1.00000E-03    1.00000E-03    1.00000E-03    1.00000E-03    1.00000E-03    1.00000E-03    1.00000E-03    1.00000E-03    1.00000E-03    1.00000E-03
              1.00000E-03    1.00000E-03    1.00000E-03    1.00000E-03    1.00000E-03    1.00000E-03    1.00000E-03    1.00000E-03    1.00000E-03    1.00000E-03    1.00000E-03    1.00000E-03    1.00000E-03    1.00000E-03    1.00000E-03    1.00000E-04    1.00000E-05    1.00000E-05    1.00000E-05    1.00000E-05    1.00000E-05    1.00000E-05    1.00000E-05    1.00000E-05    1.00000E-05    1.00000E-05    1.00000E-05    1.00000E-05    1.00000E-05    1.00000E-05    1.00000E-05
              1.00000E-07    1.00000E-07    1.00000E-07    1.00000E-07    1.00000E-07    1.00000E-07    1.00000E-07    1.00000E-07    1.00000E-07    1.00000E-07    1.00000E-07    1.00000E-07    1.00000E-07    1.00000E-07    1.00000E-07    1.00000E-07    1.00000E-07    1.00000E-07    1.00000E-07    1.00000E-07    1.00000E-07    1.00000E-07    1.00000E-07    1.00000E-07    1.00000E-07    1.00000E-07    1.00000E-07    1.00000E-07    1.00000E-07    1.00000E-07    1.00000E-07
              1.00000E-05    1.00000E-05    1.00000E-05    1.00000E-05    1.00000E-05    1.00000E-05    1.00000E-05    1.00000E-05    1.00000E-05    1.00000E-05    1.00000E-05    1.00000E-05    1.00000E-05    1.00000E-05    1.00000E-05    1.00000E-06    1.00000E-07    1.00000E-07    1.00000E-07    1.00000E-07    1.00000E-07    1.00000E-07    1.00000E-07    1.00000E-07    1.00000E-07    1.00000E-07    1.00000E-07    1.00000E-07    1.00000E-07    1.00000E-07    1.00000E-07
              4.69029E-09    4.69029E-09    4.69029E-09    4.69029E-09    4.69029E-09    4.69029E-09    4.69029E-09    4.69029E-09    4.69029E-09    4.69029E-09    4.69029E-09    4.69029E-09    4.69029E-09    4.69029E-09    4.69029E-09    4.69029E-10    4.69029E-11    4.69029E-11    4.69029E-11    4.69029E-11    4.69029E-11    4.69029E-11    4.69029E-11    4.69029E-11    4.69029E-11    4.69029E-11    4.69029E-11    4.69029E-11    4.69029E-11    4.69029E-11    4.69029E-11
              5.55556E+01    5.55556E+01    5.55556E+01    5.55556E+01    5.55556E+01    5.55556E+01    5.55556E+01    5.55556E+01    5.55556E+01    5.55556E+01    5.55556E+01    5.55556E+01    5.55556E+01    5.55556E+01    5.55556E+01    5.55556E+01    5.55556E+01    5.55556E+01    5.55556E+01    5.55556E+01    5.55556E+01    5.55556E+01    5.55556E+01    5.55556E+01    5.55556E+01    5.55556E+01    5.55556E+01    5.55556E+01    5.55556E+01    5.55556E+01    5.55556E+01

  Initial activity coefficients aqueous species:

              1.00000E+00    1.00000E+00    1.00000E+00    1.00000E+00    1.00000E+00    1.00000E+00    1.00000E+00    1.00000E+00    1.00000E+00    1.00000E+00    1.00000E+00    1.00000E+00    1.00000E+00    1.00000E+00    1.00000E+00    1.00000E+00    1.00000E+00    1.00000E+00    1.00000E+00    1.00000E+00    1.00000E+00    1.00000E+00    1.00000E+00    1.00000E+00    1.00000E+00    1.00000E+00    1.00000E+00    1.00000E+00    1.00000E+00    1.00000E+00    1.00000E+00
              1.00000E+00    1.00000E+00    1.00000E+00    1.00000E+00    1.00000E+00    1.00000E+00    1.00000E+00    1.00000E+00    1.00000E+00    1.00000E+00    1.00000E+00    1.00000E+00    1.00000E+00    1.00000E+00    1.00000E+00    1.00000E+00    1.00000E+00    1.00000E+00    1.00000E+00    1.00000E+00    1.00000E+00    1.00000E+00    1.00000E+00    1.00000E+00    1.00000E+00    1.00000E+00    1.00000E+00    1.00000E+00    1.00000E+00    1.00000E+00    1.00000E+00
              1.00000E+00    1.00000E+00    1.00000E+00    1.00000E+00    1.00000E+00    1.00000E+00    1.00000E+00    1.00000E+00    1.00000E+00    1.00000E+00    1.00000E+00    1.00000E+00    1.00000E+00    1.00000E+00    1.00000E+00    1.00000E+00    1.00000E+00    1.00000E+00    1.00000E+00    1.00000E+00    1.00000E+00    1.00000E+00    1.00000E+00    1.00000E+00    1.00000E+00    1.00000E+00    1.00000E+00    1.00000E+00    1.00000E+00    1.00000E+00    1.00000E+00
              1.00000E+00    1.00000E+00    1.00000E+00    1.00000E+00    1.00000E+00    1.00000E+00    1.00000E+00    1.00000E+00    1.00000E+00    1.00000E+00    1.00000E+00    1.00000E+00    1.00000E+00    1.00000E+00    1.00000E+00    1.00000E+00    1.00000E+00    1.00000E+00    1.00000E+00    1.00000E+00    1.00000E+00    1.00000E+00    1.00000E+00    1.00000E+00    1.00000E+00    1.00000E+00    1.00000E+00    1.00000E+00    1.00000E+00    1.00000E+00    1.00000E+00
              1.00000E+00    1.00000E+00    1.00000E+00    1.00000E+00    1.00000E+00    1.00000E+00    1.00000E+00    1.00000E+00    1.00000E+00    1.00000E+00    1.00000E+00    1.00000E+00    1.00000E+00    1.00000E+00    1.00000E+00    1.00000E+00    1.00000E+00    1.00000E+00    1.00000E+00    1.00000E+00    1.00000E+00    1.00000E+00    1.00000E+00    1.00000E+00    1.00000E+00    1.00000E+00    1.00000E+00    1.00000E+00    1.00000E+00    1.00000E+00    1.00000E+00
              1.79673E-02    1.79673E-02    1.79673E-02    1.79673E-02    1.79673E-02    1.79673E-02    1.79673E-02    1.79673E-02    1.79673E-02    1.79673E-02    1.79673E-02    1.79673E-02    1.79673E-02    1.79673E-02    1.79673E-02    1.79967E-02    1.79997E-02    1.79997E-02    1.79997E-02    1.79997E-02    1.79997E-02    1.79997E-02    1.79997E-02    1.79997E-02    1.79997E-02    1.79997E-02    1.79997E-02    1.79997E-02    1.79997E-02    1.79997E-02    1.79997E-02

  Initial activity water:

              9.98182E-01    9.98182E-01    9.98182E-01    9.98182E-01    9.98182E-01    9.98182E-01    9.98182E-01    9.98182E-01    9.98182E-01    9.98182E-01    9.98182E-01    9.98182E-01    9.98182E-01    9.98182E-01    9.98182E-01    9.99818E-01    9.99982E-01    9.99982E-01    9.99982E-01    9.99982E-01    9.99982E-01    9.99982E-01    9.99982E-01    9.99982E-01    9.99982E-01    9.99982E-01    9.99982E-01    9.99982E-01    9.99982E-01    9.99982E-01    9.99982E-01

  Initial salinity:

              4.08770E-03    4.08770E-03    4.08770E-03    4.08770E-03    4.08770E-03    4.08770E-03    4.08770E-03    4.08770E-03    4.08770E-03    4.08770E-03    4.08770E-03    4.08770E-03    4.08770E-03    4.08770E-03    4.08770E-03    4.10279E-04    4.10432E-05    4.10432E-05    4.10432E-05    4.10432E-05    4.10432E-05    4.10432E-05    4.10432E-05    4.10432E-05    4.10432E-05    4.10432E-05    4.10432E-05    4.10432E-05    4.10432E-05    4.10432E-05    4.10432E-05

  Initial pH:

              7.00000E+00    7.00000E+00    7.00000E+00    7.00000E+00    7.00000E+00    7.00000E+00    7.00000E+00    7.00000E+00    7.00000E+00    7.00000E+00    7.00000E+00    7.00000E+00    7.00000E+00    7.00000E+00    7.00000E+00    7.00000E+00    7.00000E+00    7.00000E+00    7.00000E+00    7.00000E+00    7.00000E+00    7.00000E+00    7.00000E+00    7.00000E+00    7.00000E+00    7.00000E+00    7.00000E+00    7.00000E+00    7.00000E+00    7.00000E+00    7.00000E+00

  Activity water:

              9.98182E-01    9.98182E-01    9.98182E-01    9.98182E-01    9.98182E-01    9.98182E-01    9.98182E-01    9.98182E-01    9.98182E-01    9.98182E-01    9.98182E-01    9.98182E-01    9.98182E-01    9.98182E-01    9.98182E-01    9.99818E-01    9.99982E-01    9.99982E-01    9.99982E-01    9.99982E-01    9.99982E-01    9.99982E-01    9.99982E-01    9.99982E-01    9.99982E-01    9.99982E-01    9.99982E-01    9.99982E-01    9.99982E-01    9.99982E-01    9.99982E-01

  Final salinity:

              4.08770E-03    4.08770E-03    4.08770E-03    4.08770E-03    4.08770E-03    4.08770E-03    4.08770E-03    4.08770E-03    4.08770E-03    4.08770E-03    4.08770E-03    4.08770E-03    4.08770E-03    4.08770E-03    4.08770E-03    4.10279E-04    4.10432E-05    4.10432E-05    4.10432E-05    4.10432E-05    4.10432E-05    4.10432E-05    4.10432E-05    4.10432E-05    4.10432E-05    4.10432E-05    4.10432E-05    4.10432E-05    4.10432E-05    4.10432E-05    4.10432E-05

  Final pH:

              7.00000E+00    7.00000E+00    7.00000E+00    7.00000E+00    7.00000E+00    7.00000E+00    7.00000E+00    7.00000E+00    7.00000E+00    7.00000E+00    7.00000E+00    7.00000E+00    7.00000E+00    7.00000E+00    7.00000E+00    7.00000E+00    7.00000E+00    7.00000E+00    7.00000E+00    7.00000E+00    7.00000E+00    7.00000E+00    7.00000E+00    7.00000E+00    7.00000E+00    7.00000E+00    7.00000E+00    7.00000E+00    7.00000E+00    7.00000E+00    7.00000E+00

  Aqueous equilibrium reaction rates:

              5.25323E-10    5.25316E-10    5.25300E-10    5.25274E-10    5.25238E-10    5.25189E-10    5.25125E-10    5.25046E-10    5.24947E-10    5.24827E-10    5.24685E-10    5.24327E-10    5.24132E-10    5.23910E-10    5.23665E-10    6.09096E-10    0.00000E+00    0.00000E+00    0.00000E+00    0.00000E+00    0.00000E+00    0.00000E+00    0.00000E+00    0.00000E+00    0.00000E+00    0.00000E+00    0.00000E+00    0.00000E+00    0.00000E+00    0.00000E+00    0.00000E+00

  Kinetic reaction rates:

              0.00000E+00    0.00000E+00    0.00000E+00    0.00000E+00    0.00000E+00    0.00000E+00    0.00000E+00    0.00000E+00    0.00000E+00    0.00000E+00    0.00000E+00    0.00000E+00    0.00000E+00    0.00000E+00    0.00000E+00   -5.29615E-05   -5.40451E-05   -5.40451E-05   -5.40451E-05   -5.40451E-05   -5.40451E-05   -5.40451E-05   -5.40451E-05   -5.40451E-05   -5.40451E-05   -5.40451E-05   -5.40451E-05   -5.40451E-05   -5.40451E-05   -5.40451E-05   -5.40451E-05
             -1.00417E-08   -1.00417E-08   -1.00417E-08   -1.00417E-08   -1.00417E-08   -1.00417E-08   -1.00417E-08   -1.00417E-08   -1.00417E-08   -1.00417E-08   -1.00417E-08   -1.00417E-08   -1.00417E-08   -1.00417E-08   -1.00417E-08   -1.16826E-08    0.00000E+00    0.00000E+00    0.00000E+00    0.00000E+00    0.00000E+00    0.00000E+00    0.00000E+00    0.00000E+00    0.00000E+00    0.00000E+00    0.00000E+00    0.00000E+00    0.00000E+00    0.00000E+00    0.00000E+00

  Reactive zone    1:

          Non-flowing species:

          Number of equilibrium reactions:         1

          Se:

                  0.00000        0.00000        1.00000       -1.00000        1.00000        0.00000        0.00000        0.00000
          Sk:

                 -1.00000       -1.00000        0.00000        0.00000        0.00000        0.00000        1.00000        0.00000
                 -1.00000        0.00000        1.00000       -1.00000        0.00000        0.00000        0.00000        1.00000
          U*Sk^T:

                 -1.00000       -1.00000
                 -1.00000        0.00000
                  0.00000        1.00000
                  0.00000       -1.00000

          Equilibrium constants:

              4.69029E-11

          Aqueous species:

                    ca+2           
                    so4-2          
                    h+             
                    hco3-          
                    co3-2          
                    h2o            

          Primary species:

                    ca+2           
                    so4-2          
                    h+             
                    hco3-          
          Component matrix:

                  1.00000        0.00000        0.00000        0.00000        0.00000
                  0.00000        1.00000        0.00000        0.00000        0.00000
                  0.00000        0.00000        1.00000        0.00000       -1.00000
                  0.00000        0.00000        0.00000        1.00000        1.00000

          Initial concentration of components:

              1.00000E-01    1.00000E-01    1.00000E-01    1.00000E-01    1.00000E-01    1.00000E-01    1.00000E-01    1.00000E-01    1.00000E-01    1.00000E-01    1.00000E-01    1.00000E-01    1.00000E-01    1.00000E-01    1.00000E-01    1.00000E-02    1.00000E-03    1.00000E-03    1.00000E-03    1.00000E-03    1.00000E-03    1.00000E-03    1.00000E-03    1.00000E-03    1.00000E-03    1.00000E-03    1.00000E-03    1.00000E-03    1.00000E-03    1.00000E-03    1.00000E-03
              1.00000E-03    1.00000E-03    1.00000E-03    1.00000E-03    1.00000E-03    1.00000E-03    1.00000E-03    1.00000E-03    1.00000E-03    1.00000E-03    1.00000E-03    1.00000E-03    1.00000E-03    1.00000E-03    1.00000E-03    1.00000E-04    1.00000E-05    1.00000E-05    1.00000E-05    1.00000E-05    1.00000E-05    1.00000E-05    1.00000E-05    1.00000E-05    1.00000E-05    1.00000E-05    1.00000E-05    1.00000E-05    1.00000E-05    1.00000E-05    1.00000E-05
              9.53097E-08    9.53097E-08    9.53097E-08    9.53097E-08    9.53097E-08    9.53097E-08    9.53097E-08    9.53097E-08    9.53097E-08    9.53097E-08    9.53097E-08    9.53097E-08    9.53097E-08    9.53097E-08    9.53097E-08    9.95310E-08    9.99531E-08    9.99531E-08    9.99531E-08    9.99531E-08    9.99531E-08    9.99531E-08    9.99531E-08    9.99531E-08    9.99531E-08    9.99531E-08    9.99531E-08    9.99531E-08    9.99531E-08    9.99531E-08    9.99531E-08
              1.00047E-05    1.00047E-05    1.00047E-05    1.00047E-05    1.00047E-05    1.00047E-05    1.00047E-05    1.00047E-05    1.00047E-05    1.00047E-05    1.00047E-05    1.00047E-05    1.00047E-05    1.00047E-05    1.00047E-05    1.00047E-06    1.00047E-07    1.00047E-07    1.00047E-07    1.00047E-07    1.00047E-07    1.00047E-07    1.00047E-07    1.00047E-07    1.00047E-07    1.00047E-07    1.00047E-07    1.00047E-07    1.00047E-07    1.00047E-07    1.00047E-07

          Final concentration of components:

              8.17773E-02    8.17773E-02    8.17773E-02    8.17773E-02    8.17773E-02    8.17773E-02    8.17773E-02    8.17774E-02    8.17774E-02    8.17774E-02    8.17775E-02    8.17775E-02    8.17776E-02    8.17776E-02    8.17777E-02    8.17779E-02    8.17780E-02    8.17781E-02    8.17781E-02    8.17782E-02    8.17783E-02    8.17784E-02    8.17784E-02    8.17785E-02    8.17785E-02    8.17786E-02    8.17786E-02    8.17787E-02    8.17787E-02    8.17787E-02    8.17787E-02
              8.37395E-04    8.37397E-04    8.37403E-04    8.37412E-04    8.37424E-04    8.37440E-04    8.37461E-04    8.37487E-04    8.37517E-04    8.37554E-04    8.37597E-04    8.37628E-04    8.37686E-04    8.37753E-04    8.37830E-04    8.38023E-04    8.38111E-04    8.38194E-04    8.38274E-04    8.38351E-04    8.38424E-04    8.38494E-04    8.38559E-04    8.38620E-04    8.38675E-04    8.38725E-04    8.38768E-04    8.38805E-04    8.38833E-04    8.38853E-04    8.38863E-04
              7.92592E-08    7.92596E-08    7.92605E-08    7.92619E-08    7.92639E-08    7.92665E-08    7.92698E-08    7.92739E-08    7.92788E-08    7.92847E-08    7.92916E-08    7.93166E-08    7.93259E-08    7.93367E-08    7.93490E-08    7.93598E-08    7.93995E-08    7.94154E-08    7.94308E-08    7.94455E-08    7.94596E-08    7.94729E-08    7.94854E-08    7.94970E-08    7.95076E-08    7.95171E-08    7.95254E-08    7.95324E-08    7.95379E-08    7.95417E-08    7.95437E-08
              8.19648E-06    8.19648E-06    8.19648E-06    8.19648E-06    8.19648E-06    8.19648E-06    8.19647E-06    8.19647E-06    8.19646E-06    8.19646E-06    8.19645E-06    8.19643E-06    8.19642E-06    8.19641E-06    8.19639E-06    8.19638E-06    8.19634E-06    8.19633E-06    8.19631E-06    8.19630E-06    8.19628E-06    8.19627E-06    8.19626E-06    8.19625E-06    8.19623E-06    8.19623E-06    8.19622E-06    8.19621E-06    8.19620E-06    8.19620E-06    8.19620E-06

          Final concentration of aqueous species:

              8.17773E-02    8.17773E-02    8.17773E-02    8.17773E-02    8.17773E-02    8.17773E-02    8.17773E-02    8.17774E-02    8.17774E-02    8.17774E-02    8.17775E-02    8.17775E-02    8.17776E-02    8.17776E-02    8.17777E-02    8.17779E-02    8.17780E-02    8.17781E-02    8.17781E-02    8.17782E-02    8.17783E-02    8.17784E-02    8.17784E-02    8.17785E-02    8.17785E-02    8.17786E-02    8.17786E-02    8.17787E-02    8.17787E-02    8.17787E-02    8.17787E-02
              8.37395E-04    8.37397E-04    8.37403E-04    8.37412E-04    8.37424E-04    8.37440E-04    8.37461E-04    8.37487E-04    8.37517E-04    8.37554E-04    8.37597E-04    8.37628E-04    8.37686E-04    8.37753E-04    8.37830E-04    8.38023E-04    8.38111E-04    8.38194E-04    8.38274E-04    8.38351E-04    8.38424E-04    8.38494E-04    8.38559E-04    8.38620E-04    8.38675E-04    8.38725E-04    8.38768E-04    8.38805E-04    8.38833E-04    8.38853E-04    8.38863E-04
              8.38419E-08    8.38423E-08    8.38431E-08    8.38445E-08    8.38463E-08    8.38488E-08    8.38520E-08    8.38558E-08    8.38605E-08    8.38661E-08    8.38727E-08    8.38963E-08    8.39052E-08    8.39154E-08    8.39271E-08    8.39373E-08    8.39749E-08    8.39900E-08    8.40045E-08    8.40185E-08    8.40318E-08    8.40445E-08    8.40563E-08    8.40673E-08    8.40774E-08    8.40864E-08    8.40943E-08    8.41009E-08    8.41060E-08    8.41097E-08    8.41116E-08
              8.19190E-06    8.19190E-06    8.19190E-06    8.19190E-06    8.19190E-06    8.19189E-06    8.19189E-06    8.19189E-06    8.19188E-06    8.19188E-06    8.19187E-06    8.19185E-06    8.19184E-06    8.19183E-06    8.19182E-06    8.19181E-06    8.19177E-06    8.19175E-06    8.19174E-06    8.19172E-06    8.19171E-06    8.19170E-06    8.19169E-06    8.19167E-06    8.19166E-06    8.19166E-06    8.19165E-06    8.19164E-06    8.19164E-06    8.19163E-06    8.19163E-06
              4.58272E-09    4.58270E-09    4.58265E-09    4.58258E-09    4.58248E-09    4.58234E-09    4.58217E-09    4.58195E-09    4.58169E-09    4.58139E-09    4.58102E-09    4.57972E-09    4.57923E-09    4.57867E-09    4.57802E-09    4.57746E-09    4.57539E-09    4.57456E-09    4.57376E-09    4.57299E-09    4.57226E-09    4.57156E-09    4.57091E-09    4.57031E-09    4.56976E-09    4.56926E-09    4.56883E-09    4.56847E-09    4.56818E-09    4.56798E-09    4.56788E-09
              5.55556E+01    5.55556E+01    5.55556E+01    5.55556E+01    5.55556E+01    5.55556E+01    5.55556E+01    5.55556E+01    5.55556E+01    5.55556E+01    5.55556E+01    5.55556E+01    5.55556E+01    5.55556E+01    5.55556E+01    5.55556E+01    5.55556E+01    5.55556E+01    5.55556E+01    5.55556E+01    5.55556E+01    5.55556E+01    5.55556E+01    5.55556E+01    5.55556E+01    5.55556E+01    5.55556E+01    5.55556E+01    5.55556E+01    5.55556E+01    5.55556E+01

          Final activity coefficients aqueous species:

              1.00000E+00    1.00000E+00    1.00000E+00    1.00000E+00    1.00000E+00    1.00000E+00    1.00000E+00    1.00000E+00    1.00000E+00    1.00000E+00    1.00000E+00    1.00000E+00    1.00000E+00    1.00000E+00    1.00000E+00    1.00000E+00    1.00000E+00    1.00000E+00    1.00000E+00    1.00000E+00    1.00000E+00    1.00000E+00    1.00000E+00    1.00000E+00    1.00000E+00    1.00000E+00    1.00000E+00    1.00000E+00    1.00000E+00    1.00000E+00    1.00000E+00
              1.00000E+00    1.00000E+00    1.00000E+00    1.00000E+00    1.00000E+00    1.00000E+00    1.00000E+00    1.00000E+00    1.00000E+00    1.00000E+00    1.00000E+00    1.00000E+00    1.00000E+00    1.00000E+00    1.00000E+00    1.00000E+00    1.00000E+00    1.00000E+00    1.00000E+00    1.00000E+00    1.00000E+00    1.00000E+00    1.00000E+00    1.00000E+00    1.00000E+00    1.00000E+00    1.00000E+00    1.00000E+00    1.00000E+00    1.00000E+00    1.00000E+00
              1.00000E+00    1.00000E+00    1.00000E+00    1.00000E+00    1.00000E+00    1.00000E+00    1.00000E+00    1.00000E+00    1.00000E+00    1.00000E+00    1.00000E+00    1.00000E+00    1.00000E+00    1.00000E+00    1.00000E+00    1.00000E+00    1.00000E+00    1.00000E+00    1.00000E+00    1.00000E+00    1.00000E+00    1.00000E+00    1.00000E+00    1.00000E+00    1.00000E+00    1.00000E+00    1.00000E+00    1.00000E+00    1.00000E+00    1.00000E+00    1.00000E+00
              1.00000E+00    1.00000E+00    1.00000E+00    1.00000E+00    1.00000E+00    1.00000E+00    1.00000E+00    1.00000E+00    1.00000E+00    1.00000E+00    1.00000E+00    1.00000E+00    1.00000E+00    1.00000E+00    1.00000E+00    1.00000E+00    1.00000E+00    1.00000E+00    1.00000E+00    1.00000E+00    1.00000E+00    1.00000E+00    1.00000E+00    1.00000E+00    1.00000E+00    1.00000E+00    1.00000E+00    1.00000E+00    1.00000E+00    1.00000E+00    1.00000E+00
              1.00000E+00    1.00000E+00    1.00000E+00    1.00000E+00    1.00000E+00    1.00000E+00    1.00000E+00    1.00000E+00    1.00000E+00    1.00000E+00    1.00000E+00    1.00000E+00    1.00000E+00    1.00000E+00    1.00000E+00    1.00000E+00    1.00000E+00    1.00000E+00    1.00000E+00    1.00000E+00    1.00000E+00    1.00000E+00    1.00000E+00    1.00000E+00    1.00000E+00    1.00000E+00    1.00000E+00    1.00000E+00    1.00000E+00    1.00000E+00    1.00000E+00
              1.79673E-02    1.79673E-02    1.79673E-02    1.79673E-02    1.79673E-02    1.79673E-02    1.79673E-02    1.79673E-02    1.79673E-02    1.79673E-02    1.79673E-02    1.79673E-02    1.79673E-02    1.79673E-02    1.79673E-02    1.79967E-02    1.79997E-02    1.79997E-02    1.79997E-02    1.79997E-02    1.79997E-02    1.79997E-02    1.79997E-02    1.79997E-02    1.79997E-02    1.79997E-02    1.79997E-02    1.79997E-02    1.79997E-02    1.79997E-02    1.79997E-02

          Initial volumetric fractions of minerals:


          Volumetric fractions of minerals:


          Initial concentration of minerals:


          Concentration of minerals:


          Concentration of surface complexes:


          Initial concentration of gases:


          Concentration of gases:


          Initial partial pressures of gases:


          Partial pressures of gases:


          Initial volume of gas:


          Volume of gas:


          Aqueous equilibrium reaction rates:

              5.25323E-10    5.25316E-10    5.25300E-10    5.25274E-10    5.25238E-10    5.25189E-10    5.25125E-10    5.25046E-10    5.24947E-10    5.24827E-10    5.24685E-10    5.24327E-10    5.24132E-10    5.23910E-10    5.23665E-10    6.09096E-10    0.00000E+00    0.00000E+00    0.00000E+00    0.00000E+00    0.00000E+00    0.00000E+00    0.00000E+00    0.00000E+00    0.00000E+00    0.00000E+00    0.00000E+00    0.00000E+00    0.00000E+00    0.00000E+00    0.00000E+00

          Mineral equilibrium reaction rates:


          Gas equilibrium reaction rates:

