  Number of targets:   10


  Time step:

      1.00000E-02

  Final time:

      1.00000E-02


  Dimension + Mixing ratios concentrations (by rows) (including boundary and sink/source terms):

     11    7.53878E-01    3.01551E-02    1.67875E-01    3.73826E-02    8.32441E-03    1.85369E-03    4.12783E-04    9.19222E-05    2.04819E-05    4.61194E-06    1.23418E-06
     11    6.27321E-01    7.42183E-03    1.85546E-01    1.39693E-01    3.11070E-02    6.92695E-03    1.54251E-03    3.43499E-04    7.65377E-05    1.72341E-05    4.61194E-06
     11    6.20385E-01    1.82667E-03    4.56668E-02    1.54397E-01    1.38148E-01    3.07630E-02    6.85037E-03    1.52550E-03    3.39909E-04    7.65377E-05    2.04819E-05
     11    6.20005E-01    4.49583E-04    1.12396E-02    3.80005E-02    1.52690E-01    1.38064E-01    3.07443E-02    6.84640E-03    1.52550E-03    3.43499E-04    9.19222E-05
     11    6.19984E-01    1.10652E-04    2.76630E-03    9.35274E-03    3.75803E-02    1.52597E-01    1.38059E-01    3.07443E-02    6.85037E-03    1.54251E-03    4.12783E-04
     11    6.19984E-01    2.72339E-05    6.80849E-04    2.30192E-03    9.24935E-03    3.75574E-02    1.52592E-01    1.38064E-01    3.07630E-02    6.92695E-03    1.85369E-03
     11    6.20005E-01    6.70309E-06    1.67577E-04    5.66570E-04    2.27654E-03    9.24399E-03    3.75574E-02    1.52597E-01    1.38148E-01    3.11070E-02    8.32441E-03
     11    6.20385E-01    1.65079E-06    4.12696E-05    1.39531E-04    5.60649E-04    2.27654E-03    9.24935E-03    3.75803E-02    1.52690E-01    1.39693E-01    3.73826E-02
     11    6.27321E-01    4.10836E-07    1.02709E-05    3.47255E-05    1.39531E-04    5.66570E-04    2.30192E-03    9.35274E-03    3.80005E-02    1.54397E-01    1.67875E-01
     11    7.53878E-01    1.21515E-07    3.03787E-06    1.02709E-05    4.12696E-05    1.67577E-04    6.80849E-04    2.76630E-03    1.12396E-02    4.56668E-02    1.85546E-01

  Initial mixing ratios reaction amounts (by rows):

      7.53878E-01    1.67875E-01    3.73826E-02    8.32441E-03    1.85369E-03    4.12783E-04    9.19222E-05    2.04819E-05    4.61194E-06    1.23418E-06
      6.27321E-01    1.85546E-01    1.39693E-01    3.11070E-02    6.92695E-03    1.54251E-03    3.43499E-04    7.65377E-05    1.72341E-05    4.61194E-06
      6.20385E-01    4.56668E-02    1.54397E-01    1.38148E-01    3.07630E-02    6.85037E-03    1.52550E-03    3.39909E-04    7.65377E-05    2.04819E-05
      6.20005E-01    1.12396E-02    3.80005E-02    1.52690E-01    1.38064E-01    3.07443E-02    6.84640E-03    1.52550E-03    3.43499E-04    9.19222E-05
      6.19984E-01    2.76630E-03    9.35274E-03    3.75803E-02    1.52597E-01    1.38059E-01    3.07443E-02    6.85037E-03    1.54251E-03    4.12783E-04
      6.19984E-01    6.80849E-04    2.30192E-03    9.24935E-03    3.75574E-02    1.52592E-01    1.38064E-01    3.07630E-02    6.92695E-03    1.85369E-03
      6.20005E-01    1.67577E-04    5.66570E-04    2.27654E-03    9.24399E-03    3.75574E-02    1.52597E-01    1.38148E-01    3.11070E-02    8.32441E-03
      6.20385E-01    4.12696E-05    1.39531E-04    5.60649E-04    2.27654E-03    9.24935E-03    3.75803E-02    1.52690E-01    1.39693E-01    3.73826E-02
      6.27321E-01    1.02709E-05    3.47255E-05    1.39531E-04    5.66570E-04    2.30192E-03    9.35274E-03    3.80005E-02    1.54397E-01    1.67875E-01
      7.53878E-01    3.03787E-06    1.02709E-05    4.12696E-05    1.67577E-04    6.80849E-04    2.76630E-03    1.12396E-02    4.56668E-02    1.85546E-01

  Final mixing ratios reaction amounts (by rows):

      7.53878E-01
      6.27321E-01
      6.20385E-01
      6.20005E-01
      6.19984E-01
      6.19984E-01
      6.20005E-01
      6.20385E-01
      6.27321E-01
      7.53878E-01

  Mixing waters indices + no. upstream waters + no. downstream waters:

      2    1    3    4    5    6    7    8    9   10   11    1    9
      3    1    2    4    5    6    7    8    9   10   11    2    8
      4    1    2    3    5    6    7    8    9   10   11    3    7
      5    1    2    3    4    6    7    8    9   10   11    4    6
      6    1    2    3    4    5    7    8    9   10   11    5    5
      7    1    2    3    4    5    6    8    9   10   11    6    4
      8    1    2    3    4    5    6    7    9   10   11    7    3
      9    1    2    3    4    5    6    7    8   10   11    8    2
     10    1    2    3    4    5    6    7    8    9   11    9    1
     11    1    2    3    4    5    6    7    8    9   10   10    0

  Reaction mixing waters indices + no. upstream waters + no. downstream waters:

      2    3    4    5    6    7    8    9   10   11    0    9
      3    2    4    5    6    7    8    9   10   11    1    8
      4    2    3    5    6    7    8    9   10   11    2    7
      5    2    3    4    6    7    8    9   10   11    3    6
      6    2    3    4    5    7    8    9   10   11    4    5
      7    2    3    4    5    6    8    9   10   11    5    4
      8    2    3    4    5    6    7    9   10   11    6    3
      9    2    3    4    5    6    7    8   10   11    7    2
     10    2    3    4    5    6    7    8    9   11    8    1
     11    2    3    4    5    6    7    8    9   10    9    0

  Chemical input option:                        1

  WMA option:          Lumped

  rk average option:                        2

  Number of lumpings:                        0

  Aqueous species:

          h2o(p)         
          h+             
          cl-            
          ch2o(aq)       
          n2(aq)(p)      
          hco3-          
          o2(aq)         
          no3-           
          co3-2          
  Minerals (name + molar volume):

  Gases:

          co2(g)         
          o2(g)          
          n2(g)          
  Surface complexes:

  Equilibrium reactions:

          co2(g)                        

          o2(g)                         

          n2(g)                         

          co3-2                         

  Kinetic reactions:

          aerobic oxidation of DOC      

              4

              4

              7.90505-323


          denitrification               

              4

              6

              7.90505-323

   9.9999999999999995E-007
  Global stoichiometric matrix:

                 -1.00000        0.00000        0.00000        0.00000       -1.00000        0.00000        0.00000        0.00000        1.00000        1.00000        0.00000        0.00000
                  0.00000        0.00000        0.00000        0.00000        0.00000       -1.00000        0.00000        0.00000        0.00000        0.00000        1.00000        0.00000
                 -2.00000        0.00000        0.00000        0.00000        0.00000        0.00000       -2.00000        0.00000        1.00000        0.00000        2.50000        1.00000
                  1.00000        0.00000        0.00000        0.00000       -1.00000        0.00000        0.00000        1.00000        0.00000        0.00000        0.00000        0.00000
                  1.00000        0.00000       -1.00000        0.00000        1.00000       -1.00000        0.00000        0.00000        0.00000        0.00000        0.00000        0.00000
                  0.20000        0.00000       -1.00000        0.40000        1.00000        0.00000       -0.80000        0.00000        0.40000        0.00000        0.00000        0.00000
  Equilibrium constants:

              6.51028E+07
              7.90679E+02
              4.93060E+02
              4.69029E-11

  Global component matrix:

                  1.00000        0.00000        0.00000        0.00000       -1.00000       -0.00000       -1.00000       -2.00000
                  0.00000        1.00000        0.00000        0.00000       -0.00000       -0.00000       -0.00000       -0.00000
                  0.00000        0.00000        1.00000        0.00000       -0.00000       -0.00000       -0.00000       -0.00000
                  0.00000        0.00000        0.00000        1.00000       -0.00000       -0.00000       -0.00000       -0.00000

  Concentration of external waters (in molalities): (rows -> aqueous species in the same order as before, columns -> targets)











  Activities of external waters:











  Concentration of boundary waters (in molalities): (rows -> aqueous species in the same order as before, columns -> targets)

              5.55556E+01
              1.00000E-08
              1.00000E-03
              1.00000E-01
              1.00000E-16
              5.37611E-04
              2.52947E-04
              1.00000E-03
              2.52155E-06

  Activities of boundary waters:

              1.00000E+00
              1.00000E-08
              1.00000E-03
              1.00000E-01
              1.00000E-16
              5.37611E-04
              2.52947E-04
              1.00000E-03
              2.52155E-06

  Initial concentration of aqueous species in the domain:

              5.55556E+01    5.55556E+01    5.55556E+01    5.55556E+01    5.55556E+01    5.55556E+01    5.55556E+01    5.55556E+01    5.55556E+01    5.55556E+01
              1.00000E-07    1.00000E-07    1.00000E-07    1.00000E-07    1.00000E-07    1.00000E-07    1.00000E-07    1.00000E-07    1.00000E-07    1.00000E-07
              1.00000E-16    1.00000E-16    1.00000E-16    1.00000E-16    1.00000E-16    1.00000E-16    1.00000E-16    1.00000E-16    1.00000E-16    1.00000E-16
              1.00000E-05    1.00000E-05    1.00000E-05    1.00000E-05    1.00000E-05    1.00000E-05    1.00000E-05    1.00000E-05    1.00000E-05    1.00000E-05
              1.00000E-16    1.00000E-16    1.00000E-16    1.00000E-16    1.00000E-16    1.00000E-16    1.00000E-16    1.00000E-16    1.00000E-16    1.00000E-16
              1.00000E-03    1.00000E-03    1.00000E-03    1.00000E-03    1.00000E-03    1.00000E-03    1.00000E-03    1.00000E-03    1.00000E-03    1.00000E-03
              1.00000E-06    1.00000E-06    1.00000E-06    1.00000E-06    1.00000E-06    1.00000E-06    1.00000E-06    1.00000E-06    1.00000E-06    1.00000E-06
              1.00000E-03    1.00000E-03    1.00000E-03    1.00000E-03    1.00000E-03    1.00000E-03    1.00000E-03    1.00000E-03    1.00000E-03    1.00000E-03
              4.69029E-07    4.69029E-07    4.69029E-07    4.69029E-07    4.69029E-07    4.69029E-07    4.69029E-07    4.69029E-07    4.69029E-07    4.69029E-07

  Initial activities aqueous species domain:

              1.00000E+00    1.00000E+00    1.00000E+00    1.00000E+00    1.00000E+00    1.00000E+00    1.00000E+00    1.00000E+00    1.00000E+00    1.00000E+00
              1.00000E-07    1.00000E-07    1.00000E-07    1.00000E-07    1.00000E-07    1.00000E-07    1.00000E-07    1.00000E-07    1.00000E-07    1.00000E-07
              1.00000E-16    1.00000E-16    1.00000E-16    1.00000E-16    1.00000E-16    1.00000E-16    1.00000E-16    1.00000E-16    1.00000E-16    1.00000E-16
              1.00000E-05    1.00000E-05    1.00000E-05    1.00000E-05    1.00000E-05    1.00000E-05    1.00000E-05    1.00000E-05    1.00000E-05    1.00000E-05
              1.00000E-16    1.00000E-16    1.00000E-16    1.00000E-16    1.00000E-16    1.00000E-16    1.00000E-16    1.00000E-16    1.00000E-16    1.00000E-16
              1.00000E-03    1.00000E-03    1.00000E-03    1.00000E-03    1.00000E-03    1.00000E-03    1.00000E-03    1.00000E-03    1.00000E-03    1.00000E-03
              1.00000E-06    1.00000E-06    1.00000E-06    1.00000E-06    1.00000E-06    1.00000E-06    1.00000E-06    1.00000E-06    1.00000E-06    1.00000E-06
              1.00000E-03    1.00000E-03    1.00000E-03    1.00000E-03    1.00000E-03    1.00000E-03    1.00000E-03    1.00000E-03    1.00000E-03    1.00000E-03
             -4.83670E-26   -4.83670E-26   -4.83670E-26   -4.83670E-26   -4.83670E-26   -4.83670E-26   -4.83670E-26   -4.83670E-26   -4.83670E-26   -4.83670E-26

  Final concentration of aqueous species in the domain:

              5.55556E+01    5.55556E+01    5.55556E+01    5.55556E+01    5.55556E+01    5.55556E+01    5.55556E+01    5.55556E+01    5.55556E+01    5.55556E+01
              1.07729E-07    1.19207E-07    1.22291E-07    1.23066E-07    1.23258E-07    1.23306E-07    1.23317E-07    1.23320E-07    1.23321E-07    1.23321E-07
              3.01551E-05    7.42183E-06    1.82667E-06    4.49583E-07    1.10652E-07    2.72339E-08    6.70309E-09    1.65079E-09    4.10837E-10    1.21515E-10
              3.02469E-03    7.51586E-04    1.92126E-04    5.44309E-05    2.05412E-05    1.22002E-05    1.01473E-05    9.64213E-06    9.51815E-06    9.48922E-06
              2.05571E-07    2.05571E-07    2.05571E-07    2.05571E-07    2.05571E-07    2.05571E-07    2.05571E-07    2.05571E-07    2.05571E-07    2.05571E-07
              9.86681E-04    9.97183E-04    9.99768E-04    1.00040E-03    1.00056E-03    1.00060E-03    1.00061E-03    1.00061E-03    1.00061E-03    1.00061E-03
              8.58850E-06    2.86091E-06    1.45122E-06    1.10427E-06    1.01888E-06    9.97861E-07    9.92688E-07    9.91415E-07    9.91103E-07    9.91030E-07
              9.99589E-04    9.99589E-04    9.99589E-04    9.99589E-04    9.99589E-04    9.99589E-04    9.99589E-04    9.99589E-04    9.99589E-04    9.99589E-04
              4.29580E-07    3.92351E-07    3.83447E-07    3.81273E-07    3.80738E-07    3.80607E-07    3.80575E-07    3.80567E-07    3.80565E-07    3.80564E-07

  Final activities aqueous species domain:

              1.00000E+00    1.00000E+00    1.00000E+00    1.00000E+00    1.00000E+00    1.00000E+00    1.00000E+00    1.00000E+00    1.00000E+00    1.00000E+00
              1.07729E-07    1.19207E-07    1.22291E-07    1.23066E-07    1.23258E-07    1.23306E-07    1.23317E-07    1.23320E-07    1.23321E-07    1.23321E-07
              3.01551E-05    7.42183E-06    1.82667E-06    4.49583E-07    1.10652E-07    2.72339E-08    6.70309E-09    1.65079E-09    4.10837E-10    1.21515E-10
              3.02469E-03    7.51586E-04    1.92126E-04    5.44309E-05    2.05412E-05    1.22002E-05    1.01473E-05    9.64213E-06    9.51815E-06    9.48922E-06
              2.05571E-07    2.05571E-07    2.05571E-07    2.05571E-07    2.05571E-07    2.05571E-07    2.05571E-07    2.05571E-07    2.05571E-07    2.05571E-07
              9.86681E-04    9.97183E-04    9.99768E-04    1.00040E-03    1.00056E-03    1.00060E-03    1.00061E-03    1.00061E-03    1.00061E-03    1.00061E-03
              8.58850E-06    2.86091E-06    1.45122E-06    1.10427E-06    1.01888E-06    9.97861E-07    9.92688E-07    9.91415E-07    9.91103E-07    9.91030E-07
              9.99589E-04    9.99589E-04    9.99589E-04    9.99589E-04    9.99589E-04    9.99589E-04    9.99589E-04    9.99589E-04    9.99589E-04    9.99589E-04
              4.29580E-07    3.92351E-07    3.83447E-07    3.81273E-07    3.80738E-07    3.80607E-07    3.80575E-07    3.80567E-07    3.80565E-07    3.80564E-07

  Initial salinity domain:

              6.13457E-05    6.13457E-05    6.13457E-05    6.13457E-05    6.13457E-05    6.13457E-05    6.13457E-05    6.13457E-05    6.13457E-05    6.13457E-05

  Final salinity domain:

              6.13457E-05    6.13457E-05    6.13457E-05    6.13457E-05    6.13457E-05    6.13457E-05    6.13457E-05    6.13457E-05    6.13457E-05    6.13457E-05

  Initial pH domain:

              1.10078-311    1.10078-311    1.10078-311    1.10078-311    1.10078-311    1.10078-311    1.10078-311    1.10078-311    1.10078-311    1.10078-311

  Final pH domain:

              1.10078-311    1.10078-311    1.10078-311    1.10078-311    1.10078-311    1.10078-311    1.10078-311    1.10078-311    1.10078-311    1.10078-311

  Aqueous mean equilibrium reaction amounts:

             -1.01343E-07   -9.19119E-08   -8.93313E-08   -8.86795E-08   -8.85180E-08   -8.84782E-08   -8.84684E-08   -8.84660E-08   -8.84654E-08   -8.84653E-08

  Initial aqueous kinetic reaction rates:

              9.00090E-07    9.00090E-07    9.00090E-07    9.00090E-07    9.00090E-07    9.00090E-07    9.00090E-07    9.00090E-07    9.00090E-07    9.00090E-07
              5.13927E-05    5.13927E-05    5.13927E-05    5.13927E-05    5.13927E-05    5.13927E-05    5.13927E-05    5.13927E-05    5.13927E-05    5.13927E-05

  Aqueous kinetic reaction rates:

              9.00090E-07    9.00090E-07    9.00090E-07    9.00090E-07    9.00090E-07    9.00090E-07    9.00090E-07    9.00090E-07    9.00090E-07    9.00090E-07
              5.13927E-05    5.13927E-05    5.13927E-05    5.13927E-05    5.13927E-05    5.13927E-05    5.13927E-05    5.13927E-05    5.13927E-05    5.13927E-05

  Aqueous mean kinetic reaction amounts:

              0.00000E+00    0.00000E+00    0.00000E+00    0.00000E+00    0.00000E+00    0.00000E+00    0.00000E+00    0.00000E+00    0.00000E+00    0.00000E+00
              0.00000E+00    0.00000E+00    0.00000E+00    0.00000E+00    0.00000E+00    0.00000E+00    0.00000E+00    0.00000E+00    0.00000E+00    0.00000E+00

  Aqueous estimated kinetic reaction amounts:

              0.00000E+00    0.00000E+00    0.00000E+00    0.00000E+00    0.00000E+00    0.00000E+00    0.00000E+00    0.00000E+00    0.00000E+00    0.00000E+00
              0.00000E+00    0.00000E+00    0.00000E+00    0.00000E+00    0.00000E+00    0.00000E+00    0.00000E+00    0.00000E+00    0.00000E+00    0.00000E+00

  Mineral zone    1:

          Minerals in equilibrium:

          Kinetic minerals:


          Mineral kinetic reaction rates:


          Mineral mean kinetic reaction amounts:


          Mineral estimated kinetic reaction amounts:


          Absolute error kinetic reaction amounts:


  Reactive zone    2:

          Non-flowing species:

          Number of equilibrium reactions:         1

          Se:

                  1.00000        0.00000        0.00000        0.00000       -1.00000        0.00000        0.00000        1.00000        0.00000
          Sk:

                  1.00000        0.00000       -1.00000        0.00000        1.00000       -1.00000        0.00000        0.00000        0.00000        0.00000        0.00000        0.00000
                  0.20000        0.00000       -1.00000        0.40000        1.00000        0.00000       -0.80000        0.00000        0.40000        0.00000        0.00000        0.00000
          U*Sk^T:

                  1.00000        0.20000
                  0.00000        0.00000
                 -1.00000       -1.00000
                  0.00000        0.40000
                  1.00000        1.00000
                 -1.00000        0.00000
                  0.00000       -0.80000

          Equilibrium constants:

              4.69029E-11

          Primary species:


          Component matrix:

                  1.00000        0.00000        0.00000        0.00000        0.00000        0.00000        0.00000       -1.00000
                  0.00000        1.00000        0.00000        0.00000        0.00000        0.00000        0.00000       -0.00000
                  0.00000        0.00000        1.00000        0.00000        0.00000        0.00000        0.00000       -0.00000
                  0.00000        0.00000        0.00000        1.00000        0.00000        0.00000        0.00000       -0.00000
                  0.00000        0.00000        0.00000        0.00000        1.00000        0.00000        0.00000        1.00000
                  0.00000        0.00000        0.00000        0.00000        0.00000        1.00000        0.00000       -0.00000
                  0.00000        0.00000        0.00000        0.00000        0.00000        0.00000        1.00000       -0.00000

          Initial concentration of components:

             -3.69029E-07   -3.69029E-07   -3.69029E-07   -3.69029E-07   -3.69029E-07   -3.69029E-07   -3.69029E-07   -3.69029E-07   -3.69029E-07   -3.69029E-07
              1.00000E-16    1.00000E-16    1.00000E-16    1.00000E-16    1.00000E-16    1.00000E-16    1.00000E-16    1.00000E-16    1.00000E-16    1.00000E-16
              1.00000E-05    1.00000E-05    1.00000E-05    1.00000E-05    1.00000E-05    1.00000E-05    1.00000E-05    1.00000E-05    1.00000E-05    1.00000E-05
              1.00000E-16    1.00000E-16    1.00000E-16    1.00000E-16    1.00000E-16    1.00000E-16    1.00000E-16    1.00000E-16    1.00000E-16    1.00000E-16
              1.00047E-03    1.00047E-03    1.00047E-03    1.00047E-03    1.00047E-03    1.00047E-03    1.00047E-03    1.00047E-03    1.00047E-03    1.00047E-03
              1.00000E-06    1.00000E-06    1.00000E-06    1.00000E-06    1.00000E-06    1.00000E-06    1.00000E-06    1.00000E-06    1.00000E-06    1.00000E-06
              1.00000E-03    1.00000E-03    1.00000E-03    1.00000E-03    1.00000E-03    1.00000E-03    1.00000E-03    1.00000E-03    1.00000E-03    1.00000E-03

          Final concentration of components:

             -3.21851E-07   -2.73144E-07   -2.61157E-07   -2.58206E-07   -2.57480E-07   -2.57301E-07   -2.57257E-07   -2.57246E-07   -2.57244E-07   -2.57243E-07
              3.01551E-05    7.42183E-06    1.82667E-06    4.49583E-07    1.10652E-07    2.72339E-08    6.70309E-09    1.65079E-09    4.10837E-10    1.21515E-10
              3.02469E-03    7.51586E-04    1.92126E-04    5.44309E-05    2.05412E-05    1.22002E-05    1.01473E-05    9.64213E-06    9.51815E-06    9.48922E-06
              2.05571E-07    2.05571E-07    2.05571E-07    2.05571E-07    2.05571E-07    2.05571E-07    2.05571E-07    2.05571E-07    2.05571E-07    2.05571E-07
              9.87110E-04    9.97575E-04    1.00015E-03    1.00078E-03    1.00094E-03    1.00098E-03    1.00099E-03    1.00099E-03    1.00099E-03    1.00099E-03
              8.58850E-06    2.86091E-06    1.45122E-06    1.10427E-06    1.01888E-06    9.97861E-07    9.92688E-07    9.91415E-07    9.91103E-07    9.91030E-07
              9.99589E-04    9.99589E-04    9.99589E-04    9.99589E-04    9.99589E-04    9.99589E-04    9.99589E-04    9.99589E-04    9.99589E-04    9.99589E-04

          Final concentration of aqueous species:

              5.55556E+01    5.55556E+01    5.55556E+01    5.55556E+01    5.55556E+01    5.55556E+01    5.55556E+01    5.55556E+01    5.55556E+01    5.55556E+01
              1.07729E-07    1.19207E-07    1.22291E-07    1.23066E-07    1.23258E-07    1.23306E-07    1.23317E-07    1.23320E-07    1.23321E-07    1.23321E-07
              3.01551E-05    7.42183E-06    1.82667E-06    4.49583E-07    1.10652E-07    2.72339E-08    6.70309E-09    1.65079E-09    4.10837E-10    1.21515E-10
              3.02469E-03    7.51586E-04    1.92126E-04    5.44309E-05    2.05412E-05    1.22002E-05    1.01473E-05    9.64213E-06    9.51815E-06    9.48922E-06
              2.05571E-07    2.05571E-07    2.05571E-07    2.05571E-07    2.05571E-07    2.05571E-07    2.05571E-07    2.05571E-07    2.05571E-07    2.05571E-07
              9.86681E-04    9.97183E-04    9.99768E-04    1.00040E-03    1.00056E-03    1.00060E-03    1.00061E-03    1.00061E-03    1.00061E-03    1.00061E-03
              8.58850E-06    2.86091E-06    1.45122E-06    1.10427E-06    1.01888E-06    9.97861E-07    9.92688E-07    9.91415E-07    9.91103E-07    9.91030E-07
              9.99589E-04    9.99589E-04    9.99589E-04    9.99589E-04    9.99589E-04    9.99589E-04    9.99589E-04    9.99589E-04    9.99589E-04    9.99589E-04
              4.29580E-07    3.92351E-07    3.83447E-07    3.81273E-07    3.80738E-07    3.80607E-07    3.80575E-07    3.80567E-07    3.80565E-07    3.80564E-07

          Final activities aqueous species:

              1.00000E+00    1.00000E+00    1.00000E+00    1.00000E+00    1.00000E+00    1.00000E+00    1.00000E+00    1.00000E+00    1.00000E+00    1.00000E+00
              1.07729E-07    1.19207E-07    1.22291E-07    1.23066E-07    1.23258E-07    1.23306E-07    1.23317E-07    1.23320E-07    1.23321E-07    1.23321E-07
              3.01551E-05    7.42183E-06    1.82667E-06    4.49583E-07    1.10652E-07    2.72339E-08    6.70309E-09    1.65079E-09    4.10837E-10    1.21515E-10
              3.02469E-03    7.51586E-04    1.92126E-04    5.44309E-05    2.05412E-05    1.22002E-05    1.01473E-05    9.64213E-06    9.51815E-06    9.48922E-06
              2.05571E-07    2.05571E-07    2.05571E-07    2.05571E-07    2.05571E-07    2.05571E-07    2.05571E-07    2.05571E-07    2.05571E-07    2.05571E-07
              9.86681E-04    9.97183E-04    9.99768E-04    1.00040E-03    1.00056E-03    1.00060E-03    1.00061E-03    1.00061E-03    1.00061E-03    1.00061E-03
              8.58850E-06    2.86091E-06    1.45122E-06    1.10427E-06    1.01888E-06    9.97861E-07    9.92688E-07    9.91415E-07    9.91103E-07    9.91030E-07
              9.99589E-04    9.99589E-04    9.99589E-04    9.99589E-04    9.99589E-04    9.99589E-04    9.99589E-04    9.99589E-04    9.99589E-04    9.99589E-04
              4.29580E-07    3.92351E-07    3.83447E-07    3.81273E-07    3.80738E-07    3.80607E-07    3.80575E-07    3.80567E-07    3.80565E-07    3.80564E-07

          Initial volumetric fractions of minerals:


          Volumetric fractions of minerals:


          Initial concentration of minerals:


          Concentration of minerals:


          Initial concentration of surface complexes:


          Concentration of surface complexes:


          Initial activity of surface complexes:


          Activity of surface complexes:


          Initial concentration of gases:


          Concentration of gases:


          Initial partial pressures of gases:


          Partial pressures of gases:


          Initial volume of gas:


          Volume of gas:


          Aqueous equilibrium reaction amounts:

             -1.01343E-07   -9.19119E-08   -8.93313E-08   -8.86795E-08   -8.85180E-08   -8.84782E-08   -8.84684E-08   -8.84660E-08   -8.84654E-08   -8.84653E-08

          Mineral mean equilibrium reaction amounts:


          Exchange equilibrium reaction rates:


          Gas equilibrium reaction rates:

