  Equation:     F*dc/dt = T*c + g

  Length of domain:        1.00000

  Number of cells:   10

  Mesh size:        0.10000

  Boundary conditions:          Neumann homogeneous

  Scheme:          IFD

  Time step:    1.00000E-03

  Final time:    5.00000E-01

  Number of time steps:       500

  Integration method:          Euler fully implicit

  Linear system:     A*c^(k+1) = B*c^k + f

  Properties:

          Porosity:

                        5.00000E-01
                        5.00000E-01
                        5.00000E-01
                        5.00000E-01
                        5.00000E-01
                        5.00000E-01
                        5.00000E-01
                        5.00000E-01
                        5.00000E-01
                        5.00000E-01

          Flux:

                        5.00000E+00
                        5.00000E+00
                        5.00000E+00
                        5.00000E+00
                        5.00000E+00
                        5.00000E+00
                        5.00000E+00
                        5.00000E+00
                        5.00000E+00
                        5.00000E+00
          Dispersion:

                        2.50000E+00
                        2.50000E+00
                        2.50000E+00
                        2.50000E+00
                        2.50000E+00
                        2.50000E+00
                        2.50000E+00
                        2.50000E+00
                        2.50000E+00
                        2.50000E+00

  Stability parameters:

          Critical time step:

                        1.00000E-03

          Courant:

                        1.00000E-01

          Peclet:

                        2.00000E-01

  Matrix A:

                         1.45000       -0.45000
         -0.55000        2.00000       -0.45000
         -0.55000        2.00000       -0.45000
         -0.55000        2.00000       -0.45000
         -0.55000        2.00000       -0.45000
         -0.55000        2.00000       -0.45000
         -0.55000        2.00000       -0.45000
         -0.55000        2.00000       -0.45000
         -0.55000        2.00000       -0.45000
         -0.55000        1.55000


  Matrix B:

                         1.00000        0.00000
          0.00000        1.00000        0.00000
          0.00000        1.00000        0.00000
          0.00000        1.00000        0.00000
          0.00000        1.00000        0.00000
          0.00000        1.00000        0.00000
          0.00000        1.00000        0.00000
          0.00000        1.00000        0.00000
          0.00000        1.00000        0.00000
          0.00000        1.00000


  Vector f:

          0.00000
          0.00000
          0.00000
          0.00000
          0.00000
          0.00000
          0.00000
          0.00000
          0.00000
          0.00000

  Cell         0.00000E+00         5.00000E-02         5.00000E-01
     1             1.00000             0.75706             0.73172
     2             1.00000             0.75403             0.73172
     3             1.00000             0.74767             0.73172
     4             1.00000             0.73799             0.73172
     5             1.00000             0.72542             0.73172
     6             0.00000             0.71080             0.73172
     7             0.00000             0.69542             0.73172
     8             0.00000             0.68097             0.73172
     9             0.00000             0.66936             0.73172
    10             0.00000             0.66261             0.73172
