  t =     1.00000E-06
                    ca+2           cl-            so4-2          
         1    1.00000E-01    1.00000E-03    3.29382E-04
         3    4.19504E-03    2.14892E-04    7.85170E-03
         5    1.21645E-03    4.61791E-05    2.70772E-02
         7    1.03997E-03    9.92425E-06    3.16722E-02
         9    1.00834E-03    2.13342E-06    3.26659E-02
        11    1.00178E-03    4.59237E-07    3.28797E-02
  t =     5.00000E-06
                    ca+2           cl-            so4-2          
         1    1.00000E-01    1.00000E-03    3.29382E-04
         3    4.69250E-02    5.93891E-04    7.01933E-04
         5    1.05348E-02    2.98966E-04    3.12660E-03
         7    1.99005E-03    1.32035E-04    1.65515E-02
         9    1.25459E-03    5.27224E-05    2.62542E-02
        11    1.08145E-03    1.94703E-05    3.04573E-02
  t =     1.00000E-03
                    ca+2           cl-            so4-2          
         1    1.00000E-01    1.00000E-03    3.29382E-04
         3    9.15538E-02    9.35592E-04    3.59769E-04
         5    8.30289E-02    8.70537E-04    3.96708E-04
         7    7.44268E-02    8.04828E-04    4.42558E-04
         9    6.57505E-02    7.38459E-04    5.00958E-04
        11    5.70047E-02    6.71423E-04    5.77815E-04
