  Integration method chemical reactions:          Euler fully implicit

  Number of targets:   11


  Time step:

      1.00000E-01

  Final time:

      1.00000E-01


  Dimension + Mixing ratios (by rows) (including boundary and sink/source terms):

     11    3.34837E-01    2.03381E-01    1.23551E-01    7.50794E-02    4.56607E-02    2.78240E-02    1.70371E-02    1.05553E-02    6.72304E-03    4.55273E-03    3.47090E-03
     11    2.66773E-01    2.22751E-01    1.62060E-01    9.84808E-02    5.98926E-02    3.64964E-02    2.23474E-02    1.38452E-02    8.81854E-03    5.97177E-03    4.55273E-03
     11    2.39315E-01    1.48205E-01    1.77495E-01    1.45427E-01    8.84437E-02    5.38944E-02    3.30005E-02    2.04453E-02    1.30224E-02    8.81854E-03    6.72304E-03
     11    2.28322E-01    9.86385E-02    1.18132E-01    1.59277E-01    1.38858E-01    8.46149E-02    5.18112E-02    3.20993E-02    2.04453E-02    1.38452E-02    1.05553E-02
     11    2.24129E-01    6.57017E-02    7.86863E-02    1.06092E-01    1.52082E-01    1.36576E-01    8.36279E-02    5.18112E-02    3.30005E-02    2.23474E-02    1.70371E-02
     11    2.23048E-01    4.38493E-02    5.25151E-02    7.08059E-02    1.01499E-01    1.49583E-01    1.36576E-01    8.46149E-02    5.38944E-02    3.64964E-02    2.78240E-02
     11    2.24129E-01    2.94068E-02    3.52184E-02    4.74848E-02    6.80689E-02    1.00315E-01    1.49583E-01    1.38858E-01    8.84437E-02    5.98926E-02    4.56607E-02
     11    2.28322E-01    1.99539E-02    2.38974E-02    3.22208E-02    4.61881E-02    6.80689E-02    1.01499E-01    1.52082E-01    1.45427E-01    9.84808E-02    7.50794E-02
     11    2.39315E-01    1.39198E-02    1.66708E-02    2.24772E-02    3.22208E-02    4.74848E-02    7.08059E-02    1.06092E-01    1.59277E-01    1.62060E-01    1.23551E-01
     11    2.66773E-01    1.03240E-02    1.23643E-02    1.66708E-02    2.38974E-02    3.52184E-02    5.25151E-02    7.86863E-02    1.18132E-01    1.77495E-01    2.03381E-01
     11    3.34837E-01    8.62039E-03    1.03240E-02    1.39198E-02    1.99539E-02    2.94068E-02    4.38493E-02    6.57017E-02    9.86385E-02    1.48205E-01    2.22751E-01

  Mixing waters indices:

      1    2    3    4    5    6    7    8    9   10   11
      2    1    3    4    5    6    7    8    9   10   11
      3    1    2    4    5    6    7    8    9   10   11
      4    1    2    3    5    6    7    8    9   10   11
      5    1    2    3    4    6    7    8    9   10   11
      6    1    2    3    4    5    7    8    9   10   11
      7    1    2    3    4    5    6    8    9   10   11
      8    1    2    3    4    5    6    7    9   10   11
      9    1    2    3    4    5    6    7    8   10   11
     10    1    2    3    4    5    6    7    8    9   11
     11    1    2    3    4    5    6    7    8    9   10

  Aqueous species:

          ca+2           
          cl-            
          so4-2          
          h2o            
  Minerals (name + molar volume):

          gypsum             7.46900E-02
  Gases:

  Surface complexes:

  Equilibrium reactions:

          gypsum                        

  Kinetic reactions:

  Global stoichiometric matrix:

                 -1.00000        0.00000       -1.00000        0.00000        1.00000
  Equilibrium constants:

              3.03599E+04

  Global component matrix:

                  1.00000        0.00000       -1.00000
                  0.00000        1.00000        0.00000

  Initial concentration of aqueous species:

              1.00000E-01    1.00000E-01    1.00000E-01    1.00000E-01    1.00000E-01    1.00000E-01    1.00000E-01    1.00000E-01    1.00000E-01    1.00000E-01    1.00000E-01
              1.00000E-03    1.00000E-09    1.00000E-09    1.00000E-09    1.00000E-09    1.00000E-09    1.00000E-09    1.00000E-09    1.00000E-09    1.00000E-09    1.00000E-09
              3.29382E-04    3.29382E-04    3.29382E-04    3.29382E-04    3.29382E-04    3.29382E-04    3.29382E-04    3.29382E-04    3.29382E-04    3.29382E-04    3.29382E-04
              5.55556E+01    5.55556E+01    5.55556E+01    5.55556E+01    5.55556E+01    5.55556E+01    5.55556E+01    5.55556E+01    5.55556E+01    5.55556E+01    5.55556E+01

  Initial activity coefficients aqueous species:

              1.00000E+00    1.00000E+00    1.00000E+00    1.00000E+00    1.00000E+00    1.00000E+00    1.00000E+00    1.00000E+00    1.00000E+00    1.00000E+00    1.00000E+00
              1.00000E+00    1.00000E+00    1.00000E+00    1.00000E+00    1.00000E+00    1.00000E+00    1.00000E+00    1.00000E+00    1.00000E+00    1.00000E+00    1.00000E+00
              1.00000E+00    1.00000E+00    1.00000E+00    1.00000E+00    1.00000E+00    1.00000E+00    1.00000E+00    1.00000E+00    1.00000E+00    1.00000E+00    1.00000E+00
              1.79672E-02    1.79675E-02    1.79675E-02    1.79675E-02    1.79675E-02    1.79675E-02    1.79675E-02    1.79675E-02    1.79675E-02    1.79675E-02    1.79675E-02

  Initial activity water:

              9.98176E-01    9.98194E-01    9.98194E-01    9.98194E-01    9.98194E-01    9.98194E-01    9.98194E-01    9.98194E-01    9.98194E-01    9.98194E-01    9.98194E-01

  Initial salinity:

              4.05836E-03    4.02319E-03    4.02319E-03    4.02319E-03    4.02319E-03    4.02319E-03    4.02319E-03    4.02319E-03    4.02319E-03    4.02319E-03    4.02319E-03

  Activity water:

              9.98176E-01    9.98194E-01    9.98194E-01    9.98194E-01    9.98194E-01    9.98194E-01    9.98194E-01    9.98194E-01    9.98194E-01    9.98194E-01    9.98194E-01

  Final salinity:

              4.05836E-03    4.02319E-03    4.02319E-03    4.02319E-03    4.02319E-03    4.02319E-03    4.02319E-03    4.02319E-03    4.02319E-03    4.02319E-03    4.02319E-03

  Aqueous equilibrium reaction rates:


  Kinetic reaction rates:


  Reactive zone    1:

          Non-flowing species:

                    gypsum         

          Number of equilibrium reactions:         1

          Se:

                 -1.00000        0.00000       -1.00000        0.00000        1.00000
          Sk:

          U*Sk^T:




          Equilibrium constants:

              3.03599E+04

          Aqueous species:

                    ca+2           
                    cl-            
                    so4-2          
                    h2o            

          Primary species:

                    ca+2           
                    cl-            
          Component matrix:

                  1.00000        0.00000       -1.00000
                  0.00000        1.00000        0.00000

          Initial concentration of components:

              9.96706E-02    9.96706E-02    9.96706E-02    9.96706E-02    9.96706E-02    9.96706E-02    9.96706E-02    9.96706E-02    9.96706E-02    9.96706E-02    9.96706E-02
              1.00000E-03    1.00000E-09    1.00000E-09    1.00000E-09    1.00000E-09    1.00000E-09    1.00000E-09    1.00000E-09    1.00000E-09    1.00000E-09    1.00000E-09

          Final concentration of components:

              8.49863E-02    8.99019E-02    9.31711E-02    9.53448E-02    9.67893E-02    9.77476E-02    9.83810E-02    9.87955E-02    9.90602E-02    9.92179E-02    9.92926E-02
              3.34837E-04    2.22752E-04    1.48206E-04    9.86394E-05    6.57026E-05    4.38502E-05    2.94077E-05    1.99549E-05    1.39208E-05    1.03250E-05    8.62138E-06

          Final concentration of aqueous species:

              8.53722E-02    9.02668E-02    9.35233E-02    9.56890E-02    9.71284E-02    9.80834E-02    9.87147E-02    9.91278E-02    9.93916E-02    9.95487E-02    9.96232E-02
              3.34837E-04    2.22752E-04    1.48206E-04    9.86394E-05    6.57026E-05    4.38502E-05    2.94077E-05    1.99549E-05    1.39208E-05    1.03250E-05    8.62138E-06
              3.85819E-04    3.64899E-04    3.52193E-04    3.44221E-04    3.39120E-04    3.35818E-04    3.33671E-04    3.32280E-04    3.31398E-04    3.30875E-04    3.30628E-04
              5.55556E+01    5.55556E+01    5.55556E+01    5.55556E+01    5.55556E+01    5.55556E+01    5.55556E+01    5.55556E+01    5.55556E+01    5.55556E+01    5.55556E+01

          Final activity coefficients aqueous species:

              1.00000E+00    1.00000E+00    1.00000E+00    1.00000E+00    1.00000E+00    1.00000E+00    1.00000E+00    1.00000E+00    1.00000E+00    1.00000E+00    1.00000E+00
              1.00000E+00    1.00000E+00    1.00000E+00    1.00000E+00    1.00000E+00    1.00000E+00    1.00000E+00    1.00000E+00    1.00000E+00    1.00000E+00    1.00000E+00
              1.00000E+00    1.00000E+00    1.00000E+00    1.00000E+00    1.00000E+00    1.00000E+00    1.00000E+00    1.00000E+00    1.00000E+00    1.00000E+00    1.00000E+00
              1.79672E-02    1.79675E-02    1.79675E-02    1.79675E-02    1.79675E-02    1.79675E-02    1.79675E-02    1.79675E-02    1.79675E-02    1.79675E-02    1.79675E-02

          Initial volumetric fractions of minerals:

              4.99996E-01    4.99997E-01    4.99998E-01    4.99999E-01    4.99999E-01    5.00000E-01    5.00000E-01    5.00000E-01    5.00000E-01    5.00000E-01    5.00000E-01

          Volumetric fractions of minerals:

              4.99996E-01    4.99997E-01    4.99998E-01    4.99999E-01    4.99999E-01    5.00000E-01    5.00000E-01    5.00000E-01    5.00000E-01    5.00000E-01    5.00000E-01

          Initial concentration of minerals:

              9.99895E-01    9.99932E-01    9.99956E-01    9.99971E-01    9.99981E-01    9.99987E-01    9.99991E-01    9.99994E-01    9.99996E-01    9.99997E-01    9.99998E-01

          Concentration of minerals:

              9.99895E-01    9.99932E-01    9.99956E-01    9.99971E-01    9.99981E-01    9.99987E-01    9.99991E-01    9.99994E-01    9.99996E-01    9.99997E-01    9.99998E-01

          Concentration of surface complexes:


          Initial concentration of gases:


          Concentration of gases:


          Initial partial pressures of gases:


          Partial pressures of gases:


          Initial volume of gas:


          Volume of gas:


          Aqueous equilibrium reaction rates:


          Mineral equilibrium reaction rates:

             -5.24821E-04   -3.38997E-04   -2.21448E-04   -1.45674E-04   -9.63013E-05   -6.39560E-05   -4.27535E-05   -2.89499E-05   -2.01687E-05   -1.49469E-05   -1.24757E-05

          Gas equilibrium reaction rates:

