  Number of targets:   10


  Time step:

      1.00000E-06

  Final time:

      1.00000E-06


  Dimension + Mixing ratios concentrations (by rows) (including boundary and sink/source terms):

     12    9.99860E-01    1.19983E-04    1.99956E-05    3.99880E-10    7.99696E-15    1.59926E-19    3.19827E-24    6.39603E-29    1.27910E-33    2.55800E-38    5.11550E-43    2.04620E-47
     12    9.99920E-01    7.19842E-09    5.99868E-05    1.99968E-05    3.99904E-10    7.99744E-15    1.59936E-19    3.19846E-24    6.39642E-29    1.27918E-33    2.55811E-38    1.02324E-42
     12    9.99920E-01    4.31870E-13    3.59892E-09    5.99904E-05    1.99968E-05    3.99904E-10    7.99744E-15    1.59936E-19    3.19846E-24    6.39642E-29    1.27916E-33    5.11662E-38
     12    9.99920E-01    2.59102E-17    2.15918E-13    3.59914E-09    5.99904E-05    1.99968E-05    3.99904E-10    7.99744E-15    1.59936E-19    3.19846E-24    6.39629E-29    2.55852E-33
     12    9.99920E-01    1.55448E-21    1.29540E-17    2.15931E-13    3.59914E-09    5.99904E-05    1.99968E-05    3.99904E-10    7.99744E-15    1.59936E-19    3.19840E-24    1.27936E-28
     12    9.99920E-01    9.32616E-26    7.77180E-22    1.29548E-17    2.15931E-13    3.59914E-09    5.99904E-05    1.99968E-05    3.99904E-10    7.99744E-15    1.59933E-19    6.39731E-24
     12    9.99920E-01    5.59525E-30    4.66271E-26    7.77227E-22    1.29548E-17    2.15931E-13    3.59914E-09    5.99904E-05    1.99968E-05    3.99904E-10    7.99728E-15    3.19891E-19
     12    9.99920E-01    3.35688E-34    2.79740E-30    4.66299E-26    7.77227E-22    1.29548E-17    2.15931E-13    3.59914E-09    5.99904E-05    1.99968E-05    3.99896E-10    1.59958E-14
     12    9.99920E-01    2.01397E-38    1.67831E-34    2.79757E-30    4.66299E-26    7.77227E-22    1.29548E-17    2.15931E-13    3.59914E-09    5.99904E-05    1.99964E-05    7.99856E-10
     12    9.99900E-01    1.20826E-42    1.00688E-38    1.67837E-34    2.79751E-30    4.66289E-26    7.77211E-22    1.29546E-17    2.15927E-13    3.59906E-09    5.99892E-05    3.99960E-05

  Initial mixing ratios reaction amounts (by rows):

      9.99860E-01    1.99956E-05    3.99880E-10    7.99696E-15    1.59926E-19    3.19827E-24    6.39603E-29    1.27910E-33    2.55800E-38    5.11550E-43
      9.99920E-01    5.99868E-05    1.99968E-05    3.99904E-10    7.99744E-15    1.59936E-19    3.19846E-24    6.39642E-29    1.27918E-33    2.55811E-38
      9.99920E-01    3.59892E-09    5.99904E-05    1.99968E-05    3.99904E-10    7.99744E-15    1.59936E-19    3.19846E-24    6.39642E-29    1.27916E-33
      9.99920E-01    2.15918E-13    3.59914E-09    5.99904E-05    1.99968E-05    3.99904E-10    7.99744E-15    1.59936E-19    3.19846E-24    6.39629E-29
      9.99920E-01    1.29540E-17    2.15931E-13    3.59914E-09    5.99904E-05    1.99968E-05    3.99904E-10    7.99744E-15    1.59936E-19    3.19840E-24
      9.99920E-01    7.77180E-22    1.29548E-17    2.15931E-13    3.59914E-09    5.99904E-05    1.99968E-05    3.99904E-10    7.99744E-15    1.59933E-19
      9.99920E-01    4.66271E-26    7.77227E-22    1.29548E-17    2.15931E-13    3.59914E-09    5.99904E-05    1.99968E-05    3.99904E-10    7.99728E-15
      9.99920E-01    2.79740E-30    4.66299E-26    7.77227E-22    1.29548E-17    2.15931E-13    3.59914E-09    5.99904E-05    1.99968E-05    3.99896E-10
      9.99920E-01    1.67831E-34    2.79757E-30    4.66299E-26    7.77227E-22    1.29548E-17    2.15931E-13    3.59914E-09    5.99904E-05    1.99964E-05
      9.99900E-01    1.00688E-38    1.67837E-34    2.79751E-30    4.66289E-26    7.77211E-22    1.29546E-17    2.15927E-13    3.59906E-09    5.99892E-05

  Final mixing ratios reaction amounts (by rows):

      9.99860E-01
      9.99920E-01
      9.99920E-01
      9.99920E-01
      9.99920E-01
      9.99920E-01
      9.99920E-01
      9.99920E-01
      9.99920E-01
      9.99900E-01

  Mixing waters indices + no. upstream waters + no. downstream waters:

      2    1    3    4    5    6    7    8    9   10   11   12    1   10
      3    1    2    4    5    6    7    8    9   10   11   12    2    9
      4    1    2    3    5    6    7    8    9   10   11   12    3    8
      5    1    2    3    4    6    7    8    9   10   11   12    4    7
      6    1    2    3    4    5    7    8    9   10   11   12    5    6
      7    1    2    3    4    5    6    8    9   10   11   12    6    5
      8    1    2    3    4    5    6    7    9   10   11   12    7    4
      9    1    2    3    4    5    6    7    8   10   11   12    8    3
     10    1    2    3    4    5    6    7    8    9   11   12    9    2
     11    1    2    3    4    5    6    7    8    9   10   12   10    1

  Reaction mixing waters indices + no. upstream waters + no. downstream waters:

      2    3    4    5    6    7    8    9   10   11    0    9
      3    2    4    5    6    7    8    9   10   11    1    8
      4    2    3    5    6    7    8    9   10   11    2    7
      5    2    3    4    6    7    8    9   10   11    3    6
      6    2    3    4    5    7    8    9   10   11    4    5
      7    2    3    4    5    6    8    9   10   11    5    4
      8    2    3    4    5    6    7    9   10   11    6    3
      9    2    3    4    5    6    7    8   10   11    7    2
     10    2    3    4    5    6    7    8    9   11    8    1
     11    2    3    4    5    6    7    8    9   10    9    0

  Chemical input option:                        1

  WMA option:          Lumped

  rk average option:                        2

  Number of lumpings:                        0

  Aqueous species:

          h2o(p)         
          ca+2           
          cl-            
          so4-2          
  Minerals (name + molar volume):

          gypsum             7.46900E-02
  Gases:

  Surface complexes:

  Equilibrium reactions:

          gypsum                        

  Kinetic reactions:

  Global stoichiometric matrix:

                 -1.00000        0.00000       -1.00000        0.00000        1.00000
  Equilibrium constants:

              3.03599E+04

  Global component matrix:

                  1.00000        0.00000       -1.00000
                  0.00000        1.00000        0.00000

  Concentration of external waters (in molalities): (rows -> aqueous species in the same order as before, columns -> targets)






  Activities of external waters:






  Concentration of boundary waters (in molalities): (rows -> aqueous species in the same order as before, columns -> targets)

              5.55556E+01    5.55556E+01
              1.00000E-01    1.00000E-03
              1.00000E-03    1.00000E-09
              3.29382E-04    3.29382E-02

  Activities of boundary waters:

              1.00000E+00    1.00000E+00
              1.00000E-01    1.00000E-03
              1.00000E-03    1.00000E-09
              3.29382E-04    3.29382E-02

  Initial concentration of aqueous species in the domain:

              5.55556E+01    5.55556E+01    5.55556E+01    5.55556E+01    5.55556E+01    5.55556E+01    5.55556E+01    5.55556E+01    5.55556E+01    5.55556E+01
              1.00000E-03    1.00000E-03    1.00000E-03    1.00000E-03    1.00000E-03    1.00000E-03    1.00000E-03    1.00000E-03    1.00000E-03    1.00000E-03
              1.00000E-09    1.00000E-09    1.00000E-09    1.00000E-09    1.00000E-09    1.00000E-09    1.00000E-09    1.00000E-09    1.00000E-09    1.00000E-09
              3.29382E-02    3.29382E-02    3.29382E-02    3.29382E-02    3.29382E-02    3.29382E-02    3.29382E-02    3.29382E-02    3.29382E-02    3.29382E-02

  Initial activities aqueous species domain:

              1.00000E+00    1.00000E+00    1.00000E+00    1.00000E+00    1.00000E+00    1.00000E+00    1.00000E+00    1.00000E+00    1.00000E+00    1.00000E+00
              1.00000E-03    1.00000E-03    1.00000E-03    1.00000E-03    1.00000E-03    1.00000E-03    1.00000E-03    1.00000E-03    1.00000E-03    1.00000E-03
              1.00000E-09    1.00000E-09    1.00000E-09    1.00000E-09    1.00000E-09    1.00000E-09    1.00000E-09    1.00000E-09    1.00000E-09    1.00000E-09
              3.29382E-02    3.29382E-02    3.29382E-02    3.29382E-02    3.29382E-02    3.29382E-02    3.29382E-02    3.29382E-02    3.29382E-02    3.29382E-02

  Final concentration of aqueous species in the domain:

              5.55556E+01    5.55556E+01    5.55556E+01    5.55556E+01    5.55556E+01    5.55556E+01    5.55556E+01    5.55556E+01    5.55556E+01    5.55556E+01
              1.00047E-03    1.00000E-03    1.00000E-03    1.00000E-03    1.00000E-03    1.00000E-03    1.00000E-03    1.00000E-03    1.00000E-03    1.00000E-03
              1.20983E-07    1.00720E-09    1.00000E-09    1.00000E-09    1.00000E-09    1.00000E-09    1.00000E-09    1.00000E-09    1.00000E-09    1.00000E-09
              3.29229E-02    3.29382E-02    3.29382E-02    3.29382E-02    3.29382E-02    3.29382E-02    3.29382E-02    3.29382E-02    3.29382E-02    3.29382E-02

  Final activities aqueous species domain:

              9.99389E-01    9.99389E-01    1.00000E+00    1.00000E+00    1.00000E+00    1.00000E+00    1.00000E+00    1.00000E+00    1.00000E+00    1.00000E+00
              1.00047E-03    1.00000E-03    1.00000E-03    1.00000E-03    1.00000E-03    1.00000E-03    1.00000E-03    1.00000E-03    1.00000E-03    1.00000E-03
              1.20983E-07    1.00720E-09    1.00000E-09    1.00000E-09    1.00000E-09    1.00000E-09    1.00000E-09    1.00000E-09    1.00000E-09    1.00000E-09
              3.29229E-02    3.29382E-02    3.29382E-02    3.29382E-02    3.29382E-02    3.29382E-02    3.29382E-02    3.29382E-02    3.29382E-02    3.29382E-02

  Initial salinity domain:

              3.19401E-03    3.19401E-03    3.19401E-03    3.19401E-03    3.19401E-03    3.19401E-03    3.19401E-03    3.19401E-03    3.19401E-03    3.19401E-03

  Final salinity domain:

              3.19257E-03    3.19401E-03    3.19401E-03    3.19401E-03    3.19401E-03    3.19401E-03    3.19401E-03    3.19401E-03    3.19401E-03    3.19401E-03

  Aqueous mean equilibrium reaction amounts:


  Initial aqueous kinetic reaction rates:


  Aqueous kinetic reaction rates:


  Aqueous mean kinetic reaction amounts:


  Aqueous estimated kinetic reaction amounts:


  Mineral zone    1:

          Minerals in equilibrium:

                    gypsum         

          Kinetic minerals:


          Mineral mean kinetic reaction amounts:


          Mineral estimated kinetic reaction amounts:


          Absolute error kinetic reaction amounts:


  Reactive zone    1:

          Non-flowing species:

                    gypsum         
          Number of equilibrium reactions:         1

          Se:

                 -1.00000        0.00000       -1.00000        0.00000        1.00000
          Sk:

          U*Sk^T:




          Equilibrium constants:

              3.03599E+04

          Primary species:


          Component matrix:

                  1.00000        0.00000       -1.00000
                  0.00000        1.00000        0.00000

          Initial concentration of components:

             -3.19382E-02   -3.19382E-02   -3.19382E-02   -3.19382E-02   -3.19382E-02   -3.19382E-02   -3.19382E-02   -3.19382E-02   -3.19382E-02   -3.19382E-02
              1.00000E-09    1.00000E-09    1.00000E-09    1.00000E-09    1.00000E-09    1.00000E-09    1.00000E-09    1.00000E-09    1.00000E-09    1.00000E-09

          Final concentration of components:

             -3.19224E-02   -3.19382E-02   -3.19382E-02   -3.19382E-02   -3.19382E-02   -3.19382E-02   -3.19382E-02   -3.19382E-02   -3.19382E-02   -3.19382E-02
              1.20983E-07    1.00720E-09    1.00000E-09    1.00000E-09    1.00000E-09    1.00000E-09    1.00000E-09    1.00000E-09    1.00000E-09    1.00000E-09

          Final concentration of aqueous species:

              5.55556E+01    5.55556E+01    5.55556E+01    5.55556E+01    5.55556E+01    5.55556E+01    5.55556E+01    5.55556E+01    5.55556E+01    5.55556E+01
              1.00047E-03    1.00000E-03    1.00000E-03    1.00000E-03    1.00000E-03    1.00000E-03    1.00000E-03    1.00000E-03    1.00000E-03    1.00000E-03
              1.20983E-07    1.00720E-09    1.00000E-09    1.00000E-09    1.00000E-09    1.00000E-09    1.00000E-09    1.00000E-09    1.00000E-09    1.00000E-09
              3.29229E-02    3.29382E-02    3.29382E-02    3.29382E-02    3.29382E-02    3.29382E-02    3.29382E-02    3.29382E-02    3.29382E-02    3.29382E-02

          Final activities aqueous species:

              9.99389E-01    9.99389E-01    1.00000E+00    1.00000E+00    1.00000E+00    1.00000E+00    1.00000E+00    1.00000E+00    1.00000E+00    1.00000E+00
              1.00047E-03    1.00000E-03    1.00000E-03    1.00000E-03    1.00000E-03    1.00000E-03    1.00000E-03    1.00000E-03    1.00000E-03    1.00000E-03
              1.20983E-07    1.00720E-09    1.00000E-09    1.00000E-09    1.00000E-09    1.00000E-09    1.00000E-09    1.00000E-09    1.00000E-09    1.00000E-09
              3.29229E-02    3.29382E-02    3.29382E-02    3.29382E-02    3.29382E-02    3.29382E-02    3.29382E-02    3.29382E-02    3.29382E-02    3.29382E-02

          Initial volumetric fractions of minerals:

              5.00000E-01    5.00000E-01    5.00000E-01    5.00000E-01    5.00000E-01    5.00000E-01    5.00000E-01    5.00000E-01    5.00000E-01    5.00000E-01

          Volumetric fractions of minerals:

              5.00000E-01    5.00000E-01    5.00000E-01    5.00000E-01    5.00000E-01    5.00000E-01    5.00000E-01    5.00000E-01    5.00000E-01    5.00000E-01

          Initial concentration of minerals:

              1.00000E+00    1.00000E+00    1.00000E+00    1.00000E+00    1.00000E+00    1.00000E+00    1.00000E+00    1.00000E+00    1.00000E+00    1.00000E+00

          Concentration of minerals:

              1.00000E+00    1.00000E+00    1.00000E+00    1.00000E+00    1.00000E+00    1.00000E+00    1.00000E+00    1.00000E+00    1.00000E+00    1.00000E+00

          Initial concentration of surface complexes:


          Concentration of surface complexes:


          Initial activity of surface complexes:


          Activity of surface complexes:


          Initial concentration of gases:


          Concentration of gases:


          Initial partial pressures of gases:


          Partial pressures of gases:


          Initial volume of gas:


          Volume of gas:


          Aqueous equilibrium reaction amounts:


          Mineral mean equilibrium reaction amounts:

              1.14128E-05    6.84728E-10    0.00000E+00    0.00000E+00    0.00000E+00    0.00000E+00    0.00000E+00    0.00000E+00    0.00000E+00    0.00000E+00

          Exchange equilibrium reaction rates:


          Gas equilibrium reaction rates:

