  Number of targets:   11


  Time step:

      1.00000E-03

  Final time:

      1.00000E-02


  Dimension + Mixing ratios concentrations (by rows) (including boundary and sink/source terms):

     12    6.70732E-01    2.68293E-01    6.09756E-02   -3.93871E-19    2.54420E-36   -1.64342E-53    1.06156E-70   -6.85715E-88    4.42936-105   -2.86114-122    1.84815-139   -1.19381-156
     12    9.14634E-01    2.43902E-02    6.09756E-02   -5.90806E-18    3.81630E-35   -2.46513E-52    1.59235E-69   -1.02857E-86    6.64404-104   -4.29171-121    2.77222-138   -1.79071-155
     12    9.09091E-01    2.21729E-03    5.54324E-03    8.31486E-02   -5.87225E-18    3.79317E-35   -2.45019E-52    1.58270E-69   -1.02234E-86    6.60378-104   -4.26570-121    2.75542-138
     12    9.09091E-01    2.01572E-04    5.03931E-04    7.55896E-03    8.26446E-02   -5.87225E-18    3.79317E-35   -2.45019E-52    1.58270E-69   -1.02234E-86    6.60378-104   -4.26570-121
     12    9.09091E-01    1.83248E-05    4.58119E-05    6.87178E-04    7.51315E-03    8.26446E-02   -5.87225E-18    3.79317E-35   -2.45019E-52    1.58270E-69   -1.02234E-86    6.60378-104
     12    9.09091E-01    1.66589E-06    4.16472E-06    6.24707E-05    6.83013E-04    7.51315E-03    8.26446E-02   -5.87225E-18    3.79317E-35   -2.45019E-52    1.58270E-69   -1.02234E-86
     12    9.09091E-01    1.51444E-07    3.78611E-07    5.67916E-06    6.20921E-05    6.83013E-04    7.51315E-03    8.26446E-02   -5.87225E-18    3.79317E-35   -2.45019E-52    1.58270E-69
     12    9.09091E-01    1.37677E-08    3.44191E-08    5.16287E-07    5.64474E-06    6.20921E-05    6.83013E-04    7.51315E-03    8.26446E-02   -5.87225E-18    3.79317E-35   -2.45019E-52
     12    9.09091E-01    1.25161E-09    3.12901E-09    4.69352E-08    5.13158E-07    5.64474E-06    6.20921E-05    6.83013E-04    7.51315E-03    8.26446E-02   -5.87225E-18    3.79317E-35
     12    9.09091E-01    1.13782E-10    2.84456E-10    4.26684E-09    4.66507E-08    5.13158E-07    5.64474E-06    6.20921E-05    6.83013E-04    7.51315E-03    8.26446E-02   -5.87225E-18
     12    9.09091E-01    1.03438E-11    2.58596E-11    3.87894E-10    4.24098E-09    4.66507E-08    5.13158E-07    5.64474E-06    6.20921E-05    6.83013E-04    7.51315E-03    8.26446E-02

  Initial mixing ratios reaction amounts (by rows):

      6.70732E-01    6.09756E-02   -3.93871E-19    2.54420E-36   -1.64342E-53    1.06156E-70   -6.85715E-88    4.42936-105   -2.86114-122    1.84815-139   -1.19381-156
      9.14634E-01    6.09756E-02   -5.90806E-18    3.81630E-35   -2.46513E-52    1.59235E-69   -1.02857E-86    6.64404-104   -4.29171-121    2.77222-138   -1.79071-155
      9.09091E-01    5.54324E-03    8.31486E-02   -5.87225E-18    3.79317E-35   -2.45019E-52    1.58270E-69   -1.02234E-86    6.60378-104   -4.26570-121    2.75542-138
      9.09091E-01    5.03931E-04    7.55896E-03    8.26446E-02   -5.87225E-18    3.79317E-35   -2.45019E-52    1.58270E-69   -1.02234E-86    6.60378-104   -4.26570-121
      9.09091E-01    4.58119E-05    6.87178E-04    7.51315E-03    8.26446E-02   -5.87225E-18    3.79317E-35   -2.45019E-52    1.58270E-69   -1.02234E-86    6.60378-104
      9.09091E-01    4.16472E-06    6.24707E-05    6.83013E-04    7.51315E-03    8.26446E-02   -5.87225E-18    3.79317E-35   -2.45019E-52    1.58270E-69   -1.02234E-86
      9.09091E-01    3.78611E-07    5.67916E-06    6.20921E-05    6.83013E-04    7.51315E-03    8.26446E-02   -5.87225E-18    3.79317E-35   -2.45019E-52    1.58270E-69
      9.09091E-01    3.44191E-08    5.16287E-07    5.64474E-06    6.20921E-05    6.83013E-04    7.51315E-03    8.26446E-02   -5.87225E-18    3.79317E-35   -2.45019E-52
      9.09091E-01    3.12901E-09    4.69352E-08    5.13158E-07    5.64474E-06    6.20921E-05    6.83013E-04    7.51315E-03    8.26446E-02   -5.87225E-18    3.79317E-35
      9.09091E-01    2.84456E-10    4.26684E-09    4.66507E-08    5.13158E-07    5.64474E-06    6.20921E-05    6.83013E-04    7.51315E-03    8.26446E-02   -5.87225E-18
      9.09091E-01    2.58596E-11    3.87894E-10    4.24098E-09    4.66507E-08    5.13158E-07    5.64474E-06    6.20921E-05    6.83013E-04    7.51315E-03    8.26446E-02

  Final mixing ratios reaction amounts (by rows):

      6.70732E-01
      9.14634E-01
      9.09091E-01
      9.09091E-01
      9.09091E-01
      9.09091E-01
      9.09091E-01
      9.09091E-01
      9.09091E-01
      9.09091E-01
      9.09091E-01

  Mixing waters indices + no. upstream waters + no. downstream waters:

      2    1    3    4    5    6    7    8    9   10   11   12    1   10
      3    1    2    4    5    6    7    8    9   10   11   12    2    9
      4    1    2    3    5    6    7    8    9   10   11   12    3    8
      5    1    2    3    4    6    7    8    9   10   11   12    4    7
      6    1    2    3    4    5    7    8    9   10   11   12    5    6
      7    1    2    3    4    5    6    8    9   10   11   12    6    5
      8    1    2    3    4    5    6    7    9   10   11   12    7    4
      9    1    2    3    4    5    6    7    8   10   11   12    8    3
     10    1    2    3    4    5    6    7    8    9   11   12    9    2
     11    1    2    3    4    5    6    7    8    9   10   12   10    1
     12    1    2    3    4    5    6    7    8    9   10   11   11    0

  Reaction mixing waters indices + no. upstream waters + no. downstream waters:

      2    3    4    5    6    7    8    9   10   11   12    0   10
      3    2    4    5    6    7    8    9   10   11   12    1    9
      4    2    3    5    6    7    8    9   10   11   12    2    8
      5    2    3    4    6    7    8    9   10   11   12    3    7
      6    2    3    4    5    7    8    9   10   11   12    4    6
      7    2    3    4    5    6    8    9   10   11   12    5    5
      8    2    3    4    5    6    7    9   10   11   12    6    4
      9    2    3    4    5    6    7    8   10   11   12    7    3
     10    2    3    4    5    6    7    8    9   11   12    8    2
     11    2    3    4    5    6    7    8    9   10   12    9    1
     12    2    3    4    5    6    7    8    9   10   11   10    0

  Chemical input option:                        1

  WMA option:          Consistent

  Consistent WMA option:                        2

  rk downstream waters option:                        3

  Parameter mu:    0.00000E+00

  rk average option:                        2

  Number of lumpings:                        0

  Aqueous species:

          h2o(p)         
          h+             
          cl-            
          ch2o(aq)       
          c5h7o2n(aq)    
          n2(aq)(p)      
          nh4+(p)        
          no2-(p)        
          n2o            
          so4-2          
          h2s            
          hco3-          
          o2(aq)         
          no3-           
          oh-            
          co3-2          
          h2co3          
          nh3(aq)        
  Minerals (name + molar volume):

  Gases:

          co2(g)         
          o2(g)          
          n2(g)          
  Surface complexes:

  Equilibrium reactions:

          co2(g)                        

          o2(g)                         

          n2(g)                         

          oh-                           

          co3-2                         

          h2co3                         

          nh3(aq)                       

  Kinetic reactions:

          aerobic oxidation of DOC (JW) 

              4

              7

              0.00000E+00

 
          nitrification (JW)            

              4

              7

              0.00000E+00

 
          denitrification 1 (JW)        

              4

              7

              0.00000E+00

  2.520000000000000E-005
          denitrification 2 (JW)        

              4

              7

              0.00000E+00

  2.520000000000000E-005
          denitrification 3 (JW)        

              4

              7

              0.00000E+00

  2.520000000000000E-005
          DNRA (JW)                     

              4

              7

              0.00000E+00

  2.520000000000000E-005
          anammox (JW)                  

              4

              8

              0.00000E+00

  2.520000000000000E-005
          sulfammox (JW)                

              4

              8

              0.00000E+00

  2.520000000000000E-005
  Global stoichiometric matrix:

                 -1.00000        0.00000        0.00000        0.00000        0.00000        0.00000        0.00000        0.00000        0.00000        0.00000       -1.00000        0.00000        0.00000        0.00000        0.00000        0.00000        0.00000        1.00000        1.00000        0.00000        0.00000
                  0.00000        0.00000        0.00000        0.00000        0.00000        0.00000        0.00000        0.00000        0.00000        0.00000        0.00000       -1.00000        0.00000        0.00000        0.00000        0.00000        0.00000        0.00000        0.00000        1.00000        0.00000
                 -2.00000        0.00000        0.00000        0.00000        0.00000        0.00000        0.00000        0.00000        0.00000        0.00000        0.00000        0.00000       -2.00000        0.00000        0.00000        0.00000        0.00000        1.00000        0.00000        2.50000        1.00000
                  1.00000        0.00000        0.00000        0.00000        0.00000        0.00000        0.00000        0.00000        0.00000        0.00000        0.00000        0.00000        0.00000        1.00000        0.00000        0.00000        0.00000        0.00000        0.00000        0.00000        0.00000
                  1.00000        0.00000        0.00000        0.00000        0.00000        0.00000        0.00000        0.00000        0.00000        0.00000       -1.00000        0.00000        0.00000        0.00000        1.00000        0.00000        0.00000        0.00000        0.00000        0.00000        0.00000
                 -1.00000        0.00000        0.00000        0.00000        0.00000        0.00000        0.00000        0.00000        0.00000        0.00000       -1.00000        0.00000        0.00000        0.00000        0.00000        1.00000        0.00000        0.00000        0.00000        0.00000        0.00000
                  1.00000        0.00000        0.00000        0.00000        0.00000        0.00000        0.00000        0.00000        0.00000        0.00000        0.00000        0.00000        0.00000        0.00000        0.00000        0.00000        1.00000        0.00000        0.00000        0.00000        0.00000
                  0.23000        0.00000       -0.25000        0.00000        0.00000       -0.00500        0.00000        0.00000        0.00000        0.00000        0.22500       -0.22500        0.00000        0.00000        0.00000        0.00000        0.00000        0.01500        0.00000        0.00000        0.00000
                  0.23800        0.00000        0.00000        0.00000        0.00000       -0.12800        0.00000        0.00000        0.00000        0.00000       -0.01500       -0.23500        0.12500        0.00000        0.00000        0.00000        0.00000        0.13400        0.00000        0.00000        0.00000
                  0.13000        0.00000       -0.25000        0.00000        0.00000        0.00000        0.00000        0.00000        0.00000        0.00000        0.15000        0.00000       -0.24000        0.00000        0.00000        0.00000        0.00000        0.04000        0.00000        0.00000        0.00000
                 -0.11000        0.00000       -0.25000        0.00000        0.00000        0.00000       -0.26000        0.12000        0.00000        0.00000        0.15000        0.00000        0.00000        0.00000        0.00000        0.00000        0.00000        0.16000        0.00000        0.00000        0.00000
                  0.15000        0.00000       -0.25000        0.00000        0.26000        0.00000        0.00000       -0.27000        0.00000        0.00000        0.15000        0.00000        0.00000        0.00000        0.00000        0.00000        0.00000        0.03000        0.00000        0.00000        0.00000
                  0.02500        0.00000       -0.25000        0.00000        0.00000        0.03750        0.00000        0.00000        0.00000        0.00000        0.12500        0.00000       -0.06250        0.00000        0.00000        0.00000        0.00000        0.01250        0.00000        0.00000        0.00000
                 -0.03360        0.00000        0.00000        0.00000        0.28940       -0.29000       -0.36830        0.00000        0.00000        0.00000       -0.02900        0.00000        0.07360        0.00000        0.00000        0.00000        0.00000        0.59110        0.00000        0.00000        0.00000
                  0.09330        0.00000        0.00000        0.00000        0.16670       -0.34330        0.00000        0.00000       -0.10000        0.10000       -0.05000        0.00000        0.00000        0.00000        0.00000        0.00000        0.00000        0.53000        0.00000        0.00000        0.00000
  Equilibrium constants:

              6.51028E+07
              7.90679E+02
              4.93060E+02
              1.00000E-14
              4.69029E-11
              2.23872E+06
              5.59758E-10

  Global component matrix:

                  1.00000        0.00000        0.00000        0.00000        0.00000        0.00000        0.00000        0.00000        0.00000        0.00000       -1.00000        0.00000       -1.00000       -1.00000       -2.00000        0.00000       -1.00000
                  0.00000        1.00000        0.00000        0.00000        0.00000        0.00000        0.00000        0.00000        0.00000        0.00000        0.00000        0.00000        0.00000        0.00000        0.00000        0.00000        0.00000
                  0.00000        0.00000        1.00000        0.00000        0.00000        0.00000        0.00000        0.00000        0.00000        0.00000        0.00000        0.00000        0.00000        0.00000        0.00000        0.00000        0.00000
                  0.00000        0.00000        0.00000        1.00000        0.00000        0.00000        0.00000        0.00000        0.00000        0.00000        0.00000        0.00000        0.00000        0.00000        0.00000        0.00000        0.00000
                  0.00000        0.00000        0.00000        0.00000        1.00000        0.00000        0.00000        0.00000        0.00000        0.00000        0.00000        0.00000        0.00000        0.00000        0.00000        0.00000        0.00000
                  0.00000        0.00000        0.00000        0.00000        0.00000        1.00000        0.00000        0.00000        0.00000        0.00000        0.00000        0.00000        0.00000        0.00000        0.00000        0.00000        0.00000
                  0.00000        0.00000        0.00000        0.00000        0.00000        0.00000        1.00000        0.00000        0.00000        0.00000        0.00000        0.00000        0.00000        0.00000        0.00000        0.00000        0.00000
                  0.00000        0.00000        0.00000        0.00000        0.00000        0.00000        0.00000        1.00000        0.00000        0.00000        0.00000        0.00000        0.00000        0.00000        0.00000        0.00000        0.00000
                  0.00000        0.00000        0.00000        0.00000        0.00000        0.00000        0.00000        0.00000        1.00000        0.00000        0.00000        0.00000        0.00000        0.00000        0.00000        0.00000        0.00000
                  0.00000        0.00000        0.00000        0.00000        0.00000        0.00000        0.00000        0.00000        0.00000        1.00000        0.00000        0.00000        0.00000        0.00000        0.00000        0.00000        0.00000

  Concentration of recharge waters (in molalities): (rows -> aqueous species in the same order as before, columns -> targets)




















  Activities of recharge waters:




















  Concentration of boundary waters (in molalities): (rows -> aqueous species in the same order as before, columns -> targets)

              5.55556E+01
              1.00000E-08
              1.00000E-03
              2.00000E-03
              1.00000E-16
              5.00000E-04
              1.50000E-04
              1.00000E-09
              1.00000E-08
              1.00000E-02
              1.00000E-09
              5.37611E-04
              2.52947E-04
              1.00000E-03
              1.00000E-06
              2.52155E-06
              1.20356E-05
              5.59758E-02

  Activities of boundary waters:

              1.00000E+00
              1.00000E-08
              1.00000E-03
              2.00000E-03
              1.00000E-16
              5.00000E-04
              1.50000E-04
              1.00000E-09
              1.00000E-08
              1.00000E-02
              1.00000E-09
              5.37611E-04
              2.52947E-04
              1.00000E-03
              1.00000E-06
              2.52155E-06
              1.20356E-05
              5.59758E-02

  Initial concentration of aqueous species in the domain:

              5.55556E+01    5.55556E+01    5.55556E+01    5.55556E+01    5.55556E+01    5.55556E+01    5.55556E+01    5.55556E+01    5.55556E+01    5.55556E+01    5.55556E+01
              1.00000E-07    1.00000E-07    1.00000E-07    1.00000E-07    1.00000E-07    1.00000E-07    1.00000E-07    1.00000E-07    1.00000E-07    1.00000E-07    1.00000E-07
              1.00000E-16    1.00000E-16    1.00000E-16    1.00000E-16    1.00000E-16    1.00000E-16    1.00000E-16    1.00000E-16    1.00000E-16    1.00000E-16    1.00000E-16
              1.00000E-05    1.00000E-05    1.00000E-05    1.00000E-05    1.00000E-05    1.00000E-05    1.00000E-05    1.00000E-05    1.00000E-05    1.00000E-05    1.00000E-05
              1.00000E-16    1.00000E-16    1.00000E-16    1.00000E-16    1.00000E-16    1.00000E-16    1.00000E-16    1.00000E-16    1.00000E-16    1.00000E-16    1.00000E-16
              5.00000E-04    5.00000E-04    5.00000E-04    5.00000E-04    5.00000E-04    5.00000E-04    5.00000E-04    5.00000E-04    5.00000E-04    5.00000E-04    5.00000E-04
              1.50000E-04    1.50000E-04    1.50000E-04    1.50000E-04    1.50000E-04    1.50000E-04    1.50000E-04    1.50000E-04    1.50000E-04    1.50000E-04    1.50000E-04
              1.00000E-09    1.00000E-09    1.00000E-09    1.00000E-09    1.00000E-09    1.00000E-09    1.00000E-09    1.00000E-09    1.00000E-09    1.00000E-09    1.00000E-09
              1.00000E-08    1.00000E-08    1.00000E-08    1.00000E-08    1.00000E-08    1.00000E-08    1.00000E-08    1.00000E-08    1.00000E-08    1.00000E-08    1.00000E-08
              1.00000E-02    1.00000E-02    1.00000E-02    1.00000E-02    1.00000E-02    1.00000E-02    1.00000E-02    1.00000E-02    1.00000E-02    1.00000E-02    1.00000E-02
              1.00000E-09    1.00000E-09    1.00000E-09    1.00000E-09    1.00000E-09    1.00000E-09    1.00000E-09    1.00000E-09    1.00000E-09    1.00000E-09    1.00000E-09
              1.00000E-03    1.00000E-03    1.00000E-03    1.00000E-03    1.00000E-03    1.00000E-03    1.00000E-03    1.00000E-03    1.00000E-03    1.00000E-03    1.00000E-03
              1.00000E-06    1.00000E-06    1.00000E-06    1.00000E-06    1.00000E-06    1.00000E-06    1.00000E-06    1.00000E-06    1.00000E-06    1.00000E-06    1.00000E-06
              1.00000E-05    1.00000E-05    1.00000E-05    1.00000E-05    1.00000E-05    1.00000E-05    1.00000E-05    1.00000E-05    1.00000E-05    1.00000E-05    1.00000E-05
              1.00000E-07    1.00000E-07    1.00000E-07    1.00000E-07    1.00000E-07    1.00000E-07    1.00000E-07    1.00000E-07    1.00000E-07    1.00000E-07    1.00000E-07
              4.69029E-07    4.69029E-07    4.69029E-07    4.69029E-07    4.69029E-07    4.69029E-07    4.69029E-07    4.69029E-07    4.69029E-07    4.69029E-07    4.69029E-07
              2.23872E-04    2.23872E-04    2.23872E-04    2.23872E-04    2.23872E-04    2.23872E-04    2.23872E-04    2.23872E-04    2.23872E-04    2.23872E-04    2.23872E-04
              5.59758E-03    5.59758E-03    5.59758E-03    5.59758E-03    5.59758E-03    5.59758E-03    5.59758E-03    5.59758E-03    5.59758E-03    5.59758E-03    5.59758E-03

  Initial activities aqueous species domain:

              1.00000E+00    1.00000E+00    1.00000E+00    1.00000E+00    1.00000E+00    1.00000E+00    1.00000E+00    1.00000E+00    1.00000E+00    1.00000E+00    1.00000E+00
              1.00000E-07    1.00000E-07    1.00000E-07    1.00000E-07    1.00000E-07    1.00000E-07    1.00000E-07    1.00000E-07    1.00000E-07    1.00000E-07    1.00000E-07
              1.00000E-16    1.00000E-16    1.00000E-16    1.00000E-16    1.00000E-16    1.00000E-16    1.00000E-16    1.00000E-16    1.00000E-16    1.00000E-16    1.00000E-16
              1.00000E-05    1.00000E-05    1.00000E-05    1.00000E-05    1.00000E-05    1.00000E-05    1.00000E-05    1.00000E-05    1.00000E-05    1.00000E-05    1.00000E-05
              1.00000E-16    1.00000E-16    1.00000E-16    1.00000E-16    1.00000E-16    1.00000E-16    1.00000E-16    1.00000E-16    1.00000E-16    1.00000E-16    1.00000E-16
              5.00000E-04    5.00000E-04    5.00000E-04    5.00000E-04    5.00000E-04    5.00000E-04    5.00000E-04    5.00000E-04    5.00000E-04    5.00000E-04    5.00000E-04
              1.50000E-04    1.50000E-04    1.50000E-04    1.50000E-04    1.50000E-04    1.50000E-04    1.50000E-04    1.50000E-04    1.50000E-04    1.50000E-04    1.50000E-04
              1.00000E-09    1.00000E-09    1.00000E-09    1.00000E-09    1.00000E-09    1.00000E-09    1.00000E-09    1.00000E-09    1.00000E-09    1.00000E-09    1.00000E-09
              1.00000E-08    1.00000E-08    1.00000E-08    1.00000E-08    1.00000E-08    1.00000E-08    1.00000E-08    1.00000E-08    1.00000E-08    1.00000E-08    1.00000E-08
              1.00000E-02    1.00000E-02    1.00000E-02    1.00000E-02    1.00000E-02    1.00000E-02    1.00000E-02    1.00000E-02    1.00000E-02    1.00000E-02    1.00000E-02
              1.00000E-09    1.00000E-09    1.00000E-09    1.00000E-09    1.00000E-09    1.00000E-09    1.00000E-09    1.00000E-09    1.00000E-09    1.00000E-09    1.00000E-09
              1.00000E-03    1.00000E-03    1.00000E-03    1.00000E-03    1.00000E-03    1.00000E-03    1.00000E-03    1.00000E-03    1.00000E-03    1.00000E-03    1.00000E-03
              1.00000E-06    1.00000E-06    1.00000E-06    1.00000E-06    1.00000E-06    1.00000E-06    1.00000E-06    1.00000E-06    1.00000E-06    1.00000E-06    1.00000E-06
              1.00000E-05    1.00000E-05    1.00000E-05    1.00000E-05    1.00000E-05    1.00000E-05    1.00000E-05    1.00000E-05    1.00000E-05    1.00000E-05    1.00000E-05
              0.00000E+00    0.00000E+00    0.00000E+00    0.00000E+00    0.00000E+00    0.00000E+00    0.00000E+00    0.00000E+00    0.00000E+00    0.00000E+00    0.00000E+00
              0.00000E+00    0.00000E+00    0.00000E+00    0.00000E+00    0.00000E+00    0.00000E+00    0.00000E+00    0.00000E+00    0.00000E+00    0.00000E+00    0.00000E+00
              0.00000E+00    0.00000E+00    0.00000E+00    0.00000E+00    0.00000E+00    0.00000E+00    0.00000E+00    0.00000E+00    0.00000E+00    0.00000E+00    0.00000E+00
              0.00000E+00    0.00000E+00    0.00000E+00    0.00000E+00    0.00000E+00    0.00000E+00    0.00000E+00    0.00000E+00    0.00000E+00    0.00000E+00    0.00000E+00

  Final concentration of aqueous species in the domain:

              5.55556E+01    5.55556E+01    5.55556E+01    5.55556E+01    5.55556E+01    5.55556E+01    5.55556E+01    5.55556E+01    5.55556E+01    5.55556E+01    5.55556E+01
              1.14866E-08    2.01735E-08    4.03864E-08    6.92674E-08    8.97241E-08    9.74427E-08    9.94690E-08    9.99152E-08    1.00004E-07    1.00021E-07    1.00024E-07
              8.56887E-04    4.41769E-04    1.66137E-04    5.04649E-05    1.31331E-05    3.03840E-06    6.40598E-07    1.25252E-07    2.30050E-08    4.00794E-09    6.67089E-10
              1.70824E-03    8.77557E-04    3.34138E-04    1.08211E-04    3.55478E-05    1.58903E-05    1.12154E-05    1.02097E-05    1.00100E-05    9.97289E-06    9.96636E-06
              1.00000E-16    1.00000E-16    1.00000E-16    1.00000E-16    1.00000E-16    1.00000E-16    1.00000E-16    1.00000E-16    1.00000E-16    1.00000E-16    1.00000E-16
              5.00093E-04    5.00356E-04    5.00756E-04    5.01123E-04    5.01321E-04    5.01394E-04    5.01414E-04    5.01419E-04    5.01421E-04    5.01421E-04    5.01421E-04
              1.48551E-04    1.46464E-04    1.45920E-04    1.46156E-04    1.46527E-04    1.46721E-04    1.46786E-04    1.46803E-04    1.46807E-04    1.46808E-04    1.46808E-04
              9.99140E-10    9.97549E-10    9.97391E-10    9.98188E-10    9.98882E-10    9.99190E-10    9.99289E-10    9.99314E-10    9.99320E-10    9.99321E-10    9.99322E-10
              1.00004E-08    1.00010E-08    1.00009E-08    1.00004E-08    9.99996E-09    9.99979E-09    9.99973E-09    9.99972E-09    9.99971E-09    9.99971E-09    9.99971E-09
              9.99994E-03    9.99979E-03    9.99955E-03    9.99933E-03    9.99921E-03    9.99916E-03    9.99915E-03    9.99915E-03    9.99915E-03    9.99915E-03    9.99915E-03
              5.67309E-08    2.14438E-07    4.54734E-07    6.74526E-07    7.93491E-07    8.37018E-07    8.49458E-07    8.52486E-07    8.53145E-07    8.53277E-07    8.53301E-07
              6.35397E-04    8.94668E-04    1.02408E-03    1.03124E-03    1.01178E-03    1.00274E-03    1.00028E-03    9.99739E-04    9.99631E-04    9.99611E-04    9.99607E-04
              2.08982E-04    9.78614E-05    3.30094E-05    9.11501E-06    2.45552E-06    8.91756E-07    5.63426E-07    5.00101E-07    4.88709E-07    4.86777E-07    4.86465E-07
              8.58958E-04    4.49114E-04    1.76410E-04    6.12799E-05    2.36893E-05    1.33937E-05    1.09223E-05    1.03868E-05    1.02798E-05    1.02599E-05    1.02563E-05
              8.70577E-07    4.95699E-07    2.47608E-07    1.44368E-07    1.11453E-07    1.02624E-07    1.00534E-07    1.00085E-07    9.99959E-08    9.99793E-08    9.99764E-08
              2.59449E-06    2.08008E-06    1.18932E-06    6.98285E-07    5.28906E-07    4.82658E-07    4.71667E-07    4.69305E-07    4.68837E-07    4.68750E-07    4.68735E-07
              1.63395E-05    4.04058E-05    9.25907E-05    1.59915E-04    2.03234E-04    2.18745E-04    2.22747E-04    2.23624E-04    2.23799E-04    2.23831E-04    2.23837E-04
              4.87312E-02    2.77471E-02    1.38601E-02    8.08111E-03    6.23866E-03    5.74448E-03    5.62746E-03    5.60233E-03    5.59735E-03    5.59642E-03    5.59626E-03

  Final activities aqueous species domain:

              9.98854E-01    9.99258E-01    9.99526E-01    9.99637E-01    9.99673E-01    9.99682E-01    9.99685E-01    9.99685E-01    9.99685E-01    9.99685E-01    9.99685E-01
              1.14866E-08    2.01735E-08    4.03864E-08    6.92674E-08    8.97241E-08    9.74427E-08    9.94690E-08    9.99152E-08    1.00004E-07    1.00021E-07    1.00024E-07
              8.56887E-04    4.41769E-04    1.66137E-04    5.04649E-05    1.31331E-05    3.03840E-06    6.40598E-07    1.25252E-07    2.30050E-08    4.00794E-09    6.67089E-10
              1.70824E-03    8.77557E-04    3.34138E-04    1.08211E-04    3.55478E-05    1.58903E-05    1.12154E-05    1.02097E-05    1.00100E-05    9.97289E-06    9.96636E-06
              1.00000E-16    1.00000E-16    1.00000E-16    1.00000E-16    1.00000E-16    1.00000E-16    1.00000E-16    1.00000E-16    1.00000E-16    1.00000E-16    1.00000E-16
              5.00093E-04    5.00356E-04    5.00756E-04    5.01123E-04    5.01321E-04    5.01394E-04    5.01414E-04    5.01419E-04    5.01421E-04    5.01421E-04    5.01421E-04
              1.48551E-04    1.46464E-04    1.45920E-04    1.46156E-04    1.46527E-04    1.46721E-04    1.46786E-04    1.46803E-04    1.46807E-04    1.46808E-04    1.46808E-04
              9.99140E-10    9.97549E-10    9.97391E-10    9.98188E-10    9.98882E-10    9.99190E-10    9.99289E-10    9.99314E-10    9.99320E-10    9.99321E-10    9.99322E-10
              1.00004E-08    1.00010E-08    1.00009E-08    1.00004E-08    9.99996E-09    9.99979E-09    9.99973E-09    9.99972E-09    9.99971E-09    9.99971E-09    9.99971E-09
              9.99994E-03    9.99979E-03    9.99955E-03    9.99933E-03    9.99921E-03    9.99916E-03    9.99915E-03    9.99915E-03    9.99915E-03    9.99915E-03    9.99915E-03
              5.67309E-08    2.14438E-07    4.54734E-07    6.74526E-07    7.93491E-07    8.37018E-07    8.49458E-07    8.52486E-07    8.53145E-07    8.53277E-07    8.53301E-07
              6.35397E-04    8.94668E-04    1.02408E-03    1.03124E-03    1.01178E-03    1.00274E-03    1.00028E-03    9.99739E-04    9.99631E-04    9.99611E-04    9.99607E-04
              2.08982E-04    9.78614E-05    3.30094E-05    9.11501E-06    2.45552E-06    8.91756E-07    5.63426E-07    5.00101E-07    4.88709E-07    4.86777E-07    4.86465E-07
              8.58958E-04    4.49114E-04    1.76410E-04    6.12799E-05    2.36893E-05    1.33937E-05    1.09223E-05    1.03868E-05    1.02798E-05    1.02599E-05    1.02563E-05
              8.70577E-07    4.95699E-07    2.47608E-07    1.44368E-07    1.11453E-07    1.02624E-07    1.00534E-07    1.00085E-07    9.99959E-08    9.99793E-08    9.99764E-08
              2.59449E-06    2.08008E-06    1.18932E-06    6.98285E-07    5.28906E-07    4.82658E-07    4.71667E-07    4.69305E-07    4.68837E-07    4.68750E-07    4.68735E-07
              1.63395E-05    4.04058E-05    9.25907E-05    1.59915E-04    2.03234E-04    2.18745E-04    2.22747E-04    2.23624E-04    2.23799E-04    2.23831E-04    2.23837E-04
              4.87312E-02    2.77471E-02    1.38601E-02    8.08111E-03    6.23866E-03    5.74448E-03    5.62746E-03    5.60233E-03    5.59735E-03    5.59642E-03    5.59626E-03

  Initial salinity domain:

              0.00000E+00    0.00000E+00    0.00000E+00    0.00000E+00    0.00000E+00    0.00000E+00    0.00000E+00    0.00000E+00    0.00000E+00    0.00000E+00    0.00000E+00

  Final salinity domain:

              1.08925E-03    1.06186E-03    1.04160E-03    1.03040E-03    1.02550E-03    1.02395E-03    1.02357E-03    1.02348E-03    1.02347E-03    1.02346E-03    1.02346E-03

  Initial pH domain:

              0.00000E+00    0.00000E+00    0.00000E+00    0.00000E+00    0.00000E+00    0.00000E+00    0.00000E+00    0.00000E+00    0.00000E+00    0.00000E+00    0.00000E+00

  Final pH domain:

              0.00000E+00    0.00000E+00    0.00000E+00    0.00000E+00    0.00000E+00    0.00000E+00    0.00000E+00    0.00000E+00    0.00000E+00    0.00000E+00    0.00000E+00

  Aqueous mean equilibrium reaction amounts:

             -5.77859E-11   -7.99257E-11   -1.23602E-10   -9.87971E-11   -3.20245E-11   -7.24156E-12   -2.82651E-12   -2.24047E-12   -2.16879E-12   -2.15983E-12   -2.15865E-12
              5.98207E-08    5.79098E-08    2.58663E-08    5.07853E-09    5.79998E-10    2.96909E-11   -2.32773E-11   -2.78922E-11   -2.82552E-11   -2.82780E-11   -2.82784E-11
             -9.32120E-07   -1.88258E-06   -5.34088E-06   -4.81460E-06   -1.49615E-06   -2.45204E-07   -3.21600E-08   -6.68454E-09   -4.10261E-09   -3.86175E-09   -3.84039E-09
             -3.23461E-06   -4.47390E-06   -6.91874E-06   -5.53024E-06   -1.79259E-06   -4.05352E-07   -1.58216E-07   -1.25412E-07   -1.21399E-07   -1.20898E-07   -1.20832E-07

  Initial aqueous kinetic reaction rates:

              1.62196E-05    1.62196E-05    1.62196E-05    1.62196E-05    1.62196E-05    1.62196E-05    1.62196E-05    1.62196E-05    1.62196E-05    1.62196E-05    1.62196E-05
              2.94873E-04    2.94873E-04    2.94873E-04    2.94873E-04    2.94873E-04    2.94873E-04    2.94873E-04    2.94873E-04    2.94873E-04    2.94873E-04    2.94873E-04
              1.24795E-06    1.24795E-06    1.24795E-06    1.24795E-06    1.24795E-06    1.24795E-06    1.24795E-06    1.24795E-06    1.24795E-06    1.24795E-06    1.24795E-06
              1.12506E-10    1.12506E-10    1.12506E-10    1.12506E-10    1.12506E-10    1.12506E-10    1.12506E-10    1.12506E-10    1.12506E-10    1.12506E-10    1.12506E-10
              1.54579E-10    1.54579E-10    1.54579E-10    1.54579E-10    1.54579E-10    1.54579E-10    1.54579E-10    1.54579E-10    1.54579E-10    1.54579E-10    1.54579E-10
              1.23435E-06    1.23435E-06    1.23435E-06    1.23435E-06    1.23435E-06    1.23435E-06    1.23435E-06    1.23435E-06    1.23435E-06    1.23435E-06    1.23435E-06
              1.03940E-10    1.03940E-10    1.03940E-10    1.03940E-10    1.03940E-10    1.03940E-10    1.03940E-10    1.03940E-10    1.03940E-10    1.03940E-10    1.03940E-10
              8.51706E-04    8.51706E-04    8.51706E-04    8.51706E-04    8.51706E-04    8.51706E-04    8.51706E-04    8.51706E-04    8.51706E-04    8.51706E-04    8.51706E-04

  Aqueous kinetic reaction rates:

              1.08472E-02    7.64157E-03    3.46381E-03    8.39047E-04    1.21949E-04    2.30775E-05    1.06600E-05    8.67399E-06    8.32131E-06    8.25950E-06    8.24911E-06
              3.08345E-03    2.91473E-03    2.46190E-03    1.53061E-03    6.33447E-04    2.63215E-04    1.71503E-04    1.53153E-04    1.49828E-04    1.49264E-04    1.49173E-04
              8.12604E-04    6.03441E-04    2.61837E-04    5.85613E-05    9.75619E-06    2.65442E-06    1.55303E-06    1.34885E-06    1.30965E-06    1.30239E-06    1.30112E-06
              9.74548E-10    1.29812E-09    1.37218E-09    8.67431E-10    3.71727E-10    1.78626E-10    1.28116E-10    1.17002E-10    1.14781E-10    1.14368E-10    1.14295E-10
              1.72977E-11    3.29350E-11    6.96791E-11    1.18272E-10    1.46800E-10    1.55616E-10    1.57604E-10    1.57994E-10    1.58064E-10    1.58076E-10    1.58078E-10
              3.28740E-07    6.20839E-07    1.28013E-06    2.00509E-06    2.01983E-06    1.58855E-06    1.34612E-06    1.27935E-06    1.26529E-06    1.26263E-06    1.26217E-06
              1.15125E-11    2.15820E-11    4.54590E-11    7.72931E-11    9.62028E-11    1.02128E-10    1.03483E-10    1.03752E-10    1.03802E-10    1.03810E-10    1.03811E-10
              9.44167E-05    1.77281E-04    3.73472E-04    6.34500E-04    7.89180E-04    8.37528E-04    8.48557E-04    8.50742E-04    8.51141E-04    8.51209E-04    8.51220E-04

  Aqueous mean kinetic reaction amounts:

              1.08472E-05    7.64157E-06    3.46381E-06    8.39047E-07    1.21949E-07    2.30775E-08    1.06600E-08    8.67399E-09    8.32131E-09    8.25950E-09    8.24911E-09
              3.08345E-06    2.91473E-06    2.46190E-06    1.53061E-06    6.33447E-07    2.63215E-07    1.71503E-07    1.53153E-07    1.49828E-07    1.49264E-07    1.49173E-07
              8.12604E-07    6.03441E-07    2.61837E-07    5.85613E-08    9.75619E-09    2.65442E-09    1.55303E-09    1.34885E-09    1.30965E-09    1.30239E-09    1.30112E-09
              9.74548E-13    1.29812E-12    1.37218E-12    8.67431E-13    3.71727E-13    1.78626E-13    1.28116E-13    1.17002E-13    1.14781E-13    1.14368E-13    1.14295E-13
              1.72977E-14    3.29350E-14    6.96791E-14    1.18272E-13    1.46800E-13    1.55616E-13    1.57604E-13    1.57994E-13    1.58064E-13    1.58076E-13    1.58078E-13
              3.28740E-10    6.20839E-10    1.28013E-09    2.00509E-09    2.01983E-09    1.58855E-09    1.34612E-09    1.27935E-09    1.26529E-09    1.26263E-09    1.26217E-09
              1.15125E-14    2.15820E-14    4.54590E-14    7.72931E-14    9.62028E-14    1.02128E-13    1.03483E-13    1.03752E-13    1.03802E-13    1.03810E-13    1.03811E-13
              9.44167E-08    1.77281E-07    3.73472E-07    6.34500E-07    7.89180E-07    8.37528E-07    8.48557E-07    8.50742E-07    8.51141E-07    8.51209E-07    8.51220E-07

  Aqueous estimated kinetic reaction amounts:

              0.00000E+00    0.00000E+00    0.00000E+00    0.00000E+00    0.00000E+00    0.00000E+00    0.00000E+00    0.00000E+00    0.00000E+00    0.00000E+00    0.00000E+00
              0.00000E+00    0.00000E+00    0.00000E+00    0.00000E+00    0.00000E+00    0.00000E+00    0.00000E+00    0.00000E+00    0.00000E+00    0.00000E+00    0.00000E+00
              0.00000E+00    0.00000E+00    0.00000E+00    0.00000E+00    0.00000E+00    0.00000E+00    0.00000E+00    0.00000E+00    0.00000E+00    0.00000E+00    0.00000E+00
              0.00000E+00    0.00000E+00    0.00000E+00    0.00000E+00    0.00000E+00    0.00000E+00    0.00000E+00    0.00000E+00    0.00000E+00    0.00000E+00    0.00000E+00
              0.00000E+00    0.00000E+00    0.00000E+00    0.00000E+00    0.00000E+00    0.00000E+00    0.00000E+00    0.00000E+00    0.00000E+00    0.00000E+00    0.00000E+00
              0.00000E+00    0.00000E+00    0.00000E+00    0.00000E+00    0.00000E+00    0.00000E+00    0.00000E+00    0.00000E+00    0.00000E+00    0.00000E+00    0.00000E+00
              0.00000E+00    0.00000E+00    0.00000E+00    0.00000E+00    0.00000E+00    0.00000E+00    0.00000E+00    0.00000E+00    0.00000E+00    0.00000E+00    0.00000E+00
              0.00000E+00    0.00000E+00    0.00000E+00    0.00000E+00    0.00000E+00    0.00000E+00    0.00000E+00    0.00000E+00    0.00000E+00    0.00000E+00    0.00000E+00

  Mineral zone    1:

          Minerals in equilibrium:

          Kinetic minerals:


          Mineral mean kinetic reaction amounts:


          Mineral estimated kinetic reaction amounts:


          Absolute error kinetic reaction amounts:


  Reactive zone    2:

          Non-flowing species:

          Number of equilibrium reactions:         4

          Se:

                  1.00000        0.00000        0.00000        0.00000        0.00000        0.00000        0.00000        0.00000        0.00000        0.00000        0.00000        0.00000        0.00000        1.00000        0.00000        0.00000        0.00000        0.00000
                  1.00000        0.00000        0.00000        0.00000        0.00000        0.00000        0.00000        0.00000        0.00000        0.00000       -1.00000        0.00000        0.00000        0.00000        1.00000        0.00000        0.00000        0.00000
                 -1.00000        0.00000        0.00000        0.00000        0.00000        0.00000        0.00000        0.00000        0.00000        0.00000       -1.00000        0.00000        0.00000        0.00000        0.00000        1.00000        0.00000        0.00000
                  1.00000        0.00000        0.00000        0.00000        0.00000        0.00000        0.00000        0.00000        0.00000        0.00000        0.00000        0.00000        0.00000        0.00000        0.00000        0.00000        1.00000        0.00000
          Sk:

                  0.23000        0.00000       -0.25000        0.00000        0.00000       -0.00500        0.00000        0.00000        0.00000        0.00000        0.22500       -0.22500        0.00000        0.00000        0.00000        0.00000        0.00000        0.01500        0.00000        0.00000        0.00000
                  0.23800        0.00000        0.00000        0.00000        0.00000       -0.12800        0.00000        0.00000        0.00000        0.00000       -0.01500       -0.23500        0.12500        0.00000        0.00000        0.00000        0.00000        0.13400        0.00000        0.00000        0.00000
                  0.13000        0.00000       -0.25000        0.00000        0.00000        0.00000        0.00000        0.00000        0.00000        0.00000        0.15000        0.00000       -0.24000        0.00000        0.00000        0.00000        0.00000        0.04000        0.00000        0.00000        0.00000
                 -0.11000        0.00000       -0.25000        0.00000        0.00000        0.00000       -0.26000        0.12000        0.00000        0.00000        0.15000        0.00000        0.00000        0.00000        0.00000        0.00000        0.00000        0.16000        0.00000        0.00000        0.00000
                  0.15000        0.00000       -0.25000        0.00000        0.26000        0.00000        0.00000       -0.27000        0.00000        0.00000        0.15000        0.00000        0.00000        0.00000        0.00000        0.00000        0.00000        0.03000        0.00000        0.00000        0.00000
                  0.02500        0.00000       -0.25000        0.00000        0.00000        0.03750        0.00000        0.00000        0.00000        0.00000        0.12500        0.00000       -0.06250        0.00000        0.00000        0.00000        0.00000        0.01250        0.00000        0.00000        0.00000
                 -0.03360        0.00000        0.00000        0.00000        0.28940       -0.29000       -0.36830        0.00000        0.00000        0.00000       -0.02900        0.00000        0.07360        0.00000        0.00000        0.00000        0.00000        0.59110        0.00000        0.00000        0.00000
                  0.09330        0.00000        0.00000        0.00000        0.16670       -0.34330        0.00000        0.00000       -0.10000        0.10000       -0.05000        0.00000        0.00000        0.00000        0.00000        0.00000        0.00000        0.53000        0.00000        0.00000        0.00000
          U*Sk^T:

                  0.23000        0.23800        0.13000       -0.11000        0.15000        0.02500       -0.03360        0.09330
                  0.00000        0.00000        0.00000        0.00000        0.00000        0.00000        0.00000        0.00000
                 -0.25000        0.00000       -0.25000       -0.25000       -0.25000       -0.25000        0.00000        0.00000
                  0.00000        0.00000        0.00000        0.00000        0.00000        0.00000        0.00000        0.00000
                  0.00000        0.00000        0.00000        0.00000        0.26000        0.00000        0.28940        0.16670
                 -0.00500       -0.12800        0.00000        0.00000        0.00000        0.03750       -0.29000       -0.34330
                  0.00000        0.00000        0.00000       -0.26000        0.00000        0.00000       -0.36830        0.00000
                  0.00000        0.00000        0.00000        0.12000       -0.27000        0.00000        0.00000        0.00000
                  0.00000        0.00000        0.00000        0.00000        0.00000        0.00000        0.00000       -0.10000
                  0.00000        0.00000        0.00000        0.00000        0.00000        0.00000        0.00000        0.10000
                  0.22500       -0.01500        0.15000        0.15000        0.15000        0.12500       -0.02900       -0.05000
                 -0.22500       -0.23500        0.00000        0.00000        0.00000        0.00000        0.00000        0.00000
                  0.00000        0.12500       -0.24000        0.00000        0.00000       -0.06250        0.07360        0.00000

          Equilibrium constants:

              1.00000E-14
              4.69029E-11
              2.23872E+06
              5.59758E-10

          Primary species:


          Component matrix:

                  1.00000        0.00000        0.00000        0.00000        0.00000        0.00000        0.00000        0.00000        0.00000        0.00000        0.00000        0.00000        0.00000       -1.00000       -1.00000        1.00000       -1.00000
                  0.00000        1.00000        0.00000        0.00000        0.00000        0.00000        0.00000        0.00000        0.00000        0.00000        0.00000        0.00000        0.00000        0.00000        0.00000        0.00000        0.00000
                  0.00000        0.00000        1.00000        0.00000        0.00000        0.00000        0.00000        0.00000        0.00000        0.00000        0.00000        0.00000        0.00000        0.00000        0.00000        0.00000        0.00000
                  0.00000        0.00000        0.00000        1.00000        0.00000        0.00000        0.00000        0.00000        0.00000        0.00000        0.00000        0.00000        0.00000        0.00000        0.00000        0.00000        0.00000
                  0.00000        0.00000        0.00000        0.00000        1.00000        0.00000        0.00000        0.00000        0.00000        0.00000        0.00000        0.00000        0.00000        0.00000        0.00000        0.00000        0.00000
                  0.00000        0.00000        0.00000        0.00000        0.00000        1.00000        0.00000        0.00000        0.00000        0.00000        0.00000        0.00000        0.00000        0.00000        0.00000        0.00000        0.00000
                  0.00000        0.00000        0.00000        0.00000        0.00000        0.00000        1.00000        0.00000        0.00000        0.00000        0.00000        0.00000        0.00000        0.00000        0.00000        0.00000        0.00000
                  0.00000        0.00000        0.00000        0.00000        0.00000        0.00000        0.00000        1.00000        0.00000        0.00000        0.00000        0.00000        0.00000        0.00000        0.00000        0.00000        0.00000
                  0.00000        0.00000        0.00000        0.00000        0.00000        0.00000        0.00000        0.00000        1.00000        0.00000        0.00000        0.00000        0.00000        0.00000        0.00000        0.00000        0.00000
                  0.00000        0.00000        0.00000        0.00000        0.00000        0.00000        0.00000        0.00000        0.00000        1.00000        0.00000        0.00000        0.00000        0.00000        0.00000        0.00000        0.00000
                  0.00000        0.00000        0.00000        0.00000        0.00000        0.00000        0.00000        0.00000        0.00000        0.00000        1.00000        0.00000        0.00000        0.00000        1.00000        1.00000        0.00000
                  0.00000        0.00000        0.00000        0.00000        0.00000        0.00000        0.00000        0.00000        0.00000        0.00000        0.00000        1.00000        0.00000        0.00000        0.00000        0.00000        0.00000
                  0.00000        0.00000        0.00000        0.00000        0.00000        0.00000        0.00000        0.00000        0.00000        0.00000        0.00000        0.00000        1.00000        0.00000        0.00000        0.00000        0.00000

          Initial concentration of components:

             -5.37417E-03   -5.37417E-03   -5.37417E-03   -5.37417E-03   -5.37417E-03   -5.37417E-03   -5.37417E-03   -5.37417E-03   -5.37417E-03   -5.37417E-03   -5.37417E-03
              1.00000E-16    1.00000E-16    1.00000E-16    1.00000E-16    1.00000E-16    1.00000E-16    1.00000E-16    1.00000E-16    1.00000E-16    1.00000E-16    1.00000E-16
              1.00000E-05    1.00000E-05    1.00000E-05    1.00000E-05    1.00000E-05    1.00000E-05    1.00000E-05    1.00000E-05    1.00000E-05    1.00000E-05    1.00000E-05
              1.00000E-16    1.00000E-16    1.00000E-16    1.00000E-16    1.00000E-16    1.00000E-16    1.00000E-16    1.00000E-16    1.00000E-16    1.00000E-16    1.00000E-16
              5.00000E-04    5.00000E-04    5.00000E-04    5.00000E-04    5.00000E-04    5.00000E-04    5.00000E-04    5.00000E-04    5.00000E-04    5.00000E-04    5.00000E-04
              1.50000E-04    1.50000E-04    1.50000E-04    1.50000E-04    1.50000E-04    1.50000E-04    1.50000E-04    1.50000E-04    1.50000E-04    1.50000E-04    1.50000E-04
              1.00000E-09    1.00000E-09    1.00000E-09    1.00000E-09    1.00000E-09    1.00000E-09    1.00000E-09    1.00000E-09    1.00000E-09    1.00000E-09    1.00000E-09
              1.00000E-08    1.00000E-08    1.00000E-08    1.00000E-08    1.00000E-08    1.00000E-08    1.00000E-08    1.00000E-08    1.00000E-08    1.00000E-08    1.00000E-08
              1.00000E-02    1.00000E-02    1.00000E-02    1.00000E-02    1.00000E-02    1.00000E-02    1.00000E-02    1.00000E-02    1.00000E-02    1.00000E-02    1.00000E-02
              1.00000E-09    1.00000E-09    1.00000E-09    1.00000E-09    1.00000E-09    1.00000E-09    1.00000E-09    1.00000E-09    1.00000E-09    1.00000E-09    1.00000E-09
              1.22434E-03    1.22434E-03    1.22434E-03    1.22434E-03    1.22434E-03    1.22434E-03    1.22434E-03    1.22434E-03    1.22434E-03    1.22434E-03    1.22434E-03
              1.00000E-06    1.00000E-06    1.00000E-06    1.00000E-06    1.00000E-06    1.00000E-06    1.00000E-06    1.00000E-06    1.00000E-06    1.00000E-06    1.00000E-06
              1.00000E-05    1.00000E-05    1.00000E-05    1.00000E-05    1.00000E-05    1.00000E-05    1.00000E-05    1.00000E-05    1.00000E-05    1.00000E-05    1.00000E-05

          Final concentration of components:

             -4.87183E-02   -2.77093E-02   -1.37689E-02   -7.92197E-03   -6.03597E-03   -5.52622E-03   -5.40518E-03   -5.37917E-03   -5.37402E-03   -5.37306E-03   -5.37289E-03
              8.56887E-04    4.41769E-04    1.66137E-04    5.04649E-05    1.31331E-05    3.03840E-06    6.40598E-07    1.25252E-07    2.30050E-08    4.00794E-09    6.67089E-10
              1.70824E-03    8.77557E-04    3.34138E-04    1.08211E-04    3.55478E-05    1.58903E-05    1.12154E-05    1.02097E-05    1.00100E-05    9.97289E-06    9.96636E-06
              1.00000E-16    1.00000E-16    1.00000E-16    1.00000E-16    1.00000E-16    1.00000E-16    1.00000E-16    1.00000E-16    1.00000E-16    1.00000E-16    1.00000E-16
              5.00093E-04    5.00356E-04    5.00756E-04    5.01123E-04    5.01321E-04    5.01394E-04    5.01414E-04    5.01419E-04    5.01421E-04    5.01421E-04    5.01421E-04
              1.48551E-04    1.46464E-04    1.45920E-04    1.46156E-04    1.46527E-04    1.46721E-04    1.46786E-04    1.46803E-04    1.46807E-04    1.46808E-04    1.46808E-04
              9.99140E-10    9.97549E-10    9.97391E-10    9.98188E-10    9.98882E-10    9.99190E-10    9.99289E-10    9.99314E-10    9.99320E-10    9.99321E-10    9.99322E-10
              1.00004E-08    1.00010E-08    1.00009E-08    1.00004E-08    9.99996E-09    9.99979E-09    9.99973E-09    9.99972E-09    9.99971E-09    9.99971E-09    9.99971E-09
              9.99994E-03    9.99979E-03    9.99955E-03    9.99933E-03    9.99921E-03    9.99916E-03    9.99915E-03    9.99915E-03    9.99915E-03    9.99915E-03    9.99915E-03
              5.67309E-08    2.14438E-07    4.54734E-07    6.74526E-07    7.93491E-07    8.37018E-07    8.49458E-07    8.52486E-07    8.53145E-07    8.53277E-07    8.53301E-07
              6.54331E-04    9.37153E-04    1.11786E-03    1.19186E-03    1.21555E-03    1.22197E-03    1.22350E-03    1.22383E-03    1.22390E-03    1.22391E-03    1.22391E-03
              2.08982E-04    9.78614E-05    3.30094E-05    9.11501E-06    2.45552E-06    8.91756E-07    5.63426E-07    5.00101E-07    4.88709E-07    4.86777E-07    4.86465E-07
              8.58958E-04    4.49114E-04    1.76410E-04    6.12799E-05    2.36893E-05    1.33937E-05    1.09223E-05    1.03868E-05    1.02798E-05    1.02599E-05    1.02563E-05

          Final concentration of aqueous species:

              5.55556E+01    5.55556E+01    5.55556E+01    5.55556E+01    5.55556E+01    5.55556E+01    5.55556E+01    5.55556E+01    5.55556E+01    5.55556E+01    5.55556E+01
              1.14866E-08    2.01735E-08    4.03864E-08    6.92674E-08    8.97241E-08    9.74427E-08    9.94690E-08    9.99152E-08    1.00004E-07    1.00021E-07    1.00024E-07
              8.56887E-04    4.41769E-04    1.66137E-04    5.04649E-05    1.31331E-05    3.03840E-06    6.40598E-07    1.25252E-07    2.30050E-08    4.00794E-09    6.67089E-10
              1.70824E-03    8.77557E-04    3.34138E-04    1.08211E-04    3.55478E-05    1.58903E-05    1.12154E-05    1.02097E-05    1.00100E-05    9.97289E-06    9.96636E-06
              1.00000E-16    1.00000E-16    1.00000E-16    1.00000E-16    1.00000E-16    1.00000E-16    1.00000E-16    1.00000E-16    1.00000E-16    1.00000E-16    1.00000E-16
              5.00093E-04    5.00356E-04    5.00756E-04    5.01123E-04    5.01321E-04    5.01394E-04    5.01414E-04    5.01419E-04    5.01421E-04    5.01421E-04    5.01421E-04
              1.48551E-04    1.46464E-04    1.45920E-04    1.46156E-04    1.46527E-04    1.46721E-04    1.46786E-04    1.46803E-04    1.46807E-04    1.46808E-04    1.46808E-04
              9.99140E-10    9.97549E-10    9.97391E-10    9.98188E-10    9.98882E-10    9.99190E-10    9.99289E-10    9.99314E-10    9.99320E-10    9.99321E-10    9.99322E-10
              1.00004E-08    1.00010E-08    1.00009E-08    1.00004E-08    9.99996E-09    9.99979E-09    9.99973E-09    9.99972E-09    9.99971E-09    9.99971E-09    9.99971E-09
              9.99994E-03    9.99979E-03    9.99955E-03    9.99933E-03    9.99921E-03    9.99916E-03    9.99915E-03    9.99915E-03    9.99915E-03    9.99915E-03    9.99915E-03
              5.67309E-08    2.14438E-07    4.54734E-07    6.74526E-07    7.93491E-07    8.37018E-07    8.49458E-07    8.52486E-07    8.53145E-07    8.53277E-07    8.53301E-07
              6.35397E-04    8.94668E-04    1.02408E-03    1.03124E-03    1.01178E-03    1.00274E-03    1.00028E-03    9.99739E-04    9.99631E-04    9.99611E-04    9.99607E-04
              2.08982E-04    9.78614E-05    3.30094E-05    9.11501E-06    2.45552E-06    8.91756E-07    5.63426E-07    5.00101E-07    4.88709E-07    4.86777E-07    4.86465E-07
              8.58958E-04    4.49114E-04    1.76410E-04    6.12799E-05    2.36893E-05    1.33937E-05    1.09223E-05    1.03868E-05    1.02798E-05    1.02599E-05    1.02563E-05
              8.70577E-07    4.95699E-07    2.47608E-07    1.44368E-07    1.11453E-07    1.02624E-07    1.00534E-07    1.00085E-07    9.99959E-08    9.99793E-08    9.99764E-08
              2.59449E-06    2.08008E-06    1.18932E-06    6.98285E-07    5.28906E-07    4.82658E-07    4.71667E-07    4.69305E-07    4.68837E-07    4.68750E-07    4.68735E-07
              1.63395E-05    4.04058E-05    9.25907E-05    1.59915E-04    2.03234E-04    2.18745E-04    2.22747E-04    2.23624E-04    2.23799E-04    2.23831E-04    2.23837E-04
              4.87312E-02    2.77471E-02    1.38601E-02    8.08111E-03    6.23866E-03    5.74448E-03    5.62746E-03    5.60233E-03    5.59735E-03    5.59642E-03    5.59626E-03

          Final activities aqueous species:

              9.98854E-01    9.99258E-01    9.99526E-01    9.99637E-01    9.99673E-01    9.99682E-01    9.99685E-01    9.99685E-01    9.99685E-01    9.99685E-01    9.99685E-01
              1.14866E-08    2.01735E-08    4.03864E-08    6.92674E-08    8.97241E-08    9.74427E-08    9.94690E-08    9.99152E-08    1.00004E-07    1.00021E-07    1.00024E-07
              8.56887E-04    4.41769E-04    1.66137E-04    5.04649E-05    1.31331E-05    3.03840E-06    6.40598E-07    1.25252E-07    2.30050E-08    4.00794E-09    6.67089E-10
              1.70824E-03    8.77557E-04    3.34138E-04    1.08211E-04    3.55478E-05    1.58903E-05    1.12154E-05    1.02097E-05    1.00100E-05    9.97289E-06    9.96636E-06
              1.00000E-16    1.00000E-16    1.00000E-16    1.00000E-16    1.00000E-16    1.00000E-16    1.00000E-16    1.00000E-16    1.00000E-16    1.00000E-16    1.00000E-16
              5.00093E-04    5.00356E-04    5.00756E-04    5.01123E-04    5.01321E-04    5.01394E-04    5.01414E-04    5.01419E-04    5.01421E-04    5.01421E-04    5.01421E-04
              1.48551E-04    1.46464E-04    1.45920E-04    1.46156E-04    1.46527E-04    1.46721E-04    1.46786E-04    1.46803E-04    1.46807E-04    1.46808E-04    1.46808E-04
              9.99140E-10    9.97549E-10    9.97391E-10    9.98188E-10    9.98882E-10    9.99190E-10    9.99289E-10    9.99314E-10    9.99320E-10    9.99321E-10    9.99322E-10
              1.00004E-08    1.00010E-08    1.00009E-08    1.00004E-08    9.99996E-09    9.99979E-09    9.99973E-09    9.99972E-09    9.99971E-09    9.99971E-09    9.99971E-09
              9.99994E-03    9.99979E-03    9.99955E-03    9.99933E-03    9.99921E-03    9.99916E-03    9.99915E-03    9.99915E-03    9.99915E-03    9.99915E-03    9.99915E-03
              5.67309E-08    2.14438E-07    4.54734E-07    6.74526E-07    7.93491E-07    8.37018E-07    8.49458E-07    8.52486E-07    8.53145E-07    8.53277E-07    8.53301E-07
              6.35397E-04    8.94668E-04    1.02408E-03    1.03124E-03    1.01178E-03    1.00274E-03    1.00028E-03    9.99739E-04    9.99631E-04    9.99611E-04    9.99607E-04
              2.08982E-04    9.78614E-05    3.30094E-05    9.11501E-06    2.45552E-06    8.91756E-07    5.63426E-07    5.00101E-07    4.88709E-07    4.86777E-07    4.86465E-07
              8.58958E-04    4.49114E-04    1.76410E-04    6.12799E-05    2.36893E-05    1.33937E-05    1.09223E-05    1.03868E-05    1.02798E-05    1.02599E-05    1.02563E-05
              8.70577E-07    4.95699E-07    2.47608E-07    1.44368E-07    1.11453E-07    1.02624E-07    1.00534E-07    1.00085E-07    9.99959E-08    9.99793E-08    9.99764E-08
              2.59449E-06    2.08008E-06    1.18932E-06    6.98285E-07    5.28906E-07    4.82658E-07    4.71667E-07    4.69305E-07    4.68837E-07    4.68750E-07    4.68735E-07
              1.63395E-05    4.04058E-05    9.25907E-05    1.59915E-04    2.03234E-04    2.18745E-04    2.22747E-04    2.23624E-04    2.23799E-04    2.23831E-04    2.23837E-04
              4.87312E-02    2.77471E-02    1.38601E-02    8.08111E-03    6.23866E-03    5.74448E-03    5.62746E-03    5.60233E-03    5.59735E-03    5.59642E-03    5.59626E-03

          Initial volumetric fractions of minerals:


          Volumetric fractions of minerals:


          Initial concentration of minerals:


          Concentration of minerals:


          Initial concentration of surface complexes:


          Concentration of surface complexes:


          Initial activity of surface complexes:


          Activity of surface complexes:


          Initial concentration of gases:


          Concentration of gases:


          Initial partial pressures of gases:


          Partial pressures of gases:


          Initial volume of gas:


          Volume of gas:


          Aqueous equilibrium reaction amounts:

             -5.77859E-11   -7.99257E-11   -1.23602E-10   -9.87971E-11   -3.20245E-11   -7.24156E-12   -2.82651E-12   -2.24047E-12   -2.16879E-12   -2.15983E-12   -2.15865E-12
              5.98207E-08    5.79098E-08    2.58663E-08    5.07853E-09    5.79998E-10    2.96909E-11   -2.32773E-11   -2.78922E-11   -2.82552E-11   -2.82780E-11   -2.82784E-11
             -9.32120E-07   -1.88258E-06   -5.34088E-06   -4.81460E-06   -1.49615E-06   -2.45204E-07   -3.21600E-08   -6.68454E-09   -4.10261E-09   -3.86175E-09   -3.84039E-09
             -3.23461E-06   -4.47390E-06   -6.91874E-06   -5.53024E-06   -1.79259E-06   -4.05352E-07   -1.58216E-07   -1.25412E-07   -1.21399E-07   -1.20898E-07   -1.20832E-07

          Mineral mean equilibrium reaction amounts:


          Exchange equilibrium reaction rates:


          Gas equilibrium reaction rates:

