  t =     1.00000E-03

         1    2.94476E-08    2.68293E-04    5.42432E-04    1.00000E-16    5.00040E-04    1.49529E-04    9.99661E-10    1.00001E-08    9.99998E-03    2.52110E-08    9.79134E-04    6.66936E-05    2.75873E-04    3.39586E-07    1.55952E-06    6.45494E-05    1.90086E-02
         3    9.81033E-08    2.21729E-06    1.44034E-05    1.00000E-16    5.00139E-04    1.49660E-04    9.99921E-10    9.99998E-09    9.99992E-03    8.45386E-08    1.00222E-03    1.45462E-06    1.22460E-05    1.01933E-07    4.79158E-07    2.20113E-04    5.70580E-03
         5    9.99867E-08    1.83248E-08    1.00320E-05    1.00000E-16    5.00142E-04    1.49672E-04    9.99932E-10    9.99997E-09    9.99991E-03    8.62025E-08    9.99979E-04    9.35988E-07    1.00524E-05    1.00013E-07    4.69082E-07    2.23838E-04    5.59832E-03
         7    1.00003E-07    1.51444E-10    9.99588E-06    1.00000E-16    5.00142E-04    1.49672E-04    9.99932E-10    9.99997E-09    9.99991E-03    8.62165E-08    9.99960E-04    9.31709E-07    1.00343E-05    9.99974E-08    4.68999E-07    2.23869E-04    5.59743E-03
         9    1.00003E-07    1.00000E-12    9.99558E-06    1.00000E-16    5.00142E-04    1.49672E-04    9.99932E-10    9.99997E-09    9.99991E-03    8.62166E-08    9.99960E-04    9.31673E-07    1.00341E-05    9.99973E-08    4.68998E-07    2.23869E-04    5.59742E-03
        11    1.00003E-07    1.00000E-14    9.99558E-06    1.00000E-16    5.00142E-04    1.49672E-04    9.99932E-10    9.99997E-09    9.99991E-03    8.62166E-08    9.99960E-04    9.31673E-07    1.00341E-05    9.99973E-08    4.68998E-07    2.23869E-04    5.59742E-03
  t =     5.00000E-03

         1    1.33782E-08    7.20586E-04    1.43729E-03    1.00000E-16    5.00095E-04    1.48559E-04    9.99119E-10    1.00004E-08    9.99994E-03    5.77405E-08    7.21551E-04    1.74896E-04    7.24036E-04    7.47485E-07    2.52970E-06    2.16105E-05    4.18411E-02
         3    7.10302E-08    4.63693E-05    1.01437E-04    1.00000E-16    5.00570E-04    1.48036E-04    9.99151E-10    1.00002E-08    9.99966E-03    3.43066E-07    1.02930E-03    1.05521E-05    5.66157E-05    1.40785E-07    6.79668E-07    1.63675E-04    7.88055E-03
         5    9.87747E-08    1.43661E-06    1.28214E-05    1.00000E-16    5.00705E-04    1.48359E-04    9.99636E-10    9.99987E-09    9.99958E-03    4.23645E-07    1.00129E-03    9.83343E-07    1.16049E-05    1.01240E-07    4.75458E-07    2.21413E-04    5.66701E-03
         7    9.99851E-08    3.17737E-08    1.00430E-05    1.00000E-16    5.00710E-04    1.48380E-04    9.99661E-10    9.99986E-09    9.99957E-03    4.27205E-07    9.99835E-04    7.05809E-07    1.01821E-05    1.00015E-07    4.69021E-07    2.23802E-04    5.59841E-03
         9    1.00012E-07    5.76474E-10    9.98129E-06    1.00000E-16    5.00711E-04    1.48381E-04    9.99661E-10    9.99986E-09    9.99957E-03    4.27292E-07    9.99802E-04    6.99822E-07    1.01504E-05    9.99877E-08    4.68879E-07    2.23855E-04    5.59689E-03
        11    1.00013E-07    9.14048E-12    9.98016E-06    1.00000E-16    5.00711E-04    1.48381E-04    9.99661E-10    9.99986E-09    9.99957E-03    4.27294E-07    9.99801E-04    6.99715E-07    1.01498E-05    9.99872E-08    4.68876E-07    2.23856E-04    5.59686E-03
  t =     1.00000E-02

         1    1.14874E-08    8.56887E-04    1.70543E-03    1.00000E-16    5.00115E-04    1.48052E-04    9.98850E-10    1.00005E-08    9.99993E-03    6.98287E-08    6.37737E-04    2.05900E-04    8.59157E-04    8.70520E-07    2.60388E-06    1.64007E-05    4.87280E-02
         3    4.03853E-08    1.66137E-04    3.34616E-04    1.00000E-16    5.00793E-04    1.45853E-04    9.97379E-10    1.00009E-08    9.99952E-03    4.76946E-07    1.02369E-03    3.34077E-05    1.76444E-04    2.47615E-07    1.18889E-06    9.25528E-05    1.38604E-02
         5    8.97213E-08    1.31331E-05    3.57007E-05    1.00000E-16    5.01336E-04    1.46547E-04    9.98954E-10    9.99992E-09    9.99920E-03    8.02656E-07    1.01168E-03    2.67296E-06    2.36518E-05    1.11456E-07    5.28867E-07    2.03206E-04    6.23885E-03
         7    9.94687E-08    6.40598E-07    1.12244E-05    1.00000E-16    5.01416E-04    1.46790E-04    9.99299E-10    9.99973E-09    9.99915E-03    8.50381E-07    1.00028E-03    5.83958E-07    1.09160E-05    1.00534E-07    4.71666E-07    2.22745E-04    5.62747E-03
         9    1.00004E-07    2.30050E-08    1.00104E-05    1.00000E-16    5.01421E-04    1.46807E-04    9.99321E-10    9.99971E-09    9.99915E-03    8.53193E-07    9.99631E-04    4.89747E-07    1.02795E-05    9.99959E-08    4.68837E-07    2.23799E-04    5.59735E-03
        11    1.00024E-07    6.67361E-10    9.96637E-06    1.00000E-16    5.01421E-04    1.46808E-04    9.99322E-10    9.99971E-09    9.99915E-03    8.53303E-07    9.99607E-04    4.86502E-07    1.02563E-05    9.99764E-08    4.68735E-07    2.23837E-04    5.59626E-03
