  Number of targets:   11


  Time step:

      1.00000E-05

  Final time:

      1.00000E-05


  Dimension + Mixing ratios concentrations (by rows) (including boundary and sink/source terms):

     11    1.00000E+00    0.00000E+00    0.00000E+00    0.00000E+00    0.00000E+00    0.00000E+00    0.00000E+00    0.00000E+00    0.00000E+00    0.00000E+00    0.00000E+00
     11    9.99800E-01    1.49970E-04    4.99800E-05    2.49850E-09    1.24900E-13    6.24375E-18    3.12125E-22    1.56031E-26    7.80001E-31    3.89923E-35    1.94961E-39
     11    9.99800E-01    2.24910E-08    1.49940E-04    4.99800E-05    2.49850E-09    1.24900E-13    6.24375E-18    3.12125E-22    1.56031E-26    7.80001E-31    3.90001E-35
     11    9.99800E-01    3.37298E-12    2.24865E-08    1.49940E-04    4.99800E-05    2.49850E-09    1.24900E-13    6.24375E-18    3.12125E-22    1.56031E-26    7.80157E-31
     11    9.99800E-01    5.05845E-16    3.37230E-12    2.24865E-08    1.49940E-04    4.99800E-05    2.49850E-09    1.24900E-13    6.24375E-18    3.12125E-22    1.56063E-26
     11    9.99800E-01    7.58616E-20    5.05744E-16    3.37230E-12    2.24865E-08    1.49940E-04    4.99800E-05    2.49850E-09    1.24900E-13    6.24375E-18    3.12188E-22
     11    9.99800E-01    1.13770E-23    7.58464E-20    5.05744E-16    3.37230E-12    2.24865E-08    1.49940E-04    4.99800E-05    2.49850E-09    1.24900E-13    6.24500E-18
     11    9.99800E-01    1.70620E-27    1.13747E-23    7.58464E-20    5.05744E-16    3.37230E-12    2.24865E-08    1.49940E-04    4.99800E-05    2.49850E-09    1.24925E-13
     11    9.99800E-01    2.55879E-31    1.70586E-27    1.13747E-23    7.58464E-20    5.05744E-16    3.37230E-12    2.24865E-08    1.49940E-04    4.99800E-05    2.49900E-09
     11    9.99800E-01    3.83742E-35    2.55828E-31    1.70586E-27    1.13747E-23    7.58464E-20    5.05744E-16    3.37230E-12    2.24865E-08    1.49940E-04    4.99900E-05
     11    1.00000E+00    0.00000E+00    0.00000E+00    0.00000E+00    0.00000E+00    0.00000E+00    0.00000E+00    0.00000E+00    0.00000E+00    0.00000E+00    0.00000E+00

  Dimension + Mixing ratios reaction amounts (by rows):

     11    1.00000E+05    0.00000E+00    0.00000E+00    0.00000E+00    0.00000E+00    0.00000E+00    0.00000E+00    0.00000E+00    0.00000E+00    0.00000E+00    0.00000E+00
     11    9.99800E+04    1.49970E+01    4.99800E+00    2.49850E-04    1.24900E-08    6.24375E-13    3.12125E-17    1.56031E-21    7.80001E-26    3.89923E-30    1.94961E-34
     11    9.99800E+04    2.24910E-03    1.49940E+01    4.99800E+00    2.49850E-04    1.24900E-08    6.24375E-13    3.12125E-17    1.56031E-21    7.80001E-26    3.90001E-30
     11    9.99800E+04    3.37298E-07    2.24865E-03    1.49940E+01    4.99800E+00    2.49850E-04    1.24900E-08    6.24375E-13    3.12125E-17    1.56031E-21    7.80157E-26
     11    9.99800E+04    5.05845E-11    3.37230E-07    2.24865E-03    1.49940E+01    4.99800E+00    2.49850E-04    1.24900E-08    6.24375E-13    3.12125E-17    1.56063E-21
     11    9.99800E+04    7.58616E-15    5.05744E-11    3.37230E-07    2.24865E-03    1.49940E+01    4.99800E+00    2.49850E-04    1.24900E-08    6.24375E-13    3.12188E-17
     11    9.99800E+04    1.13770E-18    7.58464E-15    5.05744E-11    3.37230E-07    2.24865E-03    1.49940E+01    4.99800E+00    2.49850E-04    1.24900E-08    6.24500E-13
     11    9.99800E+04    1.70620E-22    1.13747E-18    7.58464E-15    5.05744E-11    3.37230E-07    2.24865E-03    1.49940E+01    4.99800E+00    2.49850E-04    1.24925E-08
     11    9.99800E+04    2.55879E-26    1.70586E-22    1.13747E-18    7.58464E-15    5.05744E-11    3.37230E-07    2.24865E-03    1.49940E+01    4.99800E+00    2.49900E-04
     11    9.99800E+04    3.83742E-30    2.55828E-26    1.70586E-22    1.13747E-18    7.58464E-15    5.05744E-11    3.37230E-07    2.24865E-03    1.49940E+01    4.99900E+00
     11    1.00000E+05    0.00000E+00    0.00000E+00    0.00000E+00    0.00000E+00    0.00000E+00    0.00000E+00    0.00000E+00    0.00000E+00    0.00000E+00    0.00000E+00

  Mixing waters indices + nº upstream waters + nº downstream waters:

      1    2    3    4    5    6    7    8    9   10   11    0   10
      2    1    3    4    5    6    7    8    9   10   11    1    9
      3    1    2    4    5    6    7    8    9   10   11    2    8
      4    1    2    3    5    6    7    8    9   10   11    3    7
      5    1    2    3    4    6    7    8    9   10   11    4    6
      6    1    2    3    4    5    7    8    9   10   11    5    5
      7    1    2    3    4    5    6    8    9   10   11    6    4
      8    1    2    3    4    5    6    7    9   10   11    7    3
      9    1    2    3    4    5    6    7    8   10   11    8    2
     10    1    2    3    4    5    6    7    8    9   11    9    1
     11    1    2    3    4    5    6    7    8    9   10   10    0

  Aqueous species:

          h2o(p)         
          h+             
          cl-            
          ch2o(aq)       
          c5h7o2n(aq)    
          n2(aq)(p)      
          nh4+(p)        
          no2-(p)        
          n2o            
          so4-2          
          h2s            
          hco3-          
          o2(aq)         
          no3-           
          oh-            
          co3-2          
          h2co3          
          nh3(aq)        
  Minerals (name + molar volume):

  Gases:

          co2(g)         
          o2(g)          
          n2(g)          
  Surface complexes:

  Equilibrium reactions:

          co2(g)                        

          o2(g)                         

          n2(g)                         

          oh-                           

          co3-2                         

          h2co3                         

          nh3(aq)                       

  Kinetic reactions:

          aerobic oxidation of DOC (JW) 

              4

              7

              0.00000E+00

 
          nitrification (JW)            

              4

              7

              0.00000E+00

 
          denitrification 1 (JW)        

              4

              7

              0.00000E+00

  2.520000000000000E-005
          denitrification 2 (JW)        

              4

              7

              0.00000E+00

  2.520000000000000E-005
          denitrification 3 (JW)        

              4

              7

              0.00000E+00

  2.520000000000000E-005
          DNRA (JW)                     

              4

              7

              0.00000E+00

  2.520000000000000E-005
          anammox (JW)                  

              4

              8

              0.00000E+00

  2.520000000000000E-005
          sulfammox (JW)                

              4

              8

              0.00000E+00

  2.520000000000000E-005
  Global stoichiometric matrix:

                 -1.00000        0.00000        0.00000        0.00000        0.00000        0.00000        0.00000        0.00000        0.00000        0.00000       -1.00000        0.00000        0.00000        0.00000        0.00000        0.00000        0.00000        1.00000        1.00000        0.00000        0.00000
                  0.00000        0.00000        0.00000        0.00000        0.00000        0.00000        0.00000        0.00000        0.00000        0.00000        0.00000       -1.00000        0.00000        0.00000        0.00000        0.00000        0.00000        0.00000        0.00000        1.00000        0.00000
                 -2.00000        0.00000        0.00000        0.00000        0.00000        0.00000        0.00000        0.00000        0.00000        0.00000        0.00000        0.00000       -2.00000        0.00000        0.00000        0.00000        0.00000        1.00000        0.00000        2.50000        1.00000
                  1.00000        0.00000        0.00000        0.00000        0.00000        0.00000        0.00000        0.00000        0.00000        0.00000        0.00000        0.00000        0.00000        1.00000        0.00000        0.00000        0.00000        0.00000        0.00000        0.00000        0.00000
                  1.00000        0.00000        0.00000        0.00000        0.00000        0.00000        0.00000        0.00000        0.00000        0.00000       -1.00000        0.00000        0.00000        0.00000        1.00000        0.00000        0.00000        0.00000        0.00000        0.00000        0.00000
                 -1.00000        0.00000        0.00000        0.00000        0.00000        0.00000        0.00000        0.00000        0.00000        0.00000       -1.00000        0.00000        0.00000        0.00000        0.00000        1.00000        0.00000        0.00000        0.00000        0.00000        0.00000
                  1.00000        0.00000        0.00000        0.00000        0.00000        0.00000        0.00000        0.00000        0.00000        0.00000        0.00000        0.00000        0.00000        0.00000        0.00000        0.00000        1.00000        0.00000        0.00000        0.00000        0.00000
                  0.23000        0.00000       -0.25000        0.00000        0.00000       -0.00500        0.00000        0.00000        0.00000        0.00000        0.22500       -0.22500        0.00000        0.00000        0.00000        0.00000        0.00000        0.01500        0.00000        0.00000        0.00000
                  0.23800        0.00000        0.00000        0.00000        0.00000       -0.12800        0.00000        0.00000        0.00000        0.00000       -0.01500       -0.23500        0.12500        0.00000        0.00000        0.00000        0.00000        0.13400        0.00000        0.00000        0.00000
                  0.13000        0.00000       -0.25000        0.00000        0.00000        0.00000        0.00000        0.00000        0.00000        0.00000        0.15000        0.00000       -0.24000        0.00000        0.00000        0.00000        0.00000        0.04000        0.00000        0.00000        0.00000
                 -0.11000        0.00000       -0.25000        0.00000        0.00000        0.00000       -0.26000        0.12000        0.00000        0.00000        0.15000        0.00000        0.00000        0.00000        0.00000        0.00000        0.00000        0.16000        0.00000        0.00000        0.00000
                  0.15000        0.00000       -0.25000        0.00000        0.26000        0.00000        0.00000       -0.27000        0.00000        0.00000        0.15000        0.00000        0.00000        0.00000        0.00000        0.00000        0.00000        0.03000        0.00000        0.00000        0.00000
                  0.02500        0.00000       -0.25000        0.00000        0.00000        0.03750        0.00000        0.00000        0.00000        0.00000        0.12500        0.00000       -0.06250        0.00000        0.00000        0.00000        0.00000        0.01250        0.00000        0.00000        0.00000
                 -0.03360        0.00000        0.00000        0.00000        0.28940       -0.29000       -0.36830        0.00000        0.00000        0.00000       -0.02900        0.00000        0.07360        0.00000        0.00000        0.00000        0.00000        0.59110        0.00000        0.00000        0.00000
                  0.09330        0.00000        0.00000        0.00000        0.16670       -0.34330        0.00000        0.00000       -0.10000        0.10000       -0.05000        0.00000        0.00000        0.00000        0.00000        0.00000        0.00000        0.53000        0.00000        0.00000        0.00000
  Equilibrium constants:

              6.51028E+07
              7.90679E+02
              4.93060E+02
              1.00000E-14
              4.69029E-11
              2.23872E+06
              5.59758E-10

  Global component matrix:

                  1.00000        0.00000        0.00000        0.00000        0.00000        0.00000        0.00000        0.00000        0.00000        0.00000       -1.00000        0.00000       -1.00000       -1.00000       -2.00000        0.00000       -1.00000
                  0.00000        1.00000        0.00000        0.00000        0.00000        0.00000        0.00000        0.00000        0.00000        0.00000        0.00000        0.00000        0.00000        0.00000        0.00000        0.00000        0.00000
                  0.00000        0.00000        1.00000        0.00000        0.00000        0.00000        0.00000        0.00000        0.00000        0.00000        0.00000        0.00000        0.00000        0.00000        0.00000        0.00000        0.00000
                  0.00000        0.00000        0.00000        1.00000        0.00000        0.00000        0.00000        0.00000        0.00000        0.00000        0.00000        0.00000        0.00000        0.00000        0.00000        0.00000        0.00000
                  0.00000        0.00000        0.00000        0.00000        1.00000        0.00000        0.00000        0.00000        0.00000        0.00000        0.00000        0.00000        0.00000        0.00000        0.00000        0.00000        0.00000
                  0.00000        0.00000        0.00000        0.00000        0.00000        1.00000        0.00000        0.00000        0.00000        0.00000        0.00000        0.00000        0.00000        0.00000        0.00000        0.00000        0.00000
                  0.00000        0.00000        0.00000        0.00000        0.00000        0.00000        1.00000        0.00000        0.00000        0.00000        0.00000        0.00000        0.00000        0.00000        0.00000        0.00000        0.00000
                  0.00000        0.00000        0.00000        0.00000        0.00000        0.00000        0.00000        1.00000        0.00000        0.00000        0.00000        0.00000        0.00000        0.00000        0.00000        0.00000        0.00000
                  0.00000        0.00000        0.00000        0.00000        0.00000        0.00000        0.00000        0.00000        1.00000        0.00000        0.00000        0.00000        0.00000        0.00000        0.00000        0.00000        0.00000
                  0.00000        0.00000        0.00000        0.00000        0.00000        0.00000        0.00000        0.00000        0.00000        1.00000        0.00000        0.00000        0.00000        0.00000        0.00000        0.00000        0.00000

  Concentration of external waters (in molalities): (rows -> aqueous species in the same order as before, columns -> targets)




















  Activities of external waters:




















  Initial concentration of aqueous species in the domain:

              5.55556E+01    5.55556E+01    5.55556E+01    5.55556E+01    5.55556E+01    5.55556E+01    5.55556E+01    5.55556E+01    5.55556E+01    5.55556E+01    5.55556E+01
              1.00000E-08    1.00000E-07    1.00000E-07    1.00000E-07    1.00000E-07    1.00000E-07    1.00000E-07    1.00000E-07    1.00000E-07    1.00000E-07    1.00000E-07
              1.00000E-03    1.00000E-16    1.00000E-16    1.00000E-16    1.00000E-16    1.00000E-16    1.00000E-16    1.00000E-16    1.00000E-16    1.00000E-16    1.00000E-16
              2.00000E-03    1.00000E-05    1.00000E-05    1.00000E-05    1.00000E-05    1.00000E-05    1.00000E-05    1.00000E-05    1.00000E-05    1.00000E-05    1.00000E-05
              1.00000E-32    1.00000E-32    1.00000E-32    1.00000E-32    1.00000E-32    1.00000E-32    1.00000E-32    1.00000E-32    1.00000E-32    1.00000E-32    1.00000E-32
              5.00000E-04    5.00000E-04    5.00000E-04    5.00000E-04    5.00000E-04    5.00000E-04    5.00000E-04    5.00000E-04    5.00000E-04    5.00000E-04    5.00000E-04
              1.50000E-04    1.50000E-04    1.50000E-04    1.50000E-04    1.50000E-04    1.50000E-04    1.50000E-04    1.50000E-04    1.50000E-04    1.50000E-04    1.50000E-04
              1.00000E-09    1.00000E-09    1.00000E-09    1.00000E-09    1.00000E-09    1.00000E-09    1.00000E-09    1.00000E-09    1.00000E-09    1.00000E-09    1.00000E-09
              1.00000E-08    1.00000E-08    1.00000E-08    1.00000E-08    1.00000E-08    1.00000E-08    1.00000E-08    1.00000E-08    1.00000E-08    1.00000E-08    1.00000E-08
              1.00000E-02    1.00000E-02    1.00000E-02    1.00000E-02    1.00000E-02    1.00000E-02    1.00000E-02    1.00000E-02    1.00000E-02    1.00000E-02    1.00000E-02
              1.00000E-09    1.00000E-09    1.00000E-09    1.00000E-09    1.00000E-09    1.00000E-09    1.00000E-09    1.00000E-09    1.00000E-09    1.00000E-09    1.00000E-09
              5.37611E-04    1.00000E-03    1.00000E-03    1.00000E-03    1.00000E-03    1.00000E-03    1.00000E-03    1.00000E-03    1.00000E-03    1.00000E-03    1.00000E-03
              2.52947E-04    1.00000E-06    1.00000E-06    1.00000E-06    1.00000E-06    1.00000E-06    1.00000E-06    1.00000E-06    1.00000E-06    1.00000E-06    1.00000E-06
              1.00000E-03    1.00000E-05    1.00000E-05    1.00000E-05    1.00000E-05    1.00000E-05    1.00000E-05    1.00000E-05    1.00000E-05    1.00000E-05    1.00000E-05
              1.00000E-06    1.00000E-07    1.00000E-07    1.00000E-07    1.00000E-07    1.00000E-07    1.00000E-07    1.00000E-07    1.00000E-07    1.00000E-07    1.00000E-07
              2.52155E-06    4.69029E-07    4.69029E-07    4.69029E-07    4.69029E-07    4.69029E-07    4.69029E-07    4.69029E-07    4.69029E-07    4.69029E-07    4.69029E-07
              1.20356E-05    2.23872E-04    2.23872E-04    2.23872E-04    2.23872E-04    2.23872E-04    2.23872E-04    2.23872E-04    2.23872E-04    2.23872E-04    2.23872E-04
              5.59758E-02    5.59758E-03    5.59758E-03    5.59758E-03    5.59758E-03    5.59758E-03    5.59758E-03    5.59758E-03    5.59758E-03    5.59758E-03    5.59758E-03

  Initial activities aqueous species domain:

              1.00000E+00    1.00000E+00    1.00000E+00    1.00000E+00    1.00000E+00    1.00000E+00    1.00000E+00    1.00000E+00    1.00000E+00    1.00000E+00    1.00000E+00
              1.00000E-08    1.00000E-07    1.00000E-07    1.00000E-07    1.00000E-07    1.00000E-07    1.00000E-07    1.00000E-07    1.00000E-07    1.00000E-07    1.00000E-07
              1.00000E-03    1.00000E-16    1.00000E-16    1.00000E-16    1.00000E-16    1.00000E-16    1.00000E-16    1.00000E-16    1.00000E-16    1.00000E-16    1.00000E-16
              2.00000E-03    1.00000E-05    1.00000E-05    1.00000E-05    1.00000E-05    1.00000E-05    1.00000E-05    1.00000E-05    1.00000E-05    1.00000E-05    1.00000E-05
              1.00000E-32    1.00000E-32    1.00000E-32    1.00000E-32    1.00000E-32    1.00000E-32    1.00000E-32    1.00000E-32    1.00000E-32    1.00000E-32    1.00000E-32
              5.00000E-04    5.00000E-04    5.00000E-04    5.00000E-04    5.00000E-04    5.00000E-04    5.00000E-04    5.00000E-04    5.00000E-04    5.00000E-04    5.00000E-04
              1.50000E-04    1.50000E-04    1.50000E-04    1.50000E-04    1.50000E-04    1.50000E-04    1.50000E-04    1.50000E-04    1.50000E-04    1.50000E-04    1.50000E-04
              1.00000E-09    1.00000E-09    1.00000E-09    1.00000E-09    1.00000E-09    1.00000E-09    1.00000E-09    1.00000E-09    1.00000E-09    1.00000E-09    1.00000E-09
              1.00000E-08    1.00000E-08    1.00000E-08    1.00000E-08    1.00000E-08    1.00000E-08    1.00000E-08    1.00000E-08    1.00000E-08    1.00000E-08    1.00000E-08
              1.00000E-02    1.00000E-02    1.00000E-02    1.00000E-02    1.00000E-02    1.00000E-02    1.00000E-02    1.00000E-02    1.00000E-02    1.00000E-02    1.00000E-02
              1.00000E-09    1.00000E-09    1.00000E-09    1.00000E-09    1.00000E-09    1.00000E-09    1.00000E-09    1.00000E-09    1.00000E-09    1.00000E-09    1.00000E-09
              5.37611E-04    1.00000E-03    1.00000E-03    1.00000E-03    1.00000E-03    1.00000E-03    1.00000E-03    1.00000E-03    1.00000E-03    1.00000E-03    1.00000E-03
              2.52947E-04    1.00000E-06    1.00000E-06    1.00000E-06    1.00000E-06    1.00000E-06    1.00000E-06    1.00000E-06    1.00000E-06    1.00000E-06    1.00000E-06
              1.00000E-03    1.00000E-05    1.00000E-05    1.00000E-05    1.00000E-05    1.00000E-05    1.00000E-05    1.00000E-05    1.00000E-05    1.00000E-05    1.00000E-05
              1.00000E-06    8.90105-307    8.90105-307    8.90105-307    8.90105-307    8.90105-307    8.90105-307    8.90105-307    8.90105-307    8.90105-307    8.90105-307
              2.52155E-06    2.13621-306    2.13621-306    2.13621-306    2.13621-306    2.13621-306    2.13621-306    2.13621-306    2.13621-306    2.13621-306    2.13621-306
              1.20356E-05    1.24612-306    1.24612-306    1.24612-306    1.24612-306    1.24612-306    1.24612-306    1.24612-306    1.24612-306    1.24612-306    1.24612-306
              5.59758E-02    8.90092-307    8.90092-307    8.90092-307    8.90092-307    8.90092-307    8.90092-307    8.90092-307    8.90092-307    8.90092-307    8.90092-307

  Final concentration of aqueous species in the domain:

              5.55556E+01    5.55556E+01    5.55556E+01    5.55556E+01    5.55556E+01    5.55556E+01    5.55556E+01    5.55556E+01    5.55556E+01    5.55556E+01    5.55556E+01
              1.00000E-08    1.00414E-07    1.00545E-07    1.00545E-07    1.00545E-07    1.00545E-07    1.00545E-07    1.00545E-07    1.00545E-07    1.00545E-07    1.00000E-07
              1.00000E-03    1.49970E-07    2.24911E-11    3.47298E-15    1.00506E-16    1.00000E-16    1.00000E-16    1.00000E-16    1.00000E-16    1.00000E-16    1.00000E-16
              2.00000E-03    9.17897E-06    9.29590E-06    9.29592E-06    9.29592E-06    9.29592E-06    9.29592E-06    9.29592E-06    9.29592E-06    9.29592E-06    1.00000E-05
              1.00000E-32    1.00000E-32    1.00000E-32    1.00000E-32    1.00000E-32    1.00000E-32    1.00000E-32    1.00000E-32    1.00000E-32    1.00000E-32    1.00000E-32
              5.00000E-04    5.49264E-04    5.49207E-04    5.49207E-04    5.49207E-04    5.49207E-04    5.49207E-04    5.49207E-04    5.49207E-04    5.49207E-04    5.00000E-04
              1.50000E-04    4.82606E-05    4.82188E-05    4.82188E-05    4.82188E-05    4.82188E-05    4.82188E-05    4.82188E-05    4.82188E-05    4.82188E-05    1.50000E-04
              1.00000E-09    9.60396E-10    9.60124E-10    9.60124E-10    9.60124E-10    9.60124E-10    9.60124E-10    9.60124E-10    9.60124E-10    9.60124E-10    1.00000E-09
              1.00000E-08    9.96528E-09    9.96543E-09    9.96543E-09    9.96543E-09    9.96543E-09    9.96543E-09    9.96543E-09    9.96543E-09    9.96543E-09    1.00000E-08
              1.00000E-02    9.97045E-03    9.97048E-03    9.97048E-03    9.97048E-03    9.97048E-03    9.97048E-03    9.97048E-03    9.97048E-03    9.97048E-03    1.00000E-02
              1.00000E-09    2.95532E-05    2.95195E-05    2.95195E-05    2.95195E-05    2.95195E-05    2.95195E-05    2.95195E-05    2.95195E-05    2.95195E-05    1.00000E-09
              5.37611E-04    9.87714E-04    9.87258E-04    9.87258E-04    9.87258E-04    9.87258E-04    9.87258E-04    9.87258E-04    9.87258E-04    9.87258E-04    1.00000E-03
              2.52947E-04    1.16185E-08    2.16769E-08    2.16769E-08    2.16769E-08    2.16769E-08    2.16769E-08    2.16769E-08    2.16769E-08    2.16769E-08    1.00000E-06
              1.00000E-03    1.00694E-05    1.01075E-05    1.01075E-05    1.01075E-05    1.01075E-05    1.01075E-05    1.01075E-05    1.01075E-05    1.01075E-05    1.00000E-05
              1.00000E-06    9.95881E-08    9.94577E-08    9.94576E-08    9.94576E-08    9.94576E-08    9.94576E-08    9.94576E-08    9.94576E-08    9.94576E-08    1.00000E-07
              2.52155E-06    4.61358E-07    4.60542E-07    4.60541E-07    4.60541E-07    4.60541E-07    4.60541E-07    4.60541E-07    4.60541E-07    4.60541E-07    4.69029E-07
              1.20356E-05    2.22036E-04    2.22225E-04    2.22225E-04    2.22225E-04    2.22225E-04    2.22225E-04    2.22225E-04    2.22225E-04    2.22225E-04    2.23872E-04
              5.59758E-02    5.57452E-03    5.56722E-03    5.56722E-03    5.56722E-03    5.56722E-03    5.56722E-03    5.56722E-03    5.56722E-03    5.56722E-03    5.59758E-03

  Final activities aqueous species domain:

              1.00000E+00    9.99687E-01    9.99687E-01    9.99687E-01    9.99687E-01    9.99687E-01    9.99687E-01    9.99687E-01    9.99687E-01    9.99687E-01    1.00000E+00
              1.00000E-08    1.00414E-07    1.00545E-07    1.00545E-07    1.00545E-07    1.00545E-07    1.00545E-07    1.00545E-07    1.00545E-07    1.00545E-07    1.00000E-07
              1.00000E-03    1.49970E-07    2.24911E-11    3.47298E-15    1.00506E-16    1.00000E-16    1.00000E-16    1.00000E-16    1.00000E-16    1.00000E-16    1.00000E-16
              2.00000E-03    9.17897E-06    9.29590E-06    9.29592E-06    9.29592E-06    9.29592E-06    9.29592E-06    9.29592E-06    9.29592E-06    9.29592E-06    1.00000E-05
              1.00000E-32    1.00000E-32    1.00000E-32    1.00000E-32    1.00000E-32    1.00000E-32    1.00000E-32    1.00000E-32    1.00000E-32    1.00000E-32    1.00000E-32
              5.00000E-04    5.49264E-04    5.49207E-04    5.49207E-04    5.49207E-04    5.49207E-04    5.49207E-04    5.49207E-04    5.49207E-04    5.49207E-04    5.00000E-04
              1.50000E-04    4.82606E-05    4.82188E-05    4.82188E-05    4.82188E-05    4.82188E-05    4.82188E-05    4.82188E-05    4.82188E-05    4.82188E-05    1.50000E-04
              1.00000E-09    9.60396E-10    9.60124E-10    9.60124E-10    9.60124E-10    9.60124E-10    9.60124E-10    9.60124E-10    9.60124E-10    9.60124E-10    1.00000E-09
              1.00000E-08    9.96528E-09    9.96543E-09    9.96543E-09    9.96543E-09    9.96543E-09    9.96543E-09    9.96543E-09    9.96543E-09    9.96543E-09    1.00000E-08
              1.00000E-02    9.97045E-03    9.97048E-03    9.97048E-03    9.97048E-03    9.97048E-03    9.97048E-03    9.97048E-03    9.97048E-03    9.97048E-03    1.00000E-02
              1.00000E-09    2.95532E-05    2.95195E-05    2.95195E-05    2.95195E-05    2.95195E-05    2.95195E-05    2.95195E-05    2.95195E-05    2.95195E-05    1.00000E-09
              5.37611E-04    9.87714E-04    9.87258E-04    9.87258E-04    9.87258E-04    9.87258E-04    9.87258E-04    9.87258E-04    9.87258E-04    9.87258E-04    1.00000E-03
              2.52947E-04    1.16185E-08    2.16769E-08    2.16769E-08    2.16769E-08    2.16769E-08    2.16769E-08    2.16769E-08    2.16769E-08    2.16769E-08    1.00000E-06
              1.00000E-03    1.00694E-05    1.01075E-05    1.01075E-05    1.01075E-05    1.01075E-05    1.01075E-05    1.01075E-05    1.01075E-05    1.01075E-05    1.00000E-05
              1.00000E-06    9.95881E-08    9.94577E-08    9.94576E-08    9.94576E-08    9.94576E-08    9.94576E-08    9.94576E-08    9.94576E-08    9.94576E-08    8.90105-307
              2.52155E-06    4.61358E-07    4.60542E-07    4.60541E-07    4.60541E-07    4.60541E-07    4.60541E-07    4.60541E-07    4.60541E-07    4.60541E-07    2.13621-306
              1.20356E-05    2.22036E-04    2.22225E-04    2.22225E-04    2.22225E-04    2.22225E-04    2.22225E-04    2.22225E-04    2.22225E-04    2.22225E-04    1.24612-306
              5.59758E-02    5.57452E-03    5.56722E-03    5.56722E-03    5.56722E-03    5.56722E-03    5.56722E-03    5.56722E-03    5.56722E-03    5.56722E-03    8.90092-307

  Initial salinity domain:

              1.09854E-03    0.00000E+00    0.00000E+00    0.00000E+00    0.00000E+00    0.00000E+00    0.00000E+00    0.00000E+00    0.00000E+00    0.00000E+00    0.00000E+00

  Final salinity domain:

              1.09854E-03    1.01818E-03    1.01815E-03    1.01815E-03    1.01815E-03    1.01815E-03    1.01815E-03    1.01815E-03    1.01815E-03    1.01815E-03    0.00000E+00

  Initial pH domain:

              8.00000E+00    0.00000E+00    0.00000E+00    0.00000E+00    0.00000E+00    0.00000E+00    0.00000E+00    0.00000E+00    0.00000E+00    0.00000E+00    0.00000E+00

  Final pH domain:

              8.00000E+00    0.00000E+00    0.00000E+00    0.00000E+00    0.00000E+00    0.00000E+00    0.00000E+00    0.00000E+00    0.00000E+00    0.00000E+00    0.00000E+00

  Aqueous equilibrium reaction rates:

              0.00000E+00   -5.35069E+03   -1.19964E+02   -1.19819E+02   -1.19819E+02   -1.19819E+02   -1.19819E+02   -1.19819E+02   -1.19819E+02   -1.19831E+02    0.00000E+00
              0.00000E+00   -7.97867E-04   -8.48785E-04   -8.48792E-04   -8.48792E-04   -8.48792E-04   -8.48792E-04   -8.48792E-04   -8.48792E-04   -8.48792E-04    0.00000E+00
              0.00000E+00    4.64816E+03    3.85074E+00    3.22788E+00    3.22778E+00    3.22778E+00    3.22778E+00    3.22778E+00    3.22778E+00    3.22813E+00    0.00000E+00
              0.00000E+00   -3.06136E+00   -3.03595E+00   -3.03595E+00   -3.03595E+00   -3.03595E+00   -3.03595E+00   -3.03595E+00   -3.03595E+00   -3.03595E+00    0.00000E+00

  Aqueous kinetic reaction rates:

              1.15565E-02    1.90208E-07    3.58992E-07    3.58993E-07    3.58993E-07    3.58993E-07    3.58993E-07    3.58993E-07    3.58993E-07    3.58993E-07    1.62196E-05
              3.12024E-03    2.04216E-06    3.80405E-06    3.80405E-06    3.80405E-06    3.80405E-06    3.80405E-06    3.80405E-06    3.80405E-06    3.80405E-06    2.94873E-04
              8.35091E-04    1.19934E-06    1.21863E-06    1.21863E-06    1.21863E-06    1.21863E-06    1.21863E-06    1.21863E-06    1.21863E-06    1.21863E-06    1.24795E-06
              8.78968E-10    1.03127E-10    1.04361E-10    1.04361E-10    1.04361E-10    1.04361E-10    1.04361E-10    1.04361E-10    1.04361E-10    1.04361E-10    1.12506E-10
              1.45605E-11    1.74510E-10    1.74427E-10    1.74427E-10    1.74427E-10    1.74427E-10    1.74427E-10    1.74427E-10    1.74427E-10    1.74427E-10    1.54579E-10
              2.77104E-07    1.22924E-06    1.23764E-06    1.23764E-06    1.23764E-06    1.23764E-06    1.23764E-06    1.23764E-06    1.23764E-06    1.23764E-06    1.23435E-06
              9.79062E-12    3.46469E-11    3.45938E-11    3.45938E-11    3.45938E-11    3.45938E-11    3.45938E-11    3.45938E-11    3.45938E-11    3.45938E-11    1.03940E-10
              8.02262E-05    2.95527E-04    2.95157E-04    2.95157E-04    2.95157E-04    2.95157E-04    2.95157E-04    2.95157E-04    2.95157E-04    2.95157E-04    8.51706E-04

  Mineral zone    1:

          Minerals in equilibrium:

          Kinetic minerals:


          Mineral kinetic reaction rates:


  Reactive zone    1:

          Non-flowing species:

                    co2(g)         
                    o2(g)          
                    n2(g)          
          Number of equilibrium reactions:         7

          Se:

                 -1.00000        0.00000        0.00000        0.00000        0.00000        0.00000        0.00000        0.00000        0.00000        0.00000       -1.00000        0.00000        0.00000        0.00000        0.00000        0.00000        0.00000        1.00000        1.00000        0.00000        0.00000
                  0.00000        0.00000        0.00000        0.00000        0.00000        0.00000        0.00000        0.00000        0.00000        0.00000        0.00000       -1.00000        0.00000        0.00000        0.00000        0.00000        0.00000        0.00000        0.00000        1.00000        0.00000
                 -2.00000        0.00000        0.00000        0.00000        0.00000        0.00000        0.00000        0.00000        0.00000        0.00000        0.00000        0.00000       -2.00000        0.00000        0.00000        0.00000        0.00000        1.00000        0.00000        2.50000        1.00000
                  1.00000        0.00000        0.00000        0.00000        0.00000        0.00000        0.00000        0.00000        0.00000        0.00000        0.00000        0.00000        0.00000        1.00000        0.00000        0.00000        0.00000        0.00000        0.00000        0.00000        0.00000
                  1.00000        0.00000        0.00000        0.00000        0.00000        0.00000        0.00000        0.00000        0.00000        0.00000       -1.00000        0.00000        0.00000        0.00000        1.00000        0.00000        0.00000        0.00000        0.00000        0.00000        0.00000
                 -1.00000        0.00000        0.00000        0.00000        0.00000        0.00000        0.00000        0.00000        0.00000        0.00000       -1.00000        0.00000        0.00000        0.00000        0.00000        1.00000        0.00000        0.00000        0.00000        0.00000        0.00000
                  1.00000        0.00000        0.00000        0.00000        0.00000        0.00000        0.00000        0.00000        0.00000        0.00000        0.00000        0.00000        0.00000        0.00000        0.00000        0.00000        1.00000        0.00000        0.00000        0.00000        0.00000
          Sk:

                  0.23000        0.00000       -0.25000        0.00000        0.00000       -0.00500        0.00000        0.00000        0.00000        0.00000        0.22500       -0.22500        0.00000        0.00000        0.00000        0.00000        0.00000        0.01500        0.00000        0.00000        0.00000
                  0.23800        0.00000        0.00000        0.00000        0.00000       -0.12800        0.00000        0.00000        0.00000        0.00000       -0.01500       -0.23500        0.12500        0.00000        0.00000        0.00000        0.00000        0.13400        0.00000        0.00000        0.00000
                  0.13000        0.00000       -0.25000        0.00000        0.00000        0.00000        0.00000        0.00000        0.00000        0.00000        0.15000        0.00000       -0.24000        0.00000        0.00000        0.00000        0.00000        0.04000        0.00000        0.00000        0.00000
                 -0.11000        0.00000       -0.25000        0.00000        0.00000        0.00000       -0.26000        0.12000        0.00000        0.00000        0.15000        0.00000        0.00000        0.00000        0.00000        0.00000        0.00000        0.16000        0.00000        0.00000        0.00000
                  0.15000        0.00000       -0.25000        0.00000        0.26000        0.00000        0.00000       -0.27000        0.00000        0.00000        0.15000        0.00000        0.00000        0.00000        0.00000        0.00000        0.00000        0.03000        0.00000        0.00000        0.00000
                  0.02500        0.00000       -0.25000        0.00000        0.00000        0.03750        0.00000        0.00000        0.00000        0.00000        0.12500        0.00000       -0.06250        0.00000        0.00000        0.00000        0.00000        0.01250        0.00000        0.00000        0.00000
                 -0.03360        0.00000        0.00000        0.00000        0.28940       -0.29000       -0.36830        0.00000        0.00000        0.00000       -0.02900        0.00000        0.07360        0.00000        0.00000        0.00000        0.00000        0.59110        0.00000        0.00000        0.00000
                  0.09330        0.00000        0.00000        0.00000        0.16670       -0.34330        0.00000        0.00000       -0.10000        0.10000       -0.05000        0.00000        0.00000        0.00000        0.00000        0.00000        0.00000        0.53000        0.00000        0.00000        0.00000
          U*Sk^T:

                  0.00500        0.12800        0.22000       -0.26000        0.00000       -0.03750       -0.07820        0.14330
                  0.00000        0.00000        0.00000        0.00000        0.00000        0.00000        0.00000        0.00000
                 -0.25000        0.00000       -0.25000       -0.25000       -0.25000       -0.25000        0.00000        0.00000
                  0.00000        0.00000        0.00000        0.00000        0.00000        0.00000        0.00000        0.00000
                  0.00000        0.00000        0.00000        0.00000        0.26000        0.00000        0.28940        0.16670
                 -0.00500       -0.12800        0.00000        0.00000        0.00000        0.03750       -0.29000       -0.34330
                  0.00000        0.00000        0.00000       -0.26000        0.00000        0.00000       -0.36830        0.00000
                  0.00000        0.00000        0.00000        0.12000       -0.27000        0.00000        0.00000        0.00000
                  0.00000        0.00000        0.00000        0.00000        0.00000        0.00000        0.00000       -0.10000
                  0.00000        0.00000        0.00000        0.00000        0.00000        0.00000        0.00000        0.10000

          Equilibrium constants:

              6.51028E+07
              7.90679E+02
              4.93060E+02
              1.00000E-14
              4.69029E-11
              2.23872E+06
              5.59758E-10

          Primary species:


          Component matrix:

                  1.00000        0.00000        0.00000        0.00000        0.00000        0.00000        0.00000        0.00000        0.00000        0.00000       -1.00000        0.00000       -1.00000       -1.00000       -2.00000        0.00000       -1.00000
                  0.00000        1.00000        0.00000        0.00000        0.00000        0.00000        0.00000        0.00000        0.00000        0.00000        0.00000        0.00000        0.00000        0.00000        0.00000        0.00000        0.00000
                  0.00000        0.00000        1.00000        0.00000        0.00000        0.00000        0.00000        0.00000        0.00000        0.00000        0.00000        0.00000        0.00000        0.00000        0.00000        0.00000        0.00000
                  0.00000        0.00000        0.00000        1.00000        0.00000        0.00000        0.00000        0.00000        0.00000        0.00000        0.00000        0.00000        0.00000        0.00000        0.00000        0.00000        0.00000
                  0.00000        0.00000        0.00000        0.00000        1.00000        0.00000        0.00000        0.00000        0.00000        0.00000        0.00000        0.00000        0.00000        0.00000        0.00000        0.00000        0.00000
                  0.00000        0.00000        0.00000        0.00000        0.00000        1.00000        0.00000        0.00000        0.00000        0.00000        0.00000        0.00000        0.00000        0.00000        0.00000        0.00000        0.00000
                  0.00000        0.00000        0.00000        0.00000        0.00000        0.00000        1.00000        0.00000        0.00000        0.00000        0.00000        0.00000        0.00000        0.00000        0.00000        0.00000        0.00000
                  0.00000        0.00000        0.00000        0.00000        0.00000        0.00000        0.00000        1.00000        0.00000        0.00000        0.00000        0.00000        0.00000        0.00000        0.00000        0.00000        0.00000
                  0.00000        0.00000        0.00000        0.00000        0.00000        0.00000        0.00000        0.00000        1.00000        0.00000        0.00000        0.00000        0.00000        0.00000        0.00000        0.00000        0.00000
                  0.00000        0.00000        0.00000        0.00000        0.00000        0.00000        0.00000        0.00000        0.00000        1.00000        0.00000        0.00000        0.00000        0.00000        0.00000        0.00000        0.00000

          Initial concentration of components:

             -5.75194E-02
              1.00000E-03
              2.00000E-03
              1.00000E-32
              5.00000E-04
              1.50000E-04
              1.00000E-09
              1.00000E-08
              1.00000E-02
              1.00000E-09

          Final concentration of components:

             -5.75194E-02
              1.00000E-03
              2.00000E-03
              1.00000E-32
              5.00000E-04
              1.50000E-04
              1.00000E-09
              1.00000E-08
              1.00000E-02
              1.00000E-09

          Final concentration of aqueous species:

              5.55556E+01
              1.00000E-08
              1.00000E-03
              2.00000E-03
              1.00000E-32
              5.00000E-04
              1.50000E-04
              1.00000E-09
              1.00000E-08
              1.00000E-02
              1.00000E-09
              5.37611E-04
              2.52947E-04
              1.00000E-03
              1.00000E-06
              2.52155E-06
              1.20356E-05
              5.59758E-02

          Final activities aqueous species:

              1.00000E+00
              1.00000E-08
              1.00000E-03
              2.00000E-03
              1.00000E-32
              5.00000E-04
              1.50000E-04
              1.00000E-09
              1.00000E-08
              1.00000E-02
              1.00000E-09
              5.37611E-04
              2.52947E-04
              1.00000E-03
              1.00000E-06
              2.52155E-06
              1.20356E-05
              5.59758E-02

          Initial volumetric fractions of minerals:


          Volumetric fractions of minerals:


          Initial concentration of minerals:


          Concentration of minerals:


          Initial concentration of surface complexes:


          Concentration of surface complexes:


          Initial activity of surface complexes:


          Activity of surface complexes:


          Initial concentration of gases:

              1.43059E+04
              8.17480E+06
              3.26978E+07

          Concentration of gases:

              1.43059E+04
              8.17480E+06
              3.26978E+07

          Initial partial pressures of gases:

              3.50000E-04
              2.00000E-01
              7.99965E-01

          Partial pressures of gases:

              3.50000E-04
              2.00000E-01
              7.99965E-01

          Initial volume of gas:

              1.00000E+09

          Volume of gas:

              1.00000E+09

          Aqueous equilibrium reaction rates:

              0.00000E+00
              0.00000E+00
              0.00000E+00
              0.00000E+00

          Mineral equilibrium reaction rates:


          Exchange equilibrium reaction rates:


          Gas equilibrium reaction rates:

              0.00000E+00
              0.00000E+00
              0.00000E+00

  Reactive zone    2:

          Non-flowing species:

          Number of equilibrium reactions:         4

          Se:

                  1.00000        0.00000        0.00000        0.00000        0.00000        0.00000        0.00000        0.00000        0.00000        0.00000        0.00000        0.00000        0.00000        1.00000        0.00000        0.00000        0.00000        0.00000
                  1.00000        0.00000        0.00000        0.00000        0.00000        0.00000        0.00000        0.00000        0.00000        0.00000       -1.00000        0.00000        0.00000        0.00000        1.00000        0.00000        0.00000        0.00000
                 -1.00000        0.00000        0.00000        0.00000        0.00000        0.00000        0.00000        0.00000        0.00000        0.00000       -1.00000        0.00000        0.00000        0.00000        0.00000        1.00000        0.00000        0.00000
                  1.00000        0.00000        0.00000        0.00000        0.00000        0.00000        0.00000        0.00000        0.00000        0.00000        0.00000        0.00000        0.00000        0.00000        0.00000        0.00000        1.00000        0.00000
          Sk:

                  0.23000        0.00000       -0.25000        0.00000        0.00000       -0.00500        0.00000        0.00000        0.00000        0.00000        0.22500       -0.22500        0.00000        0.00000        0.00000        0.00000        0.00000        0.01500        0.00000        0.00000        0.00000
                  0.23800        0.00000        0.00000        0.00000        0.00000       -0.12800        0.00000        0.00000        0.00000        0.00000       -0.01500       -0.23500        0.12500        0.00000        0.00000        0.00000        0.00000        0.13400        0.00000        0.00000        0.00000
                  0.13000        0.00000       -0.25000        0.00000        0.00000        0.00000        0.00000        0.00000        0.00000        0.00000        0.15000        0.00000       -0.24000        0.00000        0.00000        0.00000        0.00000        0.04000        0.00000        0.00000        0.00000
                 -0.11000        0.00000       -0.25000        0.00000        0.00000        0.00000       -0.26000        0.12000        0.00000        0.00000        0.15000        0.00000        0.00000        0.00000        0.00000        0.00000        0.00000        0.16000        0.00000        0.00000        0.00000
                  0.15000        0.00000       -0.25000        0.00000        0.26000        0.00000        0.00000       -0.27000        0.00000        0.00000        0.15000        0.00000        0.00000        0.00000        0.00000        0.00000        0.00000        0.03000        0.00000        0.00000        0.00000
                  0.02500        0.00000       -0.25000        0.00000        0.00000        0.03750        0.00000        0.00000        0.00000        0.00000        0.12500        0.00000       -0.06250        0.00000        0.00000        0.00000        0.00000        0.01250        0.00000        0.00000        0.00000
                 -0.03360        0.00000        0.00000        0.00000        0.28940       -0.29000       -0.36830        0.00000        0.00000        0.00000       -0.02900        0.00000        0.07360        0.00000        0.00000        0.00000        0.00000        0.59110        0.00000        0.00000        0.00000
                  0.09330        0.00000        0.00000        0.00000        0.16670       -0.34330        0.00000        0.00000       -0.10000        0.10000       -0.05000        0.00000        0.00000        0.00000        0.00000        0.00000        0.00000        0.53000        0.00000        0.00000        0.00000
          U*Sk^T:

                  0.23000        0.23800        0.13000       -0.11000        0.15000        0.02500       -0.03360        0.09330
                  0.00000        0.00000        0.00000        0.00000        0.00000        0.00000        0.00000        0.00000
                 -0.25000        0.00000       -0.25000       -0.25000       -0.25000       -0.25000        0.00000        0.00000
                  0.00000        0.00000        0.00000        0.00000        0.00000        0.00000        0.00000        0.00000
                  0.00000        0.00000        0.00000        0.00000        0.26000        0.00000        0.28940        0.16670
                 -0.00500       -0.12800        0.00000        0.00000        0.00000        0.03750       -0.29000       -0.34330
                  0.00000        0.00000        0.00000       -0.26000        0.00000        0.00000       -0.36830        0.00000
                  0.00000        0.00000        0.00000        0.12000       -0.27000        0.00000        0.00000        0.00000
                  0.00000        0.00000        0.00000        0.00000        0.00000        0.00000        0.00000       -0.10000
                  0.00000        0.00000        0.00000        0.00000        0.00000        0.00000        0.00000        0.10000
                  0.22500       -0.01500        0.15000        0.15000        0.15000        0.12500       -0.02900       -0.05000
                 -0.22500       -0.23500        0.00000        0.00000        0.00000        0.00000        0.00000        0.00000
                  0.00000        0.12500       -0.24000        0.00000        0.00000       -0.06250        0.07360        0.00000

          Equilibrium constants:

              1.00000E-14
              4.69029E-11
              2.23872E+06
              5.59758E-10

          Primary species:


          Component matrix:

                  1.00000        0.00000        0.00000        0.00000        0.00000        0.00000        0.00000        0.00000        0.00000        0.00000        0.00000        0.00000        0.00000       -1.00000       -1.00000        1.00000       -1.00000
                  0.00000        1.00000        0.00000        0.00000        0.00000        0.00000        0.00000        0.00000        0.00000        0.00000        0.00000        0.00000        0.00000        0.00000        0.00000        0.00000        0.00000
                  0.00000        0.00000        1.00000        0.00000        0.00000        0.00000        0.00000        0.00000        0.00000        0.00000        0.00000        0.00000        0.00000        0.00000        0.00000        0.00000        0.00000
                  0.00000        0.00000        0.00000        1.00000        0.00000        0.00000        0.00000        0.00000        0.00000        0.00000        0.00000        0.00000        0.00000        0.00000        0.00000        0.00000        0.00000
                  0.00000        0.00000        0.00000        0.00000        1.00000        0.00000        0.00000        0.00000        0.00000        0.00000        0.00000        0.00000        0.00000        0.00000        0.00000        0.00000        0.00000
                  0.00000        0.00000        0.00000        0.00000        0.00000        1.00000        0.00000        0.00000        0.00000        0.00000        0.00000        0.00000        0.00000        0.00000        0.00000        0.00000        0.00000
                  0.00000        0.00000        0.00000        0.00000        0.00000        0.00000        1.00000        0.00000        0.00000        0.00000        0.00000        0.00000        0.00000        0.00000        0.00000        0.00000        0.00000
                  0.00000        0.00000        0.00000        0.00000        0.00000        0.00000        0.00000        1.00000        0.00000        0.00000        0.00000        0.00000        0.00000        0.00000        0.00000        0.00000        0.00000
                  0.00000        0.00000        0.00000        0.00000        0.00000        0.00000        0.00000        0.00000        1.00000        0.00000        0.00000        0.00000        0.00000        0.00000        0.00000        0.00000        0.00000
                  0.00000        0.00000        0.00000        0.00000        0.00000        0.00000        0.00000        0.00000        0.00000        1.00000        0.00000        0.00000        0.00000        0.00000        0.00000        0.00000        0.00000
                  0.00000        0.00000        0.00000        0.00000        0.00000        0.00000        0.00000        0.00000        0.00000        0.00000        1.00000        0.00000        0.00000        0.00000        1.00000        1.00000        0.00000
                  0.00000        0.00000        0.00000        0.00000        0.00000        0.00000        0.00000        0.00000        0.00000        0.00000        0.00000        1.00000        0.00000        0.00000        0.00000        0.00000        0.00000
                  0.00000        0.00000        0.00000        0.00000        0.00000        0.00000        0.00000        0.00000        0.00000        0.00000        0.00000        0.00000        1.00000        0.00000        0.00000        0.00000        0.00000

          Initial concentration of components:

             -5.37417E-03   -5.37417E-03   -5.37417E-03   -5.37417E-03   -5.37417E-03   -5.37417E-03   -5.37417E-03   -5.37417E-03   -5.37417E-03   -5.37417E-03
              1.00000E-16    1.00000E-16    1.00000E-16    1.00000E-16    1.00000E-16    1.00000E-16    1.00000E-16    1.00000E-16    1.00000E-16    1.00000E-16
              1.00000E-05    1.00000E-05    1.00000E-05    1.00000E-05    1.00000E-05    1.00000E-05    1.00000E-05    1.00000E-05    1.00000E-05    1.00000E-05
              1.00000E-32    1.00000E-32    1.00000E-32    1.00000E-32    1.00000E-32    1.00000E-32    1.00000E-32    1.00000E-32    1.00000E-32    1.00000E-32
              5.00000E-04    5.00000E-04    5.00000E-04    5.00000E-04    5.00000E-04    5.00000E-04    5.00000E-04    5.00000E-04    5.00000E-04    5.00000E-04
              1.50000E-04    1.50000E-04    1.50000E-04    1.50000E-04    1.50000E-04    1.50000E-04    1.50000E-04    1.50000E-04    1.50000E-04    1.50000E-04
              1.00000E-09    1.00000E-09    1.00000E-09    1.00000E-09    1.00000E-09    1.00000E-09    1.00000E-09    1.00000E-09    1.00000E-09    1.00000E-09
              1.00000E-08    1.00000E-08    1.00000E-08    1.00000E-08    1.00000E-08    1.00000E-08    1.00000E-08    1.00000E-08    1.00000E-08    1.00000E-08
              1.00000E-02    1.00000E-02    1.00000E-02    1.00000E-02    1.00000E-02    1.00000E-02    1.00000E-02    1.00000E-02    1.00000E-02    1.00000E-02
              1.00000E-09    1.00000E-09    1.00000E-09    1.00000E-09    1.00000E-09    1.00000E-09    1.00000E-09    1.00000E-09    1.00000E-09    1.00000E-09
              1.22434E-03    1.22434E-03    1.22434E-03    1.22434E-03    1.22434E-03    1.22434E-03    1.22434E-03    1.22434E-03    1.22434E-03    1.22434E-03
              1.00000E-06    1.00000E-06    1.00000E-06    1.00000E-06    1.00000E-06    1.00000E-06    1.00000E-06    1.00000E-06    1.00000E-06    1.00000E-06
              1.00000E-05    1.00000E-05    1.00000E-05    1.00000E-05    1.00000E-05    1.00000E-05    1.00000E-05    1.00000E-05    1.00000E-05    1.00000E-05

          Final concentration of components:

             -5.35294E-03   -5.34545E-03   -5.34545E-03   -5.34545E-03   -5.34545E-03   -5.34545E-03   -5.34545E-03   -5.34545E-03   -5.34545E-03   -5.37417E-03
              1.49970E-07    2.24911E-11    3.47298E-15    1.00506E-16    1.00000E-16    1.00000E-16    1.00000E-16    1.00000E-16    1.00000E-16    1.00000E-16
              9.17897E-06    9.29590E-06    9.29592E-06    9.29592E-06    9.29592E-06    9.29592E-06    9.29592E-06    9.29592E-06    9.29592E-06    1.00000E-05
              1.00000E-32    1.00000E-32    1.00000E-32    1.00000E-32    1.00000E-32    1.00000E-32    1.00000E-32    1.00000E-32    1.00000E-32    1.00000E-32
              5.49264E-04    5.49207E-04    5.49207E-04    5.49207E-04    5.49207E-04    5.49207E-04    5.49207E-04    5.49207E-04    5.49207E-04    5.00000E-04
              4.82606E-05    4.82188E-05    4.82188E-05    4.82188E-05    4.82188E-05    4.82188E-05    4.82188E-05    4.82188E-05    4.82188E-05    1.50000E-04
              9.60396E-10    9.60124E-10    9.60124E-10    9.60124E-10    9.60124E-10    9.60124E-10    9.60124E-10    9.60124E-10    9.60124E-10    1.00000E-09
              9.96528E-09    9.96543E-09    9.96543E-09    9.96543E-09    9.96543E-09    9.96543E-09    9.96543E-09    9.96543E-09    9.96543E-09    1.00000E-08
              9.97045E-03    9.97048E-03    9.97048E-03    9.97048E-03    9.97048E-03    9.97048E-03    9.97048E-03    9.97048E-03    9.97048E-03    1.00000E-02
              2.95532E-05    2.95195E-05    2.95195E-05    2.95195E-05    2.95195E-05    2.95195E-05    2.95195E-05    2.95195E-05    2.95195E-05    1.00000E-09
              1.21021E-03    1.20994E-03    1.20994E-03    1.20994E-03    1.20994E-03    1.20994E-03    1.20994E-03    1.20994E-03    1.20994E-03    1.22434E-03
              1.16185E-08    2.16769E-08    2.16769E-08    2.16769E-08    2.16769E-08    2.16769E-08    2.16769E-08    2.16769E-08    2.16769E-08    1.00000E-06
              1.00694E-05    1.01075E-05    1.01075E-05    1.01075E-05    1.01075E-05    1.01075E-05    1.01075E-05    1.01075E-05    1.01075E-05    1.00000E-05

          Final concentration of aqueous species:

              5.55556E+01    5.55556E+01    5.55556E+01    5.55556E+01    5.55556E+01    5.55556E+01    5.55556E+01    5.55556E+01    5.55556E+01    5.55556E+01
              1.00414E-07    1.00545E-07    1.00545E-07    1.00545E-07    1.00545E-07    1.00545E-07    1.00545E-07    1.00545E-07    1.00545E-07    1.00000E-07
              1.49970E-07    2.24911E-11    3.47298E-15    1.00506E-16    1.00000E-16    1.00000E-16    1.00000E-16    1.00000E-16    1.00000E-16    1.00000E-16
              9.17897E-06    9.29590E-06    9.29592E-06    9.29592E-06    9.29592E-06    9.29592E-06    9.29592E-06    9.29592E-06    9.29592E-06    1.00000E-05
              1.00000E-32    1.00000E-32    1.00000E-32    1.00000E-32    1.00000E-32    1.00000E-32    1.00000E-32    1.00000E-32    1.00000E-32    1.00000E-32
              5.49264E-04    5.49207E-04    5.49207E-04    5.49207E-04    5.49207E-04    5.49207E-04    5.49207E-04    5.49207E-04    5.49207E-04    5.00000E-04
              4.82606E-05    4.82188E-05    4.82188E-05    4.82188E-05    4.82188E-05    4.82188E-05    4.82188E-05    4.82188E-05    4.82188E-05    1.50000E-04
              9.60396E-10    9.60124E-10    9.60124E-10    9.60124E-10    9.60124E-10    9.60124E-10    9.60124E-10    9.60124E-10    9.60124E-10    1.00000E-09
              9.96528E-09    9.96543E-09    9.96543E-09    9.96543E-09    9.96543E-09    9.96543E-09    9.96543E-09    9.96543E-09    9.96543E-09    1.00000E-08
              9.97045E-03    9.97048E-03    9.97048E-03    9.97048E-03    9.97048E-03    9.97048E-03    9.97048E-03    9.97048E-03    9.97048E-03    1.00000E-02
              2.95532E-05    2.95195E-05    2.95195E-05    2.95195E-05    2.95195E-05    2.95195E-05    2.95195E-05    2.95195E-05    2.95195E-05    1.00000E-09
              9.87714E-04    9.87258E-04    9.87258E-04    9.87258E-04    9.87258E-04    9.87258E-04    9.87258E-04    9.87258E-04    9.87258E-04    1.00000E-03
              1.16185E-08    2.16769E-08    2.16769E-08    2.16769E-08    2.16769E-08    2.16769E-08    2.16769E-08    2.16769E-08    2.16769E-08    1.00000E-06
              1.00694E-05    1.01075E-05    1.01075E-05    1.01075E-05    1.01075E-05    1.01075E-05    1.01075E-05    1.01075E-05    1.01075E-05    1.00000E-05
              9.95881E-08    9.94577E-08    9.94576E-08    9.94576E-08    9.94576E-08    9.94576E-08    9.94576E-08    9.94576E-08    9.94576E-08    1.00000E-07
              4.61358E-07    4.60542E-07    4.60541E-07    4.60541E-07    4.60541E-07    4.60541E-07    4.60541E-07    4.60541E-07    4.60541E-07    4.69029E-07
              2.22036E-04    2.22225E-04    2.22225E-04    2.22225E-04    2.22225E-04    2.22225E-04    2.22225E-04    2.22225E-04    2.22225E-04    2.23872E-04
              5.57452E-03    5.56722E-03    5.56722E-03    5.56722E-03    5.56722E-03    5.56722E-03    5.56722E-03    5.56722E-03    5.56722E-03    5.59758E-03

          Final activities aqueous species:

              9.99687E-01    9.99687E-01    9.99687E-01    9.99687E-01    9.99687E-01    9.99687E-01    9.99687E-01    9.99687E-01    9.99687E-01    1.00000E+00
              1.00414E-07    1.00545E-07    1.00545E-07    1.00545E-07    1.00545E-07    1.00545E-07    1.00545E-07    1.00545E-07    1.00545E-07    1.00000E-07
              1.49970E-07    2.24911E-11    3.47298E-15    1.00506E-16    1.00000E-16    1.00000E-16    1.00000E-16    1.00000E-16    1.00000E-16    1.00000E-16
              9.17897E-06    9.29590E-06    9.29592E-06    9.29592E-06    9.29592E-06    9.29592E-06    9.29592E-06    9.29592E-06    9.29592E-06    1.00000E-05
              1.00000E-32    1.00000E-32    1.00000E-32    1.00000E-32    1.00000E-32    1.00000E-32    1.00000E-32    1.00000E-32    1.00000E-32    1.00000E-32
              5.49264E-04    5.49207E-04    5.49207E-04    5.49207E-04    5.49207E-04    5.49207E-04    5.49207E-04    5.49207E-04    5.49207E-04    5.00000E-04
              4.82606E-05    4.82188E-05    4.82188E-05    4.82188E-05    4.82188E-05    4.82188E-05    4.82188E-05    4.82188E-05    4.82188E-05    1.50000E-04
              9.60396E-10    9.60124E-10    9.60124E-10    9.60124E-10    9.60124E-10    9.60124E-10    9.60124E-10    9.60124E-10    9.60124E-10    1.00000E-09
              9.96528E-09    9.96543E-09    9.96543E-09    9.96543E-09    9.96543E-09    9.96543E-09    9.96543E-09    9.96543E-09    9.96543E-09    1.00000E-08
              9.97045E-03    9.97048E-03    9.97048E-03    9.97048E-03    9.97048E-03    9.97048E-03    9.97048E-03    9.97048E-03    9.97048E-03    1.00000E-02
              2.95532E-05    2.95195E-05    2.95195E-05    2.95195E-05    2.95195E-05    2.95195E-05    2.95195E-05    2.95195E-05    2.95195E-05    1.00000E-09
              9.87714E-04    9.87258E-04    9.87258E-04    9.87258E-04    9.87258E-04    9.87258E-04    9.87258E-04    9.87258E-04    9.87258E-04    1.00000E-03
              1.16185E-08    2.16769E-08    2.16769E-08    2.16769E-08    2.16769E-08    2.16769E-08    2.16769E-08    2.16769E-08    2.16769E-08    1.00000E-06
              1.00694E-05    1.01075E-05    1.01075E-05    1.01075E-05    1.01075E-05    1.01075E-05    1.01075E-05    1.01075E-05    1.01075E-05    1.00000E-05
              9.95881E-08    9.94577E-08    9.94576E-08    9.94576E-08    9.94576E-08    9.94576E-08    9.94576E-08    9.94576E-08    9.94576E-08    8.90105-307
              4.61358E-07    4.60542E-07    4.60541E-07    4.60541E-07    4.60541E-07    4.60541E-07    4.60541E-07    4.60541E-07    4.60541E-07    2.13621-306
              2.22036E-04    2.22225E-04    2.22225E-04    2.22225E-04    2.22225E-04    2.22225E-04    2.22225E-04    2.22225E-04    2.22225E-04    1.24612-306
              5.57452E-03    5.56722E-03    5.56722E-03    5.56722E-03    5.56722E-03    5.56722E-03    5.56722E-03    5.56722E-03    5.56722E-03    8.90092-307

          Initial volumetric fractions of minerals:


          Volumetric fractions of minerals:


          Initial concentration of minerals:


          Concentration of minerals:


          Initial concentration of surface complexes:


          Concentration of surface complexes:


          Initial activity of surface complexes:


          Activity of surface complexes:


          Initial concentration of gases:


          Concentration of gases:


          Initial partial pressures of gases:


          Partial pressures of gases:


          Initial volume of gas:


          Volume of gas:


          Aqueous equilibrium reaction rates:

             -5.35069E+03   -1.19964E+02   -1.19819E+02   -1.19819E+02   -1.19819E+02   -1.19819E+02   -1.19819E+02   -1.19819E+02   -1.19831E+02    0.00000E+00
             -7.97867E-04   -8.48785E-04   -8.48792E-04   -8.48792E-04   -8.48792E-04   -8.48792E-04   -8.48792E-04   -8.48792E-04   -8.48792E-04    0.00000E+00
              4.64816E+03    3.85074E+00    3.22788E+00    3.22778E+00    3.22778E+00    3.22778E+00    3.22778E+00    3.22778E+00    3.22813E+00    0.00000E+00
             -3.06136E+00   -3.03595E+00   -3.03595E+00   -3.03595E+00   -3.03595E+00   -3.03595E+00   -3.03595E+00   -3.03595E+00   -3.03595E+00    0.00000E+00

          Mineral equilibrium reaction rates:


          Exchange equilibrium reaction rates:


          Gas equilibrium reaction rates:

